[0.732s] Invoking command in '/home/unitree/106a_final/build/arm_driver': CMAKE_PREFIX_PATH=${CMAKE_PREFIX_PATH}:/home/unitree/106a_final/install/navigation_node:/home/unitree/106a_final/install/arm_control:/home/unitree/106a_final/install/vision_node:/home/unitree/106a_final/install/navigation_node_two:/home/unitree/106a_final/install/aruco_node:/opt/ros/foxy /usr/bin/cmake --build /home/unitree/106a_final/build/arm_driver -- -j4 -l4
[0.967s] [35m[1mScanning dependencies of target d1_wrapper[0m
[1.030s] [ 20%] [32mBuilding CXX object CMakeFiles/d1_wrapper.dir/src/D1Wrapper.cpp.o[0m
[9.524s] [ 40%] [32m[1mLinking CXX static library libd1_wrapper.a[0m
[9.756s] [ 60%] Built target d1_wrapper
[9.791s] [35m[1mScanning dependencies of target servo_driver[0m
[9.910s] [ 80%] [32mBuilding CXX object CMakeFiles/servo_driver.dir/src/servo_driver.cpp.o[0m
[16.925s] make[2]: *** [CMakeFiles/servo_driver.dir/build.make:63: CMakeFiles/servo_driver.dir/src/servo_driver.cpp.o] Interrupt
[16.925s] make[1]: *** [CMakeFiles/Makefile2:80: CMakeFiles/servo_driver.dir/all] Interrupt
[16.926s] make: *** [Makefile:141: all] Interrupt
[16.983s] Invoked command in '/home/unitree/106a_final/build/arm_driver' returned '-2': CMAKE_PREFIX_PATH=${CMAKE_PREFIX_PATH}:/home/unitree/106a_final/install/navigation_node:/home/unitree/106a_final/install/arm_control:/home/unitree/106a_final/install/vision_node:/home/unitree/106a_final/install/navigation_node_two:/home/unitree/106a_final/install/aruco_node:/opt/ros/foxy /usr/bin/cmake --build /home/unitree/106a_final/build/arm_driver -- -j4 -l4
