-- The C compiler identification is GNU 9.4.0
-- The CXX compiler identification is GNU 9.4.0
-- Check for working C compiler: /usr/bin/cc
-- Check for working C compiler: /usr/bin/cc -- works
-- Detecting C compiler ABI info
-- Detecting C compiler ABI info - done
-- Detecting C compile features
-- Detecting C compile features - done
-- Check for working CXX compiler: /usr/bin/c++
-- Check for working CXX compiler: /usr/bin/c++ -- works
-- Detecting CXX compiler ABI info
-- Detecting CXX compiler ABI info - done
-- Detecting CXX compile features
-- Detecting CXX compile features - done
-- Found ament_cmake: 0.9.12 (/opt/ros/foxy/share/ament_cmake/cmake)
-- Found PythonInterp: /usr/bin/python3 (found suitable version "3.8.10", minimum required is "3") 
-- Using PYTHON_EXECUTABLE: /usr/bin/python3
-- Found rclcpp: 2.4.3 (/opt/ros/foxy/share/rclcpp/cmake)
-- Using all available rosidl_typesupport_c: rosidl_typesupport_fastrtps_c;rosidl_typesupport_introspection_c
-- Found rosidl_adapter: 1.3.1 (/opt/ros/foxy/share/rosidl_adapter/cmake)
-- Found OpenSSL: /usr/lib/aarch64-linux-gnu/libcrypto.so (found version "1.1.1f")  
-- Found FastRTPS: /opt/ros/foxy/include  
-- Using all available rosidl_typesupport_cpp: rosidl_typesupport_fastrtps_cpp;rosidl_typesupport_introspection_cpp
-- Found rmw_implementation_cmake: 1.0.4 (/opt/ros/foxy/share/rmw_implementation_cmake/cmake)
-- Using RMW implementation 'rmw_cyclonedds_cpp' as default
-- Looking for pthread.h
-- Looking for pthread.h - found
-- Performing Test CMAKE_HAVE_LIBC_PTHREAD
-- Performing Test CMAKE_HAVE_LIBC_PTHREAD - Failed
-- Looking for pthread_create in pthreads
-- Looking for pthread_create in pthreads - not found
-- Looking for pthread_create in pthread
-- Looking for pthread_create in pthread - found
-- Found Threads: TRUE  
-- Configuring done
-- Generating done
-- Build files have been written to: /home/unitree/106a_final/build/arm_driver
[35m[1mScanning dependencies of target d1_wrapper[0m
[ 16%] [32mBuilding CXX object CMakeFiles/d1_wrapper.dir/src/D1Wrapper.cpp.o[0m
[ 33%] [32mBuilding CXX object CMakeFiles/d1_wrapper.dir/home/unitree/106a_final/src/d1_sdk/src/msg/ArmString_.cpp.o[0m
[ 50%] [32mBuilding CXX object CMakeFiles/d1_wrapper.dir/home/unitree/106a_final/src/d1_sdk/src/msg/PubServoInfo_.cpp.o[0m
[01m[K/home/unitree/106a_final/src/arm_driver/src/D1Wrapper.cpp:[m[K In function â€˜[01m[Kvoid GlobalHandler(const void*)[m[Kâ€™:
[01m[K/home/unitree/106a_final/src/arm_driver/src/D1Wrapper.cpp:48:32:[m[K [01;31m[Kerror: [m[Kâ€˜[01m[Kstruct D1Wrapper::Impl[m[Kâ€™ is private within this context
   48 |         static_cast<D1Wrapper::[01;31m[KImpl[m[K*>(g_d1_impl_ptr)->process_msg(msg);
      |                                [01;31m[K^~~~[m[K
[01m[K/home/unitree/106a_final/src/arm_driver/src/D1Wrapper.cpp:15:19:[m[K [01;36m[Knote: [m[Kdeclared private here
   15 | struct D1Wrapper::[01;36m[KImpl[m[K {
      |                   [01;36m[K^~~~[m[K
make[2]: *** [CMakeFiles/d1_wrapper.dir/build.make:63: CMakeFiles/d1_wrapper.dir/src/D1Wrapper.cpp.o] Error 1
make[1]: *** [CMakeFiles/Makefile2:107: CMakeFiles/d1_wrapper.dir/all] Error 2
make: *** [Makefile:141: all] Error 2
