[0.408s] Invoking command in '/home/unitree/106a_final/build/arm_driver': CMAKE_PREFIX_PATH=${CMAKE_PREFIX_PATH}:/opt/ros/foxy /usr/bin/cmake /home/unitree/106a_final/src/arm_driver -DCMAKE_INSTALL_PREFIX=/home/unitree/106a_final/install/arm_driver
[0.552s] -- The C compiler identification is GNU 9.4.0
[0.666s] -- The CXX compiler identification is GNU 9.4.0
[0.676s] -- Check for working C compiler: /usr/bin/cc
[0.835s] -- Check for working C compiler: /usr/bin/cc -- works
[0.837s] -- Detecting C compiler ABI info
[1.042s] -- Detecting C compiler ABI info - done
[1.066s] -- Detecting C compile features
[1.067s] -- Detecting C compile features - done
[1.072s] -- Check for working CXX compiler: /usr/bin/c++
[1.256s] -- Check for working CXX compiler: /usr/bin/c++ -- works
[1.258s] -- Detecting CXX compiler ABI info
[1.440s] -- Detecting CXX compiler ABI info - done
[1.460s] -- Detecting CXX compile features
[1.461s] -- Detecting CXX compile features - done
[1.467s] -- Found ament_cmake: 0.9.12 (/opt/ros/foxy/share/ament_cmake/cmake)
[1.525s] -- Found PythonInterp: /usr/bin/python3 (found suitable version "3.8.10", minimum required is "3") 
[1.526s] -- Using PYTHON_EXECUTABLE: /usr/bin/python3
[2.067s] -- Found rclcpp: 2.4.3 (/opt/ros/foxy/share/rclcpp/cmake)
[2.155s] -- Using all available rosidl_typesupport_c: rosidl_typesupport_fastrtps_c;rosidl_typesupport_introspection_c
[2.168s] -- Found rosidl_adapter: 1.3.1 (/opt/ros/foxy/share/rosidl_adapter/cmake)
[2.386s] -- Found OpenSSL: /usr/lib/aarch64-linux-gnu/libcrypto.so (found version "1.1.1f")  
[2.454s] -- Found FastRTPS: /opt/ros/foxy/include  
[2.622s] -- Using all available rosidl_typesupport_cpp: rosidl_typesupport_fastrtps_cpp;rosidl_typesupport_introspection_cpp
[2.729s] -- Found rmw_implementation_cmake: 1.0.4 (/opt/ros/foxy/share/rmw_implementation_cmake/cmake)
[2.732s] -- Using RMW implementation 'rmw_cyclonedds_cpp' as default
[2.734s] -- Looking for pthread.h
[2.901s] -- Looking for pthread.h - found
[2.901s] -- Performing Test CMAKE_HAVE_LIBC_PTHREAD
[3.087s] -- Performing Test CMAKE_HAVE_LIBC_PTHREAD - Failed
[3.089s] -- Looking for pthread_create in pthreads
[3.262s] -- Looking for pthread_create in pthreads - not found
[3.262s] -- Looking for pthread_create in pthread
[3.445s] -- Looking for pthread_create in pthread - found
[3.447s] -- Found Threads: TRUE  
[3.892s] -- Configuring done
[3.913s] -- Generating done
[3.923s] -- Build files have been written to: /home/unitree/106a_final/build/arm_driver
[3.946s] Invoked command in '/home/unitree/106a_final/build/arm_driver' returned '0': CMAKE_PREFIX_PATH=${CMAKE_PREFIX_PATH}:/opt/ros/foxy /usr/bin/cmake /home/unitree/106a_final/src/arm_driver -DCMAKE_INSTALL_PREFIX=/home/unitree/106a_final/install/arm_driver
[3.954s] Invoking command in '/home/unitree/106a_final/build/arm_driver': CMAKE_PREFIX_PATH=${CMAKE_PREFIX_PATH}:/opt/ros/foxy /usr/bin/cmake --build /home/unitree/106a_final/build/arm_driver -- -j4 -l4
[4.087s] [35m[1mScanning dependencies of target d1_wrapper[0m
[4.127s] [ 16%] [32mBuilding CXX object CMakeFiles/d1_wrapper.dir/src/D1Wrapper.cpp.o[0m
[4.137s] [ 33%] [32mBuilding CXX object CMakeFiles/d1_wrapper.dir/home/unitree/106a_final/src/d1_sdk/src/msg/ArmString_.cpp.o[0m
[4.151s] [ 50%] [32mBuilding CXX object CMakeFiles/d1_wrapper.dir/home/unitree/106a_final/src/d1_sdk/src/msg/PubServoInfo_.cpp.o[0m
[7.910s] [01m[K/home/unitree/106a_final/src/arm_driver/src/D1Wrapper.cpp:[m[K In function â€˜[01m[Kvoid GlobalHandler(const void*)[m[Kâ€™:
[7.910s] [01m[K/home/unitree/106a_final/src/arm_driver/src/D1Wrapper.cpp:48:32:[m[K [01;31m[Kerror: [m[Kâ€˜[01m[Kstruct D1Wrapper::Impl[m[Kâ€™ is private within this context
[7.911s]    48 |         static_cast<D1Wrapper::[01;31m[KImpl[m[K*>(g_d1_impl_ptr)->process_msg(msg);
[7.911s]       |                                [01;31m[K^~~~[m[K
[7.911s] [01m[K/home/unitree/106a_final/src/arm_driver/src/D1Wrapper.cpp:15:19:[m[K [01;36m[Knote: [m[Kdeclared private here
[7.911s]    15 | struct D1Wrapper::[01;36m[KImpl[m[K {
[7.912s]       |                   [01;36m[K^~~~[m[K
[10.212s] make[2]: *** [CMakeFiles/d1_wrapper.dir/build.make:63: CMakeFiles/d1_wrapper.dir/src/D1Wrapper.cpp.o] Error 1
[10.212s] make[1]: *** [CMakeFiles/Makefile2:107: CMakeFiles/d1_wrapper.dir/all] Error 2
[10.212s] make: *** [Makefile:141: all] Error 2
[10.227s] Invoked command in '/home/unitree/106a_final/build/arm_driver' returned '2': CMAKE_PREFIX_PATH=${CMAKE_PREFIX_PATH}:/opt/ros/foxy /usr/bin/cmake --build /home/unitree/106a_final/build/arm_driver -- -j4 -l4
