[0.476s] Invoking command in '/home/unitree/106a_final/build/arm_driver': CMAKE_PREFIX_PATH=${CMAKE_PREFIX_PATH}:/opt/ros/foxy /usr/bin/cmake /home/unitree/106a_final/src/arm_driver -DCMAKE_INSTALL_PREFIX=/home/unitree/106a_final/install/arm_driver
[0.651s] -- The C compiler identification is GNU 9.4.0
[0.809s] -- The CXX compiler identification is GNU 9.4.0
[0.833s] -- Check for working C compiler: /usr/bin/cc
[1.166s] -- Check for working C compiler: /usr/bin/cc -- works
[1.170s] -- Detecting C compiler ABI info
[1.388s] -- Detecting C compiler ABI info - done
[1.428s] -- Detecting C compile features
[1.430s] -- Detecting C compile features - done
[1.436s] -- Check for working CXX compiler: /usr/bin/c++
[1.736s] -- Check for working CXX compiler: /usr/bin/c++ -- works
[1.740s] -- Detecting CXX compiler ABI info
[2.058s] -- Detecting CXX compiler ABI info - done
[2.077s] -- Detecting CXX compile features
[2.078s] -- Detecting CXX compile features - done
[2.084s] -- Found ament_cmake: 0.9.12 (/opt/ros/foxy/share/ament_cmake/cmake)
[2.148s] -- Found PythonInterp: /usr/bin/python3 (found suitable version "3.8.10", minimum required is "3") 
[2.148s] -- Using PYTHON_EXECUTABLE: /usr/bin/python3
[2.871s] -- Found rclcpp: 2.4.3 (/opt/ros/foxy/share/rclcpp/cmake)
[2.974s] -- Using all available rosidl_typesupport_c: rosidl_typesupport_fastrtps_c;rosidl_typesupport_introspection_c
[2.997s] -- Found rosidl_adapter: 1.3.1 (/opt/ros/foxy/share/rosidl_adapter/cmake)
[3.305s] -- Found OpenSSL: /usr/lib/aarch64-linux-gnu/libcrypto.so (found version "1.1.1f")  
[3.404s] -- Found FastRTPS: /opt/ros/foxy/include  
[3.605s] -- Using all available rosidl_typesupport_cpp: rosidl_typesupport_fastrtps_cpp;rosidl_typesupport_introspection_cpp
[3.753s] -- Found rmw_implementation_cmake: 1.0.4 (/opt/ros/foxy/share/rmw_implementation_cmake/cmake)
[3.760s] -- Using RMW implementation 'rmw_cyclonedds_cpp' as default
[3.763s] -- Looking for pthread.h
[4.029s] -- Looking for pthread.h - found
[4.029s] -- Performing Test CMAKE_HAVE_LIBC_PTHREAD
[4.266s] -- Performing Test CMAKE_HAVE_LIBC_PTHREAD - Failed
[4.267s] -- Looking for pthread_create in pthreads
[4.524s] -- Looking for pthread_create in pthreads - not found
[4.527s] -- Looking for pthread_create in pthread
[4.806s] -- Looking for pthread_create in pthread - found
[4.812s] -- Found Threads: TRUE  
[5.404s] -- Configuring done
[5.430s] -- Generating done
[5.439s] -- Build files have been written to: /home/unitree/106a_final/build/arm_driver
[5.471s] Invoked command in '/home/unitree/106a_final/build/arm_driver' returned '0': CMAKE_PREFIX_PATH=${CMAKE_PREFIX_PATH}:/opt/ros/foxy /usr/bin/cmake /home/unitree/106a_final/src/arm_driver -DCMAKE_INSTALL_PREFIX=/home/unitree/106a_final/install/arm_driver
[5.472s] Invoking command in '/home/unitree/106a_final/build/arm_driver': CMAKE_PREFIX_PATH=${CMAKE_PREFIX_PATH}:/opt/ros/foxy /usr/bin/cmake --build /home/unitree/106a_final/build/arm_driver -- -j4 -l4
[5.679s] [35m[1mScanning dependencies of target servo_driver[0m
[5.856s] [ 33%] [32mBuilding CXX object CMakeFiles/servo_driver.dir/home/unitree/106a_final/src/d1_sdk/src/msg/ArmString_.cpp.o[0m
[5.937s] [ 66%] [32mBuilding CXX object CMakeFiles/servo_driver.dir/src/servo_driver.cpp.o[0m
[7.333s] In file included from [01m[K/usr/local/include/ddscxx/org/eclipse/cyclonedds/topic/datatopic.hpp:26[m[K,
[7.333s]                  from [01m[K/home/unitree/106a_final/src/d1_sdk/src/msg/ArmString_.hpp:57[m[K,
[7.333s]                  from [01m[K/home/unitree/106a_final/src/d1_sdk/src/msg/ArmString_.cpp:9[m[K:
[7.333s] [01m[K/usr/local/include/ddscxx/org/eclipse/cyclonedds/topic/TopicTraits.hpp:95:12:[m[K [01;31m[Kerror: [m[Kâ€˜[01m[Kddsi_sertype[m[Kâ€™ does not name a type; did you mean â€˜[01m[Kddscxx_sertype[m[Kâ€™?
[7.333s]    95 |     static [01;31m[Kddsi_sertype[m[K *getSerType(allowable_encodings_t kinds = allowableEncodings())
[7.333s]       |            [01;31m[K^~~~~~~~~~~~[m[K
[7.334s]       |            [32m[Kddscxx_sertype[m[K
[7.336s] [01m[K/usr/local/include/ddscxx/org/eclipse/cyclonedds/topic/TopicTraits.hpp:167:12:[m[K [01;31m[Kerror: [m[Kâ€˜[01m[Kddsi_typeid_t[m[Kâ€™ does not name a type; did you mean â€˜[01m[Kdds_time_t[m[Kâ€™?
[7.337s]   167 |     static [01;31m[Kddsi_typeid_t[m[K* getTypeId(const struct ddsi_sertype *, ddsi_typeid_kind_t kind)
[7.337s]       |            [01;31m[K^~~~~~~~~~~~~[m[K
[7.337s]       |            [32m[Kdds_time_t[m[K
[7.341s] [01m[K/usr/local/include/ddscxx/org/eclipse/cyclonedds/topic/TopicTraits.hpp:188:12:[m[K [01;31m[Kerror: [m[Kâ€˜[01m[Kddsi_typemap_t[m[Kâ€™ does not name a type
[7.341s]   188 |     static [01;31m[Kddsi_typemap_t[m[K* getTypeMap(const struct ddsi_sertype *)
[7.341s]       |            [01;31m[K^~~~~~~~~~~~~~[m[K
[7.345s] [01m[K/usr/local/include/ddscxx/org/eclipse/cyclonedds/topic/TopicTraits.hpp:202:12:[m[K [01;31m[Kerror: [m[Kâ€˜[01m[Kddsi_typeinfo_t[m[Kâ€™ does not name a type
[7.346s]   202 |     static [01;31m[Kddsi_typeinfo_t[m[K* getTypeInfo(const struct ddsi_sertype *)
[7.346s]       |            [01;31m[K^~~~~~~~~~~~~~~[m[K
[7.346s] [01m[K/usr/local/include/ddscxx/org/eclipse/cyclonedds/topic/TopicTraits.hpp:266:76:[m[K [01;31m[Kerror: [m[Kâ€˜[01m[Kdds_data_representation_id_t[m[Kâ€™ has not been declared
[7.346s]   266 |     static struct ddsi_sertype* deriveSertype(const struct ddsi_sertype *, [01;31m[Kdds_data_representation_id_t[m[K data_representation, dds_type_consistency_enforcement_qospolicy_t)
[7.346s]       |                                                                            [01;31m[K^~~~~~~~~~~~~~~~~~~~~~~~~~~~[m[K
[7.346s] [01m[K/usr/local/include/ddscxx/org/eclipse/cyclonedds/topic/TopicTraits.hpp:266:126:[m[K [01;31m[Kerror: [m[Kâ€˜[01m[Kdds_type_consistency_enforcement_qospolicy_t[m[Kâ€™ has not been declared
[7.346s]   266 |     static struct ddsi_sertype* deriveSertype(const struct ddsi_sertype *, dds_data_representation_id_t data_representation, [01;31m[Kdds_type_consistency_enforcement_qospolicy_t[m[K)
[7.347s]       |                                                                                                                              [01;31m[K^~~~~~~~~~~~~~~~~~~~~~~~~~~~~~~~~~~~~~~~~~~~[m[K
[7.352s] In file included from [01m[K/usr/local/include/ddscxx/org/eclipse/cyclonedds/topic/datatopic.hpp:26[m[K,
[7.353s]                  from [01m[K/home/unitree/106a_final/src/d1_sdk/src/msg/ArmString_.hpp:57[m[K,
[7.353s]                  from [01m[K/home/unitree/106a_final/src/d1_sdk/src/msg/ArmString_.cpp:9[m[K:
[7.353s] [01m[K/usr/local/include/ddscxx/org/eclipse/cyclonedds/topic/TopicTraits.hpp:[m[K In static member function â€˜[01m[Kstatic org::eclipse::cyclonedds::topic::ddsi_sertype* org::eclipse::cyclonedds::topic::TopicTraits<TOPIC>::deriveSertype(const org::eclipse::cyclonedds::topic::ddsi_sertype*, int, int)[m[Kâ€™:
[7.353s] [01m[K/usr/local/include/ddscxx/org/eclipse/cyclonedds/topic/TopicTraits.hpp:270:16:[m[K [01;31m[Kerror: [m[Kâ€˜[01m[KDDS_DATA_REPRESENTATION_XCDR1[m[Kâ€™ was not declared in this scope
[7.353s]   270 |           case [01;31m[KDDS_DATA_REPRESENTATION_XCDR1[m[K:
[7.353s]       |                [01;31m[K^~~~~~~~~~~~~~~~~~~~~~~~~~~~~[m[K
[7.358s] [01m[K/usr/local/include/ddscxx/org/eclipse/cyclonedds/topic/TopicTraits.hpp:271:32:[m[K [01;31m[Kerror: [m[Kâ€˜[01m[KDDS_DATA_REPRESENTATION_FLAG_XCDR1[m[Kâ€™ was not declared in this scope
[7.358s]   271 |               ptr = getSerType([01;31m[KDDS_DATA_REPRESENTATION_FLAG_XCDR1[m[K);
[7.359s]       |                                [01;31m[K^~~~~~~~~~~~~~~~~~~~~~~~~~~~~~~~~~[m[K
[7.359s] [01m[K/usr/local/include/ddscxx/org/eclipse/cyclonedds/topic/TopicTraits.hpp:271:21:[m[K [01;31m[Kerror: [m[Kthere are no arguments to â€˜[01m[KgetSerType[m[Kâ€™ that depend on a template parameter, so a declaration of â€˜[01m[KgetSerType[m[Kâ€™ must be available [[01;31m[K-fpermissive[m[K]
[7.359s]   271 |               ptr = [01;31m[KgetSerType[m[K(DDS_DATA_REPRESENTATION_FLAG_XCDR1);
[7.359s]       |                     [01;31m[K^~~~~~~~~~[m[K
[7.359s] [01m[K/usr/local/include/ddscxx/org/eclipse/cyclonedds/topic/TopicTraits.hpp:271:21:[m[K [01;36m[Knote: [m[K(if you use â€˜[01m[K-fpermissive[m[Kâ€™, G++ will accept your code, but allowing the use of an undeclared name is deprecated)
[7.365s] [01m[K/usr/local/include/ddscxx/org/eclipse/cyclonedds/topic/TopicTraits.hpp:273:16:[m[K [01;31m[Kerror: [m[Kâ€˜[01m[KDDS_DATA_REPRESENTATION_XCDR2[m[Kâ€™ was not declared in this scope
[7.365s]   273 |           case [01;31m[KDDS_DATA_REPRESENTATION_XCDR2[m[K:
[7.366s]       |                [01;31m[K^~~~~~~~~~~~~~~~~~~~~~~~~~~~~[m[K
[7.372s] [01m[K/usr/local/include/ddscxx/org/eclipse/cyclonedds/topic/TopicTraits.hpp:274:32:[m[K [01;31m[Kerror: [m[Kâ€˜[01m[KDDS_DATA_REPRESENTATION_FLAG_XCDR2[m[Kâ€™ was not declared in this scope
[7.372s]   274 |               ptr = getSerType([01;31m[KDDS_DATA_REPRESENTATION_FLAG_XCDR2[m[K);
[7.372s]       |                                [01;31m[K^~~~~~~~~~~~~~~~~~~~~~~~~~~~~~~~~~[m[K
[7.373s] [01m[K/usr/local/include/ddscxx/org/eclipse/cyclonedds/topic/TopicTraits.hpp:274:21:[m[K [01;31m[Kerror: [m[Kthere are no arguments to â€˜[01m[KgetSerType[m[Kâ€™ that depend on a template parameter, so a declaration of â€˜[01m[KgetSerType[m[Kâ€™ must be available [[01;31m[K-fpermissive[m[K]
[7.373s]   274 |               ptr = [01;31m[KgetSerType[m[K(DDS_DATA_REPRESENTATION_FLAG_XCDR2);
[7.373s]       |                     [01;31m[K^~~~~~~~~~[m[K
[7.374s] [01m[K/usr/local/include/ddscxx/org/eclipse/cyclonedds/topic/TopicTraits.hpp:278:52:[m[K [01;35m[Kwarning: [m[Kinvalid use of incomplete type â€˜[01m[Kstruct org::eclipse::cyclonedds::topic::ddsi_sertype[m[Kâ€™
[7.375s]   278 |             uint32_t refc = ddsrt_atomic_ld32 (&ptr[01;35m[K->[m[Kflags_refc);
[7.375s]       |                                                    [01;35m[K^~[m[K
[7.375s] In file included from [01m[K/usr/local/include/ddscxx/org/eclipse/cyclonedds/topic/datatopic.hpp:26[m[K,
[7.375s]                  from [01m[K/home/unitree/106a_final/src/d1_sdk/src/msg/ArmString_.hpp:57[m[K,
[7.375s]                  from [01m[K/home/unitree/106a_final/src/d1_sdk/src/msg/ArmString_.cpp:9[m[K:
[7.376s] [01m[K/usr/local/include/ddscxx/org/eclipse/cyclonedds/topic/TopicTraits.hpp:266:19:[m[K [01;36m[Knote: [m[Kforward declaration of â€˜[01m[Kstruct org::eclipse::cyclonedds::topic::ddsi_sertype[m[Kâ€™
[7.377s]   266 |     static struct [01;36m[Kddsi_sertype[m[K* deriveSertype(const struct ddsi_sertype *, dds_data_representation_id_t data_representation, dds_type_consistency_enforcement_qospolicy_t)
[7.377s]       |                   [01;36m[K^~~~~~~~~~~~[m[K
[7.377s] In file included from [01m[K/usr/local/include/ddscxx/org/eclipse/cyclonedds/topic/datatopic.hpp:26[m[K,
[7.377s]                  from [01m[K/home/unitree/106a_final/src/d1_sdk/src/msg/ArmString_.hpp:57[m[K,
[7.377s]                  from [01m[K/home/unitree/106a_final/src/d1_sdk/src/msg/ArmString_.cpp:9[m[K:
[7.377s] [01m[K/usr/local/include/ddscxx/org/eclipse/cyclonedds/topic/TopicTraits.hpp:279:36:[m[K [01;35m[Kwarning: [m[Kinvalid use of incomplete type â€˜[01m[Kstruct org::eclipse::cyclonedds::topic::ddsi_sertype[m[Kâ€™
[7.377s]   279 |             ddsrt_atomic_st32 (&ptr[01;35m[K->[m[Kflags_refc, refc & ~DDSI_SERTYPE_REFC_MASK);
[7.378s]       |                                    [01;35m[K^~[m[K
[7.378s] In file included from [01m[K/usr/local/include/ddscxx/org/eclipse/cyclonedds/topic/datatopic.hpp:26[m[K,
[7.378s]                  from [01m[K/home/unitree/106a_final/src/d1_sdk/src/msg/ArmString_.hpp:57[m[K,
[7.378s]                  from [01m[K/home/unitree/106a_final/src/d1_sdk/src/msg/ArmString_.cpp:9[m[K:
[7.378s] [01m[K/usr/local/include/ddscxx/org/eclipse/cyclonedds/topic/TopicTraits.hpp:266:19:[m[K [01;36m[Knote: [m[Kforward declaration of â€˜[01m[Kstruct org::eclipse::cyclonedds::topic::ddsi_sertype[m[Kâ€™
[7.378s]   266 |     static struct [01;36m[Kddsi_sertype[m[K* deriveSertype(const struct ddsi_sertype *, dds_data_representation_id_t data_representation, dds_type_consistency_enforcement_qospolicy_t)
[7.378s]       |                   [01;36m[K^~~~~~~~~~~~[m[K
[7.379s] In file included from [01m[K/usr/local/include/ddscxx/org/eclipse/cyclonedds/topic/datatopic.hpp:26[m[K,
[7.379s]                  from [01m[K/home/unitree/106a_final/src/d1_sdk/src/msg/ArmString_.hpp:57[m[K,
[7.379s]                  from [01m[K/home/unitree/106a_final/src/d1_sdk/src/msg/ArmString_.cpp:9[m[K:
[7.379s] [01m[K/usr/local/include/ddscxx/org/eclipse/cyclonedds/topic/TopicTraits.hpp:279:58:[m[K [01;31m[Kerror: [m[Kâ€˜[01m[KDDSI_SERTYPE_REFC_MASK[m[Kâ€™ was not declared in this scope
[7.379s]   279 |             ddsrt_atomic_st32 (&ptr->flags_refc, refc & ~[01;31m[KDDSI_SERTYPE_REFC_MASK[m[K);
[7.379s]       |                                                          [01;31m[K^~~~~~~~~~~~~~~~~~~~~~[m[K
[7.408s] In file included from [01m[K/home/unitree/106a_final/src/d1_sdk/src/msg/ArmString_.hpp:57[m[K,
[7.409s]                  from [01m[K/home/unitree/106a_final/src/d1_sdk/src/msg/ArmString_.cpp:9[m[K:
[7.409s] [01m[K/usr/local/include/ddscxx/org/eclipse/cyclonedds/topic/datatopic.hpp:[m[K In function â€˜[01m[Kbool read_header(const void*, org::eclipse::cyclonedds::core::cdr::encoding_version&, org::eclipse::cyclonedds::core::cdr::endianness&)[m[Kâ€™:
[7.409s] [01m[K/usr/local/include/ddscxx/org/eclipse/cyclonedds/topic/datatopic.hpp:213:54:[m[K [01;31m[Kerror: [m[Kâ€˜[01m[KDDS_DATA_REPRESENTATION_FLAG_XCDR1[m[Kâ€™ was not declared in this scope
[7.409s]   213 |           if (TopicTraits<T>::allowableEncodings() & [01;31m[KDDS_DATA_REPRESENTATION_FLAG_XCDR1[m[K)
[7.409s]       |                                                      [01;31m[K^~~~~~~~~~~~~~~~~~~~~~~~~~~~~~~~~~[m[K
[7.424s] [01m[K/usr/local/include/ddscxx/org/eclipse/cyclonedds/topic/datatopic.hpp:[m[K At global scope:
[7.424s] [01m[K/usr/local/include/ddscxx/org/eclipse/cyclonedds/topic/datatopic.hpp:380:9:[m[K [01;31m[Kerror: [m[Kâ€˜[01m[Kddsi_sertype[m[Kâ€™ does not name a type; did you mean â€˜[01m[Kddscxx_sertype[m[Kâ€™?
[7.424s]   380 |   const [01;31m[Kddsi_sertype[m[K* type,
[7.425s]       |         [01;31m[K^~~~~~~~~~~~[m[K
[7.425s]       |         [32m[Kddscxx_sertype[m[K
[7.432s] [01m[K/usr/local/include/ddscxx/org/eclipse/cyclonedds/topic/datatopic.hpp:406:9:[m[K [01;31m[Kerror: [m[Kâ€˜[01m[Kddsi_sertype[m[Kâ€™ does not name a type; did you mean â€˜[01m[Kddscxx_sertype[m[Kâ€™?
[7.432s]   406 |   const [01;31m[Kddsi_sertype[m[K* type,
[7.432s]       |         [01;31m[K^~~~~~~~~~~~[m[K
[7.432s]       |         [32m[Kddscxx_sertype[m[K
[7.441s] [01m[K/usr/local/include/ddscxx/org/eclipse/cyclonedds/topic/datatopic.hpp:441:9:[m[K [01;31m[Kerror: [m[Kâ€˜[01m[Kddsi_sertype[m[Kâ€™ does not name a type; did you mean â€˜[01m[Kddscxx_sertype[m[Kâ€™?
[7.441s]   441 |   const [01;31m[Kddsi_sertype[m[K* type,
[7.441s]       |         [01;31m[K^~~~~~~~~~~~[m[K
[7.442s]       |         [32m[Kddscxx_sertype[m[K
[7.445s] [01m[K/usr/local/include/ddscxx/org/eclipse/cyclonedds/topic/datatopic.hpp:452:9:[m[K [01;31m[Kerror: [m[Kâ€˜[01m[Kddsi_sertype[m[Kâ€™ does not name a type; did you mean â€˜[01m[Kddscxx_sertype[m[Kâ€™?
[7.446s]   452 |   const [01;31m[Kddsi_sertype[m[K* typecmn,
[7.446s]       |         [01;31m[K^~~~~~~~~~~~[m[K
[7.446s]       |         [32m[Kddscxx_sertype[m[K
[7.457s] [01m[K/usr/local/include/ddscxx/org/eclipse/cyclonedds/topic/datatopic.hpp:561:9:[m[K [01;31m[Kerror: [m[Kâ€˜[01m[Kddsi_sertype[m[Kâ€™ does not name a type; did you mean â€˜[01m[Kddscxx_sertype[m[Kâ€™?
[7.457s]   561 |   const [01;31m[Kddsi_sertype[m[K* type,
[7.457s]       |         [01;31m[K^~~~~~~~~~~~[m[K
[7.457s]       |         [32m[Kddscxx_sertype[m[K
[7.477s] [01m[K/usr/local/include/ddscxx/org/eclipse/cyclonedds/topic/datatopic.hpp:595:9:[m[K [01;31m[Kerror: [m[Kâ€˜[01m[Kddsi_sertype[m[Kâ€™ does not name a type; did you mean â€˜[01m[Kddscxx_sertype[m[Kâ€™?
[7.477s]   595 |   const [01;31m[Kddsi_sertype[m[K* tpcmn, const ddsi_serdata* dcmn, char* buf, size_t bufsize)
[7.477s]       |         [01;31m[K^~~~~~~~~~~~[m[K
[7.477s]       |         [32m[Kddscxx_sertype[m[K
[7.514s] [01m[K/usr/local/include/ddscxx/org/eclipse/cyclonedds/topic/datatopic.hpp:699:24:[m[K [01;31m[Kerror: [m[Kâ€˜[01m[Kddsi_sertype[m[Kâ€™ does not name a type; did you mean â€˜[01m[Kddscxx_sertype[m[Kâ€™?
[7.514s]   699 |   ddscxx_serdata(const [01;31m[Kddsi_sertype[m[K* type, ddsi_serdata_kind kind);
[7.514s]       |                        [01;31m[K^~~~~~~~~~~~[m[K
[7.514s]       |                        [32m[Kddscxx_sertype[m[K
[7.525s] [01m[K/usr/local/include/ddscxx/org/eclipse/cyclonedds/topic/datatopic.hpp:719:41:[m[K [01;31m[Kerror: [m[Kâ€˜[01m[Kddsi_sertype[m[Kâ€™ does not name a type; did you mean â€˜[01m[Kddscxx_sertype[m[Kâ€™?
[7.526s]   719 | ddscxx_serdata<T>::ddscxx_serdata(const [01;31m[Kddsi_sertype[m[K* type, ddsi_serdata_kind kind)
[7.526s]       |                                         [01;31m[K^~~~~~~~~~~~[m[K
[7.526s]       |                                         [32m[Kddscxx_sertype[m[K
[7.545s] [01m[K/usr/local/include/ddscxx/org/eclipse/cyclonedds/topic/datatopic.hpp:[m[K In member function â€˜[01m[Kvoid ddscxx_serdata<T>::populate_hash()[m[Kâ€™:
[7.546s] [01m[K/usr/local/include/ddscxx/org/eclipse/cyclonedds/topic/datatopic.hpp:766:11:[m[K [01;31m[Kerror: [m[Kâ€˜[01m[Ktype[m[Kâ€™ was not declared in this scope
[7.546s]   766 |   hash ^= [01;31m[Ktype[m[K->serdata_basehash;
[7.546s]       |           [01;31m[K^~~~[m[K
[7.548s] [01m[K/usr/local/include/ddscxx/org/eclipse/cyclonedds/topic/datatopic.hpp:[m[K At global scope:
[7.548s] [01m[K/usr/local/include/ddscxx/org/eclipse/cyclonedds/topic/datatopic.hpp:850:19:[m[K [01;31m[Kerror: [m[Kvariable or field â€˜[01m[Ksertype_free[m[Kâ€™ declared void
[7.548s]   850 | void sertype_free([01;31m[Kddsi_sertype[m[K* tpcmn)
[7.549s]       |                   [01;31m[K^~~~~~~~~~~~[m[K
[7.550s] [01m[K/usr/local/include/ddscxx/org/eclipse/cyclonedds/topic/datatopic.hpp:850:19:[m[K [01;31m[Kerror: [m[Kâ€˜[01m[Kddsi_sertype[m[Kâ€™ was not declared in this scope; did you mean â€˜[01m[Korg::eclipse::cyclonedds::topic::ddsi_sertype[m[Kâ€™?
[7.551s]   850 | void sertype_free([01;31m[Kddsi_sertype[m[K* tpcmn)
[7.554s]       |                   [01;31m[K^~~~~~~~~~~~[m[K
[7.554s]       |                   [32m[Korg::eclipse::cyclonedds::topic::ddsi_sertype[m[K
[7.555s] In file included from [01m[K/usr/local/include/ddscxx/org/eclipse/cyclonedds/topic/datatopic.hpp:26[m[K,
[7.555s]                  from [01m[K/home/unitree/106a_final/src/d1_sdk/src/msg/ArmString_.hpp:57[m[K,
[7.555s]                  from [01m[K/home/unitree/106a_final/src/d1_sdk/src/msg/ArmString_.cpp:9[m[K:
[7.556s] [01m[K/usr/local/include/ddscxx/org/eclipse/cyclonedds/topic/TopicTraits.hpp:266:19:[m[K [01;36m[Knote: [m[Kâ€˜[01m[Korg::eclipse::cyclonedds::topic::ddsi_sertype[m[Kâ€™ declared here
[7.556s]   266 |     static struct [01;36m[Kddsi_sertype[m[K* deriveSertype(const struct ddsi_sertype *, dds_data_representation_id_t data_representation, dds_type_consistency_enforcement_qospolicy_t)
[7.556s]       |                   [01;36m[K^~~~~~~~~~~~[m[K
[7.560s] In file included from [01m[K/home/unitree/106a_final/src/d1_sdk/src/msg/ArmString_.hpp:57[m[K,
[7.561s]                  from [01m[K/home/unitree/106a_final/src/d1_sdk/src/msg/ArmString_.cpp:9[m[K:
[7.563s] [01m[K/usr/local/include/ddscxx/org/eclipse/cyclonedds/topic/datatopic.hpp:850:33:[m[K [01;31m[Kerror: [m[Kâ€˜[01m[Ktpcmn[m[Kâ€™ was not declared in this scope
[7.563s]   850 | void sertype_free(ddsi_sertype* [01;31m[Ktpcmn[m[K)
[7.564s]       |                                 [01;31m[K^~~~~[m[K
[7.570s] [01m[K/usr/local/include/ddscxx/org/eclipse/cyclonedds/topic/datatopic.hpp:858:33:[m[K [01;31m[Kerror: [m[Kâ€˜[01m[Kddsi_sertype[m[Kâ€™ does not name a type; did you mean â€˜[01m[Kddscxx_sertype[m[Kâ€™?
[7.570s]   858 | void sertype_zero_samples(const [01;31m[Kddsi_sertype[m[K*, void*, size_t)
[7.571s]       |                                 [01;31m[K^~~~~~~~~~~~[m[K
[7.571s]       |                                 [32m[Kddscxx_sertype[m[K
[7.580s] [01m[K/usr/local/include/ddscxx/org/eclipse/cyclonedds/topic/datatopic.hpp:865:22:[m[K [01;31m[Kerror: [m[Kâ€˜[01m[Kddsi_sertype[m[Kâ€™ does not name a type; did you mean â€˜[01m[Kddscxx_sertype[m[Kâ€™?
[7.581s]   865 |   void** ptrs, const [01;31m[Kddsi_sertype[m[K*, void*, size_t, size_t)
[7.581s]       |                      [01;31m[K^~~~~~~~~~~~[m[K
[7.581s]       |                      [32m[Kddscxx_sertype[m[K
[7.595s] [01m[K/usr/local/include/ddscxx/org/eclipse/cyclonedds/topic/datatopic.hpp:884:9:[m[K [01;31m[Kerror: [m[Kâ€˜[01m[Kddsi_sertype[m[Kâ€™ does not name a type; did you mean â€˜[01m[Kddscxx_sertype[m[Kâ€™?
[7.595s]   884 |   const [01;31m[Kddsi_sertype[m[K*, void** ptrs, size_t, dds_free_op_t op)
[7.595s]       |         [01;31m[K^~~~~~~~~~~~[m[K
[7.595s]       |         [32m[Kddscxx_sertype[m[K
[7.599s] [01m[K/usr/local/include/ddscxx/org/eclipse/cyclonedds/topic/datatopic.hpp:909:9:[m[K [01;31m[Kerror: [m[Kâ€˜[01m[Kddsi_sertype[m[Kâ€™ does not name a type; did you mean â€˜[01m[Kddscxx_sertype[m[Kâ€™?
[7.600s]   909 |   const [01;31m[Kddsi_sertype[m[K* acmn, const ddsi_sertype* bcmn)
[7.600s]       |         [01;31m[K^~~~~~~~~~~~[m[K
[7.600s]       |         [32m[Kddscxx_sertype[m[K
[7.603s] [01m[K/usr/local/include/ddscxx/org/eclipse/cyclonedds/topic/datatopic.hpp:909:35:[m[K [01;31m[Kerror: [m[Kâ€˜[01m[Kddsi_sertype[m[Kâ€™ does not name a type; did you mean â€˜[01m[Kddscxx_sertype[m[Kâ€™?
[7.603s]   909 |   const ddsi_sertype* acmn, const [01;31m[Kddsi_sertype[m[K* bcmn)
[7.604s]       |                                   [01;31m[K^~~~~~~~~~~~[m[K
[7.604s]       |                                   [32m[Kddscxx_sertype[m[K
[7.610s] [01m[K/usr/local/include/ddscxx/org/eclipse/cyclonedds/topic/datatopic.hpp:919:29:[m[K [01;31m[Kerror: [m[Kâ€˜[01m[Kddsi_sertype[m[Kâ€™ does not name a type; did you mean â€˜[01m[Kddscxx_sertype[m[Kâ€™?
[7.610s]   919 | uint32_t sertype_hash(const [01;31m[Kddsi_sertype[m[K* tpcmn)
[7.610s]       |                             [01;31m[K^~~~~~~~~~~~[m[K
[7.610s]       |                             [32m[Kddscxx_sertype[m[K
[7.614s] [01m[K/usr/local/include/ddscxx/org/eclipse/cyclonedds/topic/datatopic.hpp:926:42:[m[K [01;31m[Kerror: [m[Kâ€˜[01m[Kddsi_sertype[m[Kâ€™ does not name a type; did you mean â€˜[01m[Kddscxx_sertype[m[Kâ€™?
[7.614s]   926 | size_t sertype_get_serialized_size(const [01;31m[Kddsi_sertype[m[K*, const void * sample)
[7.615s]       |                                          [01;31m[K^~~~~~~~~~~~[m[K
[7.615s]       |                                          [32m[Kddscxx_sertype[m[K
[7.619s] [01m[K/usr/local/include/ddscxx/org/eclipse/cyclonedds/topic/datatopic.hpp:941:35:[m[K [01;31m[Kerror: [m[Kâ€˜[01m[Kddsi_sertype[m[Kâ€™ does not name a type; did you mean â€˜[01m[Kddscxx_sertype[m[Kâ€™?
[7.620s]   941 | bool sertype_serialize_into(const [01;31m[Kddsi_sertype[m[K*,
[7.620s]       |                                   [01;31m[K^~~~~~~~~~~~[m[K
[7.620s]       |                                   [32m[Kddscxx_sertype[m[K
[7.621s] [01m[K/usr/local/include/ddscxx/org/eclipse/cyclonedds/topic/datatopic.hpp:954:52:[m[K [01;31m[Kerror: [m[Kexpected class-name before â€˜[01m[K{[m[Kâ€™ token
[7.621s]   954 | struct ddscxx_sertype_ops: public ddsi_sertype_ops [01;31m[K{[m[K
[7.621s]       |                                                    [01;31m[K^[m[K
[7.622s] [01m[K/usr/local/include/ddscxx/org/eclipse/cyclonedds/topic/datatopic.hpp:[m[K In constructor â€˜[01m[Kddscxx_sertype_ops<T, S>::ddscxx_sertype_ops()[m[Kâ€™:
[7.622s] [01m[K/usr/local/include/ddscxx/org/eclipse/cyclonedds/topic/datatopic.hpp:955:25:[m[K [01;31m[Kerror: [m[Kclass â€˜[01m[Kddscxx_sertype_ops<T, S>[m[Kâ€™ does not have any field named â€˜[01m[Kddsi_sertype_ops[m[Kâ€™
[7.623s]   955 |   ddscxx_sertype_ops(): [01;31m[Kddsi_sertype_ops[m[K {
[7.623s]       |                         [01;31m[K^~~~~~~~~~~~~~~~[m[K
[7.630s] [01m[K/usr/local/include/ddscxx/org/eclipse/cyclonedds/topic/datatopic.hpp:956:3:[m[K [01;31m[Kerror: [m[Kâ€˜[01m[Kddsi_sertype_v0[m[Kâ€™ was not declared in this scope; did you mean â€˜[01m[Kddsi_sertopic[m[Kâ€™?
[7.630s]   956 |   [01;31m[Kddsi_sertype_v0[m[K,
[7.631s]       |   [01;31m[K^~~~~~~~~~~~~~~[m[K
[7.631s]       |   [32m[Kddsi_sertopic[m[K
[7.637s] [01m[K/usr/local/include/ddscxx/org/eclipse/cyclonedds/topic/datatopic.hpp:958:3:[m[K [01;31m[Kerror: [m[Kâ€˜[01m[Ksertype_free[m[Kâ€™ was not declared in this scope; did you mean â€˜[01m[Ksertype_hash[m[Kâ€™?
[7.638s]   958 |   [01;31m[Ksertype_free[m[K<T,S>,
[7.638s]       |   [01;31m[K^~~~~~~~~~~~[m[K
[7.638s]       |   [32m[Ksertype_hash[m[K
[7.639s] [01m[K/usr/local/include/ddscxx/org/eclipse/cyclonedds/topic/datatopic.hpp:958:17:[m[K [01;31m[Kerror: [m[Kexpected primary-expression before â€˜[01m[K,[m[Kâ€™ token
[7.639s]   958 |   sertype_free<T[01;31m[K,[m[KS>,
[7.639s]       |                 [01;31m[K^[m[K
[7.640s] [01m[K/usr/local/include/ddscxx/org/eclipse/cyclonedds/topic/datatopic.hpp:958:19:[m[K [01;31m[Kerror: [m[Kexpected primary-expression before â€˜[01m[K>[m[Kâ€™ token
[7.640s]   958 |   sertype_free<T,S[01;31m[K>[m[K,
[7.640s]       |                   [01;31m[K^[m[K
[7.641s] [01m[K/usr/local/include/ddscxx/org/eclipse/cyclonedds/topic/datatopic.hpp:958:20:[m[K [01;31m[Kerror: [m[Kexpected primary-expression before â€˜[01m[K,[m[Kâ€™ token
[7.641s]   958 |   sertype_free<T,S>[01;31m[K,[m[K
[7.641s]       |                    [01;31m[K^[m[K
[7.642s] [01m[K/usr/local/include/ddscxx/org/eclipse/cyclonedds/topic/datatopic.hpp:[m[K At global scope:
[7.642s] [01m[K/usr/local/include/ddscxx/org/eclipse/cyclonedds/topic/datatopic.hpp:981:44:[m[K [01;31m[Kerror: [m[Kexpected class-name before â€˜[01m[K{[m[Kâ€™ token
[7.642s]   981 | class ddscxx_sertype : public ddsi_sertype [01;31m[K{[m[K
[7.642s]       |                                            [01;31m[K^[m[K
[7.643s] [01m[K/usr/local/include/ddscxx/org/eclipse/cyclonedds/topic/datatopic.hpp:[m[K In constructor â€˜[01m[Kddscxx_sertype<T, S>::ddscxx_sertype()[m[Kâ€™:
[7.643s] [01m[K/usr/local/include/ddscxx/org/eclipse/cyclonedds/topic/datatopic.hpp:996:5:[m[K [01;31m[Kerror: [m[Kclass â€˜[01m[Kddscxx_sertype<T, S>[m[Kâ€™ does not have any field named â€˜[01m[Kddsi_sertype[m[Kâ€™
[7.644s]   996 |   : [01;31m[Kddsi_sertype[m[K{}
[7.644s]       |     [01;31m[K^~~~~~~~~~~~[m[K
[7.651s] [01m[K/usr/local/include/ddscxx/org/eclipse/cyclonedds/topic/datatopic.hpp:998:51:[m[K [01;31m[Kerror: [m[Kâ€˜[01m[KDDSI_SERTYPE_FLAG_TOPICKIND_NO_KEY[m[Kâ€™ was not declared in this scope; did you mean â€˜[01m[KDDSI_SERTOPIC_HAS_TOPICKIND_NO_KEY[m[Kâ€™?
[7.651s]   998 |   uint32_t flags = (TopicTraits<T>::isKeyless() ? [01;31m[KDDSI_SERTYPE_FLAG_TOPICKIND_NO_KEY[m[K : 0);
[7.652s]       |                                                   [01;31m[K^~~~~~~~~~~~~~~~~~~~~~~~~~~~~~~~~~[m[K
[7.652s]       |                                                   [32m[KDDSI_SERTOPIC_HAS_TOPICKIND_NO_KEY[m[K
[7.656s] [01m[K/usr/local/include/ddscxx/org/eclipse/cyclonedds/topic/datatopic.hpp:1005:19:[m[K [01;31m[Kerror: [m[Kâ€˜[01m[Kddsi_sertype[m[Kâ€™ does not name a type; did you mean â€˜[01m[Kddscxx_sertype[m[Kâ€™?
[7.657s]  1005 |       static_cast<[01;31m[Kddsi_sertype[m[K*>(this),
[7.657s]       |                   [01;31m[K^~~~~~~~~~~~[m[K
[7.657s]       |                   [32m[Kddscxx_sertype[m[K
[7.658s] [01m[K/usr/local/include/ddscxx/org/eclipse/cyclonedds/topic/datatopic.hpp:1005:31:[m[K [01;31m[Kerror: [m[Kexpected â€˜[01m[K>[m[Kâ€™ before â€˜[01m[K*[m[Kâ€™ token
[7.658s]  1005 |       static_cast<ddsi_sertype[01;31m[K*[m[K>(this),
[7.658s]       |                               [01;31m[K^[m[K
[7.658s] [01m[K/usr/local/include/ddscxx/org/eclipse/cyclonedds/topic/datatopic.hpp:1005:31:[m[K [01;31m[Kerror: [m[Kexpected â€˜[01m[K([m[Kâ€™ before â€˜[01m[K*[m[Kâ€™ token
[7.659s]  1005 |       static_cast<ddsi_sertype[01;31m[K*[m[K>(this),
[7.659s]       |                               [01;31m[K^[m[K
[7.659s]       |                               [32m[K([m[K
[7.660s] [01m[K/usr/local/include/ddscxx/org/eclipse/cyclonedds/topic/datatopic.hpp:1005:32:[m[K [01;31m[Kerror: [m[Kexpected primary-expression before â€˜[01m[K>[m[Kâ€™ token
[7.660s]  1005 |       static_cast<ddsi_sertype*[01;31m[K>[m[K(this),
[7.660s]       |                                [01;31m[K^[m[K
[7.670s] [01m[K/usr/local/include/ddscxx/org/eclipse/cyclonedds/topic/datatopic.hpp:1011:3:[m[K [01;31m[Kerror: [m[Kâ€˜[01m[Kallowed_data_representation[m[Kâ€™ was not declared in this scope
[7.670s]  1011 |   [01;31m[Kallowed_data_representation[m[K = TopicTraits<T>::allowableEncodings();
[7.670s]       |   [01;31m[K^~~~~~~~~~~~~~~~~~~~~~~~~~~[m[K
[8.023s] make[2]: *** [CMakeFiles/servo_driver.dir/build.make:76: CMakeFiles/servo_driver.dir/home/unitree/106a_final/src/d1_sdk/src/msg/ArmString_.cpp.o] Error 1
[8.024s] make[2]: *** Waiting for unfinished jobs....
[12.499s] In file included from [01m[K/usr/local/include/ddscxx/dds/domain/detail/TDomainParticipantImpl.hpp:23[m[K,
[12.500s]                  from [01m[K/usr/local/include/ddscxx/dds/domain/detail/DomainParticipant.hpp:22[m[K,
[12.500s]                  from [01m[K/usr/local/include/ddscxx/dds/domain/DomainParticipant.hpp:22[m[K,
[12.500s]                  from [01m[K/usr/local/include/ddscxx/dds/domain/find.hpp:22[m[K,
[12.500s]                  from [01m[K/usr/local/include/ddscxx/dds/domain/ddsdomain.hpp:21[m[K,
[12.500s]                  from [01m[K/usr/local/include/ddscxx/dds/dds.hpp:34[m[K,
[12.500s]                  from [01m[K/usr/local/include/unitree/common/dds/dds_entity.hpp:4[m[K,
[12.501s]                  from [01m[K/usr/local/include/unitree/common/dds/dds_topic_channel.hpp:4[m[K,
[12.501s]                  from [01m[K/usr/local/include/unitree/common/dds/dds_factory_model.hpp:5[m[K,
[12.501s]                  from [01m[K/usr/local/include/unitree/robot/channel/channel_factory.hpp:4[m[K,
[12.501s]                  from [01m[K/usr/local/include/unitree/robot/channel/channel_publisher.hpp:4[m[K,
[12.501s]                  from [01m[K/home/unitree/106a_final/src/arm_driver/src/servo_driver.cpp:8[m[K:
[12.501s] [01m[K/usr/local/include/ddscxx/org/eclipse/cyclonedds/domain/DomainParticipantDelegate.hpp:120:24:[m[K [01;31m[Kerror: [m[Kâ€˜[01m[Kdds_typeinfo_t[m[Kâ€™ does not name a type; did you mean â€˜[01m[Kdds_sample_info_t[m[Kâ€™?
[12.501s]   120 |                  const [01;31m[Kdds_typeinfo_t[m[K *type_info,
[12.501s]       |                        [01;31m[K^~~~~~~~~~~~~~[m[K
[12.502s]       |                        [32m[Kdds_sample_info_t[m[K
[12.535s] In file included from [01m[K/usr/local/include/ddscxx/dds/topic/detail/TopicDescription.hpp:22[m[K,
[12.535s]                  from [01m[K/usr/local/include/ddscxx/dds/topic/TopicDescription.hpp:22[m[K,
[12.535s]                  from [01m[K/usr/local/include/ddscxx/dds/topic/ddstopic.hpp:22[m[K,
[12.535s]                  from [01m[K/usr/local/include/ddscxx/dds/dds.hpp:35[m[K,
[12.535s]                  from [01m[K/usr/local/include/unitree/common/dds/dds_entity.hpp:4[m[K,
[12.535s]                  from [01m[K/usr/local/include/unitree/common/dds/dds_topic_channel.hpp:4[m[K,
[12.536s]                  from [01m[K/usr/local/include/unitree/common/dds/dds_factory_model.hpp:5[m[K,
[12.536s]                  from [01m[K/usr/local/include/unitree/robot/channel/channel_factory.hpp:4[m[K,
[12.536s]                  from [01m[K/usr/local/include/unitree/robot/channel/channel_publisher.hpp:4[m[K,
[12.536s]                  from [01m[K/home/unitree/106a_final/src/arm_driver/src/servo_driver.cpp:8[m[K:
[12.536s] [01m[K/usr/local/include/ddscxx/org/eclipse/cyclonedds/topic/TopicDescriptionDelegate.hpp:73:5:[m[K [01;31m[Kerror: [m[Kâ€˜[01m[Kddsi_sertype[m[Kâ€™ does not name a type; did you mean â€˜[01m[Kddsi_sertopic[m[Kâ€™?
[12.537s]    73 |     [01;31m[Kddsi_sertype[m[K *get_ser_type() const;
[12.537s]       |     [01;31m[K^~~~~~~~~~~~[m[K
[12.537s]       |     [32m[Kddsi_sertopic[m[K
[12.557s] [01m[K/usr/local/include/ddscxx/org/eclipse/cyclonedds/topic/TopicDescriptionDelegate.hpp:80:5:[m[K [01;31m[Kerror: [m[Kâ€˜[01m[Kddsi_sertype[m[Kâ€™ does not name a type; did you mean â€˜[01m[Kddsi_sertopic[m[Kâ€™?
[12.557s]    80 |     [01;31m[Kddsi_sertype[m[K *ser_type_;
[12.557s]       |     [01;31m[K^~~~~~~~~~~~[m[K
[12.557s]       |     [32m[Kddsi_sertopic[m[K
[12.596s] In file included from [01m[K/usr/local/include/ddscxx/org/eclipse/cyclonedds/topic/AnyTopicDelegate.hpp:23[m[K,
[12.596s]                  from [01m[K/usr/local/include/ddscxx/dds/topic/detail/AnyTopic.hpp:22[m[K,
[12.597s]                  from [01m[K/usr/local/include/ddscxx/dds/topic/AnyTopic.hpp:22[m[K,
[12.597s]                  from [01m[K/usr/local/include/ddscxx/dds/topic/detail/Topic.hpp:27[m[K,
[12.597s]                  from [01m[K/usr/local/include/ddscxx/dds/topic/Topic.hpp:21[m[K,
[12.597s]                  from [01m[K/usr/local/include/ddscxx/dds/topic/ddstopic.hpp:23[m[K,
[12.597s]                  from [01m[K/usr/local/include/ddscxx/dds/dds.hpp:35[m[K,
[12.597s]                  from [01m[K/usr/local/include/unitree/common/dds/dds_entity.hpp:4[m[K,
[12.597s]                  from [01m[K/usr/local/include/unitree/common/dds/dds_topic_channel.hpp:4[m[K,
[12.597s]                  from [01m[K/usr/local/include/unitree/common/dds/dds_factory_model.hpp:5[m[K,
[12.598s]                  from [01m[K/usr/local/include/unitree/robot/channel/channel_factory.hpp:4[m[K,
[12.598s]                  from [01m[K/usr/local/include/unitree/robot/channel/channel_publisher.hpp:4[m[K,
[12.598s]                  from [01m[K/home/unitree/106a_final/src/arm_driver/src/servo_driver.cpp:8[m[K:
[12.598s] [01m[K/usr/local/include/ddscxx/org/eclipse/cyclonedds/topic/TopicTraits.hpp:95:12:[m[K [01;31m[Kerror: [m[Kâ€˜[01m[Kddsi_sertype[m[Kâ€™ does not name a type; did you mean â€˜[01m[Kddscxx_sertype[m[Kâ€™?
[12.598s]    95 |     static [01;31m[Kddsi_sertype[m[K *getSerType(allowable_encodings_t kinds = allowableEncodings())
[12.598s]       |            [01;31m[K^~~~~~~~~~~~[m[K
[12.598s]       |            [32m[Kddscxx_sertype[m[K
[12.608s] [01m[K/usr/local/include/ddscxx/org/eclipse/cyclonedds/topic/TopicTraits.hpp:167:12:[m[K [01;31m[Kerror: [m[Kâ€˜[01m[Kddsi_typeid_t[m[Kâ€™ does not name a type; did you mean â€˜[01m[Kdds_guid_t[m[Kâ€™?
[12.608s]   167 |     static [01;31m[Kddsi_typeid_t[m[K* getTypeId(const struct ddsi_sertype *, ddsi_typeid_kind_t kind)
[12.608s]       |            [01;31m[K^~~~~~~~~~~~~[m[K
[12.609s]       |            [32m[Kdds_guid_t[m[K
[12.619s] [01m[K/usr/local/include/ddscxx/org/eclipse/cyclonedds/topic/TopicTraits.hpp:188:12:[m[K [01;31m[Kerror: [m[Kâ€˜[01m[Kddsi_typemap_t[m[Kâ€™ does not name a type
[12.620s]   188 |     static [01;31m[Kddsi_typemap_t[m[K* getTypeMap(const struct ddsi_sertype *)
[12.620s]       |            [01;31m[K^~~~~~~~~~~~~~[m[K
[12.633s] [01m[K/usr/local/include/ddscxx/org/eclipse/cyclonedds/topic/TopicTraits.hpp:202:12:[m[K [01;31m[Kerror: [m[Kâ€˜[01m[Kddsi_typeinfo_t[m[Kâ€™ does not name a type; did you mean â€˜[01m[Kdds_sample_info_t[m[Kâ€™?
[12.634s]   202 |     static [01;31m[Kddsi_typeinfo_t[m[K* getTypeInfo(const struct ddsi_sertype *)
[12.634s]       |            [01;31m[K^~~~~~~~~~~~~~~[m[K
[12.634s]       |            [32m[Kdds_sample_info_t[m[K
[12.634s] [01m[K/usr/local/include/ddscxx/org/eclipse/cyclonedds/topic/TopicTraits.hpp:266:76:[m[K [01;31m[Kerror: [m[Kâ€˜[01m[Kdds_data_representation_id_t[m[Kâ€™ has not been declared
[12.634s]   266 |     static struct ddsi_sertype* deriveSertype(const struct ddsi_sertype *, [01;31m[Kdds_data_representation_id_t[m[K data_representation, dds_type_consistency_enforcement_qospolicy_t)
[12.635s]       |                                                                            [01;31m[K^~~~~~~~~~~~~~~~~~~~~~~~~~~~[m[K
[12.635s] [01m[K/usr/local/include/ddscxx/org/eclipse/cyclonedds/topic/TopicTraits.hpp:266:126:[m[K [01;31m[Kerror: [m[Kâ€˜[01m[Kdds_type_consistency_enforcement_qospolicy_t[m[Kâ€™ has not been declared
[12.635s]   266 | ertype(const struct ddsi_sertype *, dds_data_representation_id_t data_representation, [01;31m[Kdds_type_consistency_enforcement_qospolicy_t[m[K)
[12.635s]       |                                                                                       [01;31m[K^~~~~~~~~~~~~~~~~~~~~~~~~~~~~~~~~~~~~~~~~~~~[m[K
[12.635s] 
[12.660s] In file included from [01m[K/usr/local/include/ddscxx/org/eclipse/cyclonedds/topic/AnyTopicDelegate.hpp:23[m[K,
[12.661s]                  from [01m[K/usr/local/include/ddscxx/dds/topic/detail/AnyTopic.hpp:22[m[K,
[12.661s]                  from [01m[K/usr/local/include/ddscxx/dds/topic/AnyTopic.hpp:22[m[K,
[12.661s]                  from [01m[K/usr/local/include/ddscxx/dds/topic/detail/Topic.hpp:27[m[K,
[12.661s]                  from [01m[K/usr/local/include/ddscxx/dds/topic/Topic.hpp:21[m[K,
[12.661s]                  from [01m[K/usr/local/include/ddscxx/dds/topic/ddstopic.hpp:23[m[K,
[12.661s]                  from [01m[K/usr/local/include/ddscxx/dds/dds.hpp:35[m[K,
[12.661s]                  from [01m[K/usr/local/include/unitree/common/dds/dds_entity.hpp:4[m[K,
[12.662s]                  from [01m[K/usr/local/include/unitree/common/dds/dds_topic_channel.hpp:4[m[K,
[12.662s]                  from [01m[K/usr/local/include/unitree/common/dds/dds_factory_model.hpp:5[m[K,
[12.662s]                  from [01m[K/usr/local/include/unitree/robot/channel/channel_factory.hpp:4[m[K,
[12.662s]                  from [01m[K/usr/local/include/unitree/robot/channel/channel_publisher.hpp:4[m[K,
[12.662s]                  from [01m[K/home/unitree/106a_final/src/arm_driver/src/servo_driver.cpp:8[m[K:
[12.662s] [01m[K/usr/local/include/ddscxx/org/eclipse/cyclonedds/topic/TopicTraits.hpp:[m[K In static member function â€˜[01m[Kstatic org::eclipse::cyclonedds::topic::ddsi_sertype* org::eclipse::cyclonedds::topic::TopicTraits<TOPIC>::deriveSertype(const org::eclipse::cyclonedds::topic::ddsi_sertype*, int, int)[m[Kâ€™:
[12.662s] [01m[K/usr/local/include/ddscxx/org/eclipse/cyclonedds/topic/TopicTraits.hpp:270:16:[m[K [01;31m[Kerror: [m[Kâ€˜[01m[KDDS_DATA_REPRESENTATION_XCDR1[m[Kâ€™ was not declared in this scope
[12.662s]   270 |           case [01;31m[KDDS_DATA_REPRESENTATION_XCDR1[m[K:
[12.663s]       |                [01;31m[K^~~~~~~~~~~~~~~~~~~~~~~~~~~~~[m[K
[12.686s] [01m[K/usr/local/include/ddscxx/org/eclipse/cyclonedds/topic/TopicTraits.hpp:271:32:[m[K [01;31m[Kerror: [m[Kâ€˜[01m[KDDS_DATA_REPRESENTATION_FLAG_XCDR1[m[Kâ€™ was not declared in this scope
[12.686s]   271 |               ptr = getSerType([01;31m[KDDS_DATA_REPRESENTATION_FLAG_XCDR1[m[K);
[12.687s]       |                                [01;31m[K^~~~~~~~~~~~~~~~~~~~~~~~~~~~~~~~~~[m[K
[12.687s] [01m[K/usr/local/include/ddscxx/org/eclipse/cyclonedds/topic/TopicTraits.hpp:271:21:[m[K [01;31m[Kerror: [m[Kthere are no arguments to â€˜[01m[KgetSerType[m[Kâ€™ that depend on a template parameter, so a declaration of â€˜[01m[KgetSerType[m[Kâ€™ must be available [[01;31m[K-fpermissive[m[K]
[12.687s]   271 |               ptr = [01;31m[KgetSerType[m[K(DDS_DATA_REPRESENTATION_FLAG_XCDR1);
[12.687s]       |                     [01;31m[K^~~~~~~~~~[m[K
[12.687s] [01m[K/usr/local/include/ddscxx/org/eclipse/cyclonedds/topic/TopicTraits.hpp:271:21:[m[K [01;36m[Knote: [m[K(if you use â€˜[01m[K-fpermissive[m[Kâ€™, G++ will accept your code, but allowing the use of an undeclared name is deprecated)
[12.712s] [01m[K/usr/local/include/ddscxx/org/eclipse/cyclonedds/topic/TopicTraits.hpp:273:16:[m[K [01;31m[Kerror: [m[Kâ€˜[01m[KDDS_DATA_REPRESENTATION_XCDR2[m[Kâ€™ was not declared in this scope
[12.712s]   273 |           case [01;31m[KDDS_DATA_REPRESENTATION_XCDR2[m[K:
[12.712s]       |                [01;31m[K^~~~~~~~~~~~~~~~~~~~~~~~~~~~~[m[K
[12.740s] [01m[K/usr/local/include/ddscxx/org/eclipse/cyclonedds/topic/TopicTraits.hpp:274:32:[m[K [01;31m[Kerror: [m[Kâ€˜[01m[KDDS_DATA_REPRESENTATION_FLAG_XCDR2[m[Kâ€™ was not declared in this scope
[12.740s]   274 |               ptr = getSerType([01;31m[KDDS_DATA_REPRESENTATION_FLAG_XCDR2[m[K);
[12.740s]       |                                [01;31m[K^~~~~~~~~~~~~~~~~~~~~~~~~~~~~~~~~~[m[K
[12.740s] [01m[K/usr/local/include/ddscxx/org/eclipse/cyclonedds/topic/TopicTraits.hpp:274:21:[m[K [01;31m[Kerror: [m[Kthere are no arguments to â€˜[01m[KgetSerType[m[Kâ€™ that depend on a template parameter, so a declaration of â€˜[01m[KgetSerType[m[Kâ€™ must be available [[01;31m[K-fpermissive[m[K]
[12.740s]   274 |               ptr = [01;31m[KgetSerType[m[K(DDS_DATA_REPRESENTATION_FLAG_XCDR2);
[12.740s]       |                     [01;31m[K^~~~~~~~~~[m[K
[12.777s] [01m[K/usr/local/include/ddscxx/org/eclipse/cyclonedds/topic/TopicTraits.hpp:279:58:[m[K [01;31m[Kerror: [m[Kâ€˜[01m[KDDSI_SERTYPE_REFC_MASK[m[Kâ€™ was not declared in this scope
[12.777s]   279 |             ddsrt_atomic_st32 (&ptr->flags_refc, refc & ~[01;31m[KDDSI_SERTYPE_REFC_MASK[m[K);
[12.777s]       |                                                          [01;31m[K^~~~~~~~~~~~~~~~~~~~~~[m[K
[12.777s] [01m[K/usr/local/include/ddscxx/org/eclipse/cyclonedds/topic/TopicTraits.hpp:279:58:[m[K [01;36m[Knote: [m[Kthe macro â€˜[01m[KDDSI_SERTYPE_REFC_MASK[m[Kâ€™ had not yet been defined
[12.777s] In file included from [01m[K/usr/local/include/ddscxx/dds/topic/detail/TTopicImpl.hpp:155[m[K,
[12.778s]                  from [01m[K/usr/local/include/ddscxx/dds/topic/detail/BuiltinTopic.hpp:23[m[K,
[12.778s]                  from [01m[K/usr/local/include/ddscxx/dds/topic/BuiltinTopic.hpp:22[m[K,
[12.778s]                  from [01m[K/usr/local/include/ddscxx/org/eclipse/cyclonedds/sub/AnyDataReaderDelegate.hpp:36[m[K,
[12.778s]                  from [01m[K/usr/local/include/ddscxx/dds/topic/detail/ContentFilteredTopic.hpp:31[m[K,
[12.778s]                  from [01m[K/usr/local/include/ddscxx/dds/topic/ContentFilteredTopic.hpp:22[m[K,
[12.778s]                  from [01m[K/usr/local/include/ddscxx/dds/topic/ddstopic.hpp:25[m[K,
[12.778s]                  from [01m[K/usr/local/include/ddscxx/dds/dds.hpp:35[m[K,
[12.778s]                  from [01m[K/usr/local/include/unitree/common/dds/dds_entity.hpp:4[m[K,
[12.778s]                  from [01m[K/usr/local/include/unitree/common/dds/dds_topic_channel.hpp:4[m[K,
[12.779s]                  from [01m[K/usr/local/include/unitree/common/dds/dds_factory_model.hpp:5[m[K,
[12.779s]                  from [01m[K/usr/local/include/unitree/robot/channel/channel_factory.hpp:4[m[K,
[12.779s]                  from [01m[K/usr/local/include/unitree/robot/channel/channel_publisher.hpp:4[m[K,
[12.779s]                  from [01m[K/home/unitree/106a_final/src/arm_driver/src/servo_driver.cpp:8[m[K:
[12.779s] [01m[K/usr/local/include/dds/ddsi/ddsi_sertype.h:36:[m[K [01;36m[Knote: [m[Kit was later defined here
[12.779s]    36 | #define DDSI_SERTYPE_REFC_MASK   0x0fffffffu
[12.779s]       | 
[12.850s] In file included from [01m[K/opt/ros/foxy/include/dds/ddsrt/rusage.h:33[m[K,
[12.851s]                  from [01m[K/opt/ros/foxy/include/dds/ddsi/q_log.h:19[m[K,
[12.851s]                  from [01m[K/opt/ros/foxy/include/dds/ddsi/ddsi_xqos.h:20[m[K,
[12.851s]                  from [01m[K/usr/local/include/dds/ddsi/ddsi_sertype.h:18[m[K,
[12.851s]                  from [01m[K/usr/local/include/ddscxx/dds/topic/detail/TTopicImpl.hpp:155[m[K,
[12.852s]                  from [01m[K/usr/local/include/ddscxx/dds/topic/detail/BuiltinTopic.hpp:23[m[K,
[12.852s]                  from [01m[K/usr/local/include/ddscxx/dds/topic/BuiltinTopic.hpp:22[m[K,
[12.852s]                  from [01m[K/usr/local/include/ddscxx/org/eclipse/cyclonedds/sub/AnyDataReaderDelegate.hpp:36[m[K,
[12.853s]                  from [01m[K/usr/local/include/ddscxx/dds/topic/detail/ContentFilteredTopic.hpp:31[m[K,
[12.853s]                  from [01m[K/usr/local/include/ddscxx/dds/topic/ContentFilteredTopic.hpp:22[m[K,
[12.853s]                  from [01m[K/usr/local/include/ddscxx/dds/topic/ddstopic.hpp:25[m[K,
[12.853s]                  from [01m[K/usr/local/include/ddscxx/dds/dds.hpp:35[m[K,
[12.853s]                  from [01m[K/usr/local/include/unitree/common/dds/dds_entity.hpp:4[m[K,
[12.853s]                  from [01m[K/usr/local/include/unitree/common/dds/dds_topic_channel.hpp:4[m[K,
[12.854s]                  from [01m[K/usr/local/include/unitree/common/dds/dds_factory_model.hpp:5[m[K,
[12.854s]                  from [01m[K/usr/local/include/unitree/robot/channel/channel_factory.hpp:4[m[K,
[12.854s]                  from [01m[K/usr/local/include/unitree/robot/channel/channel_publisher.hpp:4[m[K,
[12.854s]                  from [01m[K/home/unitree/106a_final/src/arm_driver/src/servo_driver.cpp:8[m[K:
[12.854s] [01m[K/opt/ros/foxy/include/dds/ddsrt/threads.h:[m[K At global scope:
[12.854s] [01m[K/opt/ros/foxy/include/dds/ddsrt/threads.h:71:3:[m[K [01;31m[Kerror: [m[Kâ€˜[01m[KDDSRT_SCHED_DEFAULT[m[Kâ€™ conflicts with a previous declaration
[12.854s]    71 |   [01;31m[KDDSRT_SCHED_DEFAULT[m[K,
[12.854s]       |   [01;31m[K^~~~~~~~~~~~~~~~~~~[m[K
[12.855s] In file included from [01m[K/usr/local/include/dds/ddsi/ddsi_config.h:19[m[K,
[12.855s]                  from [01m[K/usr/local/include/ddscxx/dds/domain/TDomainParticipant.hpp:24[m[K,
[12.855s]                  from [01m[K/usr/local/include/ddscxx/dds/domain/detail/TDomainParticipantImpl.hpp:22[m[K,
[12.855s]                  from [01m[K/usr/local/include/ddscxx/dds/domain/detail/DomainParticipant.hpp:22[m[K,
[12.855s]                  from [01m[K/usr/local/include/ddscxx/dds/domain/DomainParticipant.hpp:22[m[K,
[12.855s]                  from [01m[K/usr/local/include/ddscxx/dds/domain/find.hpp:22[m[K,
[12.855s]                  from [01m[K/usr/local/include/ddscxx/dds/domain/ddsdomain.hpp:21[m[K,
[12.866s]                  from [01m[K/usr/local/include/ddscxx/dds/dds.hpp:34[m[K,
[12.866s]                  from [01m[K/usr/local/include/unitree/common/dds/dds_entity.hpp:4[m[K,
[12.866s]                  from [01m[K/usr/local/include/unitree/common/dds/dds_topic_channel.hpp:4[m[K,
[12.866s]                  from [01m[K/usr/local/include/unitree/common/dds/dds_factory_model.hpp:5[m[K,
[12.867s]                  from [01m[K/usr/local/include/unitree/robot/channel/channel_factory.hpp:4[m[K,
[12.867s]                  from [01m[K/usr/local/include/unitree/robot/channel/channel_publisher.hpp:4[m[K,
[12.867s]                  from [01m[K/home/unitree/106a_final/src/arm_driver/src/servo_driver.cpp:8[m[K:
[12.868s] [01m[K/usr/local/include/dds/ddsrt/sched.h:28:3:[m[K [01;36m[Knote: [m[Kprevious declaration â€˜[01m[Kddsrt_sched_t DDSRT_SCHED_DEFAULT[m[Kâ€™
[12.869s]    28 |   [01;36m[KDDSRT_SCHED_DEFAULT[m[K,
[12.870s]       |   [01;36m[K^~~~~~~~~~~~~~~~~~~[m[K
[12.870s] In file included from [01m[K/opt/ros/foxy/include/dds/ddsrt/rusage.h:33[m[K,
[12.870s]                  from [01m[K/opt/ros/foxy/include/dds/ddsi/q_log.h:19[m[K,
[12.870s]                  from [01m[K/opt/ros/foxy/include/dds/ddsi/ddsi_xqos.h:20[m[K,
[12.870s]                  from [01m[K/usr/local/include/dds/ddsi/ddsi_sertype.h:18[m[K,
[12.870s]                  from [01m[K/usr/local/include/ddscxx/dds/topic/detail/TTopicImpl.hpp:155[m[K,
[12.870s]                  from [01m[K/usr/local/include/ddscxx/dds/topic/detail/BuiltinTopic.hpp:23[m[K,
[12.871s]                  from [01m[K/usr/local/include/ddscxx/dds/topic/BuiltinTopic.hpp:22[m[K,
[12.871s]                  from [01m[K/usr/local/include/ddscxx/org/eclipse/cyclonedds/sub/AnyDataReaderDelegate.hpp:36[m[K,
[12.871s]                  from [01m[K/usr/local/include/ddscxx/dds/topic/detail/ContentFilteredTopic.hpp:31[m[K,
[12.871s]                  from [01m[K/usr/local/include/ddscxx/dds/topic/ContentFilteredTopic.hpp:22[m[K,
[12.871s]                  from [01m[K/usr/local/include/ddscxx/dds/topic/ddstopic.hpp:25[m[K,
[12.871s]                  from [01m[K/usr/local/include/ddscxx/dds/dds.hpp:35[m[K,
[12.871s]                  from [01m[K/usr/local/include/unitree/common/dds/dds_entity.hpp:4[m[K,
[12.871s]                  from [01m[K/usr/local/include/unitree/common/dds/dds_topic_channel.hpp:4[m[K,
[12.871s]                  from [01m[K/usr/local/include/unitree/common/dds/dds_factory_model.hpp:5[m[K,
[12.872s]                  from [01m[K/usr/local/include/unitree/robot/channel/channel_factory.hpp:4[m[K,
[12.872s]                  from [01m[K/usr/local/include/unitree/robot/channel/channel_publisher.hpp:4[m[K,
[12.872s]                  from [01m[K/home/unitree/106a_final/src/arm_driver/src/servo_driver.cpp:8[m[K:
[12.872s] [01m[K/opt/ros/foxy/include/dds/ddsrt/threads.h:78:3:[m[K [01;31m[Kerror: [m[Kâ€˜[01m[KDDSRT_SCHED_REALTIME[m[Kâ€™ conflicts with a previous declaration
[12.872s]    78 |   [01;31m[KDDSRT_SCHED_REALTIME[m[K,
[12.872s]       |   [01;31m[K^~~~~~~~~~~~~~~~~~~~[m[K
[12.872s] In file included from [01m[K/usr/local/include/dds/ddsi/ddsi_config.h:19[m[K,
[12.872s]                  from [01m[K/usr/local/include/ddscxx/dds/domain/TDomainParticipant.hpp:24[m[K,
[12.873s]                  from [01m[K/usr/local/include/ddscxx/dds/domain/detail/TDomainParticipantImpl.hpp:22[m[K,
[12.873s]                  from [01m[K/usr/local/include/ddscxx/dds/domain/detail/DomainParticipant.hpp:22[m[K,
[12.873s]                  from [01m[K/usr/local/include/ddscxx/dds/domain/DomainParticipant.hpp:22[m[K,
[12.873s]                  from [01m[K/usr/local/include/ddscxx/dds/domain/find.hpp:22[m[K,
[12.873s]                  from [01m[K/usr/local/include/ddscxx/dds/domain/ddsdomain.hpp:21[m[K,
[12.873s]                  from [01m[K/usr/local/include/ddscxx/dds/dds.hpp:34[m[K,
[12.873s]                  from [01m[K/usr/local/include/unitree/common/dds/dds_entity.hpp:4[m[K,
[12.874s]                  from [01m[K/usr/local/include/unitree/common/dds/dds_topic_channel.hpp:4[m[K,
[12.874s]                  from [01m[K/usr/local/include/unitree/common/dds/dds_factory_model.hpp:5[m[K,
[12.874s]                  from [01m[K/usr/local/include/unitree/robot/channel/channel_factory.hpp:4[m[K,
[12.874s]                  from [01m[K/usr/local/include/unitree/robot/channel/channel_publisher.hpp:4[m[K,
[12.874s]                  from [01m[K/home/unitree/106a_final/src/arm_driver/src/servo_driver.cpp:8[m[K:
[12.874s] [01m[K/usr/local/include/dds/ddsrt/sched.h:35:3:[m[K [01;36m[Knote: [m[Kprevious declaration â€˜[01m[Kddsrt_sched_t DDSRT_SCHED_REALTIME[m[Kâ€™
[12.874s]    35 |   [01;36m[KDDSRT_SCHED_REALTIME[m[K,
[12.874s]       |   [01;36m[K^~~~~~~~~~~~~~~~~~~~[m[K
[12.874s] In file included from [01m[K/opt/ros/foxy/include/dds/ddsrt/rusage.h:33[m[K,
[12.875s]                  from [01m[K/opt/ros/foxy/include/dds/ddsi/q_log.h:19[m[K,
[12.875s]                  from [01m[K/opt/ros/foxy/include/dds/ddsi/ddsi_xqos.h:20[m[K,
[12.875s]                  from [01m[K/usr/local/include/dds/ddsi/ddsi_sertype.h:18[m[K,
[12.875s]                  from [01m[K/usr/local/include/ddscxx/dds/topic/detail/TTopicImpl.hpp:155[m[K,
[12.875s]                  from [01m[K/usr/local/include/ddscxx/dds/topic/detail/BuiltinTopic.hpp:23[m[K,
[12.875s]                  from [01m[K/usr/local/include/ddscxx/dds/topic/BuiltinTopic.hpp:22[m[K,
[12.875s]                  from [01m[K/usr/local/include/ddscxx/org/eclipse/cyclonedds/sub/AnyDataReaderDelegate.hpp:36[m[K,
[12.875s]                  from [01m[K/usr/local/include/ddscxx/dds/topic/detail/ContentFilteredTopic.hpp:31[m[K,
[12.876s]                  from [01m[K/usr/local/include/ddscxx/dds/topic/ContentFilteredTopic.hpp:22[m[K,
[12.876s]                  from [01m[K/usr/local/include/ddscxx/dds/topic/ddstopic.hpp:25[m[K,
[12.876s]                  from [01m[K/usr/local/include/ddscxx/dds/dds.hpp:35[m[K,
[12.876s]                  from [01m[K/usr/local/include/unitree/common/dds/dds_entity.hpp:4[m[K,
[12.876s]                  from [01m[K/usr/local/include/unitree/common/dds/dds_topic_channel.hpp:4[m[K,
[12.876s]                  from [01m[K/usr/local/include/unitree/common/dds/dds_factory_model.hpp:5[m[K,
[12.876s]                  from [01m[K/usr/local/include/unitree/robot/channel/channel_factory.hpp:4[m[K,
[12.876s]                  from [01m[K/usr/local/include/unitree/robot/channel/channel_publisher.hpp:4[m[K,
[12.877s]                  from [01m[K/home/unitree/106a_final/src/arm_driver/src/servo_driver.cpp:8[m[K:
[12.877s] [01m[K/opt/ros/foxy/include/dds/ddsrt/threads.h:84:3:[m[K [01;31m[Kerror: [m[Kâ€˜[01m[KDDSRT_SCHED_TIMESHARE[m[Kâ€™ conflicts with a previous declaration
[12.877s]    84 |   [01;31m[KDDSRT_SCHED_TIMESHARE[m[K
[12.877s]       |   [01;31m[K^~~~~~~~~~~~~~~~~~~~~[m[K
[12.877s] In file included from [01m[K/usr/local/include/dds/ddsi/ddsi_config.h:19[m[K,
[12.877s]                  from [01m[K/usr/local/include/ddscxx/dds/domain/TDomainParticipant.hpp:24[m[K,
[12.877s]                  from [01m[K/usr/local/include/ddscxx/dds/domain/detail/TDomainParticipantImpl.hpp:22[m[K,
[12.877s]                  from [01m[K/usr/local/include/ddscxx/dds/domain/detail/DomainParticipant.hpp:22[m[K,
[12.877s]                  from [01m[K/usr/local/include/ddscxx/dds/domain/DomainParticipant.hpp:22[m[K,
[12.884s]                  from [01m[K/usr/local/include/ddscxx/dds/domain/find.hpp:22[m[K,
[12.894s]                  from [01m[K/usr/local/include/ddscxx/dds/domain/ddsdomain.hpp:21[m[K,
[12.894s]                  from [01m[K/usr/local/include/ddscxx/dds/dds.hpp:34[m[K,
[12.894s]                  from [01m[K/usr/local/include/unitree/common/dds/dds_entity.hpp:4[m[K,
[12.894s]                  from [01m[K/usr/local/include/unitree/common/dds/dds_topic_channel.hpp:4[m[K,
[12.895s]                  from [01m[K/usr/local/include/unitree/common/dds/dds_factory_model.hpp:5[m[K,
[12.895s]                  from [01m[K/usr/local/include/unitree/robot/channel/channel_factory.hpp:4[m[K,
[12.896s]                  from [01m[K/usr/local/include/unitree/robot/channel/channel_publisher.hpp:4[m[K,
[12.896s]                  from [01m[K/home/unitree/106a_final/src/arm_driver/src/servo_driver.cpp:8[m[K:
[12.896s] [01m[K/usr/local/include/dds/ddsrt/sched.h:41:3:[m[K [01;36m[Knote: [m[Kprevious declaration â€˜[01m[Kddsrt_sched_t DDSRT_SCHED_TIMESHARE[m[Kâ€™
[12.896s]    41 |   [01;36m[KDDSRT_SCHED_TIMESHARE[m[K
[12.896s]       |   [01;36m[K^~~~~~~~~~~~~~~~~~~~~[m[K
[12.896s] In file included from [01m[K/opt/ros/foxy/include/dds/ddsrt/rusage.h:33[m[K,
[12.896s]                  from [01m[K/opt/ros/foxy/include/dds/ddsi/q_log.h:19[m[K,
[12.897s]                  from [01m[K/opt/ros/foxy/include/dds/ddsi/ddsi_xqos.h:20[m[K,
[12.897s]                  from [01m[K/usr/local/include/dds/ddsi/ddsi_sertype.h:18[m[K,
[12.897s]                  from [01m[K/usr/local/include/ddscxx/dds/topic/detail/TTopicImpl.hpp:155[m[K,
[12.897s]                  from [01m[K/usr/local/include/ddscxx/dds/topic/detail/BuiltinTopic.hpp:23[m[K,
[12.897s]                  from [01m[K/usr/local/include/ddscxx/dds/topic/BuiltinTopic.hpp:22[m[K,
[12.897s]                  from [01m[K/usr/local/include/ddscxx/org/eclipse/cyclonedds/sub/AnyDataReaderDelegate.hpp:36[m[K,
[12.897s]                  from [01m[K/usr/local/include/ddscxx/dds/topic/detail/ContentFilteredTopic.hpp:31[m[K,
[12.898s]                  from [01m[K/usr/local/include/ddscxx/dds/topic/ContentFilteredTopic.hpp:22[m[K,
[12.898s]                  from [01m[K/usr/local/include/ddscxx/dds/topic/ddstopic.hpp:25[m[K,
[12.898s]                  from [01m[K/usr/local/include/ddscxx/dds/dds.hpp:35[m[K,
[12.898s]                  from [01m[K/usr/local/include/unitree/common/dds/dds_entity.hpp:4[m[K,
[12.898s]                  from [01m[K/usr/local/include/unitree/common/dds/dds_topic_channel.hpp:4[m[K,
[12.898s]                  from [01m[K/usr/local/include/unitree/common/dds/dds_factory_model.hpp:5[m[K,
[12.898s]                  from [01m[K/usr/local/include/unitree/robot/channel/channel_factory.hpp:4[m[K,
[12.898s]                  from [01m[K/usr/local/include/unitree/robot/channel/channel_publisher.hpp:4[m[K,
[12.899s]                  from [01m[K/home/unitree/106a_final/src/arm_driver/src/servo_driver.cpp:8[m[K:
[12.899s] [01m[K/opt/ros/foxy/include/dds/ddsrt/threads.h:85:3:[m[K [01;31m[Kerror: [m[Kconflicting declaration â€˜[01m[Ktypedef enum ddsrt_sched_t ddsrt_sched_t[m[Kâ€™
[12.899s]    85 | } [01;31m[Kddsrt_sched_t[m[K;
[12.899s]       |   [01;31m[K^~~~~~~~~~~~~[m[K
[12.899s] In file included from [01m[K/usr/local/include/dds/ddsi/ddsi_config.h:19[m[K,
[12.899s]                  from [01m[K/usr/local/include/ddscxx/dds/domain/TDomainParticipant.hpp:24[m[K,
[12.899s]                  from [01m[K/usr/local/include/ddscxx/dds/domain/detail/TDomainParticipantImpl.hpp:22[m[K,
[12.900s]                  from [01m[K/usr/local/include/ddscxx/dds/domain/detail/DomainParticipant.hpp:22[m[K,
[12.900s]                  from [01m[K/usr/local/include/ddscxx/dds/domain/DomainParticipant.hpp:22[m[K,
[12.900s]                  from [01m[K/usr/local/include/ddscxx/dds/domain/find.hpp:22[m[K,
[12.900s]                  from [01m[K/usr/local/include/ddscxx/dds/domain/ddsdomain.hpp:21[m[K,
[12.900s]                  from [01m[K/usr/local/include/ddscxx/dds/dds.hpp:34[m[K,
[12.900s]                  from [01m[K/usr/local/include/unitree/common/dds/dds_entity.hpp:4[m[K,
[12.900s]                  from [01m[K/usr/local/include/unitree/common/dds/dds_topic_channel.hpp:4[m[K,
[12.900s]                  from [01m[K/usr/local/include/unitree/common/dds/dds_factory_model.hpp:5[m[K,
[12.901s]                  from [01m[K/usr/local/include/unitree/robot/channel/channel_factory.hpp:4[m[K,
[12.901s]                  from [01m[K/usr/local/include/unitree/robot/channel/channel_publisher.hpp:4[m[K,
[12.901s]                  from [01m[K/home/unitree/106a_final/src/arm_driver/src/servo_driver.cpp:8[m[K:
[12.901s] [01m[K/usr/local/include/dds/ddsrt/sched.h:42:3:[m[K [01;36m[Knote: [m[Kprevious declaration as â€˜[01m[Ktypedef enum ddsrt_sched_t ddsrt_sched_t[m[Kâ€™
[12.901s]    42 | } [01;36m[Kddsrt_sched_t[m[K;
[12.901s]       |   [01;36m[K^~~~~~~~~~~~~[m[K
[12.901s] In file included from [01m[K/usr/local/include/ddscxx/dds/topic/detail/TTopicImpl.hpp:155[m[K,
[12.901s]                  from [01m[K/usr/local/include/ddscxx/dds/topic/detail/BuiltinTopic.hpp:23[m[K,
[12.919s]                  from [01m[K/usr/local/include/ddscxx/dds/topic/BuiltinTopic.hpp:22[m[K,
[12.941s]                  from [01m[K/usr/local/include/ddscxx/org/eclipse/cyclonedds/sub/AnyDataReaderDelegate.hpp:36[m[K,
[12.942s]                  from [01m[K/usr/local/include/ddscxx/dds/topic/detail/ContentFilteredTopic.hpp:31[m[K,
[12.942s]                  from [01m[K/usr/local/include/ddscxx/dds/topic/ContentFilteredTopic.hpp:22[m[K,
[12.942s]                  from [01m[K/usr/local/include/ddscxx/dds/topic/ddstopic.hpp:25[m[K,
[12.942s]                  from [01m[K/usr/local/include/ddscxx/dds/dds.hpp:35[m[K,
[12.942s]                  from [01m[K/usr/local/include/unitree/common/dds/dds_entity.hpp:4[m[K,
[12.943s]                  from [01m[K/usr/local/include/unitree/common/dds/dds_topic_channel.hpp:4[m[K,
[12.943s]                  from [01m[K/usr/local/include/unitree/common/dds/dds_factory_model.hpp:5[m[K,
[12.943s]                  from [01m[K/usr/local/include/unitree/robot/channel/channel_factory.hpp:4[m[K,
[12.943s]                  from [01m[K/usr/local/include/unitree/robot/channel/channel_publisher.hpp:4[m[K,
[12.943s]                  from [01m[K/home/unitree/106a_final/src/arm_driver/src/servo_driver.cpp:8[m[K:
[12.943s] [01m[K/usr/local/include/dds/ddsi/ddsi_sertype.h:138:93:[m[K [01;31m[Kerror: [m[Kâ€˜[01m[Kdds_data_representation_id_t[m[Kâ€™ has not been declared
[12.944s]   138 | f struct ddsi_sertype * (*ddsi_sertype_derive_t) (const struct ddsi_sertype *sertype, [01;31m[Kdds_data_representation_id_t[m[K data_representation, dds_type_consistency_enforcement_qospolicy_t tce_qos);
[12.944s]       |                                                                                       [01;31m[K^~~~~~~~~~~~~~~~~~~~~~~~~~~~[m[K
[12.944s] 
[12.944s] [01m[K/usr/local/include/dds/ddsi/ddsi_sertype.h:138:143:[m[K [01;31m[Kerror: [m[Kâ€˜[01m[Kdds_type_consistency_enforcement_qospolicy_t[m[Kâ€™ has not been declared
[12.944s]   138 | const struct ddsi_sertype *sertype, dds_data_representation_id_t data_representation, [01;31m[Kdds_type_consistency_enforcement_qospolicy_t[m[K tce_qos);
[12.944s]       |                                                                                       [01;31m[K^~~~~~~~~~~~~~~~~~~~~~~~~~~~~~~~~~~~~~~~~~~~[m[K
[12.945s] 
[12.945s] [01m[K/usr/local/include/dds/ddsi/ddsi_sertype.h:202:1:[m[K [01;31m[Kerror: [m[Kâ€˜[01m[KDDS_INLINE_EXPORT[m[Kâ€™ does not name a type; did you mean â€˜[01m[KDDS_NO_EXPORT[m[Kâ€™?
[12.945s]   202 | [01;31m[KDDS_INLINE_EXPORT[m[K inline void ddsi_sertype_free (struct ddsi_sertype *tp) {
[12.945s]       | [01;31m[K^~~~~~~~~~~~~~~~~[m[K
[12.945s]       | [32m[KDDS_NO_EXPORT[m[K
[12.945s] [01m[K/usr/local/include/dds/ddsi/ddsi_sertype.h:205:1:[m[K [01;31m[Kerror: [m[Kâ€˜[01m[KDDS_INLINE_EXPORT[m[Kâ€™ does not name a type; did you mean â€˜[01m[KDDS_NO_EXPORT[m[Kâ€™?
[12.945s]   205 | [01;31m[KDDS_INLINE_EXPORT[m[K inline void ddsi_sertype_zero_samples (const struct ddsi_sertype *tp, void *samples, size_t count) {
[12.945s]       | [01;31m[K^~~~~~~~~~~~~~~~~[m[K
[12.946s]       | [32m[KDDS_NO_EXPORT[m[K
[12.946s] [01m[K/usr/local/include/dds/ddsi/ddsi_sertype.h:208:1:[m[K [01;31m[Kerror: [m[Kâ€˜[01m[KDDS_INLINE_EXPORT[m[Kâ€™ does not name a type; did you mean â€˜[01m[KDDS_NO_EXPORT[m[Kâ€™?
[12.946s]   208 | [01;31m[KDDS_INLINE_EXPORT[m[K inline void ddsi_sertype_realloc_samples (void **ptrs, const struct ddsi_sertype *tp, void *old, size_t oldcount, size_t count)
[12.946s]       | [01;31m[K^~~~~~~~~~~~~~~~~[m[K
[12.946s]       | [32m[KDDS_NO_EXPORT[m[K
[12.946s] [01m[K/usr/local/include/dds/ddsi/ddsi_sertype.h:212:1:[m[K [01;31m[Kerror: [m[Kâ€˜[01m[KDDS_INLINE_EXPORT[m[Kâ€™ does not name a type; did you mean â€˜[01m[KDDS_NO_EXPORT[m[Kâ€™?
[12.946s]   212 | [01;31m[KDDS_INLINE_EXPORT[m[K inline void ddsi_sertype_free_samples (const struct ddsi_sertype *tp, void **ptrs, size_t count, dds_free_op_t op) {
[12.946s]       | [01;31m[K^~~~~~~~~~~~~~~~~[m[K
[12.947s]       | [32m[KDDS_NO_EXPORT[m[K
[12.947s] [01m[K/usr/local/include/dds/ddsi/ddsi_sertype.h:215:1:[m[K [01;31m[Kerror: [m[Kâ€˜[01m[KDDS_INLINE_EXPORT[m[Kâ€™ does not name a type; did you mean â€˜[01m[KDDS_NO_EXPORT[m[Kâ€™?
[12.947s]   215 | [01;31m[KDDS_INLINE_EXPORT[m[K inline void ddsi_sertype_zero_sample (const struct ddsi_sertype *tp, void *sample) {
[12.947s]       | [01;31m[K^~~~~~~~~~~~~~~~~[m[K
[12.947s]       | [32m[KDDS_NO_EXPORT[m[K
[12.947s] [01m[K/usr/local/include/dds/ddsi/ddsi_sertype.h:218:1:[m[K [01;31m[Kerror: [m[Kâ€˜[01m[KDDS_INLINE_EXPORT[m[Kâ€™ does not name a type; did you mean â€˜[01m[KDDS_NO_EXPORT[m[Kâ€™?
[12.947s]   218 | [01;31m[KDDS_INLINE_EXPORT[m[K inline void *ddsi_sertype_alloc_sample (const struct ddsi_sertype *tp) {
[12.948s]       | [01;31m[K^~~~~~~~~~~~~~~~~[m[K
[12.948s]       | [32m[KDDS_NO_EXPORT[m[K
[12.960s] [01m[K/usr/local/include/dds/ddsi/ddsi_sertype.h:223:1:[m[K [01;31m[Kerror: [m[Kâ€˜[01m[KDDS_INLINE_EXPORT[m[Kâ€™ does not name a type; did you mean â€˜[01m[KDDS_NO_EXPORT[m[Kâ€™?
[12.961s]   223 | [01;31m[KDDS_INLINE_EXPORT[m[K inline void ddsi_sertype_free_sample (const struct ddsi_sertype *tp, void *sample, dds_free_op_t op) {
[12.970s]       | [01;31m[K^~~~~~~~~~~~~~~~~[m[K
[12.970s]       | [32m[KDDS_NO_EXPORT[m[K
[12.970s] [01m[K/usr/local/include/dds/ddsi/ddsi_sertype.h:226:1:[m[K [01;31m[Kerror: [m[Kâ€˜[01m[KDDS_INLINE_EXPORT[m[Kâ€™ does not name a type; did you mean â€˜[01m[KDDS_NO_EXPORT[m[Kâ€™?
[12.970s]   226 | [01;31m[KDDS_INLINE_EXPORT[m[K inline ddsi_typeid_t * ddsi_sertype_typeid (const struct ddsi_sertype *tp, ddsi_typeid_kind_t kind)
[12.971s]       | [01;31m[K^~~~~~~~~~~~~~~~~[m[K
[12.971s]       | [32m[KDDS_NO_EXPORT[m[K
[12.980s] [01m[K/usr/local/include/dds/ddsi/ddsi_sertype.h:232:1:[m[K [01;31m[Kerror: [m[Kâ€˜[01m[KDDS_INLINE_EXPORT[m[Kâ€™ does not name a type; did you mean â€˜[01m[KDDS_NO_EXPORT[m[Kâ€™?
[12.980s]   232 | [01;31m[KDDS_INLINE_EXPORT[m[K inline ddsi_typemap_t * ddsi_sertype_typemap (const struct ddsi_sertype *tp)
[12.980s]       | [01;31m[K^~~~~~~~~~~~~~~~~[m[K
[12.981s]       | [32m[KDDS_NO_EXPORT[m[K
[12.988s] [01m[K/usr/local/include/dds/ddsi/ddsi_sertype.h:238:1:[m[K [01;31m[Kerror: [m[Kâ€˜[01m[KDDS_INLINE_EXPORT[m[Kâ€™ does not name a type; did you mean â€˜[01m[KDDS_NO_EXPORT[m[Kâ€™?
[12.988s]   238 | [01;31m[KDDS_INLINE_EXPORT[m[K inline ddsi_typeinfo_t *ddsi_sertype_typeinfo (const struct ddsi_sertype *tp)
[12.988s]       | [01;31m[K^~~~~~~~~~~~~~~~~[m[K
[12.989s]       | [32m[KDDS_NO_EXPORT[m[K
[12.996s] [01m[K/usr/local/include/dds/ddsi/ddsi_sertype.h:244:1:[m[K [01;31m[Kerror: [m[Kâ€˜[01m[KDDS_INLINE_EXPORT[m[Kâ€™ does not name a type; did you mean â€˜[01m[KDDS_NO_EXPORT[m[Kâ€™?
[12.996s]   244 | [01;31m[KDDS_INLINE_EXPORT[m[K inline struct ddsi_sertype * ddsi_sertype_derive_sertype (const struct ddsi_sertype *base_sertype, dds_data_representation_id_t data_representation, dds_type_consistency_enforcement_qospolicy_t tce_qos) {
[12.996s]       | [01;31m[K^~~~~~~~~~~~~~~~~[m[K
[12.997s]       | [32m[KDDS_NO_EXPORT[m[K
[13.006s] [01m[K/usr/local/include/dds/ddsi/ddsi_sertype.h:250:1:[m[K [01;31m[Kerror: [m[Kâ€˜[01m[KDDS_INLINE_EXPORT[m[Kâ€™ does not name a type; did you mean â€˜[01m[KDDS_NO_EXPORT[m[Kâ€™?
[13.006s]   250 | [01;31m[KDDS_INLINE_EXPORT[m[K inline size_t
[13.006s]       | [01;31m[K^~~~~~~~~~~~~~~~~[m[K
[13.006s]       | [32m[KDDS_NO_EXPORT[m[K
[13.017s] [01m[K/usr/local/include/dds/ddsi/ddsi_sertype.h:256:1:[m[K [01;31m[Kerror: [m[Kâ€˜[01m[KDDS_INLINE_EXPORT[m[Kâ€™ does not name a type; did you mean â€˜[01m[KDDS_NO_EXPORT[m[Kâ€™?
[13.017s]   256 | [01;31m[KDDS_INLINE_EXPORT[m[K inline bool
[13.017s]       | [01;31m[K^~~~~~~~~~~~~~~~~[m[K
[13.017s]       | [32m[KDDS_NO_EXPORT[m[K
[13.028s] In file included from [01m[K/usr/local/include/ddscxx/dds/topic/detail/BuiltinTopic.hpp:23[m[K,
[13.029s]                  from [01m[K/usr/local/include/ddscxx/dds/topic/BuiltinTopic.hpp:22[m[K,
[13.029s]                  from [01m[K/usr/local/include/ddscxx/org/eclipse/cyclonedds/sub/AnyDataReaderDelegate.hpp:36[m[K,
[13.029s]                  from [01m[K/usr/local/include/ddscxx/dds/topic/detail/ContentFilteredTopic.hpp:31[m[K,
[13.029s]                  from [01m[K/usr/local/include/ddscxx/dds/topic/ContentFilteredTopic.hpp:22[m[K,
[13.029s]                  from [01m[K/usr/local/include/ddscxx/dds/topic/ddstopic.hpp:25[m[K,
[13.029s]                  from [01m[K/usr/local/include/ddscxx/dds/dds.hpp:35[m[K,
[13.029s]                  from [01m[K/usr/local/include/unitree/common/dds/dds_entity.hpp:4[m[K,
[13.030s]                  from [01m[K/usr/local/include/unitree/common/dds/dds_topic_channel.hpp:4[m[K,
[13.030s]                  from [01m[K/usr/local/include/unitree/common/dds/dds_factory_model.hpp:5[m[K,
[13.030s]                  from [01m[K/usr/local/include/unitree/robot/channel/channel_factory.hpp:4[m[K,
[13.030s]                  from [01m[K/usr/local/include/unitree/robot/channel/channel_publisher.hpp:4[m[K,
[13.030s]                  from [01m[K/home/unitree/106a_final/src/arm_driver/src/servo_driver.cpp:8[m[K:
[13.030s] [01m[K/usr/local/include/ddscxx/dds/topic/detail/TTopicImpl.hpp:[m[K In constructor â€˜[01m[Kdds::topic::detail::Topic<T>::Topic(const DomainParticipant&, const string&, const string&, const TopicQos&, dds::topic::TopicListener<T>*, const dds::core::status::StatusMask&)[m[Kâ€™:
[13.030s] [01m[K/usr/local/include/ddscxx/dds/topic/detail/TTopicImpl.hpp:176:5:[m[K [01;31m[Kerror: [m[Kâ€˜[01m[Kser_type_[m[Kâ€™ was not declared in this scope; did you mean â€˜[01m[Kref_type[m[Kâ€™?
[13.030s]   176 |     [01;31m[Kser_type_[m[K = org::eclipse::cyclonedds::topic::TopicTraits<T>::getSerType();
[13.030s]       |     [01;31m[K^~~~~~~~~[m[K
[13.031s]       |     [32m[Kref_type[m[K
[13.031s] [01m[K/usr/local/include/ddscxx/dds/topic/detail/TTopicImpl.hpp:178:31:[m[K [01;31m[Kerror: [m[Kthere are no arguments to â€˜[01m[Kdds_create_topic_sertype[m[Kâ€™ that depend on a template parameter, so a declaration of â€˜[01m[Kdds_create_topic_sertype[m[Kâ€™ must be available [[01;31m[K-fpermissive[m[K]
[13.031s]   178 |     dds_entity_t ddsc_topic = [01;31m[Kdds_create_topic_sertype[m[K(
[13.031s]       |                               [01;31m[K^~~~~~~~~~~~~~~~~~~~~~~~[m[K
[13.048s] [01m[K/usr/local/include/ddscxx/dds/topic/detail/TTopicImpl.hpp:[m[K In static member function â€˜[01m[Kstatic dds::topic::Topic<T, dds::topic::detail::Topic> dds::topic::detail::Topic<T>::discover_topic(const DomainParticipant&, const string&, const dds::core::Duration&)[m[Kâ€™:
[13.048s] [01m[K/usr/local/include/ddscxx/dds/topic/detail/TTopicImpl.hpp:311:21:[m[K [01;31m[Kerror: [m[Kâ€˜[01m[Kdds_typeinfo_t[m[Kâ€™ was not declared in this scope; did you mean â€˜[01m[Kddsi_typeinfo_t[m[Kâ€™?
[13.049s]   311 |     std::unique_ptr<[01;31m[Kdds_typeinfo_t[m[K, std::function<void(dds_typeinfo_t *)> >
[13.049s]       |                     [01;31m[K^~~~~~~~~~~~~~[m[K
[13.049s]       |                     [32m[Kddsi_typeinfo_t[m[K
[13.050s] [01m[K/usr/local/include/ddscxx/dds/topic/detail/TTopicImpl.hpp:311:73:[m[K [01;31m[Kerror: [m[Ktemplate argument 1 is invalid
[13.050s]   311 |     std::unique_ptr<dds_typeinfo_t, std::function<void(dds_typeinfo_t *)[01;31m[K>[m[K >
[13.050s]       |                                                                         [01;31m[K^[m[K
[13.050s] [01m[K/usr/local/include/ddscxx/dds/topic/detail/TTopicImpl.hpp:311:75:[m[K [01;31m[Kerror: [m[Ktemplate argument 1 is invalid
[13.050s]   311 |     std::unique_ptr<dds_typeinfo_t, std::function<void(dds_typeinfo_t *)> [01;31m[K>[m[K
[13.051s]       |                                                                           [01;31m[K^[m[K
[13.051s] [01m[K/usr/local/include/ddscxx/dds/topic/detail/TTopicImpl.hpp:311:75:[m[K [01;31m[Kerror: [m[Ktemplate argument 2 is invalid
[13.051s] [01m[K/usr/local/include/ddscxx/dds/topic/detail/TTopicImpl.hpp:313:20:[m[K [01;31m[Kerror: [m[Kâ€˜[01m[Kdds_typeinfo_t[m[Kâ€™ is not a type
[13.051s]   313 |                 []([01;31m[Kdds_typeinfo_t[m[K *ti) { static_cast<void>(dds_free_typeinfo(ti)); });
[13.051s]       |                    [01;31m[K^~~~~~~~~~~~~~[m[K
[13.052s] [01m[K/usr/local/include/ddscxx/dds/topic/detail/TTopicImpl.hpp:[m[K In lambda function:
[13.052s] [01m[K/usr/local/include/ddscxx/dds/topic/detail/TTopicImpl.hpp:313:60:[m[K [01;31m[Kerror: [m[Kthere are no arguments to â€˜[01m[Kdds_free_typeinfo[m[Kâ€™ that depend on a template parameter, so a declaration of â€˜[01m[Kdds_free_typeinfo[m[Kâ€™ must be available [[01;31m[K-fpermissive[m[K]
[13.052s]   313 |                 [](dds_typeinfo_t *ti) { static_cast<void>([01;31m[Kdds_free_typeinfo[m[K(ti)); });
[13.052s]       |                                                            [01;31m[K^~~~~~~~~~~~~~~~~[m[K
[13.052s] [01m[K/usr/local/include/ddscxx/dds/topic/detail/TTopicImpl.hpp:[m[K In static member function â€˜[01m[Kstatic dds::topic::Topic<T, dds::topic::detail::Topic> dds::topic::detail::Topic<T>::discover_topic(const DomainParticipant&, const string&, const dds::core::Duration&)[m[Kâ€™:
[13.052s] [01m[K/usr/local/include/ddscxx/dds/topic/detail/TTopicImpl.hpp:313:85:[m[K [01;31m[Kerror: [m[Kexpression list treated as compound expression in initializer [[01;31m[K-fpermissive[m[K]
[13.052s]   313 |                 [](dds_typeinfo_t *ti) { static_cast<void>(dds_free_typeinfo(ti)); }[01;31m[K)[m[K;
[13.052s]       |                                                                                     [01;31m[K^[m[K
[13.053s] [01m[K/usr/local/include/ddscxx/dds/topic/detail/TTopicImpl.hpp:314:75:[m[K [01;31m[Kerror: [m[Krequest for member â€˜[01m[Kget[m[Kâ€™ in â€˜[01m[Ktype_info[m[Kâ€™, which is of non-class type â€˜[01m[Kint[m[Kâ€™
[13.053s]   314 |     dds_entity_t ddsc_topic = dp.delegate()->lookup_topic(name, type_info.[01;31m[Kget[m[K(), timeout);
[13.053s]       |                                                                           [01;31m[K^~~[m[K
[13.128s] In file included from [01m[K/usr/local/include/ddscxx/dds/topic/ContentFilteredTopic.hpp:22[m[K,
[13.128s]                  from [01m[K/usr/local/include/ddscxx/dds/topic/ddstopic.hpp:25[m[K,
[13.128s]                  from [01m[K/usr/local/include/ddscxx/dds/dds.hpp:35[m[K,
[13.129s]                  from [01m[K/usr/local/include/unitree/common/dds/dds_entity.hpp:4[m[K,
[13.129s]                  from [01m[K/usr/local/include/unitree/common/dds/dds_topic_channel.hpp:4[m[K,
[13.129s]                  from [01m[K/usr/local/include/unitree/common/dds/dds_factory_model.hpp:5[m[K,
[13.129s]                  from [01m[K/usr/local/include/unitree/robot/channel/channel_factory.hpp:4[m[K,
[13.129s]                  from [01m[K/usr/local/include/unitree/robot/channel/channel_publisher.hpp:4[m[K,
[13.129s]                  from [01m[K/home/unitree/106a_final/src/arm_driver/src/servo_driver.cpp:8[m[K:
[13.129s] [01m[K/usr/local/include/ddscxx/dds/topic/detail/ContentFilteredTopic.hpp:[m[K At global scope:
[13.130s] [01m[K/usr/local/include/ddscxx/dds/topic/detail/ContentFilteredTopic.hpp:439:52:[m[K [01;31m[Kerror: [m[Kâ€˜[01m[Kdds_topic_filter[m[Kâ€™ has not been declared
[13.130s]   439 |     void filter_function_internal(Functor && func, [01;31m[Kdds_topic_filter[m[K * flt)
[13.130s]       |                                                    [01;31m[K^~~~~~~~~~~~~~~~[m[K
[13.150s] [01m[K/usr/local/include/ddscxx/dds/topic/detail/ContentFilteredTopic.hpp:[m[K In member function â€˜[01m[Kvoid dds::topic::detail::ContentFilteredTopic<T>::filter_function(Functor&&)[m[Kâ€™:
[13.150s] [01m[K/usr/local/include/ddscxx/dds/topic/detail/ContentFilteredTopic.hpp:413:9:[m[K [01;31m[Kerror: [m[Kâ€˜[01m[Kdds_topic_filter[m[Kâ€™ was not declared in this scope; did you mean â€˜[01m[Kdds_topic_filter_fn[m[Kâ€™?
[13.150s]   413 |         [01;31m[Kdds_topic_filter[m[K flt;
[13.151s]       |         [01;31m[K^~~~~~~~~~~~~~~~[m[K
[13.151s]       |         [32m[Kdds_topic_filter_fn[m[K
[13.160s] [01m[K/usr/local/include/ddscxx/dds/topic/detail/ContentFilteredTopic.hpp:414:9:[m[K [01;31m[Kerror: [m[Kâ€˜[01m[Kflt[m[Kâ€™ was not declared in this scope
[13.160s]   414 |         [01;31m[Kflt[m[K.mode = DDS_TOPIC_FILTER_SAMPLE_ARG;
[13.160s]       |         [01;31m[K^~~[m[K
[13.186s] [01m[K/usr/local/include/ddscxx/dds/topic/detail/ContentFilteredTopic.hpp:414:20:[m[K [01;31m[Kerror: [m[Kâ€˜[01m[KDDS_TOPIC_FILTER_SAMPLE_ARG[m[Kâ€™ was not declared in this scope; did you mean â€˜[01m[KDDS_TOPIC_FILTER_HPP_[m[Kâ€™?
[13.187s]   414 |         flt.mode = [01;31m[KDDS_TOPIC_FILTER_SAMPLE_ARG[m[K;
[13.187s]       |                    [01;31m[K^~~~~~~~~~~~~~~~~~~~~~~~~~~[m[K
[13.187s]       |                    [32m[KDDS_TOPIC_FILTER_HPP_[m[K
[13.199s] [01m[K/usr/local/include/ddscxx/dds/topic/detail/ContentFilteredTopic.hpp:[m[K In member function â€˜[01m[Kvoid dds::topic::detail::ContentFilteredTopic<T>::filter_function(Functor&&)[m[Kâ€™:
[13.199s] [01m[K/usr/local/include/ddscxx/dds/topic/detail/ContentFilteredTopic.hpp:422:9:[m[K [01;31m[Kerror: [m[Kâ€˜[01m[Kdds_topic_filter[m[Kâ€™ was not declared in this scope; did you mean â€˜[01m[Kdds_topic_filter_fn[m[Kâ€™?
[13.199s]   422 |         [01;31m[Kdds_topic_filter[m[K flt;
[13.199s]       |         [01;31m[K^~~~~~~~~~~~~~~~[m[K
[13.199s]       |         [32m[Kdds_topic_filter_fn[m[K
[13.207s] [01m[K/usr/local/include/ddscxx/dds/topic/detail/ContentFilteredTopic.hpp:423:9:[m[K [01;31m[Kerror: [m[Kâ€˜[01m[Kflt[m[Kâ€™ was not declared in this scope
[13.210s]   423 |         [01;31m[Kflt[m[K.mode = DDS_TOPIC_FILTER_SAMPLEINFO_ARG;
[13.210s]       |         [01;31m[K^~~[m[K
[13.236s] [01m[K/usr/local/include/ddscxx/dds/topic/detail/ContentFilteredTopic.hpp:423:20:[m[K [01;31m[Kerror: [m[Kâ€˜[01m[KDDS_TOPIC_FILTER_SAMPLEINFO_ARG[m[Kâ€™ was not declared in this scope
[13.236s]   423 |         flt.mode = [01;31m[KDDS_TOPIC_FILTER_SAMPLEINFO_ARG[m[K;
[13.236s]       |                    [01;31m[K^~~~~~~~~~~~~~~~~~~~~~~~~~~~~~~[m[K
[13.251s] [01m[K/usr/local/include/ddscxx/dds/topic/detail/ContentFilteredTopic.hpp:[m[K In member function â€˜[01m[Kvoid dds::topic::detail::ContentFilteredTopic<T>::filter_function(Functor&&)[m[Kâ€™:
[13.251s] [01m[K/usr/local/include/ddscxx/dds/topic/detail/ContentFilteredTopic.hpp:431:9:[m[K [01;31m[Kerror: [m[Kâ€˜[01m[Kdds_topic_filter[m[Kâ€™ was not declared in this scope; did you mean â€˜[01m[Kdds_topic_filter_fn[m[Kâ€™?
[13.252s]   431 |         [01;31m[Kdds_topic_filter[m[K flt;
[13.252s]       |         [01;31m[K^~~~~~~~~~~~~~~~[m[K
[13.252s]       |         [32m[Kdds_topic_filter_fn[m[K
[13.261s] [01m[K/usr/local/include/ddscxx/dds/topic/detail/ContentFilteredTopic.hpp:432:9:[m[K [01;31m[Kerror: [m[Kâ€˜[01m[Kflt[m[Kâ€™ was not declared in this scope
[13.261s]   432 |         [01;31m[Kflt[m[K.mode = DDS_TOPIC_FILTER_SAMPLE_SAMPLEINFO_ARG;
[13.261s]       |         [01;31m[K^~~[m[K
[13.291s] [01m[K/usr/local/include/ddscxx/dds/topic/detail/ContentFilteredTopic.hpp:432:20:[m[K [01;31m[Kerror: [m[Kâ€˜[01m[KDDS_TOPIC_FILTER_SAMPLE_SAMPLEINFO_ARG[m[Kâ€™ was not declared in this scope
[13.291s]   432 |         flt.mode = [01;31m[KDDS_TOPIC_FILTER_SAMPLE_SAMPLEINFO_ARG[m[K;
[13.291s]       |                    [01;31m[K^~~~~~~~~~~~~~~~~~~~~~~~~~~~~~~~~~~~~~[m[K
[13.292s] [01m[K/usr/local/include/ddscxx/dds/topic/detail/ContentFilteredTopic.hpp:[m[K In member function â€˜[01m[Kvoid dds::topic::detail::ContentFilteredTopic<T>::filter_function_internal(Functor&&, int*)[m[Kâ€™:
[13.292s] [01m[K/usr/local/include/ddscxx/dds/topic/detail/ContentFilteredTopic.hpp:455:14:[m[K [01;31m[Kerror: [m[Krequest for member â€˜[01m[Karg[m[Kâ€™ in â€˜[01m[Kflt->[m[Kâ€™, which is of non-class type â€˜[01m[Kint[m[Kâ€™
[13.292s]   455 |         flt->[01;31m[Karg[m[K = myFunctor;
[13.293s]       |              [01;31m[K^~~[m[K
[13.293s] [01m[K/usr/local/include/ddscxx/dds/topic/detail/ContentFilteredTopic.hpp:456:9:[m[K [01;31m[Kerror: [m[Kthere are no arguments to â€˜[01m[Kdds_set_topic_filter_extended[m[Kâ€™ that depend on a template parameter, so a declaration of â€˜[01m[Kdds_set_topic_filter_extended[m[Kâ€™ must be available [[01;31m[K-fpermissive[m[K]
[13.293s]   456 |         [01;31m[Kdds_set_topic_filter_extended[m[K(cfTopic, flt);
[13.293s]       |         [01;31m[K^~~~~~~~~~~~~~~~~~~~~~~~~~~~~[m[K
[13.451s] In file included from [01m[K/usr/local/include/ddscxx/dds/sub/detail/SampleRef.hpp:34[m[K,
[13.451s]                  from [01m[K/usr/local/include/ddscxx/dds/sub/SampleRef.hpp:22[m[K,
[13.451s]                  from [01m[K/usr/local/include/ddscxx/dds/sub/LoanedSamples.hpp:22[m[K,
[13.451s]                  from [01m[K/usr/local/include/ddscxx/dds/sub/detail/DataReader.hpp:21[m[K,
[13.452s]                  from [01m[K/usr/local/include/ddscxx/dds/sub/DataReader.hpp:21[m[K,
[13.452s]                  from [01m[K/usr/local/include/ddscxx/dds/sub/ddssub.hpp:30[m[K,
[13.452s]                  from [01m[K/usr/local/include/ddscxx/dds/dds.hpp:37[m[K,
[13.452s]                  from [01m[K/usr/local/include/unitree/common/dds/dds_entity.hpp:4[m[K,
[13.452s]                  from [01m[K/usr/local/include/unitree/common/dds/dds_topic_channel.hpp:4[m[K,
[13.452s]                  from [01m[K/usr/local/include/unitree/common/dds/dds_factory_model.hpp:5[m[K,
[13.452s]                  from [01m[K/usr/local/include/unitree/robot/channel/channel_factory.hpp:4[m[K,
[13.452s]                  from [01m[K/usr/local/include/unitree/robot/channel/channel_publisher.hpp:4[m[K,
[13.452s]                  from [01m[K/home/unitree/106a_final/src/arm_driver/src/servo_driver.cpp:8[m[K:
[13.453s] [01m[K/usr/local/include/ddscxx/org/eclipse/cyclonedds/topic/datatopic.hpp:[m[K In function â€˜[01m[Kbool read_header(const void*, org::eclipse::cyclonedds::core::cdr::encoding_version&, org::eclipse::cyclonedds::core::cdr::endianness&)[m[Kâ€™:
[13.453s] [01m[K/usr/local/include/ddscxx/org/eclipse/cyclonedds/topic/datatopic.hpp:213:54:[m[K [01;31m[Kerror: [m[Kâ€˜[01m[KDDS_DATA_REPRESENTATION_FLAG_XCDR1[m[Kâ€™ was not declared in this scope
[13.453s]   213 |           if (TopicTraits<T>::allowableEncodings() & [01;31m[KDDS_DATA_REPRESENTATION_FLAG_XCDR1[m[K)
[13.453s]       |                                                      [01;31m[K^~~~~~~~~~~~~~~~~~~~~~~~~~~~~~~~~~[m[K
[13.486s] [01m[K/usr/local/include/ddscxx/org/eclipse/cyclonedds/topic/datatopic.hpp:[m[K In member function â€˜[01m[Kvoid ddscxx_serdata<T>::populate_hash()[m[Kâ€™:
[13.487s] [01m[K/usr/local/include/ddscxx/org/eclipse/cyclonedds/topic/datatopic.hpp:766:11:[m[K [01;31m[Kerror: [m[Kâ€˜[01m[Ktype[m[Kâ€™ was not declared in this scope
[13.487s]   766 |   hash ^= [01;31m[Ktype[m[K->serdata_basehash;
[13.487s]       |           [01;31m[K^~~~[m[K
[16.157s] In file included from [01m[K/usr/local/include/ddscxx/dds/topic/detail/BuiltinTopic.hpp:23[m[K,
[16.157s]                  from [01m[K/usr/local/include/ddscxx/dds/topic/BuiltinTopic.hpp:22[m[K,
[16.157s]                  from [01m[K/usr/local/include/ddscxx/org/eclipse/cyclonedds/sub/AnyDataReaderDelegate.hpp:36[m[K,
[16.157s]                  from [01m[K/usr/local/include/ddscxx/dds/topic/detail/ContentFilteredTopic.hpp:31[m[K,
[16.158s]                  from [01m[K/usr/local/include/ddscxx/dds/topic/ContentFilteredTopic.hpp:22[m[K,
[16.158s]                  from [01m[K/usr/local/include/ddscxx/dds/topic/ddstopic.hpp:25[m[K,
[16.158s]                  from [01m[K/usr/local/include/ddscxx/dds/dds.hpp:35[m[K,
[16.158s]                  from [01m[K/usr/local/include/unitree/common/dds/dds_entity.hpp:4[m[K,
[16.158s]                  from [01m[K/usr/local/include/unitree/common/dds/dds_topic_channel.hpp:4[m[K,
[16.158s]                  from [01m[K/usr/local/include/unitree/common/dds/dds_factory_model.hpp:5[m[K,
[16.158s]                  from [01m[K/usr/local/include/unitree/robot/channel/channel_factory.hpp:4[m[K,
[16.158s]                  from [01m[K/usr/local/include/unitree/robot/channel/channel_publisher.hpp:4[m[K,
[16.158s]                  from [01m[K/home/unitree/106a_final/src/arm_driver/src/servo_driver.cpp:8[m[K:
[16.159s] /usr/local/include/ddscxx/dds/topic/detail/TTopicImpl.hpp: In instantiation of â€˜[01m[Kdds::topic::detail::Topic<T>::Topic(const DomainParticipant&, const string&, const string&, const TopicQos&, dds::topic::TopicListener<T>*, const dds::core::status::StatusMask&) [with T = unitree_arm::msg::dds_::ArmString_; dds::domain::DomainParticipant = dds::domain::TDomainParticipant<org::eclipse::cyclonedds::domain::DomainParticipantDelegate>; std::string = std::__cxx11::basic_string<char>; dds::topic::qos::TopicQos = dds::core::TEntityQos<org::eclipse::cyclonedds::topic::qos::TopicQosDelegate>][m[Kâ€™:
[16.159s] [01m[K/usr/local/include/ddscxx/dds/topic/detail/TTopicImpl.hpp:84:45:[m[K   required from â€˜[01m[Kdds::topic::Topic<T, DELEGATE>::Topic(const DomainParticipant&, const string&, const TopicQos&, dds::topic::TopicListener<T>*, const dds::core::status::StatusMask&) [with T = unitree_arm::msg::dds_::ArmString_; DELEGATE = dds::topic::detail::Topic; dds::domain::DomainParticipant = dds::domain::TDomainParticipant<org::eclipse::cyclonedds::domain::DomainParticipantDelegate>; std::string = std::__cxx11::basic_string<char>; dds::topic::qos::TopicQos = dds::core::TEntityQos<org::eclipse::cyclonedds::topic::qos::TopicQosDelegate>][m[Kâ€™
[16.159s] [01m[K/usr/local/include/unitree/common/dds/dds_entity.hpp:117:19:[m[K   required from â€˜[01m[Kunitree::common::DdsTopic<MSG>::DdsTopic(const DdsParticipantPtr&, const string&, const unitree::common::DdsTopicQos&) [with MSG = unitree_arm::msg::dds_::ArmString_; unitree::common::DdsParticipantPtr = std::shared_ptr<unitree::common::DdsParticipant>; std::string = std::__cxx11::basic_string<char>][m[Kâ€™
[16.159s] [01m[K/usr/local/include/unitree/common/dds/dds_topic_channel.hpp:39:35:[m[K   required from â€˜[01m[Kvoid unitree::common::DdsTopicChannel<MSG>::SetTopic(const DdsParticipantPtr&, const string&, const unitree::common::DdsTopicQos&) [with MSG = unitree_arm::msg::dds_::ArmString_; unitree::common::DdsParticipantPtr = std::shared_ptr<unitree::common::DdsParticipant>; std::string = std::__cxx11::basic_string<char>][m[Kâ€™
[16.159s] [01m[K/usr/local/include/unitree/common/dds/dds_factory_model.hpp:25:9:[m[K   required from â€˜[01m[Kunitree::common::DdsTopicChannelPtr<MSG> unitree::common::DdsFactoryModel::CreateTopicChannel(const string&) [with MSG = unitree_arm::msg::dds_::ArmString_; unitree::common::DdsTopicChannelPtr<MSG> = std::shared_ptr<unitree::common::DdsTopicChannel<unitree_arm::msg::dds_::ArmString_> >; std::string = std::__cxx11::basic_string<char>][m[Kâ€™
[16.159s] [01m[K/usr/local/include/unitree/robot/channel/channel_factory.hpp:34:25:[m[K   required from â€˜[01m[Kunitree::robot::ChannelPtr<MSG> unitree::robot::ChannelFactory::CreateSendChannel(const string&) [with MSG = unitree_arm::msg::dds_::ArmString_; unitree::robot::ChannelPtr<MSG> = std::shared_ptr<unitree::common::DdsTopicChannel<unitree_arm::msg::dds_::ArmString_> >; std::string = std::__cxx11::basic_string<char>][m[Kâ€™
[16.159s] [01m[K/usr/local/include/unitree/robot/channel/channel_publisher.hpp:20:21:[m[K   required from â€˜[01m[Kvoid unitree::robot::ChannelPublisher<MSG>::InitChannel() [with MSG = unitree_arm::msg::dds_::ArmString_][m[Kâ€™
[16.160s] [01m[K/home/unitree/106a_final/src/arm_driver/src/servo_driver.cpp:25:37:[m[K   required from here
[16.160s] [01m[K/usr/local/include/ddscxx/dds/topic/detail/TTopicImpl.hpp:176:76:[m[K [01;31m[Kerror: [m[Kâ€˜[01m[KgetSerType[m[Kâ€™ is not a member of â€˜[01m[Korg::eclipse::cyclonedds::topic::TopicTraits<unitree_arm::msg::dds_::ArmString_>[m[Kâ€™
[16.160s]   176 |     ser_type_ = [01;31m[Korg::eclipse::cyclonedds::topic::TopicTraits<T>::getSerType()[m[K;
[16.160s]       |                 [01;31m[K~~~~~~~~~~~~~~~~~~~~~~~~~~~~~~~~~~~~~~~~~~~~~~~~~~~~~~~~~~~^~[m[K
[16.178s] [01m[K/usr/local/include/ddscxx/dds/topic/detail/TTopicImpl.hpp:178:55:[m[K [01;31m[Kerror: [m[Kâ€˜[01m[Kdds_create_topic_sertype[m[Kâ€™ was not declared in this scope; did you mean â€˜[01m[Kdds_create_topic_generic[m[Kâ€™?
[16.178s]   178 |     dds_entity_t ddsc_topic = [01;31m[Kdds_create_topic_sertype([m[K
[16.178s]       |                               [01;31m[K~~~~~~~~~~~~~~~~~~~~~~~~^[m[K
[16.178s]   179 | [01;31m[K      ddsc_par, name.c_str(), &ser_type_, ddsc_qos, NULL, NULL)[m[K;
[16.179s]       |       [01;31m[K~~~~~~~~~~~~~~~~~~~~~~~~~~~~~~~~~~~~~~~~~~~~~~~~~~~~~~~~~[m[K
[20.465s] make[2]: *** [CMakeFiles/servo_driver.dir/build.make:63: CMakeFiles/servo_driver.dir/src/servo_driver.cpp.o] Error 1
[20.465s] make[1]: *** [CMakeFiles/Makefile2:78: CMakeFiles/servo_driver.dir/all] Error 2
[20.467s] make: *** [Makefile:141: all] Error 2
[20.472s] Invoked command in '/home/unitree/106a_final/build/arm_driver' returned '2': CMAKE_PREFIX_PATH=${CMAKE_PREFIX_PATH}:/opt/ros/foxy /usr/bin/cmake --build /home/unitree/106a_final/build/arm_driver -- -j4 -l4
