[ 16%] [32mBuilding CXX object CMakeFiles/d1_wrapper.dir/src/D1Wrapper.cpp.o[0m
In file included from [01m[K/home/unitree/106a_final/src/arm_driver/src/D1Wrapper.cpp:1[m[K:
[01m[K/home/unitree/106a_final/src/arm_driver/src/D1Wrapper.hpp:6:23:[m[K [01;35m[Kwarning: [m[Kextra tokens at end of #include directive
    6 | #include <functional> [01;35m[K#[m[Kinclude <functional>
      |                       [01;35m[K^[m[K
[01m[K/home/unitree/106a_final/src/arm_driver/src/D1Wrapper.cpp:3:57:[m[K [01;35m[Kwarning: [m[Kextra tokens at end of #include directive
    3 | #include <unitree/robot/channel/channel_subscriber.hpp> [01;35m[K#[m[Kinclude <unitree/robot/channel/channel_subscriber.hpp>
      |                                                         [01;35m[K^[m[K
[01m[K/home/unitree/106a_final/src/arm_driver/src/D1Wrapper.cpp:5:30:[m[K [01;35m[Kwarning: [m[Kextra tokens at end of #include directive
    5 | #include "PubServoInfo_.hpp" [01;35m[K#[m[Kinclude "PubServoInfo_.hpp"
      |                              [01;35m[K^[m[K
[01m[K/home/unitree/106a_final/src/arm_driver/src/D1Wrapper.cpp:43:12:[m[K [01;31m[Kerror: [m[Kâ€˜[01m[Kstruct D1Wrapper::Impl[m[Kâ€™ is private within this context
   43 | D1Wrapper::[01;31m[KImpl[m[K* g_d1_impl = nullptr;
      |            [01;31m[K^~~~[m[K
[01m[K/home/unitree/106a_final/src/arm_driver/src/D1Wrapper.cpp:17:19:[m[K [01;36m[Knote: [m[Kdeclared private here
   17 | struct D1Wrapper::[01;36m[KImpl[m[K {
      |                   [01;36m[K^~~~[m[K
make[2]: *** [CMakeFiles/d1_wrapper.dir/build.make:63: CMakeFiles/d1_wrapper.dir/src/D1Wrapper.cpp.o] Error 1
make[1]: *** [CMakeFiles/Makefile2:107: CMakeFiles/d1_wrapper.dir/all] Error 2
make: *** [Makefile:141: all] Error 2
