[2.933s] Invoking command in '/home/unitree/106a_final/build/arm_driver': CMAKE_PREFIX_PATH=${CMAKE_PREFIX_PATH}:/home/unitree/106a_final/install/vision_node:/home/unitree/106a_final/install/navigation_node_two:/home/unitree/106a_final/install/navigation_node:/home/unitree/106a_final/install/aruco_node:/home/unitree/106a_final/install/arm_control:/opt/ros/foxy /usr/bin/cmake --build /home/unitree/106a_final/build/arm_driver -- -j4 -l4
[5.400s] [ 16%] [32mBuilding CXX object CMakeFiles/d1_wrapper.dir/src/D1Wrapper.cpp.o[0m
[5.419s] In file included from [01m[K/home/unitree/106a_final/src/arm_driver/src/D1Wrapper.cpp:1[m[K:
[5.420s] [01m[K/home/unitree/106a_final/src/arm_driver/src/D1Wrapper.hpp:6:23:[m[K [01;35m[Kwarning: [m[Kextra tokens at end of #include directive
[5.420s]     6 | #include <functional> [01;35m[K#[m[Kinclude <functional>
[5.420s]       |                       [01;35m[K^[m[K
[5.420s] [01m[K/home/unitree/106a_final/src/arm_driver/src/D1Wrapper.cpp:3:57:[m[K [01;35m[Kwarning: [m[Kextra tokens at end of #include directive
[5.421s]     3 | #include <unitree/robot/channel/channel_subscriber.hpp> [01;35m[K#[m[Kinclude <unitree/robot/channel/channel_subscriber.hpp>
[5.421s]       |                                                         [01;35m[K^[m[K
[5.421s] [01m[K/home/unitree/106a_final/src/arm_driver/src/D1Wrapper.cpp:5:30:[m[K [01;35m[Kwarning: [m[Kextra tokens at end of #include directive
[5.421s]     5 | #include "PubServoInfo_.hpp" [01;35m[K#[m[Kinclude "PubServoInfo_.hpp"
[5.421s]       |                              [01;35m[K^[m[K
[7.688s] [01m[K/home/unitree/106a_final/src/arm_driver/src/D1Wrapper.cpp:43:12:[m[K [01;31m[Kerror: [m[Kâ€˜[01m[Kstruct D1Wrapper::Impl[m[Kâ€™ is private within this context
[7.688s]    43 | D1Wrapper::[01;31m[KImpl[m[K* g_d1_impl = nullptr;
[7.688s]       |            [01;31m[K^~~~[m[K
[7.688s] [01m[K/home/unitree/106a_final/src/arm_driver/src/D1Wrapper.cpp:17:19:[m[K [01;36m[Knote: [m[Kdeclared private here
[7.688s]    17 | struct D1Wrapper::[01;36m[KImpl[m[K {
[7.689s]       |                   [01;36m[K^~~~[m[K
[10.769s] make[2]: *** [CMakeFiles/d1_wrapper.dir/build.make:63: CMakeFiles/d1_wrapper.dir/src/D1Wrapper.cpp.o] Error 1
[10.771s] make[1]: *** [CMakeFiles/Makefile2:107: CMakeFiles/d1_wrapper.dir/all] Error 2
[10.771s] make: *** [Makefile:141: all] Error 2
[12.611s] Invoked command in '/home/unitree/106a_final/build/arm_driver' returned '2': CMAKE_PREFIX_PATH=${CMAKE_PREFIX_PATH}:/home/unitree/106a_final/install/vision_node:/home/unitree/106a_final/install/navigation_node_two:/home/unitree/106a_final/install/navigation_node:/home/unitree/106a_final/install/aruco_node:/home/unitree/106a_final/install/arm_control:/opt/ros/foxy /usr/bin/cmake --build /home/unitree/106a_final/build/arm_driver -- -j4 -l4
