[2.203s] Invoking command in '/home/unitree/106a_final/build/arm_driver': CMAKE_PREFIX_PATH=${CMAKE_PREFIX_PATH}:/home/unitree/106a_final/install/navigation_node:/home/unitree/106a_final/install/vision_node:/home/unitree/106a_final/install/arm_control:/opt/ros/foxy /usr/bin/cmake --build /home/unitree/106a_final/build/arm_driver -- -j4 -l4
[2.356s] [ 33%] [32mBuilding CXX object CMakeFiles/servo_driver.dir/src/servo_driver.cpp.o[0m
[2.358s] [ 66%] [32mBuilding CXX object CMakeFiles/servo_driver.dir/home/unitree/106a_final/src/d1_sdk/src/msg/ArmString_.cpp.o[0m
[3.444s] In file included from [01m[K/usr/local/include/ddscxx/org/eclipse/cyclonedds/topic/datatopic.hpp:26[m[K,
[3.445s]                  from [01m[K/home/unitree/106a_final/src/d1_sdk/src/msg/ArmString_.hpp:57[m[K,
[3.451s]                  from [01m[K/home/unitree/106a_final/src/d1_sdk/src/msg/ArmString_.cpp:9[m[K:
[3.455s] [01m[K/usr/local/include/ddscxx/org/eclipse/cyclonedds/topic/TopicTraits.hpp:95:12:[m[K [01;31m[Kerror: [m[Kâ€˜[01m[Kddsi_sertype[m[Kâ€™ does not name a type; did you mean â€˜[01m[Kddscxx_sertype[m[Kâ€™?
[3.455s]    95 |     static [01;31m[Kddsi_sertype[m[K *getSerType(allowable_encodings_t kinds = allowableEncodings())
[3.455s]       |            [01;31m[K^~~~~~~~~~~~[m[K
[3.455s]       |            [32m[Kddscxx_sertype[m[K
[3.456s] [01m[K/usr/local/include/ddscxx/org/eclipse/cyclonedds/topic/TopicTraits.hpp:167:12:[m[K [01;31m[Kerror: [m[Kâ€˜[01m[Kddsi_typeid_t[m[Kâ€™ does not name a type; did you mean â€˜[01m[Kdds_time_t[m[Kâ€™?
[3.456s]   167 |     static [01;31m[Kddsi_typeid_t[m[K* getTypeId(const struct ddsi_sertype *, ddsi_typeid_kind_t kind)
[3.457s]       |            [01;31m[K^~~~~~~~~~~~~[m[K
[3.458s]       |            [32m[Kdds_time_t[m[K
[3.470s] [01m[K/usr/local/include/ddscxx/org/eclipse/cyclonedds/topic/TopicTraits.hpp:188:12:[m[K [01;31m[Kerror: [m[Kâ€˜[01m[Kddsi_typemap_t[m[Kâ€™ does not name a type
[3.471s]   188 |     static [01;31m[Kddsi_typemap_t[m[K* getTypeMap(const struct ddsi_sertype *)
[3.471s]       |            [01;31m[K^~~~~~~~~~~~~~[m[K
[3.473s] [01m[K/usr/local/include/ddscxx/org/eclipse/cyclonedds/topic/TopicTraits.hpp:202:12:[m[K [01;31m[Kerror: [m[Kâ€˜[01m[Kddsi_typeinfo_t[m[Kâ€™ does not name a type
[3.473s]   202 |     static [01;31m[Kddsi_typeinfo_t[m[K* getTypeInfo(const struct ddsi_sertype *)
[3.478s]       |            [01;31m[K^~~~~~~~~~~~~~~[m[K
[3.479s] [01m[K/usr/local/include/ddscxx/org/eclipse/cyclonedds/topic/TopicTraits.hpp:266:76:[m[K [01;31m[Kerror: [m[Kâ€˜[01m[Kdds_data_representation_id_t[m[Kâ€™ has not been declared
[3.479s]   266 |     static struct ddsi_sertype* deriveSertype(const struct ddsi_sertype *, [01;31m[Kdds_data_representation_id_t[m[K data_representation, dds_type_consistency_enforcement_qospolicy_t)
[3.479s]       |                                                                            [01;31m[K^~~~~~~~~~~~~~~~~~~~~~~~~~~~[m[K
[3.479s] [01m[K/usr/local/include/ddscxx/org/eclipse/cyclonedds/topic/TopicTraits.hpp:266:126:[m[K [01;31m[Kerror: [m[Kâ€˜[01m[Kdds_type_consistency_enforcement_qospolicy_t[m[Kâ€™ has not been declared
[3.479s]   266 |     static struct ddsi_sertype* deriveSertype(const struct ddsi_sertype *, dds_data_representation_id_t data_representation, [01;31m[Kdds_type_consistency_enforcement_qospolicy_t[m[K)
[3.479s]       |                                                                                                                              [01;31m[K^~~~~~~~~~~~~~~~~~~~~~~~~~~~~~~~~~~~~~~~~~~~[m[K
[3.480s] In file included from [01m[K/usr/local/include/ddscxx/org/eclipse/cyclonedds/topic/datatopic.hpp:26[m[K,
[3.481s]                  from [01m[K/home/unitree/106a_final/src/d1_sdk/src/msg/ArmString_.hpp:57[m[K,
[3.481s]                  from [01m[K/home/unitree/106a_final/src/d1_sdk/src/msg/ArmString_.cpp:9[m[K:
[3.481s] [01m[K/usr/local/include/ddscxx/org/eclipse/cyclonedds/topic/TopicTraits.hpp:[m[K In static member function â€˜[01m[Kstatic org::eclipse::cyclonedds::topic::ddsi_sertype* org::eclipse::cyclonedds::topic::TopicTraits<TOPIC>::deriveSertype(const org::eclipse::cyclonedds::topic::ddsi_sertype*, int, int)[m[Kâ€™:
[3.494s] [01m[K/usr/local/include/ddscxx/org/eclipse/cyclonedds/topic/TopicTraits.hpp:270:16:[m[K [01;31m[Kerror: [m[Kâ€˜[01m[KDDS_DATA_REPRESENTATION_XCDR1[m[Kâ€™ was not declared in this scope
[3.494s]   270 |           case [01;31m[KDDS_DATA_REPRESENTATION_XCDR1[m[K:
[3.495s]       |                [01;31m[K^~~~~~~~~~~~~~~~~~~~~~~~~~~~~[m[K
[3.501s] [01m[K/usr/local/include/ddscxx/org/eclipse/cyclonedds/topic/TopicTraits.hpp:271:32:[m[K [01;31m[Kerror: [m[Kâ€˜[01m[KDDS_DATA_REPRESENTATION_FLAG_XCDR1[m[Kâ€™ was not declared in this scope
[3.502s]   271 |               ptr = getSerType([01;31m[KDDS_DATA_REPRESENTATION_FLAG_XCDR1[m[K);
[3.502s]       |                                [01;31m[K^~~~~~~~~~~~~~~~~~~~~~~~~~~~~~~~~~[m[K
[3.503s] [01m[K/usr/local/include/ddscxx/org/eclipse/cyclonedds/topic/TopicTraits.hpp:271:21:[m[K [01;31m[Kerror: [m[Kthere are no arguments to â€˜[01m[KgetSerType[m[Kâ€™ that depend on a template parameter, so a declaration of â€˜[01m[KgetSerType[m[Kâ€™ must be available [[01;31m[K-fpermissive[m[K]
[3.503s]   271 |               ptr = [01;31m[KgetSerType[m[K(DDS_DATA_REPRESENTATION_FLAG_XCDR1);
[3.504s]       |                     [01;31m[K^~~~~~~~~~[m[K
[3.504s] [01m[K/usr/local/include/ddscxx/org/eclipse/cyclonedds/topic/TopicTraits.hpp:271:21:[m[K [01;36m[Knote: [m[K(if you use â€˜[01m[K-fpermissive[m[Kâ€™, G++ will accept your code, but allowing the use of an undeclared name is deprecated)
[3.539s] [01m[K/usr/local/include/ddscxx/org/eclipse/cyclonedds/topic/TopicTraits.hpp:273:16:[m[K [01;31m[Kerror: [m[Kâ€˜[01m[KDDS_DATA_REPRESENTATION_XCDR2[m[Kâ€™ was not declared in this scope
[3.540s]   273 |           case [01;31m[KDDS_DATA_REPRESENTATION_XCDR2[m[K:
[3.540s]       |                [01;31m[K^~~~~~~~~~~~~~~~~~~~~~~~~~~~~[m[K
[3.547s] [01m[K/usr/local/include/ddscxx/org/eclipse/cyclonedds/topic/TopicTraits.hpp:274:32:[m[K [01;31m[Kerror: [m[Kâ€˜[01m[KDDS_DATA_REPRESENTATION_FLAG_XCDR2[m[Kâ€™ was not declared in this scope
[3.547s]   274 |               ptr = getSerType([01;31m[KDDS_DATA_REPRESENTATION_FLAG_XCDR2[m[K);
[3.547s]       |                                [01;31m[K^~~~~~~~~~~~~~~~~~~~~~~~~~~~~~~~~~[m[K
[3.555s] [01m[K/usr/local/include/ddscxx/org/eclipse/cyclonedds/topic/TopicTraits.hpp:274:21:[m[K [01;31m[Kerror: [m[Kthere are no arguments to â€˜[01m[KgetSerType[m[Kâ€™ that depend on a template parameter, so a declaration of â€˜[01m[KgetSerType[m[Kâ€™ must be available [[01;31m[K-fpermissive[m[K]
[3.555s]   274 |               ptr = [01;31m[KgetSerType[m[K(DDS_DATA_REPRESENTATION_FLAG_XCDR2);
[3.555s]       |                     [01;31m[K^~~~~~~~~~[m[K
[3.556s] [01m[K/usr/local/include/ddscxx/org/eclipse/cyclonedds/topic/TopicTraits.hpp:278:52:[m[K [01;35m[Kwarning: [m[Kinvalid use of incomplete type â€˜[01m[Kstruct org::eclipse::cyclonedds::topic::ddsi_sertype[m[Kâ€™
[3.556s]   278 |             uint32_t refc = ddsrt_atomic_ld32 (&ptr[01;35m[K->[m[Kflags_refc);
[3.556s]       |                                                    [01;35m[K^~[m[K
[3.556s] In file included from [01m[K/usr/local/include/ddscxx/org/eclipse/cyclonedds/topic/datatopic.hpp:26[m[K,
[3.557s]                  from [01m[K/home/unitree/106a_final/src/d1_sdk/src/msg/ArmString_.hpp:57[m[K,
[3.557s]                  from [01m[K/home/unitree/106a_final/src/d1_sdk/src/msg/ArmString_.cpp:9[m[K:
[3.557s] [01m[K/usr/local/include/ddscxx/org/eclipse/cyclonedds/topic/TopicTraits.hpp:266:19:[m[K [01;36m[Knote: [m[Kforward declaration of â€˜[01m[Kstruct org::eclipse::cyclonedds::topic::ddsi_sertype[m[Kâ€™
[3.557s]   266 |     static struct [01;36m[Kddsi_sertype[m[K* deriveSertype(const struct ddsi_sertype *, dds_data_representation_id_t data_representation, dds_type_consistency_enforcement_qospolicy_t)
[3.558s]       |                   [01;36m[K^~~~~~~~~~~~[m[K
[3.558s] In file included from [01m[K/usr/local/include/ddscxx/org/eclipse/cyclonedds/topic/datatopic.hpp:26[m[K,
[3.558s]                  from [01m[K/home/unitree/106a_final/src/d1_sdk/src/msg/ArmString_.hpp:57[m[K,
[3.559s]                  from [01m[K/home/unitree/106a_final/src/d1_sdk/src/msg/ArmString_.cpp:9[m[K:
[3.559s] [01m[K/usr/local/include/ddscxx/org/eclipse/cyclonedds/topic/TopicTraits.hpp:279:36:[m[K [01;35m[Kwarning: [m[Kinvalid use of incomplete type â€˜[01m[Kstruct org::eclipse::cyclonedds::topic::ddsi_sertype[m[Kâ€™
[3.559s]   279 |             ddsrt_atomic_st32 (&ptr[01;35m[K->[m[Kflags_refc, refc & ~DDSI_SERTYPE_REFC_MASK);
[3.559s]       |                                    [01;35m[K^~[m[K
[3.560s] In file included from [01m[K/usr/local/include/ddscxx/org/eclipse/cyclonedds/topic/datatopic.hpp:26[m[K,
[3.560s]                  from [01m[K/home/unitree/106a_final/src/d1_sdk/src/msg/ArmString_.hpp:57[m[K,
[3.560s]                  from [01m[K/home/unitree/106a_final/src/d1_sdk/src/msg/ArmString_.cpp:9[m[K:
[3.561s] [01m[K/usr/local/include/ddscxx/org/eclipse/cyclonedds/topic/TopicTraits.hpp:266:19:[m[K [01;36m[Knote: [m[Kforward declaration of â€˜[01m[Kstruct org::eclipse::cyclonedds::topic::ddsi_sertype[m[Kâ€™
[3.561s]   266 |     static struct [01;36m[Kddsi_sertype[m[K* deriveSertype(const struct ddsi_sertype *, dds_data_representation_id_t data_representation, dds_type_consistency_enforcement_qospolicy_t)
[3.561s]       |                   [01;36m[K^~~~~~~~~~~~[m[K
[3.574s] In file included from [01m[K/usr/local/include/ddscxx/org/eclipse/cyclonedds/topic/datatopic.hpp:26[m[K,
[3.574s]                  from [01m[K/home/unitree/106a_final/src/d1_sdk/src/msg/ArmString_.hpp:57[m[K,
[3.575s]                  from [01m[K/home/unitree/106a_final/src/d1_sdk/src/msg/ArmString_.cpp:9[m[K:
[3.586s] [01m[K/usr/local/include/ddscxx/org/eclipse/cyclonedds/topic/TopicTraits.hpp:279:58:[m[K [01;31m[Kerror: [m[Kâ€˜[01m[KDDSI_SERTYPE_REFC_MASK[m[Kâ€™ was not declared in this scope
[3.587s]   279 |             ddsrt_atomic_st32 (&ptr->flags_refc, refc & ~[01;31m[KDDSI_SERTYPE_REFC_MASK[m[K);
[3.587s]       |                                                          [01;31m[K^~~~~~~~~~~~~~~~~~~~~~[m[K
[3.610s] In file included from [01m[K/home/unitree/106a_final/src/d1_sdk/src/msg/ArmString_.hpp:57[m[K,
[3.611s]                  from [01m[K/home/unitree/106a_final/src/d1_sdk/src/msg/ArmString_.cpp:9[m[K:
[3.611s] [01m[K/usr/local/include/ddscxx/org/eclipse/cyclonedds/topic/datatopic.hpp:[m[K In function â€˜[01m[Kbool read_header(const void*, org::eclipse::cyclonedds::core::cdr::encoding_version&, org::eclipse::cyclonedds::core::cdr::endianness&)[m[Kâ€™:
[3.612s] [01m[K/usr/local/include/ddscxx/org/eclipse/cyclonedds/topic/datatopic.hpp:213:54:[m[K [01;31m[Kerror: [m[Kâ€˜[01m[KDDS_DATA_REPRESENTATION_FLAG_XCDR1[m[Kâ€™ was not declared in this scope
[3.612s]   213 |           if (TopicTraits<T>::allowableEncodings() & [01;31m[KDDS_DATA_REPRESENTATION_FLAG_XCDR1[m[K)
[3.612s]       |                                                      [01;31m[K^~~~~~~~~~~~~~~~~~~~~~~~~~~~~~~~~~[m[K
[3.630s] [01m[K/usr/local/include/ddscxx/org/eclipse/cyclonedds/topic/datatopic.hpp:[m[K At global scope:
[3.630s] [01m[K/usr/local/include/ddscxx/org/eclipse/cyclonedds/topic/datatopic.hpp:380:9:[m[K [01;31m[Kerror: [m[Kâ€˜[01m[Kddsi_sertype[m[Kâ€™ does not name a type; did you mean â€˜[01m[Kddscxx_sertype[m[Kâ€™?
[3.630s]   380 |   const [01;31m[Kddsi_sertype[m[K* type,
[3.631s]       |         [01;31m[K^~~~~~~~~~~~[m[K
[3.631s]       |         [32m[Kddscxx_sertype[m[K
[3.634s] [01m[K/usr/local/include/ddscxx/org/eclipse/cyclonedds/topic/datatopic.hpp:406:9:[m[K [01;31m[Kerror: [m[Kâ€˜[01m[Kddsi_sertype[m[Kâ€™ does not name a type; did you mean â€˜[01m[Kddscxx_sertype[m[Kâ€™?
[3.634s]   406 |   const [01;31m[Kddsi_sertype[m[K* type,
[3.635s]       |         [01;31m[K^~~~~~~~~~~~[m[K
[3.635s]       |         [32m[Kddscxx_sertype[m[K
[3.640s] [01m[K/usr/local/include/ddscxx/org/eclipse/cyclonedds/topic/datatopic.hpp:441:9:[m[K [01;31m[Kerror: [m[Kâ€˜[01m[Kddsi_sertype[m[Kâ€™ does not name a type; did you mean â€˜[01m[Kddscxx_sertype[m[Kâ€™?
[3.640s]   441 |   const [01;31m[Kddsi_sertype[m[K* type,
[3.640s]       |         [01;31m[K^~~~~~~~~~~~[m[K
[3.640s]       |         [32m[Kddscxx_sertype[m[K
[3.648s] [01m[K/usr/local/include/ddscxx/org/eclipse/cyclonedds/topic/datatopic.hpp:452:9:[m[K [01;31m[Kerror: [m[Kâ€˜[01m[Kddsi_sertype[m[Kâ€™ does not name a type; did you mean â€˜[01m[Kddscxx_sertype[m[Kâ€™?
[3.648s]   452 |   const [01;31m[Kddsi_sertype[m[K* typecmn,
[3.649s]       |         [01;31m[K^~~~~~~~~~~~[m[K
[3.649s]       |         [32m[Kddscxx_sertype[m[K
[3.667s] [01m[K/usr/local/include/ddscxx/org/eclipse/cyclonedds/topic/datatopic.hpp:561:9:[m[K [01;31m[Kerror: [m[Kâ€˜[01m[Kddsi_sertype[m[Kâ€™ does not name a type; did you mean â€˜[01m[Kddscxx_sertype[m[Kâ€™?
[3.667s]   561 |   const [01;31m[Kddsi_sertype[m[K* type,
[3.667s]       |         [01;31m[K^~~~~~~~~~~~[m[K
[3.667s]       |         [32m[Kddscxx_sertype[m[K
[3.672s] [01m[K/usr/local/include/ddscxx/org/eclipse/cyclonedds/topic/datatopic.hpp:595:9:[m[K [01;31m[Kerror: [m[Kâ€˜[01m[Kddsi_sertype[m[Kâ€™ does not name a type; did you mean â€˜[01m[Kddscxx_sertype[m[Kâ€™?
[3.672s]   595 |   const [01;31m[Kddsi_sertype[m[K* tpcmn, const ddsi_serdata* dcmn, char* buf, size_t bufsize)
[3.673s]       |         [01;31m[K^~~~~~~~~~~~[m[K
[3.673s]       |         [32m[Kddscxx_sertype[m[K
[3.714s] [01m[K/usr/local/include/ddscxx/org/eclipse/cyclonedds/topic/datatopic.hpp:699:24:[m[K [01;31m[Kerror: [m[Kâ€˜[01m[Kddsi_sertype[m[Kâ€™ does not name a type; did you mean â€˜[01m[Kddscxx_sertype[m[Kâ€™?
[3.714s]   699 |   ddscxx_serdata(const [01;31m[Kddsi_sertype[m[K* type, ddsi_serdata_kind kind);
[3.714s]       |                        [01;31m[K^~~~~~~~~~~~[m[K
[3.714s]       |                        [32m[Kddscxx_sertype[m[K
[3.722s] [01m[K/usr/local/include/ddscxx/org/eclipse/cyclonedds/topic/datatopic.hpp:719:41:[m[K [01;31m[Kerror: [m[Kâ€˜[01m[Kddsi_sertype[m[Kâ€™ does not name a type; did you mean â€˜[01m[Kddscxx_sertype[m[Kâ€™?
[3.722s]   719 | ddscxx_serdata<T>::ddscxx_serdata(const [01;31m[Kddsi_sertype[m[K* type, ddsi_serdata_kind kind)
[3.723s]       |                                         [01;31m[K^~~~~~~~~~~~[m[K
[3.723s]       |                                         [32m[Kddscxx_sertype[m[K
[3.744s] [01m[K/usr/local/include/ddscxx/org/eclipse/cyclonedds/topic/datatopic.hpp:[m[K In member function â€˜[01m[Kvoid ddscxx_serdata<T>::populate_hash()[m[Kâ€™:
[3.745s] [01m[K/usr/local/include/ddscxx/org/eclipse/cyclonedds/topic/datatopic.hpp:766:11:[m[K [01;31m[Kerror: [m[Kâ€˜[01m[Ktype[m[Kâ€™ was not declared in this scope
[3.747s]   766 |   hash ^= [01;31m[Ktype[m[K->serdata_basehash;
[3.748s]       |           [01;31m[K^~~~[m[K
[3.750s] [01m[K/usr/local/include/ddscxx/org/eclipse/cyclonedds/topic/datatopic.hpp:[m[K At global scope:
[3.752s] [01m[K/usr/local/include/ddscxx/org/eclipse/cyclonedds/topic/datatopic.hpp:850:19:[m[K [01;31m[Kerror: [m[Kvariable or field â€˜[01m[Ksertype_free[m[Kâ€™ declared void
[3.753s]   850 | void sertype_free([01;31m[Kddsi_sertype[m[K* tpcmn)
[3.754s]       |                   [01;31m[K^~~~~~~~~~~~[m[K
[3.757s] [01m[K/usr/local/include/ddscxx/org/eclipse/cyclonedds/topic/datatopic.hpp:850:19:[m[K [01;31m[Kerror: [m[Kâ€˜[01m[Kddsi_sertype[m[Kâ€™ was not declared in this scope; did you mean â€˜[01m[Korg::eclipse::cyclonedds::topic::ddsi_sertype[m[Kâ€™?
[3.758s]   850 | void sertype_free([01;31m[Kddsi_sertype[m[K* tpcmn)
[3.759s]       |                   [01;31m[K^~~~~~~~~~~~[m[K
[3.760s]       |                   [32m[Korg::eclipse::cyclonedds::topic::ddsi_sertype[m[K
[3.762s] In file included from [01m[K/usr/local/include/ddscxx/org/eclipse/cyclonedds/topic/datatopic.hpp:26[m[K,
[3.763s]                  from [01m[K/home/unitree/106a_final/src/d1_sdk/src/msg/ArmString_.hpp:57[m[K,
[3.764s]                  from [01m[K/home/unitree/106a_final/src/d1_sdk/src/msg/ArmString_.cpp:9[m[K:
[3.765s] [01m[K/usr/local/include/ddscxx/org/eclipse/cyclonedds/topic/TopicTraits.hpp:266:19:[m[K [01;36m[Knote: [m[Kâ€˜[01m[Korg::eclipse::cyclonedds::topic::ddsi_sertype[m[Kâ€™ declared here
[3.767s]   266 |     static struct [01;36m[Kddsi_sertype[m[K* deriveSertype(const struct ddsi_sertype *, dds_data_representation_id_t data_representation, dds_type_consistency_enforcement_qospolicy_t)
[3.768s]       |                   [01;36m[K^~~~~~~~~~~~[m[K
[3.783s] In file included from [01m[K/home/unitree/106a_final/src/d1_sdk/src/msg/ArmString_.hpp:57[m[K,
[3.783s]                  from [01m[K/home/unitree/106a_final/src/d1_sdk/src/msg/ArmString_.cpp:9[m[K:
[3.783s] [01m[K/usr/local/include/ddscxx/org/eclipse/cyclonedds/topic/datatopic.hpp:850:33:[m[K [01;31m[Kerror: [m[Kâ€˜[01m[Ktpcmn[m[Kâ€™ was not declared in this scope
[3.783s]   850 | void sertype_free(ddsi_sertype* [01;31m[Ktpcmn[m[K)
[3.783s]       |                                 [01;31m[K^~~~~[m[K
[3.790s] [01m[K/usr/local/include/ddscxx/org/eclipse/cyclonedds/topic/datatopic.hpp:858:33:[m[K [01;31m[Kerror: [m[Kâ€˜[01m[Kddsi_sertype[m[Kâ€™ does not name a type; did you mean â€˜[01m[Kddscxx_sertype[m[Kâ€™?
[3.791s]   858 | void sertype_zero_samples(const [01;31m[Kddsi_sertype[m[K*, void*, size_t)
[3.791s]       |                                 [01;31m[K^~~~~~~~~~~~[m[K
[3.791s]       |                                 [32m[Kddscxx_sertype[m[K
[3.798s] [01m[K/usr/local/include/ddscxx/org/eclipse/cyclonedds/topic/datatopic.hpp:865:22:[m[K [01;31m[Kerror: [m[Kâ€˜[01m[Kddsi_sertype[m[Kâ€™ does not name a type; did you mean â€˜[01m[Kddscxx_sertype[m[Kâ€™?
[3.799s]   865 |   void** ptrs, const [01;31m[Kddsi_sertype[m[K*, void*, size_t, size_t)
[3.801s]       |                      [01;31m[K^~~~~~~~~~~~[m[K
[3.802s]       |                      [32m[Kddscxx_sertype[m[K
[3.806s] [01m[K/usr/local/include/ddscxx/org/eclipse/cyclonedds/topic/datatopic.hpp:884:9:[m[K [01;31m[Kerror: [m[Kâ€˜[01m[Kddsi_sertype[m[Kâ€™ does not name a type; did you mean â€˜[01m[Kddscxx_sertype[m[Kâ€™?
[3.807s]   884 |   const [01;31m[Kddsi_sertype[m[K*, void** ptrs, size_t, dds_free_op_t op)
[3.809s]       |         [01;31m[K^~~~~~~~~~~~[m[K
[3.810s]       |         [32m[Kddscxx_sertype[m[K
[3.814s] [01m[K/usr/local/include/ddscxx/org/eclipse/cyclonedds/topic/datatopic.hpp:909:9:[m[K [01;31m[Kerror: [m[Kâ€˜[01m[Kddsi_sertype[m[Kâ€™ does not name a type; did you mean â€˜[01m[Kddscxx_sertype[m[Kâ€™?
[3.838s]   909 |   const [01;31m[Kddsi_sertype[m[K* acmn, const ddsi_sertype* bcmn)
[3.838s]       |         [01;31m[K^~~~~~~~~~~~[m[K
[3.838s]       |         [32m[Kddscxx_sertype[m[K
[3.838s] [01m[K/usr/local/include/ddscxx/org/eclipse/cyclonedds/topic/datatopic.hpp:909:35:[m[K [01;31m[Kerror: [m[Kâ€˜[01m[Kddsi_sertype[m[Kâ€™ does not name a type; did you mean â€˜[01m[Kddscxx_sertype[m[Kâ€™?
[3.839s]   909 |   const ddsi_sertype* acmn, const [01;31m[Kddsi_sertype[m[K* bcmn)
[3.839s]       |                                   [01;31m[K^~~~~~~~~~~~[m[K
[3.839s]       |                                   [32m[Kddscxx_sertype[m[K
[3.845s] [01m[K/usr/local/include/ddscxx/org/eclipse/cyclonedds/topic/datatopic.hpp:919:29:[m[K [01;31m[Kerror: [m[Kâ€˜[01m[Kddsi_sertype[m[Kâ€™ does not name a type; did you mean â€˜[01m[Kddscxx_sertype[m[Kâ€™?
[3.845s]   919 | uint32_t sertype_hash(const [01;31m[Kddsi_sertype[m[K* tpcmn)
[3.845s]       |                             [01;31m[K^~~~~~~~~~~~[m[K
[3.845s]       |                             [32m[Kddscxx_sertype[m[K
[3.850s] [01m[K/usr/local/include/ddscxx/org/eclipse/cyclonedds/topic/datatopic.hpp:926:42:[m[K [01;31m[Kerror: [m[Kâ€˜[01m[Kddsi_sertype[m[Kâ€™ does not name a type; did you mean â€˜[01m[Kddscxx_sertype[m[Kâ€™?
[3.850s]   926 | size_t sertype_get_serialized_size(const [01;31m[Kddsi_sertype[m[K*, const void * sample)
[3.851s]       |                                          [01;31m[K^~~~~~~~~~~~[m[K
[3.851s]       |                                          [32m[Kddscxx_sertype[m[K
[3.856s] [01m[K/usr/local/include/ddscxx/org/eclipse/cyclonedds/topic/datatopic.hpp:941:35:[m[K [01;31m[Kerror: [m[Kâ€˜[01m[Kddsi_sertype[m[Kâ€™ does not name a type; did you mean â€˜[01m[Kddscxx_sertype[m[Kâ€™?
[3.857s]   941 | bool sertype_serialize_into(const [01;31m[Kddsi_sertype[m[K*,
[3.857s]       |                                   [01;31m[K^~~~~~~~~~~~[m[K
[3.857s]       |                                   [32m[Kddscxx_sertype[m[K
[3.860s] [01m[K/usr/local/include/ddscxx/org/eclipse/cyclonedds/topic/datatopic.hpp:954:52:[m[K [01;31m[Kerror: [m[Kexpected class-name before â€˜[01m[K{[m[Kâ€™ token
[3.860s]   954 | struct ddscxx_sertype_ops: public ddsi_sertype_ops [01;31m[K{[m[K
[3.860s]       |                                                    [01;31m[K^[m[K
[3.860s] [01m[K/usr/local/include/ddscxx/org/eclipse/cyclonedds/topic/datatopic.hpp:[m[K In constructor â€˜[01m[Kddscxx_sertype_ops<T, S>::ddscxx_sertype_ops()[m[Kâ€™:
[3.860s] [01m[K/usr/local/include/ddscxx/org/eclipse/cyclonedds/topic/datatopic.hpp:955:25:[m[K [01;31m[Kerror: [m[Kclass â€˜[01m[Kddscxx_sertype_ops<T, S>[m[Kâ€™ does not have any field named â€˜[01m[Kddsi_sertype_ops[m[Kâ€™
[3.861s]   955 |   ddscxx_sertype_ops(): [01;31m[Kddsi_sertype_ops[m[K {
[3.861s]       |                         [01;31m[K^~~~~~~~~~~~~~~~[m[K
[3.870s] [01m[K/usr/local/include/ddscxx/org/eclipse/cyclonedds/topic/datatopic.hpp:956:3:[m[K [01;31m[Kerror: [m[Kâ€˜[01m[Kddsi_sertype_v0[m[Kâ€™ was not declared in this scope; did you mean â€˜[01m[Kddsi_sertopic[m[Kâ€™?
[3.871s]   956 |   [01;31m[Kddsi_sertype_v0[m[K,
[3.871s]       |   [01;31m[K^~~~~~~~~~~~~~~[m[K
[3.871s]       |   [32m[Kddsi_sertopic[m[K
[3.877s] [01m[K/usr/local/include/ddscxx/org/eclipse/cyclonedds/topic/datatopic.hpp:958:3:[m[K [01;31m[Kerror: [m[Kâ€˜[01m[Ksertype_free[m[Kâ€™ was not declared in this scope; did you mean â€˜[01m[Ksertype_hash[m[Kâ€™?
[3.878s]   958 |   [01;31m[Ksertype_free[m[K<T,S>,
[3.878s]       |   [01;31m[K^~~~~~~~~~~~[m[K
[3.878s]       |   [32m[Ksertype_hash[m[K
[3.880s] [01m[K/usr/local/include/ddscxx/org/eclipse/cyclonedds/topic/datatopic.hpp:958:17:[m[K [01;31m[Kerror: [m[Kexpected primary-expression before â€˜[01m[K,[m[Kâ€™ token
[3.881s]   958 |   sertype_free<T[01;31m[K,[m[KS>,
[3.881s]       |                 [01;31m[K^[m[K
[3.881s] [01m[K/usr/local/include/ddscxx/org/eclipse/cyclonedds/topic/datatopic.hpp:958:19:[m[K [01;31m[Kerror: [m[Kexpected primary-expression before â€˜[01m[K>[m[Kâ€™ token
[3.883s]   958 |   sertype_free<T,S[01;31m[K>[m[K,
[3.883s]       |                   [01;31m[K^[m[K
[3.883s] [01m[K/usr/local/include/ddscxx/org/eclipse/cyclonedds/topic/datatopic.hpp:958:20:[m[K [01;31m[Kerror: [m[Kexpected primary-expression before â€˜[01m[K,[m[Kâ€™ token
[3.884s]   958 |   sertype_free<T,S>[01;31m[K,[m[K
[3.884s]       |                    [01;31m[K^[m[K
[3.887s] [01m[K/usr/local/include/ddscxx/org/eclipse/cyclonedds/topic/datatopic.hpp:[m[K At global scope:
[3.887s] [01m[K/usr/local/include/ddscxx/org/eclipse/cyclonedds/topic/datatopic.hpp:981:44:[m[K [01;31m[Kerror: [m[Kexpected class-name before â€˜[01m[K{[m[Kâ€™ token
[3.888s]   981 | class ddscxx_sertype : public ddsi_sertype [01;31m[K{[m[K
[3.888s]       |                                            [01;31m[K^[m[K
[3.888s] [01m[K/usr/local/include/ddscxx/org/eclipse/cyclonedds/topic/datatopic.hpp:[m[K In constructor â€˜[01m[Kddscxx_sertype<T, S>::ddscxx_sertype()[m[Kâ€™:
[3.888s] [01m[K/usr/local/include/ddscxx/org/eclipse/cyclonedds/topic/datatopic.hpp:996:5:[m[K [01;31m[Kerror: [m[Kclass â€˜[01m[Kddscxx_sertype<T, S>[m[Kâ€™ does not have any field named â€˜[01m[Kddsi_sertype[m[Kâ€™
[3.888s]   996 |   : [01;31m[Kddsi_sertype[m[K{}
[3.889s]       |     [01;31m[K^~~~~~~~~~~~[m[K
[3.899s] [01m[K/usr/local/include/ddscxx/org/eclipse/cyclonedds/topic/datatopic.hpp:998:51:[m[K [01;31m[Kerror: [m[Kâ€˜[01m[KDDSI_SERTYPE_FLAG_TOPICKIND_NO_KEY[m[Kâ€™ was not declared in this scope; did you mean â€˜[01m[KDDSI_SERTOPIC_HAS_TOPICKIND_NO_KEY[m[Kâ€™?
[3.899s]   998 |   uint32_t flags = (TopicTraits<T>::isKeyless() ? [01;31m[KDDSI_SERTYPE_FLAG_TOPICKIND_NO_KEY[m[K : 0);
[3.899s]       |                                                   [01;31m[K^~~~~~~~~~~~~~~~~~~~~~~~~~~~~~~~~~[m[K
[3.899s]       |                                                   [32m[KDDSI_SERTOPIC_HAS_TOPICKIND_NO_KEY[m[K
[3.906s] [01m[K/usr/local/include/ddscxx/org/eclipse/cyclonedds/topic/datatopic.hpp:1005:19:[m[K [01;31m[Kerror: [m[Kâ€˜[01m[Kddsi_sertype[m[Kâ€™ does not name a type; did you mean â€˜[01m[Kddscxx_sertype[m[Kâ€™?
[3.906s]  1005 |       static_cast<[01;31m[Kddsi_sertype[m[K*>(this),
[3.906s]       |                   [01;31m[K^~~~~~~~~~~~[m[K
[3.907s]       |                   [32m[Kddscxx_sertype[m[K
[3.907s] [01m[K/usr/local/include/ddscxx/org/eclipse/cyclonedds/topic/datatopic.hpp:1005:31:[m[K [01;31m[Kerror: [m[Kexpected â€˜[01m[K>[m[Kâ€™ before â€˜[01m[K*[m[Kâ€™ token
[3.907s]  1005 |       static_cast<ddsi_sertype[01;31m[K*[m[K>(this),
[3.907s]       |                               [01;31m[K^[m[K
[3.907s] [01m[K/usr/local/include/ddscxx/org/eclipse/cyclonedds/topic/datatopic.hpp:1005:31:[m[K [01;31m[Kerror: [m[Kexpected â€˜[01m[K([m[Kâ€™ before â€˜[01m[K*[m[Kâ€™ token
[3.907s]  1005 |       static_cast<ddsi_sertype[01;31m[K*[m[K>(this),
[3.908s]       |                               [01;31m[K^[m[K
[3.908s]       |                               [32m[K([m[K
[3.908s] [01m[K/usr/local/include/ddscxx/org/eclipse/cyclonedds/topic/datatopic.hpp:1005:32:[m[K [01;31m[Kerror: [m[Kexpected primary-expression before â€˜[01m[K>[m[Kâ€™ token
[3.908s]  1005 |       static_cast<ddsi_sertype*[01;31m[K>[m[K(this),
[3.908s]       |                                [01;31m[K^[m[K
[3.926s] [01m[K/usr/local/include/ddscxx/org/eclipse/cyclonedds/topic/datatopic.hpp:1011:3:[m[K [01;31m[Kerror: [m[Kâ€˜[01m[Kallowed_data_representation[m[Kâ€™ was not declared in this scope
[3.927s]  1011 |   [01;31m[Kallowed_data_representation[m[K = TopicTraits<T>::allowableEncodings();
[3.927s]       |   [01;31m[K^~~~~~~~~~~~~~~~~~~~~~~~~~~[m[K
[4.234s] make[2]: *** [CMakeFiles/servo_driver.dir/build.make:76: CMakeFiles/servo_driver.dir/home/unitree/106a_final/src/d1_sdk/src/msg/ArmString_.cpp.o] Error 1
[4.234s] make[2]: *** Waiting for unfinished jobs....
[7.607s] In file included from [01m[K/usr/local/include/ddscxx/dds/domain/detail/TDomainParticipantImpl.hpp:23[m[K,
[7.608s]                  from [01m[K/usr/local/include/ddscxx/dds/domain/detail/DomainParticipant.hpp:22[m[K,
[7.608s]                  from [01m[K/usr/local/include/ddscxx/dds/domain/DomainParticipant.hpp:22[m[K,
[7.608s]                  from [01m[K/usr/local/include/ddscxx/dds/domain/find.hpp:22[m[K,
[7.610s]                  from [01m[K/usr/local/include/ddscxx/dds/domain/ddsdomain.hpp:21[m[K,
[7.610s]                  from [01m[K/usr/local/include/ddscxx/dds/dds.hpp:34[m[K,
[7.611s]                  from [01m[K/usr/local/include/unitree/common/dds/dds_entity.hpp:4[m[K,
[7.611s]                  from [01m[K/usr/local/include/unitree/common/dds/dds_topic_channel.hpp:4[m[K,
[7.611s]                  from [01m[K/usr/local/include/unitree/common/dds/dds_factory_model.hpp:5[m[K,
[7.611s]                  from [01m[K/usr/local/include/unitree/robot/channel/channel_factory.hpp:4[m[K,
[7.611s]                  from [01m[K/usr/local/include/unitree/robot/channel/channel_publisher.hpp:4[m[K,
[7.611s]                  from [01m[K/home/unitree/106a_final/src/arm_driver/src/servo_driver.cpp:8[m[K:
[7.611s] [01m[K/usr/local/include/ddscxx/org/eclipse/cyclonedds/domain/DomainParticipantDelegate.hpp:120:24:[m[K [01;31m[Kerror: [m[Kâ€˜[01m[Kdds_typeinfo_t[m[Kâ€™ does not name a type; did you mean â€˜[01m[Kdds_sample_info_t[m[Kâ€™?
[7.612s]   120 |                  const [01;31m[Kdds_typeinfo_t[m[K *type_info,
[7.612s]       |                        [01;31m[K^~~~~~~~~~~~~~[m[K
[7.612s]       |                        [32m[Kdds_sample_info_t[m[K
[7.633s] In file included from [01m[K/usr/local/include/ddscxx/dds/topic/detail/TopicDescription.hpp:22[m[K,
[7.634s]                  from [01m[K/usr/local/include/ddscxx/dds/topic/TopicDescription.hpp:22[m[K,
[7.634s]                  from [01m[K/usr/local/include/ddscxx/dds/topic/ddstopic.hpp:22[m[K,
[7.634s]                  from [01m[K/usr/local/include/ddscxx/dds/dds.hpp:35[m[K,
[7.634s]                  from [01m[K/usr/local/include/unitree/common/dds/dds_entity.hpp:4[m[K,
[7.634s]                  from [01m[K/usr/local/include/unitree/common/dds/dds_topic_channel.hpp:4[m[K,
[7.634s]                  from [01m[K/usr/local/include/unitree/common/dds/dds_factory_model.hpp:5[m[K,
[7.634s]                  from [01m[K/usr/local/include/unitree/robot/channel/channel_factory.hpp:4[m[K,
[7.634s]                  from [01m[K/usr/local/include/unitree/robot/channel/channel_publisher.hpp:4[m[K,
[7.635s]                  from [01m[K/home/unitree/106a_final/src/arm_driver/src/servo_driver.cpp:8[m[K:
[7.635s] [01m[K/usr/local/include/ddscxx/org/eclipse/cyclonedds/topic/TopicDescriptionDelegate.hpp:73:5:[m[K [01;31m[Kerror: [m[Kâ€˜[01m[Kddsi_sertype[m[Kâ€™ does not name a type; did you mean â€˜[01m[Kddsi_sertopic[m[Kâ€™?
[7.635s]    73 |     [01;31m[Kddsi_sertype[m[K *get_ser_type() const;
[7.635s]       |     [01;31m[K^~~~~~~~~~~~[m[K
[7.635s]       |     [32m[Kddsi_sertopic[m[K
[7.648s] [01m[K/usr/local/include/ddscxx/org/eclipse/cyclonedds/topic/TopicDescriptionDelegate.hpp:80:5:[m[K [01;31m[Kerror: [m[Kâ€˜[01m[Kddsi_sertype[m[Kâ€™ does not name a type; did you mean â€˜[01m[Kddsi_sertopic[m[Kâ€™?
[7.650s]    80 |     [01;31m[Kddsi_sertype[m[K *ser_type_;
[7.651s]       |     [01;31m[K^~~~~~~~~~~~[m[K
[7.652s]       |     [32m[Kddsi_sertopic[m[K
[7.673s] In file included from [01m[K/usr/local/include/ddscxx/org/eclipse/cyclonedds/topic/AnyTopicDelegate.hpp:23[m[K,
[7.673s]                  from [01m[K/usr/local/include/ddscxx/dds/topic/detail/AnyTopic.hpp:22[m[K,
[7.673s]                  from [01m[K/usr/local/include/ddscxx/dds/topic/AnyTopic.hpp:22[m[K,
[7.673s]                  from [01m[K/usr/local/include/ddscxx/dds/topic/detail/Topic.hpp:27[m[K,
[7.673s]                  from [01m[K/usr/local/include/ddscxx/dds/topic/Topic.hpp:21[m[K,
[7.674s]                  from [01m[K/usr/local/include/ddscxx/dds/topic/ddstopic.hpp:23[m[K,
[7.674s]                  from [01m[K/usr/local/include/ddscxx/dds/dds.hpp:35[m[K,
[7.674s]                  from [01m[K/usr/local/include/unitree/common/dds/dds_entity.hpp:4[m[K,
[7.674s]                  from [01m[K/usr/local/include/unitree/common/dds/dds_topic_channel.hpp:4[m[K,
[7.674s]                  from [01m[K/usr/local/include/unitree/common/dds/dds_factory_model.hpp:5[m[K,
[7.674s]                  from [01m[K/usr/local/include/unitree/robot/channel/channel_factory.hpp:4[m[K,
[7.674s]                  from [01m[K/usr/local/include/unitree/robot/channel/channel_publisher.hpp:4[m[K,
[7.675s]                  from [01m[K/home/unitree/106a_final/src/arm_driver/src/servo_driver.cpp:8[m[K:
[7.675s] [01m[K/usr/local/include/ddscxx/org/eclipse/cyclonedds/topic/TopicTraits.hpp:95:12:[m[K [01;31m[Kerror: [m[Kâ€˜[01m[Kddsi_sertype[m[Kâ€™ does not name a type; did you mean â€˜[01m[Kddscxx_sertype[m[Kâ€™?
[7.675s]    95 |     static [01;31m[Kddsi_sertype[m[K *getSerType(allowable_encodings_t kinds = allowableEncodings())
[7.675s]       |            [01;31m[K^~~~~~~~~~~~[m[K
[7.675s]       |            [32m[Kddscxx_sertype[m[K
[7.682s] [01m[K/usr/local/include/ddscxx/org/eclipse/cyclonedds/topic/TopicTraits.hpp:167:12:[m[K [01;31m[Kerror: [m[Kâ€˜[01m[Kddsi_typeid_t[m[Kâ€™ does not name a type; did you mean â€˜[01m[Kdds_guid_t[m[Kâ€™?
[7.682s]   167 |     static [01;31m[Kddsi_typeid_t[m[K* getTypeId(const struct ddsi_sertype *, ddsi_typeid_kind_t kind)
[7.682s]       |            [01;31m[K^~~~~~~~~~~~~[m[K
[7.682s]       |            [32m[Kdds_guid_t[m[K
[7.690s] [01m[K/usr/local/include/ddscxx/org/eclipse/cyclonedds/topic/TopicTraits.hpp:188:12:[m[K [01;31m[Kerror: [m[Kâ€˜[01m[Kddsi_typemap_t[m[Kâ€™ does not name a type
[7.690s]   188 |     static [01;31m[Kddsi_typemap_t[m[K* getTypeMap(const struct ddsi_sertype *)
[7.690s]       |            [01;31m[K^~~~~~~~~~~~~~[m[K
[7.700s] [01m[K/usr/local/include/ddscxx/org/eclipse/cyclonedds/topic/TopicTraits.hpp:202:12:[m[K [01;31m[Kerror: [m[Kâ€˜[01m[Kddsi_typeinfo_t[m[Kâ€™ does not name a type; did you mean â€˜[01m[Kdds_sample_info_t[m[Kâ€™?
[7.700s]   202 |     static [01;31m[Kddsi_typeinfo_t[m[K* getTypeInfo(const struct ddsi_sertype *)
[7.700s]       |            [01;31m[K^~~~~~~~~~~~~~~[m[K
[7.700s]       |            [32m[Kdds_sample_info_t[m[K
[7.701s] [01m[K/usr/local/include/ddscxx/org/eclipse/cyclonedds/topic/TopicTraits.hpp:266:76:[m[K [01;31m[Kerror: [m[Kâ€˜[01m[Kdds_data_representation_id_t[m[Kâ€™ has not been declared
[7.701s]   266 | uct ddsi_sertype* deriveSertype(const struct ddsi_sertype *, [01;31m[Kdds_data_representation_id_t[m[K data_representation, dds_type_consistency_enforcement_qospolicy_t)
[7.701s]       |                                                              [01;31m[K^~~~~~~~~~~~~~~~~~~~~~~~~~~~[m[K
[7.701s] 
[7.701s] [01m[K/usr/local/include/ddscxx/org/eclipse/cyclonedds/topic/TopicTraits.hpp:266:126:[m[K [01;31m[Kerror: [m[Kâ€˜[01m[Kdds_type_consistency_enforcement_qospolicy_t[m[Kâ€™ has not been declared
[7.701s]   266 | sertype *, dds_data_representation_id_t data_representation, [01;31m[Kdds_type_consistency_enforcement_qospolicy_t[m[K)
[7.701s]       |                                                              [01;31m[K^~~~~~~~~~~~~~~~~~~~~~~~~~~~~~~~~~~~~~~~~~~~[m[K
[7.702s] 
[7.722s] In file included from [01m[K/usr/local/include/ddscxx/org/eclipse/cyclonedds/topic/AnyTopicDelegate.hpp:23[m[K,
[7.723s]                  from [01m[K/usr/local/include/ddscxx/dds/topic/detail/AnyTopic.hpp:22[m[K,
[7.723s]                  from [01m[K/usr/local/include/ddscxx/dds/topic/AnyTopic.hpp:22[m[K,
[7.723s]                  from [01m[K/usr/local/include/ddscxx/dds/topic/detail/Topic.hpp:27[m[K,
[7.723s]                  from [01m[K/usr/local/include/ddscxx/dds/topic/Topic.hpp:21[m[K,
[7.723s]                  from [01m[K/usr/local/include/ddscxx/dds/topic/ddstopic.hpp:23[m[K,
[7.723s]                  from [01m[K/usr/local/include/ddscxx/dds/dds.hpp:35[m[K,
[7.724s]                  from [01m[K/usr/local/include/unitree/common/dds/dds_entity.hpp:4[m[K,
[7.724s]                  from [01m[K/usr/local/include/unitree/common/dds/dds_topic_channel.hpp:4[m[K,
[7.724s]                  from [01m[K/usr/local/include/unitree/common/dds/dds_factory_model.hpp:5[m[K,
[7.724s]                  from [01m[K/usr/local/include/unitree/robot/channel/channel_factory.hpp:4[m[K,
[7.724s]                  from [01m[K/usr/local/include/unitree/robot/channel/channel_publisher.hpp:4[m[K,
[7.724s]                  from [01m[K/home/unitree/106a_final/src/arm_driver/src/servo_driver.cpp:8[m[K:
[7.724s] [01m[K/usr/local/include/ddscxx/org/eclipse/cyclonedds/topic/TopicTraits.hpp:[m[K In static member function â€˜[01m[Kstatic org::eclipse::cyclonedds::topic::ddsi_sertype* org::eclipse::cyclonedds::topic::TopicTraits<TOPIC>::deriveSertype(const org::eclipse::cyclonedds::topic::ddsi_sertype*, int, int)[m[Kâ€™:
[7.724s] [01m[K/usr/local/include/ddscxx/org/eclipse/cyclonedds/topic/TopicTraits.hpp:270:16:[m[K [01;31m[Kerror: [m[Kâ€˜[01m[KDDS_DATA_REPRESENTATION_XCDR1[m[Kâ€™ was not declared in this scope
[7.725s]   270 |           case [01;31m[KDDS_DATA_REPRESENTATION_XCDR1[m[K:
[7.725s]       |                [01;31m[K^~~~~~~~~~~~~~~~~~~~~~~~~~~~~[m[K
[7.744s] [01m[K/usr/local/include/ddscxx/org/eclipse/cyclonedds/topic/TopicTraits.hpp:271:32:[m[K [01;31m[Kerror: [m[Kâ€˜[01m[KDDS_DATA_REPRESENTATION_FLAG_XCDR1[m[Kâ€™ was not declared in this scope
[7.745s]   271 |               ptr = getSerType([01;31m[KDDS_DATA_REPRESENTATION_FLAG_XCDR1[m[K);
[7.746s]       |                                [01;31m[K^~~~~~~~~~~~~~~~~~~~~~~~~~~~~~~~~~[m[K
[7.747s] [01m[K/usr/local/include/ddscxx/org/eclipse/cyclonedds/topic/TopicTraits.hpp:271:21:[m[K [01;31m[Kerror: [m[Kthere are no arguments to â€˜[01m[KgetSerType[m[Kâ€™ that depend on a template parameter, so a declaration of â€˜[01m[KgetSerType[m[Kâ€™ must be available [[01;31m[K-fpermissive[m[K]
[7.747s]   271 |               ptr = [01;31m[KgetSerType[m[K(DDS_DATA_REPRESENTATION_FLAG_XCDR1);
[7.748s]       |                     [01;31m[K^~~~~~~~~~[m[K
[7.748s] [01m[K/usr/local/include/ddscxx/org/eclipse/cyclonedds/topic/TopicTraits.hpp:271:21:[m[K [01;36m[Knote: [m[K(if you use â€˜[01m[K-fpermissive[m[Kâ€™, G++ will accept your code, but allowing the use of an undeclared name is deprecated)
[7.765s] [01m[K/usr/local/include/ddscxx/org/eclipse/cyclonedds/topic/TopicTraits.hpp:273:16:[m[K [01;31m[Kerror: [m[Kâ€˜[01m[KDDS_DATA_REPRESENTATION_XCDR2[m[Kâ€™ was not declared in this scope
[7.766s]   273 |           case [01;31m[KDDS_DATA_REPRESENTATION_XCDR2[m[K:
[7.766s]       |                [01;31m[K^~~~~~~~~~~~~~~~~~~~~~~~~~~~~[m[K
[7.786s] [01m[K/usr/local/include/ddscxx/org/eclipse/cyclonedds/topic/TopicTraits.hpp:274:32:[m[K [01;31m[Kerror: [m[Kâ€˜[01m[KDDS_DATA_REPRESENTATION_FLAG_XCDR2[m[Kâ€™ was not declared in this scope
[7.787s]   274 |               ptr = getSerType([01;31m[KDDS_DATA_REPRESENTATION_FLAG_XCDR2[m[K);
[7.787s]       |                                [01;31m[K^~~~~~~~~~~~~~~~~~~~~~~~~~~~~~~~~~[m[K
[7.790s] [01m[K/usr/local/include/ddscxx/org/eclipse/cyclonedds/topic/TopicTraits.hpp:274:21:[m[K [01;31m[Kerror: [m[Kthere are no arguments to â€˜[01m[KgetSerType[m[Kâ€™ that depend on a template parameter, so a declaration of â€˜[01m[KgetSerType[m[Kâ€™ must be available [[01;31m[K-fpermissive[m[K]
[7.791s]   274 |               ptr = [01;31m[KgetSerType[m[K(DDS_DATA_REPRESENTATION_FLAG_XCDR2);
[7.791s]       |                     [01;31m[K^~~~~~~~~~[m[K
[7.800s] [01m[K/usr/local/include/ddscxx/org/eclipse/cyclonedds/topic/TopicTraits.hpp:279:58:[m[K [01;31m[Kerror: [m[Kâ€˜[01m[KDDSI_SERTYPE_REFC_MASK[m[Kâ€™ was not declared in this scope
[7.800s]   279 |             ddsrt_atomic_st32 (&ptr->flags_refc, refc & ~[01;31m[KDDSI_SERTYPE_REFC_MASK[m[K);
[7.800s]       |                                                          [01;31m[K^~~~~~~~~~~~~~~~~~~~~~[m[K
[7.801s] [01m[K/usr/local/include/ddscxx/org/eclipse/cyclonedds/topic/TopicTraits.hpp:279:58:[m[K [01;36m[Knote: [m[Kthe macro â€˜[01m[KDDSI_SERTYPE_REFC_MASK[m[Kâ€™ had not yet been defined
[7.801s] In file included from [01m[K/usr/local/include/ddscxx/dds/topic/detail/TTopicImpl.hpp:155[m[K,
[7.801s]                  from [01m[K/usr/local/include/ddscxx/dds/topic/detail/BuiltinTopic.hpp:23[m[K,
[7.801s]                  from [01m[K/usr/local/include/ddscxx/dds/topic/BuiltinTopic.hpp:22[m[K,
[7.801s]                  from [01m[K/usr/local/include/ddscxx/org/eclipse/cyclonedds/sub/AnyDataReaderDelegate.hpp:36[m[K,
[7.801s]                  from [01m[K/usr/local/include/ddscxx/dds/topic/detail/ContentFilteredTopic.hpp:31[m[K,
[7.801s]                  from [01m[K/usr/local/include/ddscxx/dds/topic/ContentFilteredTopic.hpp:22[m[K,
[7.802s]                  from [01m[K/usr/local/include/ddscxx/dds/topic/ddstopic.hpp:25[m[K,
[7.802s]                  from [01m[K/usr/local/include/ddscxx/dds/dds.hpp:35[m[K,
[7.802s]                  from [01m[K/usr/local/include/unitree/common/dds/dds_entity.hpp:4[m[K,
[7.803s]                  from [01m[K/usr/local/include/unitree/common/dds/dds_topic_channel.hpp:4[m[K,
[7.803s]                  from [01m[K/usr/local/include/unitree/common/dds/dds_factory_model.hpp:5[m[K,
[7.803s]                  from [01m[K/usr/local/include/unitree/robot/channel/channel_factory.hpp:4[m[K,
[7.803s]                  from [01m[K/usr/local/include/unitree/robot/channel/channel_publisher.hpp:4[m[K,
[7.804s]                  from [01m[K/home/unitree/106a_final/src/arm_driver/src/servo_driver.cpp:8[m[K:
[7.804s] [01m[K/usr/local/include/dds/ddsi/ddsi_sertype.h:36:[m[K [01;36m[Knote: [m[Kit was later defined here
[7.804s]    36 | #define DDSI_SERTYPE_REFC_MASK   0x0fffffffu
[7.804s]       | 
[7.844s] In file included from [01m[K/opt/ros/foxy/include/dds/ddsrt/rusage.h:33[m[K,
[7.845s]                  from [01m[K/opt/ros/foxy/include/dds/ddsi/q_log.h:19[m[K,
[7.845s]                  from [01m[K/opt/ros/foxy/include/dds/ddsi/ddsi_xqos.h:20[m[K,
[7.845s]                  from [01m[K/usr/local/include/dds/ddsi/ddsi_sertype.h:18[m[K,
[7.845s]                  from [01m[K/usr/local/include/ddscxx/dds/topic/detail/TTopicImpl.hpp:155[m[K,
[7.845s]                  from [01m[K/usr/local/include/ddscxx/dds/topic/detail/BuiltinTopic.hpp:23[m[K,
[7.846s]                  from [01m[K/usr/local/include/ddscxx/dds/topic/BuiltinTopic.hpp:22[m[K,
[7.846s]                  from [01m[K/usr/local/include/ddscxx/org/eclipse/cyclonedds/sub/AnyDataReaderDelegate.hpp:36[m[K,
[7.846s]                  from [01m[K/usr/local/include/ddscxx/dds/topic/detail/ContentFilteredTopic.hpp:31[m[K,
[7.846s]                  from [01m[K/usr/local/include/ddscxx/dds/topic/ContentFilteredTopic.hpp:22[m[K,
[7.851s]                  from [01m[K/usr/local/include/ddscxx/dds/topic/ddstopic.hpp:25[m[K,
[7.852s]                  from [01m[K/usr/local/include/ddscxx/dds/dds.hpp:35[m[K,
[7.854s]                  from [01m[K/usr/local/include/unitree/common/dds/dds_entity.hpp:4[m[K,
[7.855s]                  from [01m[K/usr/local/include/unitree/common/dds/dds_topic_channel.hpp:4[m[K,
[7.855s]                  from [01m[K/usr/local/include/unitree/common/dds/dds_factory_model.hpp:5[m[K,
[7.857s]                  from [01m[K/usr/local/include/unitree/robot/channel/channel_factory.hpp:4[m[K,
[7.858s]                  from [01m[K/usr/local/include/unitree/robot/channel/channel_publisher.hpp:4[m[K,
[7.859s]                  from [01m[K/home/unitree/106a_final/src/arm_driver/src/servo_driver.cpp:8[m[K:
[7.859s] [01m[K/opt/ros/foxy/include/dds/ddsrt/threads.h:[m[K At global scope:
[7.859s] [01m[K/opt/ros/foxy/include/dds/ddsrt/threads.h:71:3:[m[K [01;31m[Kerror: [m[Kâ€˜[01m[KDDSRT_SCHED_DEFAULT[m[Kâ€™ conflicts with a previous declaration
[7.859s]    71 |   [01;31m[KDDSRT_SCHED_DEFAULT[m[K,
[7.860s]       |   [01;31m[K^~~~~~~~~~~~~~~~~~~[m[K
[7.860s] In file included from [01m[K/usr/local/include/dds/ddsi/ddsi_config.h:19[m[K,
[7.860s]                  from [01m[K/usr/local/include/ddscxx/dds/domain/TDomainParticipant.hpp:24[m[K,
[7.861s]                  from [01m[K/usr/local/include/ddscxx/dds/domain/detail/TDomainParticipantImpl.hpp:22[m[K,
[7.861s]                  from [01m[K/usr/local/include/ddscxx/dds/domain/detail/DomainParticipant.hpp:22[m[K,
[7.863s]                  from [01m[K/usr/local/include/ddscxx/dds/domain/DomainParticipant.hpp:22[m[K,
[7.864s]                  from [01m[K/usr/local/include/ddscxx/dds/domain/find.hpp:22[m[K,
[7.864s]                  from [01m[K/usr/local/include/ddscxx/dds/domain/ddsdomain.hpp:21[m[K,
[7.864s]                  from [01m[K/usr/local/include/ddscxx/dds/dds.hpp:34[m[K,
[7.864s]                  from [01m[K/usr/local/include/unitree/common/dds/dds_entity.hpp:4[m[K,
[7.864s]                  from [01m[K/usr/local/include/unitree/common/dds/dds_topic_channel.hpp:4[m[K,
[7.864s]                  from [01m[K/usr/local/include/unitree/common/dds/dds_factory_model.hpp:5[m[K,
[7.864s]                  from [01m[K/usr/local/include/unitree/robot/channel/channel_factory.hpp:4[m[K,
[7.864s]                  from [01m[K/usr/local/include/unitree/robot/channel/channel_publisher.hpp:4[m[K,
[7.865s]                  from [01m[K/home/unitree/106a_final/src/arm_driver/src/servo_driver.cpp:8[m[K:
[7.865s] [01m[K/usr/local/include/dds/ddsrt/sched.h:28:3:[m[K [01;36m[Knote: [m[Kprevious declaration â€˜[01m[Kddsrt_sched_t DDSRT_SCHED_DEFAULT[m[Kâ€™
[7.865s]    28 |   [01;36m[KDDSRT_SCHED_DEFAULT[m[K,
[7.865s]       |   [01;36m[K^~~~~~~~~~~~~~~~~~~[m[K
[7.865s] In file included from [01m[K/opt/ros/foxy/include/dds/ddsrt/rusage.h:33[m[K,
[7.865s]                  from [01m[K/opt/ros/foxy/include/dds/ddsi/q_log.h:19[m[K,
[7.865s]                  from [01m[K/opt/ros/foxy/include/dds/ddsi/ddsi_xqos.h:20[m[K,
[7.865s]                  from [01m[K/usr/local/include/dds/ddsi/ddsi_sertype.h:18[m[K,
[7.865s]                  from [01m[K/usr/local/include/ddscxx/dds/topic/detail/TTopicImpl.hpp:155[m[K,
[7.866s]                  from [01m[K/usr/local/include/ddscxx/dds/topic/detail/BuiltinTopic.hpp:23[m[K,
[7.866s]                  from [01m[K/usr/local/include/ddscxx/dds/topic/BuiltinTopic.hpp:22[m[K,
[7.866s]                  from [01m[K/usr/local/include/ddscxx/org/eclipse/cyclonedds/sub/AnyDataReaderDelegate.hpp:36[m[K,
[7.866s]                  from [01m[K/usr/local/include/ddscxx/dds/topic/detail/ContentFilteredTopic.hpp:31[m[K,
[7.866s]                  from [01m[K/usr/local/include/ddscxx/dds/topic/ContentFilteredTopic.hpp:22[m[K,
[7.866s]                  from [01m[K/usr/local/include/ddscxx/dds/topic/ddstopic.hpp:25[m[K,
[7.866s]                  from [01m[K/usr/local/include/ddscxx/dds/dds.hpp:35[m[K,
[7.870s]                  from [01m[K/usr/local/include/unitree/common/dds/dds_entity.hpp:4[m[K,
[7.870s]                  from [01m[K/usr/local/include/unitree/common/dds/dds_topic_channel.hpp:4[m[K,
[7.870s]                  from [01m[K/usr/local/include/unitree/common/dds/dds_factory_model.hpp:5[m[K,
[7.870s]                  from [01m[K/usr/local/include/unitree/robot/channel/channel_factory.hpp:4[m[K,
[7.871s]                  from [01m[K/usr/local/include/unitree/robot/channel/channel_publisher.hpp:4[m[K,
[7.871s]                  from [01m[K/home/unitree/106a_final/src/arm_driver/src/servo_driver.cpp:8[m[K:
[7.871s] [01m[K/opt/ros/foxy/include/dds/ddsrt/threads.h:78:3:[m[K [01;31m[Kerror: [m[Kâ€˜[01m[KDDSRT_SCHED_REALTIME[m[Kâ€™ conflicts with a previous declaration
[7.871s]    78 |   [01;31m[KDDSRT_SCHED_REALTIME[m[K,
[7.871s]       |   [01;31m[K^~~~~~~~~~~~~~~~~~~~[m[K
[7.871s] In file included from [01m[K/usr/local/include/dds/ddsi/ddsi_config.h:19[m[K,
[7.871s]                  from [01m[K/usr/local/include/ddscxx/dds/domain/TDomainParticipant.hpp:24[m[K,
[7.872s]                  from [01m[K/usr/local/include/ddscxx/dds/domain/detail/TDomainParticipantImpl.hpp:22[m[K,
[7.872s]                  from [01m[K/usr/local/include/ddscxx/dds/domain/detail/DomainParticipant.hpp:22[m[K,
[7.872s]                  from [01m[K/usr/local/include/ddscxx/dds/domain/DomainParticipant.hpp:22[m[K,
[7.872s]                  from [01m[K/usr/local/include/ddscxx/dds/domain/find.hpp:22[m[K,
[7.872s]                  from [01m[K/usr/local/include/ddscxx/dds/domain/ddsdomain.hpp:21[m[K,
[7.872s]                  from [01m[K/usr/local/include/ddscxx/dds/dds.hpp:34[m[K,
[7.872s]                  from [01m[K/usr/local/include/unitree/common/dds/dds_entity.hpp:4[m[K,
[7.873s]                  from [01m[K/usr/local/include/unitree/common/dds/dds_topic_channel.hpp:4[m[K,
[7.873s]                  from [01m[K/usr/local/include/unitree/common/dds/dds_factory_model.hpp:5[m[K,
[7.873s]                  from [01m[K/usr/local/include/unitree/robot/channel/channel_factory.hpp:4[m[K,
[7.873s]                  from [01m[K/usr/local/include/unitree/robot/channel/channel_publisher.hpp:4[m[K,
[7.873s]                  from [01m[K/home/unitree/106a_final/src/arm_driver/src/servo_driver.cpp:8[m[K:
[7.873s] [01m[K/usr/local/include/dds/ddsrt/sched.h:35:3:[m[K [01;36m[Knote: [m[Kprevious declaration â€˜[01m[Kddsrt_sched_t DDSRT_SCHED_REALTIME[m[Kâ€™
[7.873s]    35 |   [01;36m[KDDSRT_SCHED_REALTIME[m[K,
[7.873s]       |   [01;36m[K^~~~~~~~~~~~~~~~~~~~[m[K
[7.874s] In file included from [01m[K/opt/ros/foxy/include/dds/ddsrt/rusage.h:33[m[K,
[7.880s]                  from [01m[K/opt/ros/foxy/include/dds/ddsi/q_log.h:19[m[K,
[7.880s]                  from [01m[K/opt/ros/foxy/include/dds/ddsi/ddsi_xqos.h:20[m[K,
[7.881s]                  from [01m[K/usr/local/include/dds/ddsi/ddsi_sertype.h:18[m[K,
[7.882s]                  from [01m[K/usr/local/include/ddscxx/dds/topic/detail/TTopicImpl.hpp:155[m[K,
[7.883s]                  from [01m[K/usr/local/include/ddscxx/dds/topic/detail/BuiltinTopic.hpp:23[m[K,
[7.883s]                  from [01m[K/usr/local/include/ddscxx/dds/topic/BuiltinTopic.hpp:22[m[K,
[7.884s]                  from [01m[K/usr/local/include/ddscxx/org/eclipse/cyclonedds/sub/AnyDataReaderDelegate.hpp:36[m[K,
[7.884s]                  from [01m[K/usr/local/include/ddscxx/dds/topic/detail/ContentFilteredTopic.hpp:31[m[K,
[7.885s]                  from [01m[K/usr/local/include/ddscxx/dds/topic/ContentFilteredTopic.hpp:22[m[K,
[7.885s]                  from [01m[K/usr/local/include/ddscxx/dds/topic/ddstopic.hpp:25[m[K,
[7.885s]                  from [01m[K/usr/local/include/ddscxx/dds/dds.hpp:35[m[K,
[7.885s]                  from [01m[K/usr/local/include/unitree/common/dds/dds_entity.hpp:4[m[K,
[7.885s]                  from [01m[K/usr/local/include/unitree/common/dds/dds_topic_channel.hpp:4[m[K,
[7.885s]                  from [01m[K/usr/local/include/unitree/common/dds/dds_factory_model.hpp:5[m[K,
[7.886s]                  from [01m[K/usr/local/include/unitree/robot/channel/channel_factory.hpp:4[m[K,
[7.887s]                  from [01m[K/usr/local/include/unitree/robot/channel/channel_publisher.hpp:4[m[K,
[7.888s]                  from [01m[K/home/unitree/106a_final/src/arm_driver/src/servo_driver.cpp:8[m[K:
[7.898s] [01m[K/opt/ros/foxy/include/dds/ddsrt/threads.h:84:3:[m[K [01;31m[Kerror: [m[Kâ€˜[01m[KDDSRT_SCHED_TIMESHARE[m[Kâ€™ conflicts with a previous declaration
[7.900s]    84 |   [01;31m[KDDSRT_SCHED_TIMESHARE[m[K
[7.900s]       |   [01;31m[K^~~~~~~~~~~~~~~~~~~~~[m[K
[7.900s] In file included from [01m[K/usr/local/include/dds/ddsi/ddsi_config.h:19[m[K,
[7.900s]                  from [01m[K/usr/local/include/ddscxx/dds/domain/TDomainParticipant.hpp:24[m[K,
[7.900s]                  from [01m[K/usr/local/include/ddscxx/dds/domain/detail/TDomainParticipantImpl.hpp:22[m[K,
[7.901s]                  from [01m[K/usr/local/include/ddscxx/dds/domain/detail/DomainParticipant.hpp:22[m[K,
[7.901s]                  from [01m[K/usr/local/include/ddscxx/dds/domain/DomainParticipant.hpp:22[m[K,
[7.901s]                  from [01m[K/usr/local/include/ddscxx/dds/domain/find.hpp:22[m[K,
[7.901s]                  from [01m[K/usr/local/include/ddscxx/dds/domain/ddsdomain.hpp:21[m[K,
[7.901s]                  from [01m[K/usr/local/include/ddscxx/dds/dds.hpp:34[m[K,
[7.901s]                  from [01m[K/usr/local/include/unitree/common/dds/dds_entity.hpp:4[m[K,
[7.901s]                  from [01m[K/usr/local/include/unitree/common/dds/dds_topic_channel.hpp:4[m[K,
[7.902s]                  from [01m[K/usr/local/include/unitree/common/dds/dds_factory_model.hpp:5[m[K,
[7.902s]                  from [01m[K/usr/local/include/unitree/robot/channel/channel_factory.hpp:4[m[K,
[7.902s]                  from [01m[K/usr/local/include/unitree/robot/channel/channel_publisher.hpp:4[m[K,
[7.902s]                  from [01m[K/home/unitree/106a_final/src/arm_driver/src/servo_driver.cpp:8[m[K:
[7.902s] [01m[K/usr/local/include/dds/ddsrt/sched.h:41:3:[m[K [01;36m[Knote: [m[Kprevious declaration â€˜[01m[Kddsrt_sched_t DDSRT_SCHED_TIMESHARE[m[Kâ€™
[7.902s]    41 |   [01;36m[KDDSRT_SCHED_TIMESHARE[m[K
[7.902s]       |   [01;36m[K^~~~~~~~~~~~~~~~~~~~~[m[K
[7.902s] In file included from [01m[K/opt/ros/foxy/include/dds/ddsrt/rusage.h:33[m[K,
[7.903s]                  from [01m[K/opt/ros/foxy/include/dds/ddsi/q_log.h:19[m[K,
[7.903s]                  from [01m[K/opt/ros/foxy/include/dds/ddsi/ddsi_xqos.h:20[m[K,
[7.903s]                  from [01m[K/usr/local/include/dds/ddsi/ddsi_sertype.h:18[m[K,
[7.903s]                  from [01m[K/usr/local/include/ddscxx/dds/topic/detail/TTopicImpl.hpp:155[m[K,
[7.903s]                  from [01m[K/usr/local/include/ddscxx/dds/topic/detail/BuiltinTopic.hpp:23[m[K,
[7.903s]                  from [01m[K/usr/local/include/ddscxx/dds/topic/BuiltinTopic.hpp:22[m[K,
[7.903s]                  from [01m[K/usr/local/include/ddscxx/org/eclipse/cyclonedds/sub/AnyDataReaderDelegate.hpp:36[m[K,
[7.908s]                  from [01m[K/usr/local/include/ddscxx/dds/topic/detail/ContentFilteredTopic.hpp:31[m[K,
[7.910s]                  from [01m[K/usr/local/include/ddscxx/dds/topic/ContentFilteredTopic.hpp:22[m[K,
[7.917s]                  from [01m[K/usr/local/include/ddscxx/dds/topic/ddstopic.hpp:25[m[K,
[7.917s]                  from [01m[K/usr/local/include/ddscxx/dds/dds.hpp:35[m[K,
[7.917s]                  from [01m[K/usr/local/include/unitree/common/dds/dds_entity.hpp:4[m[K,
[7.917s]                  from [01m[K/usr/local/include/unitree/common/dds/dds_topic_channel.hpp:4[m[K,
[7.917s]                  from [01m[K/usr/local/include/unitree/common/dds/dds_factory_model.hpp:5[m[K,
[7.918s]                  from [01m[K/usr/local/include/unitree/robot/channel/channel_factory.hpp:4[m[K,
[7.918s]                  from [01m[K/usr/local/include/unitree/robot/channel/channel_publisher.hpp:4[m[K,
[7.918s]                  from [01m[K/home/unitree/106a_final/src/arm_driver/src/servo_driver.cpp:8[m[K:
[7.918s] [01m[K/opt/ros/foxy/include/dds/ddsrt/threads.h:85:3:[m[K [01;31m[Kerror: [m[Kconflicting declaration â€˜[01m[Ktypedef enum ddsrt_sched_t ddsrt_sched_t[m[Kâ€™
[7.918s]    85 | } [01;31m[Kddsrt_sched_t[m[K;
[7.918s]       |   [01;31m[K^~~~~~~~~~~~~[m[K
[7.919s] In file included from [01m[K/usr/local/include/dds/ddsi/ddsi_config.h:19[m[K,
[7.919s]                  from [01m[K/usr/local/include/ddscxx/dds/domain/TDomainParticipant.hpp:24[m[K,
[7.919s]                  from [01m[K/usr/local/include/ddscxx/dds/domain/detail/TDomainParticipantImpl.hpp:22[m[K,
[7.919s]                  from [01m[K/usr/local/include/ddscxx/dds/domain/detail/DomainParticipant.hpp:22[m[K,
[7.919s]                  from [01m[K/usr/local/include/ddscxx/dds/domain/DomainParticipant.hpp:22[m[K,
[7.919s]                  from [01m[K/usr/local/include/ddscxx/dds/domain/find.hpp:22[m[K,
[7.919s]                  from [01m[K/usr/local/include/ddscxx/dds/domain/ddsdomain.hpp:21[m[K,
[7.919s]                  from [01m[K/usr/local/include/ddscxx/dds/dds.hpp:34[m[K,
[7.920s]                  from [01m[K/usr/local/include/unitree/common/dds/dds_entity.hpp:4[m[K,
[7.920s]                  from [01m[K/usr/local/include/unitree/common/dds/dds_topic_channel.hpp:4[m[K,
[7.920s]                  from [01m[K/usr/local/include/unitree/common/dds/dds_factory_model.hpp:5[m[K,
[7.920s]                  from [01m[K/usr/local/include/unitree/robot/channel/channel_factory.hpp:4[m[K,
[7.920s]                  from [01m[K/usr/local/include/unitree/robot/channel/channel_publisher.hpp:4[m[K,
[7.920s]                  from [01m[K/home/unitree/106a_final/src/arm_driver/src/servo_driver.cpp:8[m[K:
[7.920s] [01m[K/usr/local/include/dds/ddsrt/sched.h:42:3:[m[K [01;36m[Knote: [m[Kprevious declaration as â€˜[01m[Ktypedef enum ddsrt_sched_t ddsrt_sched_t[m[Kâ€™
[7.920s]    42 | } [01;36m[Kddsrt_sched_t[m[K;
[7.921s]       |   [01;36m[K^~~~~~~~~~~~~[m[K
[7.921s] In file included from [01m[K/usr/local/include/ddscxx/dds/topic/detail/TTopicImpl.hpp:155[m[K,
[7.921s]                  from [01m[K/usr/local/include/ddscxx/dds/topic/detail/BuiltinTopic.hpp:23[m[K,
[7.921s]                  from [01m[K/usr/local/include/ddscxx/dds/topic/BuiltinTopic.hpp:22[m[K,
[7.921s]                  from [01m[K/usr/local/include/ddscxx/org/eclipse/cyclonedds/sub/AnyDataReaderDelegate.hpp:36[m[K,
[7.921s]                  from [01m[K/usr/local/include/ddscxx/dds/topic/detail/ContentFilteredTopic.hpp:31[m[K,
[7.921s]                  from [01m[K/usr/local/include/ddscxx/dds/topic/ContentFilteredTopic.hpp:22[m[K,
[7.921s]                  from [01m[K/usr/local/include/ddscxx/dds/topic/ddstopic.hpp:25[m[K,
[7.921s]                  from [01m[K/usr/local/include/ddscxx/dds/dds.hpp:35[m[K,
[7.922s]                  from [01m[K/usr/local/include/unitree/common/dds/dds_entity.hpp:4[m[K,
[7.922s]                  from [01m[K/usr/local/include/unitree/common/dds/dds_topic_channel.hpp:4[m[K,
[7.922s]                  from [01m[K/usr/local/include/unitree/common/dds/dds_factory_model.hpp:5[m[K,
[7.922s]                  from [01m[K/usr/local/include/unitree/robot/channel/channel_factory.hpp:4[m[K,
[7.922s]                  from [01m[K/usr/local/include/unitree/robot/channel/channel_publisher.hpp:4[m[K,
[7.922s]                  from [01m[K/home/unitree/106a_final/src/arm_driver/src/servo_driver.cpp:8[m[K:
[7.922s] [01m[K/usr/local/include/dds/ddsi/ddsi_sertype.h:138:93:[m[K [01;31m[Kerror: [m[Kâ€˜[01m[Kdds_data_representation_id_t[m[Kâ€™ has not been declared
[7.922s]   138 | *ddsi_sertype_derive_t) (const struct ddsi_sertype *sertype, [01;31m[Kdds_data_representation_id_t[m[K data_representation, dds_type_consistency_enforcement_qospolicy_t tce_qos);
[7.923s]       |                                                              [01;31m[K^~~~~~~~~~~~~~~~~~~~~~~~~~~~[m[K
[7.923s] 
[7.923s] [01m[K/usr/local/include/dds/ddsi/ddsi_sertype.h:138:143:[m[K [01;31m[Kerror: [m[Kâ€˜[01m[Kdds_type_consistency_enforcement_qospolicy_t[m[Kâ€™ has not been declared
[7.923s]   138 |  *sertype, dds_data_representation_id_t data_representation, [01;31m[Kdds_type_consistency_enforcement_qospolicy_t[m[K tce_qos);
[7.923s]       |                                                              [01;31m[K^~~~~~~~~~~~~~~~~~~~~~~~~~~~~~~~~~~~~~~~~~~~[m[K
[7.923s] 
[7.923s] [01m[K/usr/local/include/dds/ddsi/ddsi_sertype.h:202:1:[m[K [01;31m[Kerror: [m[Kâ€˜[01m[KDDS_INLINE_EXPORT[m[Kâ€™ does not name a type; did you mean â€˜[01m[KDDS_NO_EXPORT[m[Kâ€™?
[7.923s]   202 | [01;31m[KDDS_INLINE_EXPORT[m[K inline void ddsi_sertype_free (struct ddsi_sertype *tp) {
[7.924s]       | [01;31m[K^~~~~~~~~~~~~~~~~[m[K
[7.924s]       | [32m[KDDS_NO_EXPORT[m[K
[7.924s] [01m[K/usr/local/include/dds/ddsi/ddsi_sertype.h:205:1:[m[K [01;31m[Kerror: [m[Kâ€˜[01m[KDDS_INLINE_EXPORT[m[Kâ€™ does not name a type; did you mean â€˜[01m[KDDS_NO_EXPORT[m[Kâ€™?
[7.924s]   205 | [01;31m[KDDS_INLINE_EXPORT[m[K inline void ddsi_sertype_zero_samples (const struct ddsi_sertype *tp, void *samples, size_t count) {
[7.924s]       | [01;31m[K^~~~~~~~~~~~~~~~~[m[K
[7.924s]       | [32m[KDDS_NO_EXPORT[m[K
[7.924s] [01m[K/usr/local/include/dds/ddsi/ddsi_sertype.h:208:1:[m[K [01;31m[Kerror: [m[Kâ€˜[01m[KDDS_INLINE_EXPORT[m[Kâ€™ does not name a type; did you mean â€˜[01m[KDDS_NO_EXPORT[m[Kâ€™?
[7.924s]   208 | [01;31m[KDDS_INLINE_EXPORT[m[K inline void ddsi_sertype_realloc_samples (void **ptrs, const struct ddsi_sertype *tp, void *old, size_t oldcount, size_t count)
[7.925s]       | [01;31m[K^~~~~~~~~~~~~~~~~[m[K
[7.925s]       | [32m[KDDS_NO_EXPORT[m[K
[7.925s] [01m[K/usr/local/include/dds/ddsi/ddsi_sertype.h:212:1:[m[K [01;31m[Kerror: [m[Kâ€˜[01m[KDDS_INLINE_EXPORT[m[Kâ€™ does not name a type; did you mean â€˜[01m[KDDS_NO_EXPORT[m[Kâ€™?
[7.925s]   212 | [01;31m[KDDS_INLINE_EXPORT[m[K inline void ddsi_sertype_free_samples (const struct ddsi_sertype *tp, void **ptrs, size_t count, dds_free_op_t op) {
[7.925s]       | [01;31m[K^~~~~~~~~~~~~~~~~[m[K
[7.925s]       | [32m[KDDS_NO_EXPORT[m[K
[7.925s] [01m[K/usr/local/include/dds/ddsi/ddsi_sertype.h:215:1:[m[K [01;31m[Kerror: [m[Kâ€˜[01m[KDDS_INLINE_EXPORT[m[Kâ€™ does not name a type; did you mean â€˜[01m[KDDS_NO_EXPORT[m[Kâ€™?
[7.925s]   215 | [01;31m[KDDS_INLINE_EXPORT[m[K inline void ddsi_sertype_zero_sample (const struct ddsi_sertype *tp, void *sample) {
[7.925s]       | [01;31m[K^~~~~~~~~~~~~~~~~[m[K
[7.935s]       | [32m[KDDS_NO_EXPORT[m[K
[7.935s] [01m[K/usr/local/include/dds/ddsi/ddsi_sertype.h:218:1:[m[K [01;31m[Kerror: [m[Kâ€˜[01m[KDDS_INLINE_EXPORT[m[Kâ€™ does not name a type; did you mean â€˜[01m[KDDS_NO_EXPORT[m[Kâ€™?
[7.935s]   218 | [01;31m[KDDS_INLINE_EXPORT[m[K inline void *ddsi_sertype_alloc_sample (const struct ddsi_sertype *tp) {
[7.935s]       | [01;31m[K^~~~~~~~~~~~~~~~~[m[K
[7.936s]       | [32m[KDDS_NO_EXPORT[m[K
[7.936s] [01m[K/usr/local/include/dds/ddsi/ddsi_sertype.h:223:1:[m[K [01;31m[Kerror: [m[Kâ€˜[01m[KDDS_INLINE_EXPORT[m[Kâ€™ does not name a type; did you mean â€˜[01m[KDDS_NO_EXPORT[m[Kâ€™?
[7.936s]   223 | [01;31m[KDDS_INLINE_EXPORT[m[K inline void ddsi_sertype_free_sample (const struct ddsi_sertype *tp, void *sample, dds_free_op_t op) {
[7.936s]       | [01;31m[K^~~~~~~~~~~~~~~~~[m[K
[7.936s]       | [32m[KDDS_NO_EXPORT[m[K
[7.936s] [01m[K/usr/local/include/dds/ddsi/ddsi_sertype.h:226:1:[m[K [01;31m[Kerror: [m[Kâ€˜[01m[KDDS_INLINE_EXPORT[m[Kâ€™ does not name a type; did you mean â€˜[01m[KDDS_NO_EXPORT[m[Kâ€™?
[7.936s]   226 | [01;31m[KDDS_INLINE_EXPORT[m[K inline ddsi_typeid_t * ddsi_sertype_typeid (const struct ddsi_sertype *tp, ddsi_typeid_kind_t kind)
[7.937s]       | [01;31m[K^~~~~~~~~~~~~~~~~[m[K
[7.937s]       | [32m[KDDS_NO_EXPORT[m[K
[7.944s] [01m[K/usr/local/include/dds/ddsi/ddsi_sertype.h:232:1:[m[K [01;31m[Kerror: [m[Kâ€˜[01m[KDDS_INLINE_EXPORT[m[Kâ€™ does not name a type; did you mean â€˜[01m[KDDS_NO_EXPORT[m[Kâ€™?
[7.944s]   232 | [01;31m[KDDS_INLINE_EXPORT[m[K inline ddsi_typemap_t * ddsi_sertype_typemap (const struct ddsi_sertype *tp)
[7.944s]       | [01;31m[K^~~~~~~~~~~~~~~~~[m[K
[7.944s]       | [32m[KDDS_NO_EXPORT[m[K
[7.954s] [01m[K/usr/local/include/dds/ddsi/ddsi_sertype.h:238:1:[m[K [01;31m[Kerror: [m[Kâ€˜[01m[KDDS_INLINE_EXPORT[m[Kâ€™ does not name a type; did you mean â€˜[01m[KDDS_NO_EXPORT[m[Kâ€™?
[7.955s]   238 | [01;31m[KDDS_INLINE_EXPORT[m[K inline ddsi_typeinfo_t *ddsi_sertype_typeinfo (const struct ddsi_sertype *tp)
[7.956s]       | [01;31m[K^~~~~~~~~~~~~~~~~[m[K
[7.957s]       | [32m[KDDS_NO_EXPORT[m[K
[7.965s] [01m[K/usr/local/include/dds/ddsi/ddsi_sertype.h:244:1:[m[K [01;31m[Kerror: [m[Kâ€˜[01m[KDDS_INLINE_EXPORT[m[Kâ€™ does not name a type; did you mean â€˜[01m[KDDS_NO_EXPORT[m[Kâ€™?
[7.965s]   244 | [01;31m[KDDS_INLINE_EXPORT[m[K inline struct ddsi_sertype * ddsi_sertype_derive_sertype (const struct ddsi_sertype *base_sertype, dds_data_representation_id_t data_representation, dds_type_consistency_enforcement_qospolicy_t tce_qos) {
[7.966s]       | [01;31m[K^~~~~~~~~~~~~~~~~[m[K
[7.966s]       | [32m[KDDS_NO_EXPORT[m[K
[7.975s] [01m[K/usr/local/include/dds/ddsi/ddsi_sertype.h:250:1:[m[K [01;31m[Kerror: [m[Kâ€˜[01m[KDDS_INLINE_EXPORT[m[Kâ€™ does not name a type; did you mean â€˜[01m[KDDS_NO_EXPORT[m[Kâ€™?
[7.976s]   250 | [01;31m[KDDS_INLINE_EXPORT[m[K inline size_t
[7.976s]       | [01;31m[K^~~~~~~~~~~~~~~~~[m[K
[7.977s]       | [32m[KDDS_NO_EXPORT[m[K
[7.983s] [01m[K/usr/local/include/dds/ddsi/ddsi_sertype.h:256:1:[m[K [01;31m[Kerror: [m[Kâ€˜[01m[KDDS_INLINE_EXPORT[m[Kâ€™ does not name a type; did you mean â€˜[01m[KDDS_NO_EXPORT[m[Kâ€™?
[7.983s]   256 | [01;31m[KDDS_INLINE_EXPORT[m[K inline bool
[7.983s]       | [01;31m[K^~~~~~~~~~~~~~~~~[m[K
[7.983s]       | [32m[KDDS_NO_EXPORT[m[K
[7.993s] In file included from [01m[K/usr/local/include/ddscxx/dds/topic/detail/BuiltinTopic.hpp:23[m[K,
[7.994s]                  from [01m[K/usr/local/include/ddscxx/dds/topic/BuiltinTopic.hpp:22[m[K,
[7.994s]                  from [01m[K/usr/local/include/ddscxx/org/eclipse/cyclonedds/sub/AnyDataReaderDelegate.hpp:36[m[K,
[7.995s]                  from [01m[K/usr/local/include/ddscxx/dds/topic/detail/ContentFilteredTopic.hpp:31[m[K,
[7.995s]                  from [01m[K/usr/local/include/ddscxx/dds/topic/ContentFilteredTopic.hpp:22[m[K,
[7.995s]                  from [01m[K/usr/local/include/ddscxx/dds/topic/ddstopic.hpp:25[m[K,
[7.995s]                  from [01m[K/usr/local/include/ddscxx/dds/dds.hpp:35[m[K,
[7.995s]                  from [01m[K/usr/local/include/unitree/common/dds/dds_entity.hpp:4[m[K,
[7.996s]                  from [01m[K/usr/local/include/unitree/common/dds/dds_topic_channel.hpp:4[m[K,
[7.996s]                  from [01m[K/usr/local/include/unitree/common/dds/dds_factory_model.hpp:5[m[K,
[7.996s]                  from [01m[K/usr/local/include/unitree/robot/channel/channel_factory.hpp:4[m[K,
[7.996s]                  from [01m[K/usr/local/include/unitree/robot/channel/channel_publisher.hpp:4[m[K,
[7.996s]                  from [01m[K/home/unitree/106a_final/src/arm_driver/src/servo_driver.cpp:8[m[K:
[7.996s] [01m[K/usr/local/include/ddscxx/dds/topic/detail/TTopicImpl.hpp:[m[K In constructor â€˜[01m[Kdds::topic::detail::Topic<T>::Topic(const DomainParticipant&, const string&, const string&, const TopicQos&, dds::topic::TopicListener<T>*, const dds::core::status::StatusMask&)[m[Kâ€™:
[7.997s] [01m[K/usr/local/include/ddscxx/dds/topic/detail/TTopicImpl.hpp:176:5:[m[K [01;31m[Kerror: [m[Kâ€˜[01m[Kser_type_[m[Kâ€™ was not declared in this scope; did you mean â€˜[01m[Kref_type[m[Kâ€™?
[7.997s]   176 |     [01;31m[Kser_type_[m[K = org::eclipse::cyclonedds::topic::TopicTraits<T>::getSerType();
[7.997s]       |     [01;31m[K^~~~~~~~~[m[K
[7.997s]       |     [32m[Kref_type[m[K
[7.997s] [01m[K/usr/local/include/ddscxx/dds/topic/detail/TTopicImpl.hpp:178:31:[m[K [01;31m[Kerror: [m[Kthere are no arguments to â€˜[01m[Kdds_create_topic_sertype[m[Kâ€™ that depend on a template parameter, so a declaration of â€˜[01m[Kdds_create_topic_sertype[m[Kâ€™ must be available [[01;31m[K-fpermissive[m[K]
[7.997s]   178 |     dds_entity_t ddsc_topic = [01;31m[Kdds_create_topic_sertype[m[K(
[7.997s]       |                               [01;31m[K^~~~~~~~~~~~~~~~~~~~~~~~[m[K
[8.005s] [01m[K/usr/local/include/ddscxx/dds/topic/detail/TTopicImpl.hpp:[m[K In static member function â€˜[01m[Kstatic dds::topic::Topic<T, dds::topic::detail::Topic> dds::topic::detail::Topic<T>::discover_topic(const DomainParticipant&, const string&, const dds::core::Duration&)[m[Kâ€™:
[8.005s] [01m[K/usr/local/include/ddscxx/dds/topic/detail/TTopicImpl.hpp:311:21:[m[K [01;31m[Kerror: [m[Kâ€˜[01m[Kdds_typeinfo_t[m[Kâ€™ was not declared in this scope; did you mean â€˜[01m[Kddsi_typeinfo_t[m[Kâ€™?
[8.005s]   311 |     std::unique_ptr<[01;31m[Kdds_typeinfo_t[m[K, std::function<void(dds_typeinfo_t *)> >
[8.005s]       |                     [01;31m[K^~~~~~~~~~~~~~[m[K
[8.006s]       |                     [32m[Kddsi_typeinfo_t[m[K
[8.006s] [01m[K/usr/local/include/ddscxx/dds/topic/detail/TTopicImpl.hpp:311:73:[m[K [01;31m[Kerror: [m[Ktemplate argument 1 is invalid
[8.006s]   311 |     std::unique_ptr<dds_typeinfo_t, std::function<void(dds_typeinfo_t *)[01;31m[K>[m[K >
[8.006s]       |                                                                         [01;31m[K^[m[K
[8.006s] [01m[K/usr/local/include/ddscxx/dds/topic/detail/TTopicImpl.hpp:311:75:[m[K [01;31m[Kerror: [m[Ktemplate argument 1 is invalid
[8.007s]   311 |     std::unique_ptr<dds_typeinfo_t, std::function<void(dds_typeinfo_t *)> [01;31m[K>[m[K
[8.007s]       |                                                                           [01;31m[K^[m[K
[8.007s] [01m[K/usr/local/include/ddscxx/dds/topic/detail/TTopicImpl.hpp:311:75:[m[K [01;31m[Kerror: [m[Ktemplate argument 2 is invalid
[8.007s] [01m[K/usr/local/include/ddscxx/dds/topic/detail/TTopicImpl.hpp:313:20:[m[K [01;31m[Kerror: [m[Kâ€˜[01m[Kdds_typeinfo_t[m[Kâ€™ is not a type
[8.007s]   313 |                 []([01;31m[Kdds_typeinfo_t[m[K *ti) { static_cast<void>(dds_free_typeinfo(ti)); });
[8.008s]       |                    [01;31m[K^~~~~~~~~~~~~~[m[K
[8.008s] [01m[K/usr/local/include/ddscxx/dds/topic/detail/TTopicImpl.hpp:[m[K In lambda function:
[8.008s] [01m[K/usr/local/include/ddscxx/dds/topic/detail/TTopicImpl.hpp:313:60:[m[K [01;31m[Kerror: [m[Kthere are no arguments to â€˜[01m[Kdds_free_typeinfo[m[Kâ€™ that depend on a template parameter, so a declaration of â€˜[01m[Kdds_free_typeinfo[m[Kâ€™ must be available [[01;31m[K-fpermissive[m[K]
[8.008s]   313 |                 [](dds_typeinfo_t *ti) { static_cast<void>([01;31m[Kdds_free_typeinfo[m[K(ti)); });
[8.009s]       |                                                            [01;31m[K^~~~~~~~~~~~~~~~~[m[K
[8.009s] [01m[K/usr/local/include/ddscxx/dds/topic/detail/TTopicImpl.hpp:[m[K In static member function â€˜[01m[Kstatic dds::topic::Topic<T, dds::topic::detail::Topic> dds::topic::detail::Topic<T>::discover_topic(const DomainParticipant&, const string&, const dds::core::Duration&)[m[Kâ€™:
[8.009s] [01m[K/usr/local/include/ddscxx/dds/topic/detail/TTopicImpl.hpp:313:85:[m[K [01;31m[Kerror: [m[Kexpression list treated as compound expression in initializer [[01;31m[K-fpermissive[m[K]
[8.009s]   313 | typeinfo_t *ti) { static_cast<void>(dds_free_typeinfo(ti)); }[01;31m[K)[m[K;
[8.009s]       |                                                              [01;31m[K^[m[K
[8.009s] 
[8.009s] [01m[K/usr/local/include/ddscxx/dds/topic/detail/TTopicImpl.hpp:314:75:[m[K [01;31m[Kerror: [m[Krequest for member â€˜[01m[Kget[m[Kâ€™ in â€˜[01m[Ktype_info[m[Kâ€™, which is of non-class type â€˜[01m[Kint[m[Kâ€™
[8.009s]   314 | ity_t ddsc_topic = dp.delegate()->lookup_topic(name, type_info.[01;31m[Kget[m[K(), timeout);
[8.010s]       |                                                                [01;31m[K^~~[m[K
[8.010s] 
[8.078s] In file included from [01m[K/usr/local/include/ddscxx/dds/topic/ContentFilteredTopic.hpp:22[m[K,
[8.081s]                  from [01m[K/usr/local/include/ddscxx/dds/topic/ddstopic.hpp:25[m[K,
[8.081s]                  from [01m[K/usr/local/include/ddscxx/dds/dds.hpp:35[m[K,
[8.082s]                  from [01m[K/usr/local/include/unitree/common/dds/dds_entity.hpp:4[m[K,
[8.085s]                  from [01m[K/usr/local/include/unitree/common/dds/dds_topic_channel.hpp:4[m[K,
[8.087s]                  from [01m[K/usr/local/include/unitree/common/dds/dds_factory_model.hpp:5[m[K,
[8.087s]                  from [01m[K/usr/local/include/unitree/robot/channel/channel_factory.hpp:4[m[K,
[8.087s]                  from [01m[K/usr/local/include/unitree/robot/channel/channel_publisher.hpp:4[m[K,
[8.088s]                  from [01m[K/home/unitree/106a_final/src/arm_driver/src/servo_driver.cpp:8[m[K:
[8.088s] [01m[K/usr/local/include/ddscxx/dds/topic/detail/ContentFilteredTopic.hpp:[m[K At global scope:
[8.088s] [01m[K/usr/local/include/ddscxx/dds/topic/detail/ContentFilteredTopic.hpp:439:52:[m[K [01;31m[Kerror: [m[Kâ€˜[01m[Kdds_topic_filter[m[Kâ€™ has not been declared
[8.089s]   439 |     void filter_function_internal(Functor && func, [01;31m[Kdds_topic_filter[m[K * flt)
[8.089s]       |                                                    [01;31m[K^~~~~~~~~~~~~~~~[m[K
[8.089s] [01m[K/usr/local/include/ddscxx/dds/topic/detail/ContentFilteredTopic.hpp:[m[K In member function â€˜[01m[Kvoid dds::topic::detail::ContentFilteredTopic<T>::filter_function(Functor&&)[m[Kâ€™:
[8.089s] [01m[K/usr/local/include/ddscxx/dds/topic/detail/ContentFilteredTopic.hpp:413:9:[m[K [01;31m[Kerror: [m[Kâ€˜[01m[Kdds_topic_filter[m[Kâ€™ was not declared in this scope; did you mean â€˜[01m[Kdds_topic_filter_fn[m[Kâ€™?
[8.090s]   413 |         [01;31m[Kdds_topic_filter[m[K flt;
[8.094s]       |         [01;31m[K^~~~~~~~~~~~~~~~[m[K
[8.095s]       |         [32m[Kdds_topic_filter_fn[m[K
[8.095s] [01m[K/usr/local/include/ddscxx/dds/topic/detail/ContentFilteredTopic.hpp:414:9:[m[K [01;31m[Kerror: [m[Kâ€˜[01m[Kflt[m[Kâ€™ was not declared in this scope
[8.095s]   414 |         [01;31m[Kflt[m[K.mode = DDS_TOPIC_FILTER_SAMPLE_ARG;
[8.095s]       |         [01;31m[K^~~[m[K
[8.117s] [01m[K/usr/local/include/ddscxx/dds/topic/detail/ContentFilteredTopic.hpp:414:20:[m[K [01;31m[Kerror: [m[Kâ€˜[01m[KDDS_TOPIC_FILTER_SAMPLE_ARG[m[Kâ€™ was not declared in this scope; did you mean â€˜[01m[KDDS_TOPIC_FILTER_HPP_[m[Kâ€™?
[8.117s]   414 |         flt.mode = [01;31m[KDDS_TOPIC_FILTER_SAMPLE_ARG[m[K;
[8.118s]       |                    [01;31m[K^~~~~~~~~~~~~~~~~~~~~~~~~~~[m[K
[8.119s]       |                    [32m[KDDS_TOPIC_FILTER_HPP_[m[K
[8.125s] [01m[K/usr/local/include/ddscxx/dds/topic/detail/ContentFilteredTopic.hpp:[m[K In member function â€˜[01m[Kvoid dds::topic::detail::ContentFilteredTopic<T>::filter_function(Functor&&)[m[Kâ€™:
[8.125s] [01m[K/usr/local/include/ddscxx/dds/topic/detail/ContentFilteredTopic.hpp:422:9:[m[K [01;31m[Kerror: [m[Kâ€˜[01m[Kdds_topic_filter[m[Kâ€™ was not declared in this scope; did you mean â€˜[01m[Kdds_topic_filter_fn[m[Kâ€™?
[8.125s]   422 |         [01;31m[Kdds_topic_filter[m[K flt;
[8.125s]       |         [01;31m[K^~~~~~~~~~~~~~~~[m[K
[8.126s]       |         [32m[Kdds_topic_filter_fn[m[K
[8.130s] [01m[K/usr/local/include/ddscxx/dds/topic/detail/ContentFilteredTopic.hpp:423:9:[m[K [01;31m[Kerror: [m[Kâ€˜[01m[Kflt[m[Kâ€™ was not declared in this scope
[8.131s]   423 |         [01;31m[Kflt[m[K.mode = DDS_TOPIC_FILTER_SAMPLEINFO_ARG;
[8.131s]       |         [01;31m[K^~~[m[K
[8.156s] [01m[K/usr/local/include/ddscxx/dds/topic/detail/ContentFilteredTopic.hpp:423:20:[m[K [01;31m[Kerror: [m[Kâ€˜[01m[KDDS_TOPIC_FILTER_SAMPLEINFO_ARG[m[Kâ€™ was not declared in this scope
[8.157s]   423 |         flt.mode = [01;31m[KDDS_TOPIC_FILTER_SAMPLEINFO_ARG[m[K;
[8.158s]       |                    [01;31m[K^~~~~~~~~~~~~~~~~~~~~~~~~~~~~~~[m[K
[8.164s] [01m[K/usr/local/include/ddscxx/dds/topic/detail/ContentFilteredTopic.hpp:[m[K In member function â€˜[01m[Kvoid dds::topic::detail::ContentFilteredTopic<T>::filter_function(Functor&&)[m[Kâ€™:
[8.165s] [01m[K/usr/local/include/ddscxx/dds/topic/detail/ContentFilteredTopic.hpp:431:9:[m[K [01;31m[Kerror: [m[Kâ€˜[01m[Kdds_topic_filter[m[Kâ€™ was not declared in this scope; did you mean â€˜[01m[Kdds_topic_filter_fn[m[Kâ€™?
[8.165s]   431 |         [01;31m[Kdds_topic_filter[m[K flt;
[8.165s]       |         [01;31m[K^~~~~~~~~~~~~~~~[m[K
[8.165s]       |         [32m[Kdds_topic_filter_fn[m[K
[8.169s] [01m[K/usr/local/include/ddscxx/dds/topic/detail/ContentFilteredTopic.hpp:432:9:[m[K [01;31m[Kerror: [m[Kâ€˜[01m[Kflt[m[Kâ€™ was not declared in this scope
[8.169s]   432 |         [01;31m[Kflt[m[K.mode = DDS_TOPIC_FILTER_SAMPLE_SAMPLEINFO_ARG;
[8.170s]       |         [01;31m[K^~~[m[K
[8.196s] [01m[K/usr/local/include/ddscxx/dds/topic/detail/ContentFilteredTopic.hpp:432:20:[m[K [01;31m[Kerror: [m[Kâ€˜[01m[KDDS_TOPIC_FILTER_SAMPLE_SAMPLEINFO_ARG[m[Kâ€™ was not declared in this scope
[8.196s]   432 |         flt.mode = [01;31m[KDDS_TOPIC_FILTER_SAMPLE_SAMPLEINFO_ARG[m[K;
[8.196s]       |                    [01;31m[K^~~~~~~~~~~~~~~~~~~~~~~~~~~~~~~~~~~~~~[m[K
[8.196s] [01m[K/usr/local/include/ddscxx/dds/topic/detail/ContentFilteredTopic.hpp:[m[K In member function â€˜[01m[Kvoid dds::topic::detail::ContentFilteredTopic<T>::filter_function_internal(Functor&&, int*)[m[Kâ€™:
[8.197s] [01m[K/usr/local/include/ddscxx/dds/topic/detail/ContentFilteredTopic.hpp:455:14:[m[K [01;31m[Kerror: [m[Krequest for member â€˜[01m[Karg[m[Kâ€™ in â€˜[01m[Kflt->[m[Kâ€™, which is of non-class type â€˜[01m[Kint[m[Kâ€™
[8.197s]   455 |         flt->[01;31m[Karg[m[K = myFunctor;
[8.197s]       |              [01;31m[K^~~[m[K
[8.197s] [01m[K/usr/local/include/ddscxx/dds/topic/detail/ContentFilteredTopic.hpp:456:9:[m[K [01;31m[Kerror: [m[Kthere are no arguments to â€˜[01m[Kdds_set_topic_filter_extended[m[Kâ€™ that depend on a template parameter, so a declaration of â€˜[01m[Kdds_set_topic_filter_extended[m[Kâ€™ must be available [[01;31m[K-fpermissive[m[K]
[8.197s]   456 |         [01;31m[Kdds_set_topic_filter_extended[m[K(cfTopic, flt);
[8.197s]       |         [01;31m[K^~~~~~~~~~~~~~~~~~~~~~~~~~~~~[m[K
[8.315s] In file included from [01m[K/usr/local/include/ddscxx/dds/sub/detail/SampleRef.hpp:34[m[K,
[8.316s]                  from [01m[K/usr/local/include/ddscxx/dds/sub/SampleRef.hpp:22[m[K,
[8.317s]                  from [01m[K/usr/local/include/ddscxx/dds/sub/LoanedSamples.hpp:22[m[K,
[8.319s]                  from [01m[K/usr/local/include/ddscxx/dds/sub/detail/DataReader.hpp:21[m[K,
[8.319s]                  from [01m[K/usr/local/include/ddscxx/dds/sub/DataReader.hpp:21[m[K,
[8.319s]                  from [01m[K/usr/local/include/ddscxx/dds/sub/ddssub.hpp:30[m[K,
[8.319s]                  from [01m[K/usr/local/include/ddscxx/dds/dds.hpp:37[m[K,
[8.319s]                  from [01m[K/usr/local/include/unitree/common/dds/dds_entity.hpp:4[m[K,
[8.319s]                  from [01m[K/usr/local/include/unitree/common/dds/dds_topic_channel.hpp:4[m[K,
[8.320s]                  from [01m[K/usr/local/include/unitree/common/dds/dds_factory_model.hpp:5[m[K,
[8.320s]                  from [01m[K/usr/local/include/unitree/robot/channel/channel_factory.hpp:4[m[K,
[8.320s]                  from [01m[K/usr/local/include/unitree/robot/channel/channel_publisher.hpp:4[m[K,
[8.320s]                  from [01m[K/home/unitree/106a_final/src/arm_driver/src/servo_driver.cpp:8[m[K:
[8.320s] [01m[K/usr/local/include/ddscxx/org/eclipse/cyclonedds/topic/datatopic.hpp:[m[K In function â€˜[01m[Kbool read_header(const void*, org::eclipse::cyclonedds::core::cdr::encoding_version&, org::eclipse::cyclonedds::core::cdr::endianness&)[m[Kâ€™:
[8.320s] [01m[K/usr/local/include/ddscxx/org/eclipse/cyclonedds/topic/datatopic.hpp:213:54:[m[K [01;31m[Kerror: [m[Kâ€˜[01m[KDDS_DATA_REPRESENTATION_FLAG_XCDR1[m[Kâ€™ was not declared in this scope
[8.320s]   213 |           if (TopicTraits<T>::allowableEncodings() & [01;31m[KDDS_DATA_REPRESENTATION_FLAG_XCDR1[m[K)
[8.320s]       |                                                      [01;31m[K^~~~~~~~~~~~~~~~~~~~~~~~~~~~~~~~~~[m[K
[8.344s] [01m[K/usr/local/include/ddscxx/org/eclipse/cyclonedds/topic/datatopic.hpp:[m[K In member function â€˜[01m[Kvoid ddscxx_serdata<T>::populate_hash()[m[Kâ€™:
[8.344s] [01m[K/usr/local/include/ddscxx/org/eclipse/cyclonedds/topic/datatopic.hpp:766:11:[m[K [01;31m[Kerror: [m[Kâ€˜[01m[Ktype[m[Kâ€™ was not declared in this scope
[8.344s]   766 |   hash ^= [01;31m[Ktype[m[K->serdata_basehash;
[8.344s]       |           [01;31m[K^~~~[m[K
[10.531s] In file included from [01m[K/usr/local/include/ddscxx/dds/topic/detail/BuiltinTopic.hpp:23[m[K,
[10.531s]                  from [01m[K/usr/local/include/ddscxx/dds/topic/BuiltinTopic.hpp:22[m[K,
[10.531s]                  from [01m[K/usr/local/include/ddscxx/org/eclipse/cyclonedds/sub/AnyDataReaderDelegate.hpp:36[m[K,
[10.531s]                  from [01m[K/usr/local/include/ddscxx/dds/topic/detail/ContentFilteredTopic.hpp:31[m[K,
[10.531s]                  from [01m[K/usr/local/include/ddscxx/dds/topic/ContentFilteredTopic.hpp:22[m[K,
[10.532s]                  from [01m[K/usr/local/include/ddscxx/dds/topic/ddstopic.hpp:25[m[K,
[10.532s]                  from [01m[K/usr/local/include/ddscxx/dds/dds.hpp:35[m[K,
[10.532s]                  from [01m[K/usr/local/include/unitree/common/dds/dds_entity.hpp:4[m[K,
[10.532s]                  from [01m[K/usr/local/include/unitree/common/dds/dds_topic_channel.hpp:4[m[K,
[10.532s]                  from [01m[K/usr/local/include/unitree/common/dds/dds_factory_model.hpp:5[m[K,
[10.532s]                  from [01m[K/usr/local/include/unitree/robot/channel/channel_factory.hpp:4[m[K,
[10.532s]                  from [01m[K/usr/local/include/unitree/robot/channel/channel_publisher.hpp:4[m[K,
[10.532s]                  from [01m[K/home/unitree/106a_final/src/arm_driver/src/servo_driver.cpp:8[m[K:
[10.533s] /usr/local/include/ddscxx/dds/topic/detail/TTopicImpl.hpp: In instantiation of â€˜[01m[Kdds::topic::detail::Topic<T>::Topic(const DomainParticipant&, const string&, const string&, const TopicQos&, dds::topic::TopicListener<T>*, const dds::core::status::StatusMask&) [with T = unitree_arm::msg::dds_::ArmString_; dds::domain::DomainParticipant = dds::domain::TDomainParticipant<org::eclipse::cyclonedds::domain::DomainParticipantDelegate>; std::string = std::__cxx11::basic_string<char>; dds::topic::qos::TopicQos = dds::core::TEntityQos<org::eclipse::cyclonedds::topic::qos::TopicQosDelegate>][m[Kâ€™:
[10.533s] [01m[K/usr/local/include/ddscxx/dds/topic/detail/TTopicImpl.hpp:84:45:[m[K   required from â€˜[01m[Kdds::topic::Topic<T, DELEGATE>::Topic(const DomainParticipant&, const string&, const TopicQos&, dds::topic::TopicListener<T>*, const dds::core::status::StatusMask&) [with T = unitree_arm::msg::dds_::ArmString_; DELEGATE = dds::topic::detail::Topic; dds::domain::DomainParticipant = dds::domain::TDomainParticipant<org::eclipse::cyclonedds::domain::DomainParticipantDelegate>; std::string = std::__cxx11::basic_string<char>; dds::topic::qos::TopicQos = dds::core::TEntityQos<org::eclipse::cyclonedds::topic::qos::TopicQosDelegate>][m[Kâ€™
[10.533s] [01m[K/usr/local/include/unitree/common/dds/dds_entity.hpp:117:19:[m[K   required from â€˜[01m[Kunitree::common::DdsTopic<MSG>::DdsTopic(const DdsParticipantPtr&, const string&, const unitree::common::DdsTopicQos&) [with MSG = unitree_arm::msg::dds_::ArmString_; unitree::common::DdsParticipantPtr = std::shared_ptr<unitree::common::DdsParticipant>; std::string = std::__cxx11::basic_string<char>][m[Kâ€™
[10.533s] [01m[K/usr/local/include/unitree/common/dds/dds_topic_channel.hpp:39:35:[m[K   required from â€˜[01m[Kvoid unitree::common::DdsTopicChannel<MSG>::SetTopic(const DdsParticipantPtr&, const string&, const unitree::common::DdsTopicQos&) [with MSG = unitree_arm::msg::dds_::ArmString_; unitree::common::DdsParticipantPtr = std::shared_ptr<unitree::common::DdsParticipant>; std::string = std::__cxx11::basic_string<char>][m[Kâ€™
[10.533s] [01m[K/usr/local/include/unitree/common/dds/dds_factory_model.hpp:25:9:[m[K   required from â€˜[01m[Kunitree::common::DdsTopicChannelPtr<MSG> unitree::common::DdsFactoryModel::CreateTopicChannel(const string&) [with MSG = unitree_arm::msg::dds_::ArmString_; unitree::common::DdsTopicChannelPtr<MSG> = std::shared_ptr<unitree::common::DdsTopicChannel<unitree_arm::msg::dds_::ArmString_> >; std::string = std::__cxx11::basic_string<char>][m[Kâ€™
[10.533s] [01m[K/usr/local/include/unitree/robot/channel/channel_factory.hpp:34:25:[m[K   required from â€˜[01m[Kunitree::robot::ChannelPtr<MSG> unitree::robot::ChannelFactory::CreateSendChannel(const string&) [with MSG = unitree_arm::msg::dds_::ArmString_; unitree::robot::ChannelPtr<MSG> = std::shared_ptr<unitree::common::DdsTopicChannel<unitree_arm::msg::dds_::ArmString_> >; std::string = std::__cxx11::basic_string<char>][m[Kâ€™
[10.533s] [01m[K/usr/local/include/unitree/robot/channel/channel_publisher.hpp:20:21:[m[K   required from â€˜[01m[Kvoid unitree::robot::ChannelPublisher<MSG>::InitChannel() [with MSG = unitree_arm::msg::dds_::ArmString_][m[Kâ€™
[10.534s] [01m[K/home/unitree/106a_final/src/arm_driver/src/servo_driver.cpp:25:37:[m[K   required from here
[10.534s] [01m[K/usr/local/include/ddscxx/dds/topic/detail/TTopicImpl.hpp:176:76:[m[K [01;31m[Kerror: [m[Kâ€˜[01m[KgetSerType[m[Kâ€™ is not a member of â€˜[01m[Korg::eclipse::cyclonedds::topic::TopicTraits<unitree_arm::msg::dds_::ArmString_>[m[Kâ€™
[10.534s]   176 |     ser_type_ = [01;31m[Korg::eclipse::cyclonedds::topic::TopicTraits<T>::getSerType()[m[K;
[10.534s]       |                 [01;31m[K~~~~~~~~~~~~~~~~~~~~~~~~~~~~~~~~~~~~~~~~~~~~~~~~~~~~~~~~~~~^~[m[K
[10.551s] [01m[K/usr/local/include/ddscxx/dds/topic/detail/TTopicImpl.hpp:178:55:[m[K [01;31m[Kerror: [m[Kâ€˜[01m[Kdds_create_topic_sertype[m[Kâ€™ was not declared in this scope; did you mean â€˜[01m[Kdds_create_topic_generic[m[Kâ€™?
[10.551s]   178 |     dds_entity_t ddsc_topic = [01;31m[Kdds_create_topic_sertype([m[K
[10.551s]       |                               [01;31m[K~~~~~~~~~~~~~~~~~~~~~~~~^[m[K
[10.551s]   179 | [01;31m[K      ddsc_par, name.c_str(), &ser_type_, ddsc_qos, NULL, NULL)[m[K;
[10.551s]       |       [01;31m[K~~~~~~~~~~~~~~~~~~~~~~~~~~~~~~~~~~~~~~~~~~~~~~~~~~~~~~~~~[m[K
[13.605s] make[2]: *** [CMakeFiles/servo_driver.dir/build.make:63: CMakeFiles/servo_driver.dir/src/servo_driver.cpp.o] Error 1
[13.606s] make[1]: *** [CMakeFiles/Makefile2:78: CMakeFiles/servo_driver.dir/all] Error 2
[13.606s] make: *** [Makefile:141: all] Error 2
[13.611s] Invoked command in '/home/unitree/106a_final/build/arm_driver' returned '2': CMAKE_PREFIX_PATH=${CMAKE_PREFIX_PATH}:/home/unitree/106a_final/install/navigation_node:/home/unitree/106a_final/install/vision_node:/home/unitree/106a_final/install/arm_control:/opt/ros/foxy /usr/bin/cmake --build /home/unitree/106a_final/build/arm_driver -- -j4 -l4
