[2.491s] Invoking command in '/home/unitree/106a_final/build/arm_driver': CMAKE_PREFIX_PATH=${CMAKE_PREFIX_PATH}:/opt/ros/foxy /usr/bin/cmake --build /home/unitree/106a_final/build/arm_driver -- -j4 -l4
[4.917s] [ 16%] [32mBuilding CXX object CMakeFiles/d1_wrapper.dir/src/D1Wrapper.cpp.o[0m
[4.920s] In file included from [01m[K/home/unitree/106a_final/src/arm_driver/src/D1Wrapper.cpp:1[m[K:
[4.920s] [01m[K/home/unitree/106a_final/src/arm_driver/src/D1Wrapper.hpp:6:23:[m[K [01;35m[Kwarning: [m[Kextra tokens at end of #include directive
[4.920s]     6 | #include <functional> [01;35m[K#[m[Kinclude <functional>
[4.921s]       |                       [01;35m[K^[m[K
[4.921s] [01m[K/home/unitree/106a_final/src/arm_driver/src/D1Wrapper.cpp:3:57:[m[K [01;35m[Kwarning: [m[Kextra tokens at end of #include directive
[4.922s]     3 | #include <unitree/robot/channel/channel_subscriber.hpp> [01;35m[K#[m[Kinclude <unitree/robot/channel/channel_subscriber.hpp>
[4.922s]       |                                                         [01;35m[K^[m[K
[4.931s] [01m[K/home/unitree/106a_final/src/arm_driver/src/D1Wrapper.cpp:5:30:[m[K [01;35m[Kwarning: [m[Kextra tokens at end of #include directive
[4.932s]     5 | #include "PubServoInfo_.hpp" [01;35m[K#[m[Kinclude "PubServoInfo_.hpp"
[4.932s]       |                              [01;35m[K^[m[K
[6.993s] [01m[K/home/unitree/106a_final/src/arm_driver/src/D1Wrapper.cpp:43:12:[m[K [01;31m[Kerror: [m[Kâ€˜[01m[Kstruct D1Wrapper::Impl[m[Kâ€™ is private within this context
[6.993s]    43 | D1Wrapper::[01;31m[KImpl[m[K* g_d1_impl = nullptr;
[6.993s]       |            [01;31m[K^~~~[m[K
[6.993s] [01m[K/home/unitree/106a_final/src/arm_driver/src/D1Wrapper.cpp:17:19:[m[K [01;36m[Knote: [m[Kdeclared private here
[6.994s]    17 | struct D1Wrapper::[01;36m[KImpl[m[K {
[6.994s]       |                   [01;36m[K^~~~[m[K
[10.126s] make[2]: *** [CMakeFiles/d1_wrapper.dir/build.make:63: CMakeFiles/d1_wrapper.dir/src/D1Wrapper.cpp.o] Error 1
[10.131s] make[1]: *** [CMakeFiles/Makefile2:107: CMakeFiles/d1_wrapper.dir/all] Error 2
[10.132s] make: *** [Makefile:141: all] Error 2
[11.425s] Invoked command in '/home/unitree/106a_final/build/arm_driver' returned '2': CMAKE_PREFIX_PATH=${CMAKE_PREFIX_PATH}:/opt/ros/foxy /usr/bin/cmake --build /home/unitree/106a_final/build/arm_driver -- -j4 -l4
