[1.728s] Invoking command in '/home/unitree/106a_final/build/arm_driver': CMAKE_PREFIX_PATH=${CMAKE_PREFIX_PATH}:/opt/ros/foxy /usr/bin/cmake --build /home/unitree/106a_final/build/arm_driver -- -j4 -l4
[1.873s] [ 33%] [32mBuilding CXX object CMakeFiles/servo_driver.dir/src/servo_driver.cpp.o[0m
[1.877s] [ 66%] [32mBuilding CXX object CMakeFiles/servo_driver.dir/home/unitree/106a_final/src/d1_sdk/src/msg/ArmString_.cpp.o[0m
[3.101s] In file included from [01m[K/usr/local/include/ddscxx/org/eclipse/cyclonedds/topic/datatopic.hpp:26[m[K,
[3.101s]                  from [01m[K/home/unitree/106a_final/src/d1_sdk/src/msg/ArmString_.hpp:57[m[K,
[3.101s]                  from [01m[K/home/unitree/106a_final/src/d1_sdk/src/msg/ArmString_.cpp:9[m[K:
[3.102s] [01m[K/usr/local/include/ddscxx/org/eclipse/cyclonedds/topic/TopicTraits.hpp:95:12:[m[K [01;31m[Kerror: [m[Kâ€˜[01m[Kddsi_sertype[m[Kâ€™ does not name a type; did you mean â€˜[01m[Kddscxx_sertype[m[Kâ€™?
[3.104s]    95 |     static [01;31m[Kddsi_sertype[m[K *getSerType(allowable_encodings_t kinds = allowableEncodings())
[3.104s]       |            [01;31m[K^~~~~~~~~~~~[m[K
[3.105s]       |            [32m[Kddscxx_sertype[m[K
[3.115s] [01m[K/usr/local/include/ddscxx/org/eclipse/cyclonedds/topic/TopicTraits.hpp:167:12:[m[K [01;31m[Kerror: [m[Kâ€˜[01m[Kddsi_typeid_t[m[Kâ€™ does not name a type; did you mean â€˜[01m[Kdds_time_t[m[Kâ€™?
[3.116s]   167 |     static [01;31m[Kddsi_typeid_t[m[K* getTypeId(const struct ddsi_sertype *, ddsi_typeid_kind_t kind)
[3.116s]       |            [01;31m[K^~~~~~~~~~~~~[m[K
[3.116s]       |            [32m[Kdds_time_t[m[K
[3.122s] [01m[K/usr/local/include/ddscxx/org/eclipse/cyclonedds/topic/TopicTraits.hpp:188:12:[m[K [01;31m[Kerror: [m[Kâ€˜[01m[Kddsi_typemap_t[m[Kâ€™ does not name a type
[3.123s]   188 |     static [01;31m[Kddsi_typemap_t[m[K* getTypeMap(const struct ddsi_sertype *)
[3.123s]       |            [01;31m[K^~~~~~~~~~~~~~[m[K
[3.140s] [01m[K/usr/local/include/ddscxx/org/eclipse/cyclonedds/topic/TopicTraits.hpp:202:12:[m[K [01;31m[Kerror: [m[Kâ€˜[01m[Kddsi_typeinfo_t[m[Kâ€™ does not name a type
[3.141s]   202 |     static [01;31m[Kddsi_typeinfo_t[m[K* getTypeInfo(const struct ddsi_sertype *)
[3.141s]       |            [01;31m[K^~~~~~~~~~~~~~~[m[K
[3.141s] [01m[K/usr/local/include/ddscxx/org/eclipse/cyclonedds/topic/TopicTraits.hpp:266:76:[m[K [01;31m[Kerror: [m[Kâ€˜[01m[Kdds_data_representation_id_t[m[Kâ€™ has not been declared
[3.141s]   266 |     static struct ddsi_sertype* deriveSertype(const struct ddsi_sertype *, [01;31m[Kdds_data_representation_id_t[m[K data_representation, dds_type_consistency_enforcement_qospolicy_t)
[3.141s]       |                                                                            [01;31m[K^~~~~~~~~~~~~~~~~~~~~~~~~~~~[m[K
[3.141s] [01m[K/usr/local/include/ddscxx/org/eclipse/cyclonedds/topic/TopicTraits.hpp:266:126:[m[K [01;31m[Kerror: [m[Kâ€˜[01m[Kdds_type_consistency_enforcement_qospolicy_t[m[Kâ€™ has not been declared
[3.142s]   266 |     static struct ddsi_sertype* deriveSertype(const struct ddsi_sertype *, dds_data_representation_id_t data_representation, [01;31m[Kdds_type_consistency_enforcement_qospolicy_t[m[K)
[3.142s]       |                                                                                                                              [01;31m[K^~~~~~~~~~~~~~~~~~~~~~~~~~~~~~~~~~~~~~~~~~~~[m[K
[3.168s] In file included from [01m[K/usr/local/include/ddscxx/org/eclipse/cyclonedds/topic/datatopic.hpp:26[m[K,
[3.169s]                  from [01m[K/home/unitree/106a_final/src/d1_sdk/src/msg/ArmString_.hpp:57[m[K,
[3.169s]                  from [01m[K/home/unitree/106a_final/src/d1_sdk/src/msg/ArmString_.cpp:9[m[K:
[3.169s] [01m[K/usr/local/include/ddscxx/org/eclipse/cyclonedds/topic/TopicTraits.hpp:[m[K In static member function â€˜[01m[Kstatic org::eclipse::cyclonedds::topic::ddsi_sertype* org::eclipse::cyclonedds::topic::TopicTraits<TOPIC>::deriveSertype(const org::eclipse::cyclonedds::topic::ddsi_sertype*, int, int)[m[Kâ€™:
[3.169s] [01m[K/usr/local/include/ddscxx/org/eclipse/cyclonedds/topic/TopicTraits.hpp:270:16:[m[K [01;31m[Kerror: [m[Kâ€˜[01m[KDDS_DATA_REPRESENTATION_XCDR1[m[Kâ€™ was not declared in this scope
[3.169s]   270 |           case [01;31m[KDDS_DATA_REPRESENTATION_XCDR1[m[K:
[3.170s]       |                [01;31m[K^~~~~~~~~~~~~~~~~~~~~~~~~~~~~[m[K
[3.170s] [01m[K/usr/local/include/ddscxx/org/eclipse/cyclonedds/topic/TopicTraits.hpp:271:32:[m[K [01;31m[Kerror: [m[Kâ€˜[01m[KDDS_DATA_REPRESENTATION_FLAG_XCDR1[m[Kâ€™ was not declared in this scope
[3.170s]   271 |               ptr = getSerType([01;31m[KDDS_DATA_REPRESENTATION_FLAG_XCDR1[m[K);
[3.170s]       |                                [01;31m[K^~~~~~~~~~~~~~~~~~~~~~~~~~~~~~~~~~[m[K
[3.170s] [01m[K/usr/local/include/ddscxx/org/eclipse/cyclonedds/topic/TopicTraits.hpp:271:21:[m[K [01;31m[Kerror: [m[Kthere are no arguments to â€˜[01m[KgetSerType[m[Kâ€™ that depend on a template parameter, so a declaration of â€˜[01m[KgetSerType[m[Kâ€™ must be available [[01;31m[K-fpermissive[m[K]
[3.170s]   271 |               ptr = [01;31m[KgetSerType[m[K(DDS_DATA_REPRESENTATION_FLAG_XCDR1);
[3.170s]       |                     [01;31m[K^~~~~~~~~~[m[K
[3.171s] [01m[K/usr/local/include/ddscxx/org/eclipse/cyclonedds/topic/TopicTraits.hpp:271:21:[m[K [01;36m[Knote: [m[K(if you use â€˜[01m[K-fpermissive[m[Kâ€™, G++ will accept your code, but allowing the use of an undeclared name is deprecated)
[3.171s] [01m[K/usr/local/include/ddscxx/org/eclipse/cyclonedds/topic/TopicTraits.hpp:273:16:[m[K [01;31m[Kerror: [m[Kâ€˜[01m[KDDS_DATA_REPRESENTATION_XCDR2[m[Kâ€™ was not declared in this scope
[3.171s]   273 |           case [01;31m[KDDS_DATA_REPRESENTATION_XCDR2[m[K:
[3.171s]       |                [01;31m[K^~~~~~~~~~~~~~~~~~~~~~~~~~~~~[m[K
[3.179s] [01m[K/usr/local/include/ddscxx/org/eclipse/cyclonedds/topic/TopicTraits.hpp:274:32:[m[K [01;31m[Kerror: [m[Kâ€˜[01m[KDDS_DATA_REPRESENTATION_FLAG_XCDR2[m[Kâ€™ was not declared in this scope
[3.179s]   274 |               ptr = getSerType([01;31m[KDDS_DATA_REPRESENTATION_FLAG_XCDR2[m[K);
[3.179s]       |                                [01;31m[K^~~~~~~~~~~~~~~~~~~~~~~~~~~~~~~~~~[m[K
[3.181s] [01m[K/usr/local/include/ddscxx/org/eclipse/cyclonedds/topic/TopicTraits.hpp:274:21:[m[K [01;31m[Kerror: [m[Kthere are no arguments to â€˜[01m[KgetSerType[m[Kâ€™ that depend on a template parameter, so a declaration of â€˜[01m[KgetSerType[m[Kâ€™ must be available [[01;31m[K-fpermissive[m[K]
[3.182s]   274 |               ptr = [01;31m[KgetSerType[m[K(DDS_DATA_REPRESENTATION_FLAG_XCDR2);
[3.183s]       |                     [01;31m[K^~~~~~~~~~[m[K
[3.183s] [01m[K/usr/local/include/ddscxx/org/eclipse/cyclonedds/topic/TopicTraits.hpp:278:52:[m[K [01;35m[Kwarning: [m[Kinvalid use of incomplete type â€˜[01m[Kstruct org::eclipse::cyclonedds::topic::ddsi_sertype[m[Kâ€™
[3.183s]   278 |             uint32_t refc = ddsrt_atomic_ld32 (&ptr[01;35m[K->[m[Kflags_refc);
[3.184s]       |                                                    [01;35m[K^~[m[K
[3.185s] In file included from [01m[K/usr/local/include/ddscxx/org/eclipse/cyclonedds/topic/datatopic.hpp:26[m[K,
[3.187s]                  from [01m[K/home/unitree/106a_final/src/d1_sdk/src/msg/ArmString_.hpp:57[m[K,
[3.187s]                  from [01m[K/home/unitree/106a_final/src/d1_sdk/src/msg/ArmString_.cpp:9[m[K:
[3.187s] [01m[K/usr/local/include/ddscxx/org/eclipse/cyclonedds/topic/TopicTraits.hpp:266:19:[m[K [01;36m[Knote: [m[Kforward declaration of â€˜[01m[Kstruct org::eclipse::cyclonedds::topic::ddsi_sertype[m[Kâ€™
[3.187s]   266 |     static struct [01;36m[Kddsi_sertype[m[K* deriveSertype(const struct ddsi_sertype *, dds_data_representation_id_t data_representation, dds_type_consistency_enforcement_qospolicy_t)
[3.187s]       |                   [01;36m[K^~~~~~~~~~~~[m[K
[3.188s] In file included from [01m[K/usr/local/include/ddscxx/org/eclipse/cyclonedds/topic/datatopic.hpp:26[m[K,
[3.188s]                  from [01m[K/home/unitree/106a_final/src/d1_sdk/src/msg/ArmString_.hpp:57[m[K,
[3.188s]                  from [01m[K/home/unitree/106a_final/src/d1_sdk/src/msg/ArmString_.cpp:9[m[K:
[3.188s] [01m[K/usr/local/include/ddscxx/org/eclipse/cyclonedds/topic/TopicTraits.hpp:279:36:[m[K [01;35m[Kwarning: [m[Kinvalid use of incomplete type â€˜[01m[Kstruct org::eclipse::cyclonedds::topic::ddsi_sertype[m[Kâ€™
[3.188s]   279 |             ddsrt_atomic_st32 (&ptr[01;35m[K->[m[Kflags_refc, refc & ~DDSI_SERTYPE_REFC_MASK);
[3.188s]       |                                    [01;35m[K^~[m[K
[3.188s] In file included from [01m[K/usr/local/include/ddscxx/org/eclipse/cyclonedds/topic/datatopic.hpp:26[m[K,
[3.188s]                  from [01m[K/home/unitree/106a_final/src/d1_sdk/src/msg/ArmString_.hpp:57[m[K,
[3.189s]                  from [01m[K/home/unitree/106a_final/src/d1_sdk/src/msg/ArmString_.cpp:9[m[K:
[3.194s] [01m[K/usr/local/include/ddscxx/org/eclipse/cyclonedds/topic/TopicTraits.hpp:266:19:[m[K [01;36m[Knote: [m[Kforward declaration of â€˜[01m[Kstruct org::eclipse::cyclonedds::topic::ddsi_sertype[m[Kâ€™
[3.194s]   266 |     static struct [01;36m[Kddsi_sertype[m[K* deriveSertype(const struct ddsi_sertype *, dds_data_representation_id_t data_representation, dds_type_consistency_enforcement_qospolicy_t)
[3.194s]       |                   [01;36m[K^~~~~~~~~~~~[m[K
[3.205s] In file included from [01m[K/usr/local/include/ddscxx/org/eclipse/cyclonedds/topic/datatopic.hpp:26[m[K,
[3.206s]                  from [01m[K/home/unitree/106a_final/src/d1_sdk/src/msg/ArmString_.hpp:57[m[K,
[3.207s]                  from [01m[K/home/unitree/106a_final/src/d1_sdk/src/msg/ArmString_.cpp:9[m[K:
[3.207s] [01m[K/usr/local/include/ddscxx/org/eclipse/cyclonedds/topic/TopicTraits.hpp:279:58:[m[K [01;31m[Kerror: [m[Kâ€˜[01m[KDDSI_SERTYPE_REFC_MASK[m[Kâ€™ was not declared in this scope
[3.207s]   279 |             ddsrt_atomic_st32 (&ptr->flags_refc, refc & ~[01;31m[KDDSI_SERTYPE_REFC_MASK[m[K);
[3.207s]       |                                                          [01;31m[K^~~~~~~~~~~~~~~~~~~~~~[m[K
[3.223s] In file included from [01m[K/home/unitree/106a_final/src/d1_sdk/src/msg/ArmString_.hpp:57[m[K,
[3.223s]                  from [01m[K/home/unitree/106a_final/src/d1_sdk/src/msg/ArmString_.cpp:9[m[K:
[3.224s] [01m[K/usr/local/include/ddscxx/org/eclipse/cyclonedds/topic/datatopic.hpp:[m[K In function â€˜[01m[Kbool read_header(const void*, org::eclipse::cyclonedds::core::cdr::encoding_version&, org::eclipse::cyclonedds::core::cdr::endianness&)[m[Kâ€™:
[3.224s] [01m[K/usr/local/include/ddscxx/org/eclipse/cyclonedds/topic/datatopic.hpp:213:54:[m[K [01;31m[Kerror: [m[Kâ€˜[01m[KDDS_DATA_REPRESENTATION_FLAG_XCDR1[m[Kâ€™ was not declared in this scope
[3.224s]   213 |           if (TopicTraits<T>::allowableEncodings() & [01;31m[KDDS_DATA_REPRESENTATION_FLAG_XCDR1[m[K)
[3.224s]       |                                                      [01;31m[K^~~~~~~~~~~~~~~~~~~~~~~~~~~~~~~~~~[m[K
[3.231s] [01m[K/usr/local/include/ddscxx/org/eclipse/cyclonedds/topic/datatopic.hpp:[m[K At global scope:
[3.232s] [01m[K/usr/local/include/ddscxx/org/eclipse/cyclonedds/topic/datatopic.hpp:380:9:[m[K [01;31m[Kerror: [m[Kâ€˜[01m[Kddsi_sertype[m[Kâ€™ does not name a type; did you mean â€˜[01m[Kddscxx_sertype[m[Kâ€™?
[3.233s]   380 |   const [01;31m[Kddsi_sertype[m[K* type,
[3.234s]       |         [01;31m[K^~~~~~~~~~~~[m[K
[3.234s]       |         [32m[Kddscxx_sertype[m[K
[3.239s] [01m[K/usr/local/include/ddscxx/org/eclipse/cyclonedds/topic/datatopic.hpp:406:9:[m[K [01;31m[Kerror: [m[Kâ€˜[01m[Kddsi_sertype[m[Kâ€™ does not name a type; did you mean â€˜[01m[Kddscxx_sertype[m[Kâ€™?
[3.241s]   406 |   const [01;31m[Kddsi_sertype[m[K* type,
[3.241s]       |         [01;31m[K^~~~~~~~~~~~[m[K
[3.241s]       |         [32m[Kddscxx_sertype[m[K
[3.245s] [01m[K/usr/local/include/ddscxx/org/eclipse/cyclonedds/topic/datatopic.hpp:441:9:[m[K [01;31m[Kerror: [m[Kâ€˜[01m[Kddsi_sertype[m[Kâ€™ does not name a type; did you mean â€˜[01m[Kddscxx_sertype[m[Kâ€™?
[3.245s]   441 |   const [01;31m[Kddsi_sertype[m[K* type,
[3.246s]       |         [01;31m[K^~~~~~~~~~~~[m[K
[3.246s]       |         [32m[Kddscxx_sertype[m[K
[3.255s] [01m[K/usr/local/include/ddscxx/org/eclipse/cyclonedds/topic/datatopic.hpp:452:9:[m[K [01;31m[Kerror: [m[Kâ€˜[01m[Kddsi_sertype[m[Kâ€™ does not name a type; did you mean â€˜[01m[Kddscxx_sertype[m[Kâ€™?
[3.268s]   452 |   const [01;31m[Kddsi_sertype[m[K* typecmn,
[3.268s]       |         [01;31m[K^~~~~~~~~~~~[m[K
[3.269s]       |         [32m[Kddscxx_sertype[m[K
[3.274s] [01m[K/usr/local/include/ddscxx/org/eclipse/cyclonedds/topic/datatopic.hpp:561:9:[m[K [01;31m[Kerror: [m[Kâ€˜[01m[Kddsi_sertype[m[Kâ€™ does not name a type; did you mean â€˜[01m[Kddscxx_sertype[m[Kâ€™?
[3.275s]   561 |   const [01;31m[Kddsi_sertype[m[K* type,
[3.275s]       |         [01;31m[K^~~~~~~~~~~~[m[K
[3.275s]       |         [32m[Kddscxx_sertype[m[K
[3.280s] [01m[K/usr/local/include/ddscxx/org/eclipse/cyclonedds/topic/datatopic.hpp:595:9:[m[K [01;31m[Kerror: [m[Kâ€˜[01m[Kddsi_sertype[m[Kâ€™ does not name a type; did you mean â€˜[01m[Kddscxx_sertype[m[Kâ€™?
[3.281s]   595 |   const [01;31m[Kddsi_sertype[m[K* tpcmn, const ddsi_serdata* dcmn, char* buf, size_t bufsize)
[3.281s]       |         [01;31m[K^~~~~~~~~~~~[m[K
[3.281s]       |         [32m[Kddscxx_sertype[m[K
[3.327s] [01m[K/usr/local/include/ddscxx/org/eclipse/cyclonedds/topic/datatopic.hpp:699:24:[m[K [01;31m[Kerror: [m[Kâ€˜[01m[Kddsi_sertype[m[Kâ€™ does not name a type; did you mean â€˜[01m[Kddscxx_sertype[m[Kâ€™?
[3.329s]   699 |   ddscxx_serdata(const [01;31m[Kddsi_sertype[m[K* type, ddsi_serdata_kind kind);
[3.330s]       |                        [01;31m[K^~~~~~~~~~~~[m[K
[3.331s]       |                        [32m[Kddscxx_sertype[m[K
[3.331s] [01m[K/usr/local/include/ddscxx/org/eclipse/cyclonedds/topic/datatopic.hpp:719:41:[m[K [01;31m[Kerror: [m[Kâ€˜[01m[Kddsi_sertype[m[Kâ€™ does not name a type; did you mean â€˜[01m[Kddscxx_sertype[m[Kâ€™?
[3.331s]   719 | ddscxx_serdata<T>::ddscxx_serdata(const [01;31m[Kddsi_sertype[m[K* type, ddsi_serdata_kind kind)
[3.332s]       |                                         [01;31m[K^~~~~~~~~~~~[m[K
[3.332s]       |                                         [32m[Kddscxx_sertype[m[K
[3.348s] [01m[K/usr/local/include/ddscxx/org/eclipse/cyclonedds/topic/datatopic.hpp:[m[K In member function â€˜[01m[Kvoid ddscxx_serdata<T>::populate_hash()[m[Kâ€™:
[3.349s] [01m[K/usr/local/include/ddscxx/org/eclipse/cyclonedds/topic/datatopic.hpp:766:11:[m[K [01;31m[Kerror: [m[Kâ€˜[01m[Ktype[m[Kâ€™ was not declared in this scope
[3.349s]   766 |   hash ^= [01;31m[Ktype[m[K->serdata_basehash;
[3.350s]       |           [01;31m[K^~~~[m[K
[3.352s] [01m[K/usr/local/include/ddscxx/org/eclipse/cyclonedds/topic/datatopic.hpp:[m[K At global scope:
[3.352s] [01m[K/usr/local/include/ddscxx/org/eclipse/cyclonedds/topic/datatopic.hpp:850:19:[m[K [01;31m[Kerror: [m[Kvariable or field â€˜[01m[Ksertype_free[m[Kâ€™ declared void
[3.352s]   850 | void sertype_free([01;31m[Kddsi_sertype[m[K* tpcmn)
[3.353s]       |                   [01;31m[K^~~~~~~~~~~~[m[K
[3.354s] [01m[K/usr/local/include/ddscxx/org/eclipse/cyclonedds/topic/datatopic.hpp:850:19:[m[K [01;31m[Kerror: [m[Kâ€˜[01m[Kddsi_sertype[m[Kâ€™ was not declared in this scope; did you mean â€˜[01m[Korg::eclipse::cyclonedds::topic::ddsi_sertype[m[Kâ€™?
[3.355s]   850 | void sertype_free([01;31m[Kddsi_sertype[m[K* tpcmn)
[3.355s]       |                   [01;31m[K^~~~~~~~~~~~[m[K
[3.355s]       |                   [32m[Korg::eclipse::cyclonedds::topic::ddsi_sertype[m[K
[3.355s] In file included from [01m[K/usr/local/include/ddscxx/org/eclipse/cyclonedds/topic/datatopic.hpp:26[m[K,
[3.355s]                  from [01m[K/home/unitree/106a_final/src/d1_sdk/src/msg/ArmString_.hpp:57[m[K,
[3.355s]                  from [01m[K/home/unitree/106a_final/src/d1_sdk/src/msg/ArmString_.cpp:9[m[K:
[3.356s] [01m[K/usr/local/include/ddscxx/org/eclipse/cyclonedds/topic/TopicTraits.hpp:266:19:[m[K [01;36m[Knote: [m[Kâ€˜[01m[Korg::eclipse::cyclonedds::topic::ddsi_sertype[m[Kâ€™ declared here
[3.356s]   266 |     static struct [01;36m[Kddsi_sertype[m[K* deriveSertype(const struct ddsi_sertype *, dds_data_representation_id_t data_representation, dds_type_consistency_enforcement_qospolicy_t)
[3.356s]       |                   [01;36m[K^~~~~~~~~~~~[m[K
[3.361s] In file included from [01m[K/home/unitree/106a_final/src/d1_sdk/src/msg/ArmString_.hpp:57[m[K,
[3.361s]                  from [01m[K/home/unitree/106a_final/src/d1_sdk/src/msg/ArmString_.cpp:9[m[K:
[3.361s] [01m[K/usr/local/include/ddscxx/org/eclipse/cyclonedds/topic/datatopic.hpp:850:33:[m[K [01;31m[Kerror: [m[Kâ€˜[01m[Ktpcmn[m[Kâ€™ was not declared in this scope
[3.361s]   850 | void sertype_free(ddsi_sertype* [01;31m[Ktpcmn[m[K)
[3.361s]       |                                 [01;31m[K^~~~~[m[K
[3.367s] [01m[K/usr/local/include/ddscxx/org/eclipse/cyclonedds/topic/datatopic.hpp:858:33:[m[K [01;31m[Kerror: [m[Kâ€˜[01m[Kddsi_sertype[m[Kâ€™ does not name a type; did you mean â€˜[01m[Kddscxx_sertype[m[Kâ€™?
[3.368s]   858 | void sertype_zero_samples(const [01;31m[Kddsi_sertype[m[K*, void*, size_t)
[3.368s]       |                                 [01;31m[K^~~~~~~~~~~~[m[K
[3.368s]       |                                 [32m[Kddscxx_sertype[m[K
[3.390s] [01m[K/usr/local/include/ddscxx/org/eclipse/cyclonedds/topic/datatopic.hpp:865:22:[m[K [01;31m[Kerror: [m[Kâ€˜[01m[Kddsi_sertype[m[Kâ€™ does not name a type; did you mean â€˜[01m[Kddscxx_sertype[m[Kâ€™?
[3.390s]   865 |   void** ptrs, const [01;31m[Kddsi_sertype[m[K*, void*, size_t, size_t)
[3.390s]       |                      [01;31m[K^~~~~~~~~~~~[m[K
[3.390s]       |                      [32m[Kddscxx_sertype[m[K
[3.391s] [01m[K/usr/local/include/ddscxx/org/eclipse/cyclonedds/topic/datatopic.hpp:884:9:[m[K [01;31m[Kerror: [m[Kâ€˜[01m[Kddsi_sertype[m[Kâ€™ does not name a type; did you mean â€˜[01m[Kddscxx_sertype[m[Kâ€™?
[3.391s]   884 |   const [01;31m[Kddsi_sertype[m[K*, void** ptrs, size_t, dds_free_op_t op)
[3.391s]       |         [01;31m[K^~~~~~~~~~~~[m[K
[3.391s]       |         [32m[Kddscxx_sertype[m[K
[3.402s] [01m[K/usr/local/include/ddscxx/org/eclipse/cyclonedds/topic/datatopic.hpp:909:9:[m[K [01;31m[Kerror: [m[Kâ€˜[01m[Kddsi_sertype[m[Kâ€™ does not name a type; did you mean â€˜[01m[Kddscxx_sertype[m[Kâ€™?
[3.402s]   909 |   const [01;31m[Kddsi_sertype[m[K* acmn, const ddsi_sertype* bcmn)
[3.402s]       |         [01;31m[K^~~~~~~~~~~~[m[K
[3.402s]       |         [32m[Kddscxx_sertype[m[K
[3.403s] [01m[K/usr/local/include/ddscxx/org/eclipse/cyclonedds/topic/datatopic.hpp:909:35:[m[K [01;31m[Kerror: [m[Kâ€˜[01m[Kddsi_sertype[m[Kâ€™ does not name a type; did you mean â€˜[01m[Kddscxx_sertype[m[Kâ€™?
[3.403s]   909 |   const ddsi_sertype* acmn, const [01;31m[Kddsi_sertype[m[K* bcmn)
[3.403s]       |                                   [01;31m[K^~~~~~~~~~~~[m[K
[3.403s]       |                                   [32m[Kddscxx_sertype[m[K
[3.421s] [01m[K/usr/local/include/ddscxx/org/eclipse/cyclonedds/topic/datatopic.hpp:919:29:[m[K [01;31m[Kerror: [m[Kâ€˜[01m[Kddsi_sertype[m[Kâ€™ does not name a type; did you mean â€˜[01m[Kddscxx_sertype[m[Kâ€™?
[3.422s]   919 | uint32_t sertype_hash(const [01;31m[Kddsi_sertype[m[K* tpcmn)
[3.422s]       |                             [01;31m[K^~~~~~~~~~~~[m[K
[3.422s]       |                             [32m[Kddscxx_sertype[m[K
[3.422s] [01m[K/usr/local/include/ddscxx/org/eclipse/cyclonedds/topic/datatopic.hpp:926:42:[m[K [01;31m[Kerror: [m[Kâ€˜[01m[Kddsi_sertype[m[Kâ€™ does not name a type; did you mean â€˜[01m[Kddscxx_sertype[m[Kâ€™?
[3.423s]   926 | size_t sertype_get_serialized_size(const [01;31m[Kddsi_sertype[m[K*, const void * sample)
[3.429s]       |                                          [01;31m[K^~~~~~~~~~~~[m[K
[3.429s]       |                                          [32m[Kddscxx_sertype[m[K
[3.429s] [01m[K/usr/local/include/ddscxx/org/eclipse/cyclonedds/topic/datatopic.hpp:941:35:[m[K [01;31m[Kerror: [m[Kâ€˜[01m[Kddsi_sertype[m[Kâ€™ does not name a type; did you mean â€˜[01m[Kddscxx_sertype[m[Kâ€™?
[3.429s]   941 | bool sertype_serialize_into(const [01;31m[Kddsi_sertype[m[K*,
[3.430s]       |                                   [01;31m[K^~~~~~~~~~~~[m[K
[3.430s]       |                                   [32m[Kddscxx_sertype[m[K
[3.430s] [01m[K/usr/local/include/ddscxx/org/eclipse/cyclonedds/topic/datatopic.hpp:954:52:[m[K [01;31m[Kerror: [m[Kexpected class-name before â€˜[01m[K{[m[Kâ€™ token
[3.430s]   954 | struct ddscxx_sertype_ops: public ddsi_sertype_ops [01;31m[K{[m[K
[3.430s]       |                                                    [01;31m[K^[m[K
[3.430s] [01m[K/usr/local/include/ddscxx/org/eclipse/cyclonedds/topic/datatopic.hpp:[m[K In constructor â€˜[01m[Kddscxx_sertype_ops<T, S>::ddscxx_sertype_ops()[m[Kâ€™:
[3.430s] [01m[K/usr/local/include/ddscxx/org/eclipse/cyclonedds/topic/datatopic.hpp:955:25:[m[K [01;31m[Kerror: [m[Kclass â€˜[01m[Kddscxx_sertype_ops<T, S>[m[Kâ€™ does not have any field named â€˜[01m[Kddsi_sertype_ops[m[Kâ€™
[3.431s]   955 |   ddscxx_sertype_ops(): [01;31m[Kddsi_sertype_ops[m[K {
[3.431s]       |                         [01;31m[K^~~~~~~~~~~~~~~~[m[K
[3.431s] [01m[K/usr/local/include/ddscxx/org/eclipse/cyclonedds/topic/datatopic.hpp:956:3:[m[K [01;31m[Kerror: [m[Kâ€˜[01m[Kddsi_sertype_v0[m[Kâ€™ was not declared in this scope; did you mean â€˜[01m[Kddsi_sertopic[m[Kâ€™?
[3.431s]   956 |   [01;31m[Kddsi_sertype_v0[m[K,
[3.431s]       |   [01;31m[K^~~~~~~~~~~~~~~[m[K
[3.431s]       |   [32m[Kddsi_sertopic[m[K
[3.445s] [01m[K/usr/local/include/ddscxx/org/eclipse/cyclonedds/topic/datatopic.hpp:958:3:[m[K [01;31m[Kerror: [m[Kâ€˜[01m[Ksertype_free[m[Kâ€™ was not declared in this scope; did you mean â€˜[01m[Ksertype_hash[m[Kâ€™?
[3.448s]   958 |   [01;31m[Ksertype_free[m[K<T,S>,
[3.449s]       |   [01;31m[K^~~~~~~~~~~~[m[K
[3.450s]       |   [32m[Ksertype_hash[m[K
[3.450s] [01m[K/usr/local/include/ddscxx/org/eclipse/cyclonedds/topic/datatopic.hpp:958:17:[m[K [01;31m[Kerror: [m[Kexpected primary-expression before â€˜[01m[K,[m[Kâ€™ token
[3.450s]   958 |   sertype_free<T[01;31m[K,[m[KS>,
[3.450s]       |                 [01;31m[K^[m[K
[3.451s] [01m[K/usr/local/include/ddscxx/org/eclipse/cyclonedds/topic/datatopic.hpp:958:19:[m[K [01;31m[Kerror: [m[Kexpected primary-expression before â€˜[01m[K>[m[Kâ€™ token
[3.451s]   958 |   sertype_free<T,S[01;31m[K>[m[K,
[3.451s]       |                   [01;31m[K^[m[K
[3.451s] [01m[K/usr/local/include/ddscxx/org/eclipse/cyclonedds/topic/datatopic.hpp:958:20:[m[K [01;31m[Kerror: [m[Kexpected primary-expression before â€˜[01m[K,[m[Kâ€™ token
[3.451s]   958 |   sertype_free<T,S>[01;31m[K,[m[K
[3.451s]       |                    [01;31m[K^[m[K
[3.451s] [01m[K/usr/local/include/ddscxx/org/eclipse/cyclonedds/topic/datatopic.hpp:[m[K At global scope:
[3.452s] [01m[K/usr/local/include/ddscxx/org/eclipse/cyclonedds/topic/datatopic.hpp:981:44:[m[K [01;31m[Kerror: [m[Kexpected class-name before â€˜[01m[K{[m[Kâ€™ token
[3.452s]   981 | class ddscxx_sertype : public ddsi_sertype [01;31m[K{[m[K
[3.452s]       |                                            [01;31m[K^[m[K
[3.452s] [01m[K/usr/local/include/ddscxx/org/eclipse/cyclonedds/topic/datatopic.hpp:[m[K In constructor â€˜[01m[Kddscxx_sertype<T, S>::ddscxx_sertype()[m[Kâ€™:
[3.452s] [01m[K/usr/local/include/ddscxx/org/eclipse/cyclonedds/topic/datatopic.hpp:996:5:[m[K [01;31m[Kerror: [m[Kclass â€˜[01m[Kddscxx_sertype<T, S>[m[Kâ€™ does not have any field named â€˜[01m[Kddsi_sertype[m[Kâ€™
[3.452s]   996 |   : [01;31m[Kddsi_sertype[m[K{}
[3.452s]       |     [01;31m[K^~~~~~~~~~~~[m[K
[3.452s] [01m[K/usr/local/include/ddscxx/org/eclipse/cyclonedds/topic/datatopic.hpp:998:51:[m[K [01;31m[Kerror: [m[Kâ€˜[01m[KDDSI_SERTYPE_FLAG_TOPICKIND_NO_KEY[m[Kâ€™ was not declared in this scope; did you mean â€˜[01m[KDDSI_SERTOPIC_HAS_TOPICKIND_NO_KEY[m[Kâ€™?
[3.453s]   998 |   uint32_t flags = (TopicTraits<T>::isKeyless() ? [01;31m[KDDSI_SERTYPE_FLAG_TOPICKIND_NO_KEY[m[K : 0);
[3.453s]       |                                                   [01;31m[K^~~~~~~~~~~~~~~~~~~~~~~~~~~~~~~~~~[m[K
[3.453s]       |                                                   [32m[KDDSI_SERTOPIC_HAS_TOPICKIND_NO_KEY[m[K
[3.462s] [01m[K/usr/local/include/ddscxx/org/eclipse/cyclonedds/topic/datatopic.hpp:1005:19:[m[K [01;31m[Kerror: [m[Kâ€˜[01m[Kddsi_sertype[m[Kâ€™ does not name a type; did you mean â€˜[01m[Kddscxx_sertype[m[Kâ€™?
[3.463s]  1005 |       static_cast<[01;31m[Kddsi_sertype[m[K*>(this),
[3.463s]       |                   [01;31m[K^~~~~~~~~~~~[m[K
[3.463s]       |                   [32m[Kddscxx_sertype[m[K
[3.463s] [01m[K/usr/local/include/ddscxx/org/eclipse/cyclonedds/topic/datatopic.hpp:1005:31:[m[K [01;31m[Kerror: [m[Kexpected â€˜[01m[K>[m[Kâ€™ before â€˜[01m[K*[m[Kâ€™ token
[3.463s]  1005 |       static_cast<ddsi_sertype[01;31m[K*[m[K>(this),
[3.463s]       |                               [01;31m[K^[m[K
[3.464s] [01m[K/usr/local/include/ddscxx/org/eclipse/cyclonedds/topic/datatopic.hpp:1005:31:[m[K [01;31m[Kerror: [m[Kexpected â€˜[01m[K([m[Kâ€™ before â€˜[01m[K*[m[Kâ€™ token
[3.464s]  1005 |       static_cast<ddsi_sertype[01;31m[K*[m[K>(this),
[3.464s]       |                               [01;31m[K^[m[K
[3.464s]       |                               [32m[K([m[K
[3.464s] [01m[K/usr/local/include/ddscxx/org/eclipse/cyclonedds/topic/datatopic.hpp:1005:32:[m[K [01;31m[Kerror: [m[Kexpected primary-expression before â€˜[01m[K>[m[Kâ€™ token
[3.469s]  1005 |       static_cast<ddsi_sertype*[01;31m[K>[m[K(this),
[3.470s]       |                                [01;31m[K^[m[K
[3.500s] [01m[K/usr/local/include/ddscxx/org/eclipse/cyclonedds/topic/datatopic.hpp:1011:3:[m[K [01;31m[Kerror: [m[Kâ€˜[01m[Kallowed_data_representation[m[Kâ€™ was not declared in this scope
[3.501s]  1011 |   [01;31m[Kallowed_data_representation[m[K = TopicTraits<T>::allowableEncodings();
[3.501s]       |   [01;31m[K^~~~~~~~~~~~~~~~~~~~~~~~~~~[m[K
[3.703s] make[2]: *** [CMakeFiles/servo_driver.dir/build.make:76: CMakeFiles/servo_driver.dir/home/unitree/106a_final/src/d1_sdk/src/msg/ArmString_.cpp.o] Error 1
[3.704s] make[2]: *** Waiting for unfinished jobs....
[7.323s] In file included from [01m[K/usr/local/include/ddscxx/dds/domain/detail/TDomainParticipantImpl.hpp:23[m[K,
[7.324s]                  from [01m[K/usr/local/include/ddscxx/dds/domain/detail/DomainParticipant.hpp:22[m[K,
[7.324s]                  from [01m[K/usr/local/include/ddscxx/dds/domain/DomainParticipant.hpp:22[m[K,
[7.324s]                  from [01m[K/usr/local/include/ddscxx/dds/domain/find.hpp:22[m[K,
[7.324s]                  from [01m[K/usr/local/include/ddscxx/dds/domain/ddsdomain.hpp:21[m[K,
[7.324s]                  from [01m[K/usr/local/include/ddscxx/dds/dds.hpp:34[m[K,
[7.324s]                  from [01m[K/usr/local/include/unitree/common/dds/dds_entity.hpp:4[m[K,
[7.324s]                  from [01m[K/usr/local/include/unitree/common/dds/dds_topic_channel.hpp:4[m[K,
[7.325s]                  from [01m[K/usr/local/include/unitree/common/dds/dds_factory_model.hpp:5[m[K,
[7.325s]                  from [01m[K/usr/local/include/unitree/robot/channel/channel_factory.hpp:4[m[K,
[7.325s]                  from [01m[K/usr/local/include/unitree/robot/channel/channel_publisher.hpp:4[m[K,
[7.325s]                  from [01m[K/home/unitree/106a_final/src/arm_driver/src/servo_driver.cpp:8[m[K:
[7.325s] [01m[K/usr/local/include/ddscxx/org/eclipse/cyclonedds/domain/DomainParticipantDelegate.hpp:120:24:[m[K [01;31m[Kerror: [m[Kâ€˜[01m[Kdds_typeinfo_t[m[Kâ€™ does not name a type; did you mean â€˜[01m[Kdds_sample_info_t[m[Kâ€™?
[7.325s]   120 |                  const [01;31m[Kdds_typeinfo_t[m[K *type_info,
[7.325s]       |                        [01;31m[K^~~~~~~~~~~~~~[m[K
[7.326s]       |                        [32m[Kdds_sample_info_t[m[K
[7.352s] In file included from [01m[K/usr/local/include/ddscxx/dds/topic/detail/TopicDescription.hpp:22[m[K,
[7.353s]                  from [01m[K/usr/local/include/ddscxx/dds/topic/TopicDescription.hpp:22[m[K,
[7.353s]                  from [01m[K/usr/local/include/ddscxx/dds/topic/ddstopic.hpp:22[m[K,
[7.353s]                  from [01m[K/usr/local/include/ddscxx/dds/dds.hpp:35[m[K,
[7.353s]                  from [01m[K/usr/local/include/unitree/common/dds/dds_entity.hpp:4[m[K,
[7.353s]                  from [01m[K/usr/local/include/unitree/common/dds/dds_topic_channel.hpp:4[m[K,
[7.354s]                  from [01m[K/usr/local/include/unitree/common/dds/dds_factory_model.hpp:5[m[K,
[7.354s]                  from [01m[K/usr/local/include/unitree/robot/channel/channel_factory.hpp:4[m[K,
[7.354s]                  from [01m[K/usr/local/include/unitree/robot/channel/channel_publisher.hpp:4[m[K,
[7.354s]                  from [01m[K/home/unitree/106a_final/src/arm_driver/src/servo_driver.cpp:8[m[K:
[7.354s] [01m[K/usr/local/include/ddscxx/org/eclipse/cyclonedds/topic/TopicDescriptionDelegate.hpp:73:5:[m[K [01;31m[Kerror: [m[Kâ€˜[01m[Kddsi_sertype[m[Kâ€™ does not name a type; did you mean â€˜[01m[Kddsi_sertopic[m[Kâ€™?
[7.354s]    73 |     [01;31m[Kddsi_sertype[m[K *get_ser_type() const;
[7.354s]       |     [01;31m[K^~~~~~~~~~~~[m[K
[7.355s]       |     [32m[Kddsi_sertopic[m[K
[7.371s] [01m[K/usr/local/include/ddscxx/org/eclipse/cyclonedds/topic/TopicDescriptionDelegate.hpp:80:5:[m[K [01;31m[Kerror: [m[Kâ€˜[01m[Kddsi_sertype[m[Kâ€™ does not name a type; did you mean â€˜[01m[Kddsi_sertopic[m[Kâ€™?
[7.371s]    80 |     [01;31m[Kddsi_sertype[m[K *ser_type_;
[7.371s]       |     [01;31m[K^~~~~~~~~~~~[m[K
[7.371s]       |     [32m[Kddsi_sertopic[m[K
[7.398s] In file included from [01m[K/usr/local/include/ddscxx/org/eclipse/cyclonedds/topic/AnyTopicDelegate.hpp:23[m[K,
[7.399s]                  from [01m[K/usr/local/include/ddscxx/dds/topic/detail/AnyTopic.hpp:22[m[K,
[7.399s]                  from [01m[K/usr/local/include/ddscxx/dds/topic/AnyTopic.hpp:22[m[K,
[7.399s]                  from [01m[K/usr/local/include/ddscxx/dds/topic/detail/Topic.hpp:27[m[K,
[7.399s]                  from [01m[K/usr/local/include/ddscxx/dds/topic/Topic.hpp:21[m[K,
[7.399s]                  from [01m[K/usr/local/include/ddscxx/dds/topic/ddstopic.hpp:23[m[K,
[7.399s]                  from [01m[K/usr/local/include/ddscxx/dds/dds.hpp:35[m[K,
[7.399s]                  from [01m[K/usr/local/include/unitree/common/dds/dds_entity.hpp:4[m[K,
[7.400s]                  from [01m[K/usr/local/include/unitree/common/dds/dds_topic_channel.hpp:4[m[K,
[7.400s]                  from [01m[K/usr/local/include/unitree/common/dds/dds_factory_model.hpp:5[m[K,
[7.400s]                  from [01m[K/usr/local/include/unitree/robot/channel/channel_factory.hpp:4[m[K,
[7.400s]                  from [01m[K/usr/local/include/unitree/robot/channel/channel_publisher.hpp:4[m[K,
[7.400s]                  from [01m[K/home/unitree/106a_final/src/arm_driver/src/servo_driver.cpp:8[m[K:
[7.400s] [01m[K/usr/local/include/ddscxx/org/eclipse/cyclonedds/topic/TopicTraits.hpp:95:12:[m[K [01;31m[Kerror: [m[Kâ€˜[01m[Kddsi_sertype[m[Kâ€™ does not name a type; did you mean â€˜[01m[Kddscxx_sertype[m[Kâ€™?
[7.400s]    95 |     static [01;31m[Kddsi_sertype[m[K *getSerType(allowable_encodings_t kinds = allowableEncodings())
[7.400s]       |            [01;31m[K^~~~~~~~~~~~[m[K
[7.401s]       |            [32m[Kddscxx_sertype[m[K
[7.406s] [01m[K/usr/local/include/ddscxx/org/eclipse/cyclonedds/topic/TopicTraits.hpp:167:12:[m[K [01;31m[Kerror: [m[Kâ€˜[01m[Kddsi_typeid_t[m[Kâ€™ does not name a type; did you mean â€˜[01m[Kdds_guid_t[m[Kâ€™?
[7.407s]   167 |     static [01;31m[Kddsi_typeid_t[m[K* getTypeId(const struct ddsi_sertype *, ddsi_typeid_kind_t kind)
[7.407s]       |            [01;31m[K^~~~~~~~~~~~~[m[K
[7.407s]       |            [32m[Kdds_guid_t[m[K
[7.417s] [01m[K/usr/local/include/ddscxx/org/eclipse/cyclonedds/topic/TopicTraits.hpp:188:12:[m[K [01;31m[Kerror: [m[Kâ€˜[01m[Kddsi_typemap_t[m[Kâ€™ does not name a type
[7.418s]   188 |     static [01;31m[Kddsi_typemap_t[m[K* getTypeMap(const struct ddsi_sertype *)
[7.419s]       |            [01;31m[K^~~~~~~~~~~~~~[m[K
[7.428s] [01m[K/usr/local/include/ddscxx/org/eclipse/cyclonedds/topic/TopicTraits.hpp:202:12:[m[K [01;31m[Kerror: [m[Kâ€˜[01m[Kddsi_typeinfo_t[m[Kâ€™ does not name a type; did you mean â€˜[01m[Kdds_sample_info_t[m[Kâ€™?
[7.428s]   202 |     static [01;31m[Kddsi_typeinfo_t[m[K* getTypeInfo(const struct ddsi_sertype *)
[7.428s]       |            [01;31m[K^~~~~~~~~~~~~~~[m[K
[7.428s]       |            [32m[Kdds_sample_info_t[m[K
[7.428s] [01m[K/usr/local/include/ddscxx/org/eclipse/cyclonedds/topic/TopicTraits.hpp:266:76:[m[K [01;31m[Kerror: [m[Kâ€˜[01m[Kdds_data_representation_id_t[m[Kâ€™ has not been declared
[7.429s]   266 | uct ddsi_sertype* deriveSertype(const struct ddsi_sertype *, [01;31m[Kdds_data_representation_id_t[m[K data_representation, dds_type_consistency_enforcement_qospolicy_t)
[7.429s]       |                                                              [01;31m[K^~~~~~~~~~~~~~~~~~~~~~~~~~~~[m[K
[7.429s] 
[7.429s] [01m[K/usr/local/include/ddscxx/org/eclipse/cyclonedds/topic/TopicTraits.hpp:266:126:[m[K [01;31m[Kerror: [m[Kâ€˜[01m[Kdds_type_consistency_enforcement_qospolicy_t[m[Kâ€™ has not been declared
[7.429s]   266 | sertype *, dds_data_representation_id_t data_representation, [01;31m[Kdds_type_consistency_enforcement_qospolicy_t[m[K)
[7.429s]       |                                                              [01;31m[K^~~~~~~~~~~~~~~~~~~~~~~~~~~~~~~~~~~~~~~~~~~~[m[K
[7.429s] 
[7.449s] In file included from [01m[K/usr/local/include/ddscxx/org/eclipse/cyclonedds/topic/AnyTopicDelegate.hpp:23[m[K,
[7.450s]                  from [01m[K/usr/local/include/ddscxx/dds/topic/detail/AnyTopic.hpp:22[m[K,
[7.450s]                  from [01m[K/usr/local/include/ddscxx/dds/topic/AnyTopic.hpp:22[m[K,
[7.450s]                  from [01m[K/usr/local/include/ddscxx/dds/topic/detail/Topic.hpp:27[m[K,
[7.450s]                  from [01m[K/usr/local/include/ddscxx/dds/topic/Topic.hpp:21[m[K,
[7.450s]                  from [01m[K/usr/local/include/ddscxx/dds/topic/ddstopic.hpp:23[m[K,
[7.450s]                  from [01m[K/usr/local/include/ddscxx/dds/dds.hpp:35[m[K,
[7.451s]                  from [01m[K/usr/local/include/unitree/common/dds/dds_entity.hpp:4[m[K,
[7.451s]                  from [01m[K/usr/local/include/unitree/common/dds/dds_topic_channel.hpp:4[m[K,
[7.451s]                  from [01m[K/usr/local/include/unitree/common/dds/dds_factory_model.hpp:5[m[K,
[7.451s]                  from [01m[K/usr/local/include/unitree/robot/channel/channel_factory.hpp:4[m[K,
[7.451s]                  from [01m[K/usr/local/include/unitree/robot/channel/channel_publisher.hpp:4[m[K,
[7.451s]                  from [01m[K/home/unitree/106a_final/src/arm_driver/src/servo_driver.cpp:8[m[K:
[7.451s] [01m[K/usr/local/include/ddscxx/org/eclipse/cyclonedds/topic/TopicTraits.hpp:[m[K In static member function â€˜[01m[Kstatic org::eclipse::cyclonedds::topic::ddsi_sertype* org::eclipse::cyclonedds::topic::TopicTraits<TOPIC>::deriveSertype(const org::eclipse::cyclonedds::topic::ddsi_sertype*, int, int)[m[Kâ€™:
[7.452s] [01m[K/usr/local/include/ddscxx/org/eclipse/cyclonedds/topic/TopicTraits.hpp:270:16:[m[K [01;31m[Kerror: [m[Kâ€˜[01m[KDDS_DATA_REPRESENTATION_XCDR1[m[Kâ€™ was not declared in this scope
[7.452s]   270 |           case [01;31m[KDDS_DATA_REPRESENTATION_XCDR1[m[K:
[7.452s]       |                [01;31m[K^~~~~~~~~~~~~~~~~~~~~~~~~~~~~[m[K
[7.513s] [01m[K/usr/local/include/ddscxx/org/eclipse/cyclonedds/topic/TopicTraits.hpp:271:32:[m[K [01;31m[Kerror: [m[Kâ€˜[01m[KDDS_DATA_REPRESENTATION_FLAG_XCDR1[m[Kâ€™ was not declared in this scope
[7.514s]   271 |               ptr = getSerType([01;31m[KDDS_DATA_REPRESENTATION_FLAG_XCDR1[m[K);
[7.514s]       |                                [01;31m[K^~~~~~~~~~~~~~~~~~~~~~~~~~~~~~~~~~[m[K
[7.514s] [01m[K/usr/local/include/ddscxx/org/eclipse/cyclonedds/topic/TopicTraits.hpp:271:21:[m[K [01;31m[Kerror: [m[Kthere are no arguments to â€˜[01m[KgetSerType[m[Kâ€™ that depend on a template parameter, so a declaration of â€˜[01m[KgetSerType[m[Kâ€™ must be available [[01;31m[K-fpermissive[m[K]
[7.515s]   271 |               ptr = [01;31m[KgetSerType[m[K(DDS_DATA_REPRESENTATION_FLAG_XCDR1);
[7.515s]       |                     [01;31m[K^~~~~~~~~~[m[K
[7.515s] [01m[K/usr/local/include/ddscxx/org/eclipse/cyclonedds/topic/TopicTraits.hpp:271:21:[m[K [01;36m[Knote: [m[K(if you use â€˜[01m[K-fpermissive[m[Kâ€™, G++ will accept your code, but allowing the use of an undeclared name is deprecated)
[7.515s] [01m[K/usr/local/include/ddscxx/org/eclipse/cyclonedds/topic/TopicTraits.hpp:273:16:[m[K [01;31m[Kerror: [m[Kâ€˜[01m[KDDS_DATA_REPRESENTATION_XCDR2[m[Kâ€™ was not declared in this scope
[7.515s]   273 |           case [01;31m[KDDS_DATA_REPRESENTATION_XCDR2[m[K:
[7.515s]       |                [01;31m[K^~~~~~~~~~~~~~~~~~~~~~~~~~~~~[m[K
[7.525s] [01m[K/usr/local/include/ddscxx/org/eclipse/cyclonedds/topic/TopicTraits.hpp:274:32:[m[K [01;31m[Kerror: [m[Kâ€˜[01m[KDDS_DATA_REPRESENTATION_FLAG_XCDR2[m[Kâ€™ was not declared in this scope
[7.525s]   274 |               ptr = getSerType([01;31m[KDDS_DATA_REPRESENTATION_FLAG_XCDR2[m[K);
[7.525s]       |                                [01;31m[K^~~~~~~~~~~~~~~~~~~~~~~~~~~~~~~~~~[m[K
[7.526s] [01m[K/usr/local/include/ddscxx/org/eclipse/cyclonedds/topic/TopicTraits.hpp:274:21:[m[K [01;31m[Kerror: [m[Kthere are no arguments to â€˜[01m[KgetSerType[m[Kâ€™ that depend on a template parameter, so a declaration of â€˜[01m[KgetSerType[m[Kâ€™ must be available [[01;31m[K-fpermissive[m[K]
[7.526s]   274 |               ptr = [01;31m[KgetSerType[m[K(DDS_DATA_REPRESENTATION_FLAG_XCDR2);
[7.526s]       |                     [01;31m[K^~~~~~~~~~[m[K
[7.541s] [01m[K/usr/local/include/ddscxx/org/eclipse/cyclonedds/topic/TopicTraits.hpp:279:58:[m[K [01;31m[Kerror: [m[Kâ€˜[01m[KDDSI_SERTYPE_REFC_MASK[m[Kâ€™ was not declared in this scope
[7.542s]   279 |             ddsrt_atomic_st32 (&ptr->flags_refc, refc & ~[01;31m[KDDSI_SERTYPE_REFC_MASK[m[K);
[7.542s]       |                                                          [01;31m[K^~~~~~~~~~~~~~~~~~~~~~[m[K
[7.542s] [01m[K/usr/local/include/ddscxx/org/eclipse/cyclonedds/topic/TopicTraits.hpp:279:58:[m[K [01;36m[Knote: [m[Kthe macro â€˜[01m[KDDSI_SERTYPE_REFC_MASK[m[Kâ€™ had not yet been defined
[7.542s] In file included from [01m[K/usr/local/include/ddscxx/dds/topic/detail/TTopicImpl.hpp:155[m[K,
[7.542s]                  from [01m[K/usr/local/include/ddscxx/dds/topic/detail/BuiltinTopic.hpp:23[m[K,
[7.542s]                  from [01m[K/usr/local/include/ddscxx/dds/topic/BuiltinTopic.hpp:22[m[K,
[7.542s]                  from [01m[K/usr/local/include/ddscxx/org/eclipse/cyclonedds/sub/AnyDataReaderDelegate.hpp:36[m[K,
[7.543s]                  from [01m[K/usr/local/include/ddscxx/dds/topic/detail/ContentFilteredTopic.hpp:31[m[K,
[7.543s]                  from [01m[K/usr/local/include/ddscxx/dds/topic/ContentFilteredTopic.hpp:22[m[K,
[7.543s]                  from [01m[K/usr/local/include/ddscxx/dds/topic/ddstopic.hpp:25[m[K,
[7.543s]                  from [01m[K/usr/local/include/ddscxx/dds/dds.hpp:35[m[K,
[7.543s]                  from [01m[K/usr/local/include/unitree/common/dds/dds_entity.hpp:4[m[K,
[7.543s]                  from [01m[K/usr/local/include/unitree/common/dds/dds_topic_channel.hpp:4[m[K,
[7.543s]                  from [01m[K/usr/local/include/unitree/common/dds/dds_factory_model.hpp:5[m[K,
[7.543s]                  from [01m[K/usr/local/include/unitree/robot/channel/channel_factory.hpp:4[m[K,
[7.544s]                  from [01m[K/usr/local/include/unitree/robot/channel/channel_publisher.hpp:4[m[K,
[7.544s]                  from [01m[K/home/unitree/106a_final/src/arm_driver/src/servo_driver.cpp:8[m[K:
[7.544s] [01m[K/usr/local/include/dds/ddsi/ddsi_sertype.h:36:[m[K [01;36m[Knote: [m[Kit was later defined here
[7.544s]    36 | #define DDSI_SERTYPE_REFC_MASK   0x0fffffffu
[7.544s]       | 
[7.589s] In file included from [01m[K/opt/ros/foxy/include/dds/ddsrt/rusage.h:33[m[K,
[7.589s]                  from [01m[K/opt/ros/foxy/include/dds/ddsi/q_log.h:19[m[K,
[7.590s]                  from [01m[K/opt/ros/foxy/include/dds/ddsi/ddsi_xqos.h:20[m[K,
[7.590s]                  from [01m[K/usr/local/include/dds/ddsi/ddsi_sertype.h:18[m[K,
[7.590s]                  from [01m[K/usr/local/include/ddscxx/dds/topic/detail/TTopicImpl.hpp:155[m[K,
[7.590s]                  from [01m[K/usr/local/include/ddscxx/dds/topic/detail/BuiltinTopic.hpp:23[m[K,
[7.590s]                  from [01m[K/usr/local/include/ddscxx/dds/topic/BuiltinTopic.hpp:22[m[K,
[7.591s]                  from [01m[K/usr/local/include/ddscxx/org/eclipse/cyclonedds/sub/AnyDataReaderDelegate.hpp:36[m[K,
[7.591s]                  from [01m[K/usr/local/include/ddscxx/dds/topic/detail/ContentFilteredTopic.hpp:31[m[K,
[7.591s]                  from [01m[K/usr/local/include/ddscxx/dds/topic/ContentFilteredTopic.hpp:22[m[K,
[7.591s]                  from [01m[K/usr/local/include/ddscxx/dds/topic/ddstopic.hpp:25[m[K,
[7.591s]                  from [01m[K/usr/local/include/ddscxx/dds/dds.hpp:35[m[K,
[7.591s]                  from [01m[K/usr/local/include/unitree/common/dds/dds_entity.hpp:4[m[K,
[7.591s]                  from [01m[K/usr/local/include/unitree/common/dds/dds_topic_channel.hpp:4[m[K,
[7.592s]                  from [01m[K/usr/local/include/unitree/common/dds/dds_factory_model.hpp:5[m[K,
[7.592s]                  from [01m[K/usr/local/include/unitree/robot/channel/channel_factory.hpp:4[m[K,
[7.592s]                  from [01m[K/usr/local/include/unitree/robot/channel/channel_publisher.hpp:4[m[K,
[7.592s]                  from [01m[K/home/unitree/106a_final/src/arm_driver/src/servo_driver.cpp:8[m[K:
[7.592s] [01m[K/opt/ros/foxy/include/dds/ddsrt/threads.h:[m[K At global scope:
[7.592s] [01m[K/opt/ros/foxy/include/dds/ddsrt/threads.h:71:3:[m[K [01;31m[Kerror: [m[Kâ€˜[01m[KDDSRT_SCHED_DEFAULT[m[Kâ€™ conflicts with a previous declaration
[7.592s]    71 |   [01;31m[KDDSRT_SCHED_DEFAULT[m[K,
[7.592s]       |   [01;31m[K^~~~~~~~~~~~~~~~~~~[m[K
[7.593s] In file included from [01m[K/usr/local/include/dds/ddsi/ddsi_config.h:19[m[K,
[7.593s]                  from [01m[K/usr/local/include/ddscxx/dds/domain/TDomainParticipant.hpp:24[m[K,
[7.593s]                  from [01m[K/usr/local/include/ddscxx/dds/domain/detail/TDomainParticipantImpl.hpp:22[m[K,
[7.593s]                  from [01m[K/usr/local/include/ddscxx/dds/domain/detail/DomainParticipant.hpp:22[m[K,
[7.593s]                  from [01m[K/usr/local/include/ddscxx/dds/domain/DomainParticipant.hpp:22[m[K,
[7.593s]                  from [01m[K/usr/local/include/ddscxx/dds/domain/find.hpp:22[m[K,
[7.593s]                  from [01m[K/usr/local/include/ddscxx/dds/domain/ddsdomain.hpp:21[m[K,
[7.594s]                  from [01m[K/usr/local/include/ddscxx/dds/dds.hpp:34[m[K,
[7.594s]                  from [01m[K/usr/local/include/unitree/common/dds/dds_entity.hpp:4[m[K,
[7.594s]                  from [01m[K/usr/local/include/unitree/common/dds/dds_topic_channel.hpp:4[m[K,
[7.594s]                  from [01m[K/usr/local/include/unitree/common/dds/dds_factory_model.hpp:5[m[K,
[7.594s]                  from [01m[K/usr/local/include/unitree/robot/channel/channel_factory.hpp:4[m[K,
[7.594s]                  from [01m[K/usr/local/include/unitree/robot/channel/channel_publisher.hpp:4[m[K,
[7.594s]                  from [01m[K/home/unitree/106a_final/src/arm_driver/src/servo_driver.cpp:8[m[K:
[7.594s] [01m[K/usr/local/include/dds/ddsrt/sched.h:28:3:[m[K [01;36m[Knote: [m[Kprevious declaration â€˜[01m[Kddsrt_sched_t DDSRT_SCHED_DEFAULT[m[Kâ€™
[7.595s]    28 |   [01;36m[KDDSRT_SCHED_DEFAULT[m[K,
[7.595s]       |   [01;36m[K^~~~~~~~~~~~~~~~~~~[m[K
[7.595s] In file included from [01m[K/opt/ros/foxy/include/dds/ddsrt/rusage.h:33[m[K,
[7.595s]                  from [01m[K/opt/ros/foxy/include/dds/ddsi/q_log.h:19[m[K,
[7.595s]                  from [01m[K/opt/ros/foxy/include/dds/ddsi/ddsi_xqos.h:20[m[K,
[7.595s]                  from [01m[K/usr/local/include/dds/ddsi/ddsi_sertype.h:18[m[K,
[7.595s]                  from [01m[K/usr/local/include/ddscxx/dds/topic/detail/TTopicImpl.hpp:155[m[K,
[7.595s]                  from [01m[K/usr/local/include/ddscxx/dds/topic/detail/BuiltinTopic.hpp:23[m[K,
[7.596s]                  from [01m[K/usr/local/include/ddscxx/dds/topic/BuiltinTopic.hpp:22[m[K,
[7.596s]                  from [01m[K/usr/local/include/ddscxx/org/eclipse/cyclonedds/sub/AnyDataReaderDelegate.hpp:36[m[K,
[7.596s]                  from [01m[K/usr/local/include/ddscxx/dds/topic/detail/ContentFilteredTopic.hpp:31[m[K,
[7.596s]                  from [01m[K/usr/local/include/ddscxx/dds/topic/ContentFilteredTopic.hpp:22[m[K,
[7.597s]                  from [01m[K/usr/local/include/ddscxx/dds/topic/ddstopic.hpp:25[m[K,
[7.597s]                  from [01m[K/usr/local/include/ddscxx/dds/dds.hpp:35[m[K,
[7.597s]                  from [01m[K/usr/local/include/unitree/common/dds/dds_entity.hpp:4[m[K,
[7.597s]                  from [01m[K/usr/local/include/unitree/common/dds/dds_topic_channel.hpp:4[m[K,
[7.597s]                  from [01m[K/usr/local/include/unitree/common/dds/dds_factory_model.hpp:5[m[K,
[7.597s]                  from [01m[K/usr/local/include/unitree/robot/channel/channel_factory.hpp:4[m[K,
[7.597s]                  from [01m[K/usr/local/include/unitree/robot/channel/channel_publisher.hpp:4[m[K,
[7.601s]                  from [01m[K/home/unitree/106a_final/src/arm_driver/src/servo_driver.cpp:8[m[K:
[7.601s] [01m[K/opt/ros/foxy/include/dds/ddsrt/threads.h:78:3:[m[K [01;31m[Kerror: [m[Kâ€˜[01m[KDDSRT_SCHED_REALTIME[m[Kâ€™ conflicts with a previous declaration
[7.601s]    78 |   [01;31m[KDDSRT_SCHED_REALTIME[m[K,
[7.601s]       |   [01;31m[K^~~~~~~~~~~~~~~~~~~~[m[K
[7.602s] In file included from [01m[K/usr/local/include/dds/ddsi/ddsi_config.h:19[m[K,
[7.602s]                  from [01m[K/usr/local/include/ddscxx/dds/domain/TDomainParticipant.hpp:24[m[K,
[7.602s]                  from [01m[K/usr/local/include/ddscxx/dds/domain/detail/TDomainParticipantImpl.hpp:22[m[K,
[7.602s]                  from [01m[K/usr/local/include/ddscxx/dds/domain/detail/DomainParticipant.hpp:22[m[K,
[7.602s]                  from [01m[K/usr/local/include/ddscxx/dds/domain/DomainParticipant.hpp:22[m[K,
[7.602s]                  from [01m[K/usr/local/include/ddscxx/dds/domain/find.hpp:22[m[K,
[7.602s]                  from [01m[K/usr/local/include/ddscxx/dds/domain/ddsdomain.hpp:21[m[K,
[7.607s]                  from [01m[K/usr/local/include/ddscxx/dds/dds.hpp:34[m[K,
[7.607s]                  from [01m[K/usr/local/include/unitree/common/dds/dds_entity.hpp:4[m[K,
[7.607s]                  from [01m[K/usr/local/include/unitree/common/dds/dds_topic_channel.hpp:4[m[K,
[7.607s]                  from [01m[K/usr/local/include/unitree/common/dds/dds_factory_model.hpp:5[m[K,
[7.607s]                  from [01m[K/usr/local/include/unitree/robot/channel/channel_factory.hpp:4[m[K,
[7.607s]                  from [01m[K/usr/local/include/unitree/robot/channel/channel_publisher.hpp:4[m[K,
[7.608s]                  from [01m[K/home/unitree/106a_final/src/arm_driver/src/servo_driver.cpp:8[m[K:
[7.608s] [01m[K/usr/local/include/dds/ddsrt/sched.h:35:3:[m[K [01;36m[Knote: [m[Kprevious declaration â€˜[01m[Kddsrt_sched_t DDSRT_SCHED_REALTIME[m[Kâ€™
[7.608s]    35 |   [01;36m[KDDSRT_SCHED_REALTIME[m[K,
[7.608s]       |   [01;36m[K^~~~~~~~~~~~~~~~~~~~[m[K
[7.608s] In file included from [01m[K/opt/ros/foxy/include/dds/ddsrt/rusage.h:33[m[K,
[7.609s]                  from [01m[K/opt/ros/foxy/include/dds/ddsi/q_log.h:19[m[K,
[7.609s]                  from [01m[K/opt/ros/foxy/include/dds/ddsi/ddsi_xqos.h:20[m[K,
[7.609s]                  from [01m[K/usr/local/include/dds/ddsi/ddsi_sertype.h:18[m[K,
[7.609s]                  from [01m[K/usr/local/include/ddscxx/dds/topic/detail/TTopicImpl.hpp:155[m[K,
[7.610s]                  from [01m[K/usr/local/include/ddscxx/dds/topic/detail/BuiltinTopic.hpp:23[m[K,
[7.610s]                  from [01m[K/usr/local/include/ddscxx/dds/topic/BuiltinTopic.hpp:22[m[K,
[7.610s]                  from [01m[K/usr/local/include/ddscxx/org/eclipse/cyclonedds/sub/AnyDataReaderDelegate.hpp:36[m[K,
[7.610s]                  from [01m[K/usr/local/include/ddscxx/dds/topic/detail/ContentFilteredTopic.hpp:31[m[K,
[7.610s]                  from [01m[K/usr/local/include/ddscxx/dds/topic/ContentFilteredTopic.hpp:22[m[K,
[7.610s]                  from [01m[K/usr/local/include/ddscxx/dds/topic/ddstopic.hpp:25[m[K,
[7.610s]                  from [01m[K/usr/local/include/ddscxx/dds/dds.hpp:35[m[K,
[7.610s]                  from [01m[K/usr/local/include/unitree/common/dds/dds_entity.hpp:4[m[K,
[7.611s]                  from [01m[K/usr/local/include/unitree/common/dds/dds_topic_channel.hpp:4[m[K,
[7.611s]                  from [01m[K/usr/local/include/unitree/common/dds/dds_factory_model.hpp:5[m[K,
[7.611s]                  from [01m[K/usr/local/include/unitree/robot/channel/channel_factory.hpp:4[m[K,
[7.611s]                  from [01m[K/usr/local/include/unitree/robot/channel/channel_publisher.hpp:4[m[K,
[7.611s]                  from [01m[K/home/unitree/106a_final/src/arm_driver/src/servo_driver.cpp:8[m[K:
[7.611s] [01m[K/opt/ros/foxy/include/dds/ddsrt/threads.h:84:3:[m[K [01;31m[Kerror: [m[Kâ€˜[01m[KDDSRT_SCHED_TIMESHARE[m[Kâ€™ conflicts with a previous declaration
[7.611s]    84 |   [01;31m[KDDSRT_SCHED_TIMESHARE[m[K
[7.611s]       |   [01;31m[K^~~~~~~~~~~~~~~~~~~~~[m[K
[7.611s] In file included from [01m[K/usr/local/include/dds/ddsi/ddsi_config.h:19[m[K,
[7.612s]                  from [01m[K/usr/local/include/ddscxx/dds/domain/TDomainParticipant.hpp:24[m[K,
[7.612s]                  from [01m[K/usr/local/include/ddscxx/dds/domain/detail/TDomainParticipantImpl.hpp:22[m[K,
[7.612s]                  from [01m[K/usr/local/include/ddscxx/dds/domain/detail/DomainParticipant.hpp:22[m[K,
[7.612s]                  from [01m[K/usr/local/include/ddscxx/dds/domain/DomainParticipant.hpp:22[m[K,
[7.612s]                  from [01m[K/usr/local/include/ddscxx/dds/domain/find.hpp:22[m[K,
[7.612s]                  from [01m[K/usr/local/include/ddscxx/dds/domain/ddsdomain.hpp:21[m[K,
[7.612s]                  from [01m[K/usr/local/include/ddscxx/dds/dds.hpp:34[m[K,
[7.612s]                  from [01m[K/usr/local/include/unitree/common/dds/dds_entity.hpp:4[m[K,
[7.613s]                  from [01m[K/usr/local/include/unitree/common/dds/dds_topic_channel.hpp:4[m[K,
[7.613s]                  from [01m[K/usr/local/include/unitree/common/dds/dds_factory_model.hpp:5[m[K,
[7.613s]                  from [01m[K/usr/local/include/unitree/robot/channel/channel_factory.hpp:4[m[K,
[7.613s]                  from [01m[K/usr/local/include/unitree/robot/channel/channel_publisher.hpp:4[m[K,
[7.613s]                  from [01m[K/home/unitree/106a_final/src/arm_driver/src/servo_driver.cpp:8[m[K:
[7.613s] [01m[K/usr/local/include/dds/ddsrt/sched.h:41:3:[m[K [01;36m[Knote: [m[Kprevious declaration â€˜[01m[Kddsrt_sched_t DDSRT_SCHED_TIMESHARE[m[Kâ€™
[7.613s]    41 |   [01;36m[KDDSRT_SCHED_TIMESHARE[m[K
[7.613s]       |   [01;36m[K^~~~~~~~~~~~~~~~~~~~~[m[K
[7.614s] In file included from [01m[K/opt/ros/foxy/include/dds/ddsrt/rusage.h:33[m[K,
[7.614s]                  from [01m[K/opt/ros/foxy/include/dds/ddsi/q_log.h:19[m[K,
[7.614s]                  from [01m[K/opt/ros/foxy/include/dds/ddsi/ddsi_xqos.h:20[m[K,
[7.614s]                  from [01m[K/usr/local/include/dds/ddsi/ddsi_sertype.h:18[m[K,
[7.614s]                  from [01m[K/usr/local/include/ddscxx/dds/topic/detail/TTopicImpl.hpp:155[m[K,
[7.614s]                  from [01m[K/usr/local/include/ddscxx/dds/topic/detail/BuiltinTopic.hpp:23[m[K,
[7.614s]                  from [01m[K/usr/local/include/ddscxx/dds/topic/BuiltinTopic.hpp:22[m[K,
[7.614s]                  from [01m[K/usr/local/include/ddscxx/org/eclipse/cyclonedds/sub/AnyDataReaderDelegate.hpp:36[m[K,
[7.614s]                  from [01m[K/usr/local/include/ddscxx/dds/topic/detail/ContentFilteredTopic.hpp:31[m[K,
[7.615s]                  from [01m[K/usr/local/include/ddscxx/dds/topic/ContentFilteredTopic.hpp:22[m[K,
[7.615s]                  from [01m[K/usr/local/include/ddscxx/dds/topic/ddstopic.hpp:25[m[K,
[7.615s]                  from [01m[K/usr/local/include/ddscxx/dds/dds.hpp:35[m[K,
[7.615s]                  from [01m[K/usr/local/include/unitree/common/dds/dds_entity.hpp:4[m[K,
[7.615s]                  from [01m[K/usr/local/include/unitree/common/dds/dds_topic_channel.hpp:4[m[K,
[7.615s]                  from [01m[K/usr/local/include/unitree/common/dds/dds_factory_model.hpp:5[m[K,
[7.615s]                  from [01m[K/usr/local/include/unitree/robot/channel/channel_factory.hpp:4[m[K,
[7.615s]                  from [01m[K/usr/local/include/unitree/robot/channel/channel_publisher.hpp:4[m[K,
[7.615s]                  from [01m[K/home/unitree/106a_final/src/arm_driver/src/servo_driver.cpp:8[m[K:
[7.616s] [01m[K/opt/ros/foxy/include/dds/ddsrt/threads.h:85:3:[m[K [01;31m[Kerror: [m[Kconflicting declaration â€˜[01m[Ktypedef enum ddsrt_sched_t ddsrt_sched_t[m[Kâ€™
[7.616s]    85 | } [01;31m[Kddsrt_sched_t[m[K;
[7.616s]       |   [01;31m[K^~~~~~~~~~~~~[m[K
[7.616s] In file included from [01m[K/usr/local/include/dds/ddsi/ddsi_config.h:19[m[K,
[7.616s]                  from [01m[K/usr/local/include/ddscxx/dds/domain/TDomainParticipant.hpp:24[m[K,
[7.616s]                  from [01m[K/usr/local/include/ddscxx/dds/domain/detail/TDomainParticipantImpl.hpp:22[m[K,
[7.616s]                  from [01m[K/usr/local/include/ddscxx/dds/domain/detail/DomainParticipant.hpp:22[m[K,
[7.616s]                  from [01m[K/usr/local/include/ddscxx/dds/domain/DomainParticipant.hpp:22[m[K,
[7.617s]                  from [01m[K/usr/local/include/ddscxx/dds/domain/find.hpp:22[m[K,
[7.617s]                  from [01m[K/usr/local/include/ddscxx/dds/domain/ddsdomain.hpp:21[m[K,
[7.617s]                  from [01m[K/usr/local/include/ddscxx/dds/dds.hpp:34[m[K,
[7.617s]                  from [01m[K/usr/local/include/unitree/common/dds/dds_entity.hpp:4[m[K,
[7.617s]                  from [01m[K/usr/local/include/unitree/common/dds/dds_topic_channel.hpp:4[m[K,
[7.628s]                  from [01m[K/usr/local/include/unitree/common/dds/dds_factory_model.hpp:5[m[K,
[7.628s]                  from [01m[K/usr/local/include/unitree/robot/channel/channel_factory.hpp:4[m[K,
[7.628s]                  from [01m[K/usr/local/include/unitree/robot/channel/channel_publisher.hpp:4[m[K,
[7.628s]                  from [01m[K/home/unitree/106a_final/src/arm_driver/src/servo_driver.cpp:8[m[K:
[7.628s] [01m[K/usr/local/include/dds/ddsrt/sched.h:42:3:[m[K [01;36m[Knote: [m[Kprevious declaration as â€˜[01m[Ktypedef enum ddsrt_sched_t ddsrt_sched_t[m[Kâ€™
[7.628s]    42 | } [01;36m[Kddsrt_sched_t[m[K;
[7.629s]       |   [01;36m[K^~~~~~~~~~~~~[m[K
[7.629s] In file included from [01m[K/usr/local/include/ddscxx/dds/topic/detail/TTopicImpl.hpp:155[m[K,
[7.629s]                  from [01m[K/usr/local/include/ddscxx/dds/topic/detail/BuiltinTopic.hpp:23[m[K,
[7.629s]                  from [01m[K/usr/local/include/ddscxx/dds/topic/BuiltinTopic.hpp:22[m[K,
[7.629s]                  from [01m[K/usr/local/include/ddscxx/org/eclipse/cyclonedds/sub/AnyDataReaderDelegate.hpp:36[m[K,
[7.629s]                  from [01m[K/usr/local/include/ddscxx/dds/topic/detail/ContentFilteredTopic.hpp:31[m[K,
[7.629s]                  from [01m[K/usr/local/include/ddscxx/dds/topic/ContentFilteredTopic.hpp:22[m[K,
[7.629s]                  from [01m[K/usr/local/include/ddscxx/dds/topic/ddstopic.hpp:25[m[K,
[7.630s]                  from [01m[K/usr/local/include/ddscxx/dds/dds.hpp:35[m[K,
[7.630s]                  from [01m[K/usr/local/include/unitree/common/dds/dds_entity.hpp:4[m[K,
[7.630s]                  from [01m[K/usr/local/include/unitree/common/dds/dds_topic_channel.hpp:4[m[K,
[7.630s]                  from [01m[K/usr/local/include/unitree/common/dds/dds_factory_model.hpp:5[m[K,
[7.630s]                  from [01m[K/usr/local/include/unitree/robot/channel/channel_factory.hpp:4[m[K,
[7.630s]                  from [01m[K/usr/local/include/unitree/robot/channel/channel_publisher.hpp:4[m[K,
[7.630s]                  from [01m[K/home/unitree/106a_final/src/arm_driver/src/servo_driver.cpp:8[m[K:
[7.630s] [01m[K/usr/local/include/dds/ddsi/ddsi_sertype.h:138:93:[m[K [01;31m[Kerror: [m[Kâ€˜[01m[Kdds_data_representation_id_t[m[Kâ€™ has not been declared
[7.631s]   138 | *ddsi_sertype_derive_t) (const struct ddsi_sertype *sertype, [01;31m[Kdds_data_representation_id_t[m[K data_representation, dds_type_consistency_enforcement_qospolicy_t tce_qos);
[7.631s]       |                                                              [01;31m[K^~~~~~~~~~~~~~~~~~~~~~~~~~~~[m[K
[7.631s] 
[7.631s] [01m[K/usr/local/include/dds/ddsi/ddsi_sertype.h:138:143:[m[K [01;31m[Kerror: [m[Kâ€˜[01m[Kdds_type_consistency_enforcement_qospolicy_t[m[Kâ€™ has not been declared
[7.631s]   138 |  *sertype, dds_data_representation_id_t data_representation, [01;31m[Kdds_type_consistency_enforcement_qospolicy_t[m[K tce_qos);
[7.631s]       |                                                              [01;31m[K^~~~~~~~~~~~~~~~~~~~~~~~~~~~~~~~~~~~~~~~~~~~[m[K
[7.631s] 
[7.631s] [01m[K/usr/local/include/dds/ddsi/ddsi_sertype.h:202:1:[m[K [01;31m[Kerror: [m[Kâ€˜[01m[KDDS_INLINE_EXPORT[m[Kâ€™ does not name a type; did you mean â€˜[01m[KDDS_NO_EXPORT[m[Kâ€™?
[7.632s]   202 | [01;31m[KDDS_INLINE_EXPORT[m[K inline void ddsi_sertype_free (struct ddsi_sertype *tp) {
[7.632s]       | [01;31m[K^~~~~~~~~~~~~~~~~[m[K
[7.632s]       | [32m[KDDS_NO_EXPORT[m[K
[7.632s] [01m[K/usr/local/include/dds/ddsi/ddsi_sertype.h:205:1:[m[K [01;31m[Kerror: [m[Kâ€˜[01m[KDDS_INLINE_EXPORT[m[Kâ€™ does not name a type; did you mean â€˜[01m[KDDS_NO_EXPORT[m[Kâ€™?
[7.632s]   205 | [01;31m[KDDS_INLINE_EXPORT[m[K inline void ddsi_sertype_zero_samples (const struct ddsi_sertype *tp, void *samples, size_t count) {
[7.632s]       | [01;31m[K^~~~~~~~~~~~~~~~~[m[K
[7.641s]       | [32m[KDDS_NO_EXPORT[m[K
[7.641s] [01m[K/usr/local/include/dds/ddsi/ddsi_sertype.h:208:1:[m[K [01;31m[Kerror: [m[Kâ€˜[01m[KDDS_INLINE_EXPORT[m[Kâ€™ does not name a type; did you mean â€˜[01m[KDDS_NO_EXPORT[m[Kâ€™?
[7.642s]   208 | [01;31m[KDDS_INLINE_EXPORT[m[K inline void ddsi_sertype_realloc_samples (void **ptrs, const struct ddsi_sertype *tp, void *old, size_t oldcount, size_t count)
[7.642s]       | [01;31m[K^~~~~~~~~~~~~~~~~[m[K
[7.642s]       | [32m[KDDS_NO_EXPORT[m[K
[7.642s] [01m[K/usr/local/include/dds/ddsi/ddsi_sertype.h:212:1:[m[K [01;31m[Kerror: [m[Kâ€˜[01m[KDDS_INLINE_EXPORT[m[Kâ€™ does not name a type; did you mean â€˜[01m[KDDS_NO_EXPORT[m[Kâ€™?
[7.642s]   212 | [01;31m[KDDS_INLINE_EXPORT[m[K inline void ddsi_sertype_free_samples (const struct ddsi_sertype *tp, void **ptrs, size_t count, dds_free_op_t op) {
[7.642s]       | [01;31m[K^~~~~~~~~~~~~~~~~[m[K
[7.642s]       | [32m[KDDS_NO_EXPORT[m[K
[7.645s] [01m[K/usr/local/include/dds/ddsi/ddsi_sertype.h:215:1:[m[K [01;31m[Kerror: [m[Kâ€˜[01m[KDDS_INLINE_EXPORT[m[Kâ€™ does not name a type; did you mean â€˜[01m[KDDS_NO_EXPORT[m[Kâ€™?
[7.645s]   215 | [01;31m[KDDS_INLINE_EXPORT[m[K inline void ddsi_sertype_zero_sample (const struct ddsi_sertype *tp, void *sample) {
[7.645s]       | [01;31m[K^~~~~~~~~~~~~~~~~[m[K
[7.645s]       | [32m[KDDS_NO_EXPORT[m[K
[7.654s] [01m[K/usr/local/include/dds/ddsi/ddsi_sertype.h:218:1:[m[K [01;31m[Kerror: [m[Kâ€˜[01m[KDDS_INLINE_EXPORT[m[Kâ€™ does not name a type; did you mean â€˜[01m[KDDS_NO_EXPORT[m[Kâ€™?
[7.654s]   218 | [01;31m[KDDS_INLINE_EXPORT[m[K inline void *ddsi_sertype_alloc_sample (const struct ddsi_sertype *tp) {
[7.654s]       | [01;31m[K^~~~~~~~~~~~~~~~~[m[K
[7.654s]       | [32m[KDDS_NO_EXPORT[m[K
[7.663s] [01m[K/usr/local/include/dds/ddsi/ddsi_sertype.h:223:1:[m[K [01;31m[Kerror: [m[Kâ€˜[01m[KDDS_INLINE_EXPORT[m[Kâ€™ does not name a type; did you mean â€˜[01m[KDDS_NO_EXPORT[m[Kâ€™?
[7.663s]   223 | [01;31m[KDDS_INLINE_EXPORT[m[K inline void ddsi_sertype_free_sample (const struct ddsi_sertype *tp, void *sample, dds_free_op_t op) {
[7.663s]       | [01;31m[K^~~~~~~~~~~~~~~~~[m[K
[7.663s]       | [32m[KDDS_NO_EXPORT[m[K
[7.674s] [01m[K/usr/local/include/dds/ddsi/ddsi_sertype.h:226:1:[m[K [01;31m[Kerror: [m[Kâ€˜[01m[KDDS_INLINE_EXPORT[m[Kâ€™ does not name a type; did you mean â€˜[01m[KDDS_NO_EXPORT[m[Kâ€™?
[7.675s]   226 | [01;31m[KDDS_INLINE_EXPORT[m[K inline ddsi_typeid_t * ddsi_sertype_typeid (const struct ddsi_sertype *tp, ddsi_typeid_kind_t kind)
[7.676s]       | [01;31m[K^~~~~~~~~~~~~~~~~[m[K
[7.677s]       | [32m[KDDS_NO_EXPORT[m[K
[7.683s] [01m[K/usr/local/include/dds/ddsi/ddsi_sertype.h:232:1:[m[K [01;31m[Kerror: [m[Kâ€˜[01m[KDDS_INLINE_EXPORT[m[Kâ€™ does not name a type; did you mean â€˜[01m[KDDS_NO_EXPORT[m[Kâ€™?
[7.683s]   232 | [01;31m[KDDS_INLINE_EXPORT[m[K inline ddsi_typemap_t * ddsi_sertype_typemap (const struct ddsi_sertype *tp)
[7.684s]       | [01;31m[K^~~~~~~~~~~~~~~~~[m[K
[7.684s]       | [32m[KDDS_NO_EXPORT[m[K
[7.692s] [01m[K/usr/local/include/dds/ddsi/ddsi_sertype.h:238:1:[m[K [01;31m[Kerror: [m[Kâ€˜[01m[KDDS_INLINE_EXPORT[m[Kâ€™ does not name a type; did you mean â€˜[01m[KDDS_NO_EXPORT[m[Kâ€™?
[7.692s]   238 | [01;31m[KDDS_INLINE_EXPORT[m[K inline ddsi_typeinfo_t *ddsi_sertype_typeinfo (const struct ddsi_sertype *tp)
[7.693s]       | [01;31m[K^~~~~~~~~~~~~~~~~[m[K
[7.693s]       | [32m[KDDS_NO_EXPORT[m[K
[7.702s] [01m[K/usr/local/include/dds/ddsi/ddsi_sertype.h:244:1:[m[K [01;31m[Kerror: [m[Kâ€˜[01m[KDDS_INLINE_EXPORT[m[Kâ€™ does not name a type; did you mean â€˜[01m[KDDS_NO_EXPORT[m[Kâ€™?
[7.703s]   244 | [01;31m[KDDS_INLINE_EXPORT[m[K inline struct ddsi_sertype * ddsi_sertype_derive_sertype (const struct ddsi_sertype *base_sertype, dds_data_representation_id_t data_representation, dds_type_consistency_enforcement_qospolicy_t tce_qos) {
[7.705s]       | [01;31m[K^~~~~~~~~~~~~~~~~[m[K
[7.706s]       | [32m[KDDS_NO_EXPORT[m[K
[7.710s] [01m[K/usr/local/include/dds/ddsi/ddsi_sertype.h:250:1:[m[K [01;31m[Kerror: [m[Kâ€˜[01m[KDDS_INLINE_EXPORT[m[Kâ€™ does not name a type; did you mean â€˜[01m[KDDS_NO_EXPORT[m[Kâ€™?
[7.711s]   250 | [01;31m[KDDS_INLINE_EXPORT[m[K inline size_t
[7.711s]       | [01;31m[K^~~~~~~~~~~~~~~~~[m[K
[7.712s]       | [32m[KDDS_NO_EXPORT[m[K
[7.721s] [01m[K/usr/local/include/dds/ddsi/ddsi_sertype.h:256:1:[m[K [01;31m[Kerror: [m[Kâ€˜[01m[KDDS_INLINE_EXPORT[m[Kâ€™ does not name a type; did you mean â€˜[01m[KDDS_NO_EXPORT[m[Kâ€™?
[7.722s]   256 | [01;31m[KDDS_INLINE_EXPORT[m[K inline bool
[7.723s]       | [01;31m[K^~~~~~~~~~~~~~~~~[m[K
[7.723s]       | [32m[KDDS_NO_EXPORT[m[K
[7.729s] In file included from [01m[K/usr/local/include/ddscxx/dds/topic/detail/BuiltinTopic.hpp:23[m[K,
[7.729s]                  from [01m[K/usr/local/include/ddscxx/dds/topic/BuiltinTopic.hpp:22[m[K,
[7.729s]                  from [01m[K/usr/local/include/ddscxx/org/eclipse/cyclonedds/sub/AnyDataReaderDelegate.hpp:36[m[K,
[7.729s]                  from [01m[K/usr/local/include/ddscxx/dds/topic/detail/ContentFilteredTopic.hpp:31[m[K,
[7.729s]                  from [01m[K/usr/local/include/ddscxx/dds/topic/ContentFilteredTopic.hpp:22[m[K,
[7.730s]                  from [01m[K/usr/local/include/ddscxx/dds/topic/ddstopic.hpp:25[m[K,
[7.730s]                  from [01m[K/usr/local/include/ddscxx/dds/dds.hpp:35[m[K,
[7.730s]                  from [01m[K/usr/local/include/unitree/common/dds/dds_entity.hpp:4[m[K,
[7.730s]                  from [01m[K/usr/local/include/unitree/common/dds/dds_topic_channel.hpp:4[m[K,
[7.730s]                  from [01m[K/usr/local/include/unitree/common/dds/dds_factory_model.hpp:5[m[K,
[7.730s]                  from [01m[K/usr/local/include/unitree/robot/channel/channel_factory.hpp:4[m[K,
[7.730s]                  from [01m[K/usr/local/include/unitree/robot/channel/channel_publisher.hpp:4[m[K,
[7.730s]                  from [01m[K/home/unitree/106a_final/src/arm_driver/src/servo_driver.cpp:8[m[K:
[7.731s] [01m[K/usr/local/include/ddscxx/dds/topic/detail/TTopicImpl.hpp:[m[K In constructor â€˜[01m[Kdds::topic::detail::Topic<T>::Topic(const DomainParticipant&, const string&, const string&, const TopicQos&, dds::topic::TopicListener<T>*, const dds::core::status::StatusMask&)[m[Kâ€™:
[7.731s] [01m[K/usr/local/include/ddscxx/dds/topic/detail/TTopicImpl.hpp:176:5:[m[K [01;31m[Kerror: [m[Kâ€˜[01m[Kser_type_[m[Kâ€™ was not declared in this scope; did you mean â€˜[01m[Kref_type[m[Kâ€™?
[7.731s]   176 |     [01;31m[Kser_type_[m[K = org::eclipse::cyclonedds::topic::TopicTraits<T>::getSerType();
[7.731s]       |     [01;31m[K^~~~~~~~~[m[K
[7.731s]       |     [32m[Kref_type[m[K
[7.731s] [01m[K/usr/local/include/ddscxx/dds/topic/detail/TTopicImpl.hpp:178:31:[m[K [01;31m[Kerror: [m[Kthere are no arguments to â€˜[01m[Kdds_create_topic_sertype[m[Kâ€™ that depend on a template parameter, so a declaration of â€˜[01m[Kdds_create_topic_sertype[m[Kâ€™ must be available [[01;31m[K-fpermissive[m[K]
[7.732s]   178 |     dds_entity_t ddsc_topic = [01;31m[Kdds_create_topic_sertype[m[K(
[7.732s]       |                               [01;31m[K^~~~~~~~~~~~~~~~~~~~~~~~[m[K
[7.739s] [01m[K/usr/local/include/ddscxx/dds/topic/detail/TTopicImpl.hpp:[m[K In static member function â€˜[01m[Kstatic dds::topic::Topic<T, dds::topic::detail::Topic> dds::topic::detail::Topic<T>::discover_topic(const DomainParticipant&, const string&, const dds::core::Duration&)[m[Kâ€™:
[7.739s] [01m[K/usr/local/include/ddscxx/dds/topic/detail/TTopicImpl.hpp:311:21:[m[K [01;31m[Kerror: [m[Kâ€˜[01m[Kdds_typeinfo_t[m[Kâ€™ was not declared in this scope; did you mean â€˜[01m[Kddsi_typeinfo_t[m[Kâ€™?
[7.739s]   311 |     std::unique_ptr<[01;31m[Kdds_typeinfo_t[m[K, std::function<void(dds_typeinfo_t *)> >
[7.739s]       |                     [01;31m[K^~~~~~~~~~~~~~[m[K
[7.739s]       |                     [32m[Kddsi_typeinfo_t[m[K
[7.740s] [01m[K/usr/local/include/ddscxx/dds/topic/detail/TTopicImpl.hpp:311:73:[m[K [01;31m[Kerror: [m[Ktemplate argument 1 is invalid
[7.740s]   311 |     std::unique_ptr<dds_typeinfo_t, std::function<void(dds_typeinfo_t *)[01;31m[K>[m[K >
[7.740s]       |                                                                         [01;31m[K^[m[K
[7.740s] [01m[K/usr/local/include/ddscxx/dds/topic/detail/TTopicImpl.hpp:311:75:[m[K [01;31m[Kerror: [m[Ktemplate argument 1 is invalid
[7.740s]   311 |     std::unique_ptr<dds_typeinfo_t, std::function<void(dds_typeinfo_t *)> [01;31m[K>[m[K
[7.741s]       |                                                                           [01;31m[K^[m[K
[7.741s] [01m[K/usr/local/include/ddscxx/dds/topic/detail/TTopicImpl.hpp:311:75:[m[K [01;31m[Kerror: [m[Ktemplate argument 2 is invalid
[7.741s] [01m[K/usr/local/include/ddscxx/dds/topic/detail/TTopicImpl.hpp:313:20:[m[K [01;31m[Kerror: [m[Kâ€˜[01m[Kdds_typeinfo_t[m[Kâ€™ is not a type
[7.741s]   313 |                 []([01;31m[Kdds_typeinfo_t[m[K *ti) { static_cast<void>(dds_free_typeinfo(ti)); });
[7.741s]       |                    [01;31m[K^~~~~~~~~~~~~~[m[K
[7.742s] [01m[K/usr/local/include/ddscxx/dds/topic/detail/TTopicImpl.hpp:[m[K In lambda function:
[7.742s] [01m[K/usr/local/include/ddscxx/dds/topic/detail/TTopicImpl.hpp:313:60:[m[K [01;31m[Kerror: [m[Kthere are no arguments to â€˜[01m[Kdds_free_typeinfo[m[Kâ€™ that depend on a template parameter, so a declaration of â€˜[01m[Kdds_free_typeinfo[m[Kâ€™ must be available [[01;31m[K-fpermissive[m[K]
[7.742s]   313 |                 [](dds_typeinfo_t *ti) { static_cast<void>([01;31m[Kdds_free_typeinfo[m[K(ti)); });
[7.742s]       |                                                            [01;31m[K^~~~~~~~~~~~~~~~~[m[K
[7.742s] [01m[K/usr/local/include/ddscxx/dds/topic/detail/TTopicImpl.hpp:[m[K In static member function â€˜[01m[Kstatic dds::topic::Topic<T, dds::topic::detail::Topic> dds::topic::detail::Topic<T>::discover_topic(const DomainParticipant&, const string&, const dds::core::Duration&)[m[Kâ€™:
[7.742s] [01m[K/usr/local/include/ddscxx/dds/topic/detail/TTopicImpl.hpp:313:85:[m[K [01;31m[Kerror: [m[Kexpression list treated as compound expression in initializer [[01;31m[K-fpermissive[m[K]
[7.742s]   313 | typeinfo_t *ti) { static_cast<void>(dds_free_typeinfo(ti)); }[01;31m[K)[m[K;
[7.743s]       |                                                              [01;31m[K^[m[K
[7.743s] 
[7.743s] [01m[K/usr/local/include/ddscxx/dds/topic/detail/TTopicImpl.hpp:314:75:[m[K [01;31m[Kerror: [m[Krequest for member â€˜[01m[Kget[m[Kâ€™ in â€˜[01m[Ktype_info[m[Kâ€™, which is of non-class type â€˜[01m[Kint[m[Kâ€™
[7.743s]   314 | ity_t ddsc_topic = dp.delegate()->lookup_topic(name, type_info.[01;31m[Kget[m[K(), timeout);
[7.743s]       |                                                                [01;31m[K^~~[m[K
[7.743s] 
[7.813s] In file included from [01m[K/usr/local/include/ddscxx/dds/topic/ContentFilteredTopic.hpp:22[m[K,
[7.814s]                  from [01m[K/usr/local/include/ddscxx/dds/topic/ddstopic.hpp:25[m[K,
[7.814s]                  from [01m[K/usr/local/include/ddscxx/dds/dds.hpp:35[m[K,
[7.814s]                  from [01m[K/usr/local/include/unitree/common/dds/dds_entity.hpp:4[m[K,
[7.814s]                  from [01m[K/usr/local/include/unitree/common/dds/dds_topic_channel.hpp:4[m[K,
[7.814s]                  from [01m[K/usr/local/include/unitree/common/dds/dds_factory_model.hpp:5[m[K,
[7.814s]                  from [01m[K/usr/local/include/unitree/robot/channel/channel_factory.hpp:4[m[K,
[7.814s]                  from [01m[K/usr/local/include/unitree/robot/channel/channel_publisher.hpp:4[m[K,
[7.815s]                  from [01m[K/home/unitree/106a_final/src/arm_driver/src/servo_driver.cpp:8[m[K:
[7.815s] [01m[K/usr/local/include/ddscxx/dds/topic/detail/ContentFilteredTopic.hpp:[m[K At global scope:
[7.815s] [01m[K/usr/local/include/ddscxx/dds/topic/detail/ContentFilteredTopic.hpp:439:52:[m[K [01;31m[Kerror: [m[Kâ€˜[01m[Kdds_topic_filter[m[Kâ€™ has not been declared
[7.815s]   439 |     void filter_function_internal(Functor && func, [01;31m[Kdds_topic_filter[m[K * flt)
[7.815s]       |                                                    [01;31m[K^~~~~~~~~~~~~~~~[m[K
[7.840s] [01m[K/usr/local/include/ddscxx/dds/topic/detail/ContentFilteredTopic.hpp:[m[K In member function â€˜[01m[Kvoid dds::topic::detail::ContentFilteredTopic<T>::filter_function(Functor&&)[m[Kâ€™:
[7.840s] [01m[K/usr/local/include/ddscxx/dds/topic/detail/ContentFilteredTopic.hpp:413:9:[m[K [01;31m[Kerror: [m[Kâ€˜[01m[Kdds_topic_filter[m[Kâ€™ was not declared in this scope; did you mean â€˜[01m[Kdds_topic_filter_fn[m[Kâ€™?
[7.841s]   413 |         [01;31m[Kdds_topic_filter[m[K flt;
[7.841s]       |         [01;31m[K^~~~~~~~~~~~~~~~[m[K
[7.841s]       |         [32m[Kdds_topic_filter_fn[m[K
[7.845s] [01m[K/usr/local/include/ddscxx/dds/topic/detail/ContentFilteredTopic.hpp:414:9:[m[K [01;31m[Kerror: [m[Kâ€˜[01m[Kflt[m[Kâ€™ was not declared in this scope
[7.845s]   414 |         [01;31m[Kflt[m[K.mode = DDS_TOPIC_FILTER_SAMPLE_ARG;
[7.845s]       |         [01;31m[K^~~[m[K
[7.872s] [01m[K/usr/local/include/ddscxx/dds/topic/detail/ContentFilteredTopic.hpp:414:20:[m[K [01;31m[Kerror: [m[Kâ€˜[01m[KDDS_TOPIC_FILTER_SAMPLE_ARG[m[Kâ€™ was not declared in this scope; did you mean â€˜[01m[KDDS_TOPIC_FILTER_HPP_[m[Kâ€™?
[7.872s]   414 |         flt.mode = [01;31m[KDDS_TOPIC_FILTER_SAMPLE_ARG[m[K;
[7.872s]       |                    [01;31m[K^~~~~~~~~~~~~~~~~~~~~~~~~~~[m[K
[7.872s]       |                    [32m[KDDS_TOPIC_FILTER_HPP_[m[K
[7.882s] [01m[K/usr/local/include/ddscxx/dds/topic/detail/ContentFilteredTopic.hpp:[m[K In member function â€˜[01m[Kvoid dds::topic::detail::ContentFilteredTopic<T>::filter_function(Functor&&)[m[Kâ€™:
[7.883s] [01m[K/usr/local/include/ddscxx/dds/topic/detail/ContentFilteredTopic.hpp:422:9:[m[K [01;31m[Kerror: [m[Kâ€˜[01m[Kdds_topic_filter[m[Kâ€™ was not declared in this scope; did you mean â€˜[01m[Kdds_topic_filter_fn[m[Kâ€™?
[7.883s]   422 |         [01;31m[Kdds_topic_filter[m[K flt;
[7.883s]       |         [01;31m[K^~~~~~~~~~~~~~~~[m[K
[7.884s]       |         [32m[Kdds_topic_filter_fn[m[K
[7.894s] [01m[K/usr/local/include/ddscxx/dds/topic/detail/ContentFilteredTopic.hpp:423:9:[m[K [01;31m[Kerror: [m[Kâ€˜[01m[Kflt[m[Kâ€™ was not declared in this scope
[7.894s]   423 |         [01;31m[Kflt[m[K.mode = DDS_TOPIC_FILTER_SAMPLEINFO_ARG;
[7.895s]       |         [01;31m[K^~~[m[K
[7.945s] [01m[K/usr/local/include/ddscxx/dds/topic/detail/ContentFilteredTopic.hpp:423:20:[m[K [01;31m[Kerror: [m[Kâ€˜[01m[KDDS_TOPIC_FILTER_SAMPLEINFO_ARG[m[Kâ€™ was not declared in this scope
[7.946s]   423 |         flt.mode = [01;31m[KDDS_TOPIC_FILTER_SAMPLEINFO_ARG[m[K;
[7.946s]       |                    [01;31m[K^~~~~~~~~~~~~~~~~~~~~~~~~~~~~~~[m[K
[7.978s] [01m[K/usr/local/include/ddscxx/dds/topic/detail/ContentFilteredTopic.hpp:[m[K In member function â€˜[01m[Kvoid dds::topic::detail::ContentFilteredTopic<T>::filter_function(Functor&&)[m[Kâ€™:
[7.978s] [01m[K/usr/local/include/ddscxx/dds/topic/detail/ContentFilteredTopic.hpp:431:9:[m[K [01;31m[Kerror: [m[Kâ€˜[01m[Kdds_topic_filter[m[Kâ€™ was not declared in this scope; did you mean â€˜[01m[Kdds_topic_filter_fn[m[Kâ€™?
[7.978s]   431 |         [01;31m[Kdds_topic_filter[m[K flt;
[7.978s]       |         [01;31m[K^~~~~~~~~~~~~~~~[m[K
[7.978s]       |         [32m[Kdds_topic_filter_fn[m[K
[7.998s] [01m[K/usr/local/include/ddscxx/dds/topic/detail/ContentFilteredTopic.hpp:432:9:[m[K [01;31m[Kerror: [m[Kâ€˜[01m[Kflt[m[Kâ€™ was not declared in this scope
[7.999s]   432 |         [01;31m[Kflt[m[K.mode = DDS_TOPIC_FILTER_SAMPLE_SAMPLEINFO_ARG;
[7.999s]       |         [01;31m[K^~~[m[K
[8.068s] [01m[K/usr/local/include/ddscxx/dds/topic/detail/ContentFilteredTopic.hpp:432:20:[m[K [01;31m[Kerror: [m[Kâ€˜[01m[KDDS_TOPIC_FILTER_SAMPLE_SAMPLEINFO_ARG[m[Kâ€™ was not declared in this scope
[8.069s]   432 |         flt.mode = [01;31m[KDDS_TOPIC_FILTER_SAMPLE_SAMPLEINFO_ARG[m[K;
[8.069s]       |                    [01;31m[K^~~~~~~~~~~~~~~~~~~~~~~~~~~~~~~~~~~~~~[m[K
[8.069s] [01m[K/usr/local/include/ddscxx/dds/topic/detail/ContentFilteredTopic.hpp:[m[K In member function â€˜[01m[Kvoid dds::topic::detail::ContentFilteredTopic<T>::filter_function_internal(Functor&&, int*)[m[Kâ€™:
[8.069s] [01m[K/usr/local/include/ddscxx/dds/topic/detail/ContentFilteredTopic.hpp:455:14:[m[K [01;31m[Kerror: [m[Krequest for member â€˜[01m[Karg[m[Kâ€™ in â€˜[01m[Kflt->[m[Kâ€™, which is of non-class type â€˜[01m[Kint[m[Kâ€™
[8.069s]   455 |         flt->[01;31m[Karg[m[K = myFunctor;
[8.069s]       |              [01;31m[K^~~[m[K
[8.070s] [01m[K/usr/local/include/ddscxx/dds/topic/detail/ContentFilteredTopic.hpp:456:9:[m[K [01;31m[Kerror: [m[Kthere are no arguments to â€˜[01m[Kdds_set_topic_filter_extended[m[Kâ€™ that depend on a template parameter, so a declaration of â€˜[01m[Kdds_set_topic_filter_extended[m[Kâ€™ must be available [[01;31m[K-fpermissive[m[K]
[8.070s]   456 |         [01;31m[Kdds_set_topic_filter_extended[m[K(cfTopic, flt);
[8.070s]       |         [01;31m[K^~~~~~~~~~~~~~~~~~~~~~~~~~~~~[m[K
[8.261s] In file included from [01m[K/usr/local/include/ddscxx/dds/sub/detail/SampleRef.hpp:34[m[K,
[8.261s]                  from [01m[K/usr/local/include/ddscxx/dds/sub/SampleRef.hpp:22[m[K,
[8.261s]                  from [01m[K/usr/local/include/ddscxx/dds/sub/LoanedSamples.hpp:22[m[K,
[8.262s]                  from [01m[K/usr/local/include/ddscxx/dds/sub/detail/DataReader.hpp:21[m[K,
[8.262s]                  from [01m[K/usr/local/include/ddscxx/dds/sub/DataReader.hpp:21[m[K,
[8.262s]                  from [01m[K/usr/local/include/ddscxx/dds/sub/ddssub.hpp:30[m[K,
[8.262s]                  from [01m[K/usr/local/include/ddscxx/dds/dds.hpp:37[m[K,
[8.262s]                  from [01m[K/usr/local/include/unitree/common/dds/dds_entity.hpp:4[m[K,
[8.262s]                  from [01m[K/usr/local/include/unitree/common/dds/dds_topic_channel.hpp:4[m[K,
[8.262s]                  from [01m[K/usr/local/include/unitree/common/dds/dds_factory_model.hpp:5[m[K,
[8.263s]                  from [01m[K/usr/local/include/unitree/robot/channel/channel_factory.hpp:4[m[K,
[8.263s]                  from [01m[K/usr/local/include/unitree/robot/channel/channel_publisher.hpp:4[m[K,
[8.263s]                  from [01m[K/home/unitree/106a_final/src/arm_driver/src/servo_driver.cpp:8[m[K:
[8.263s] [01m[K/usr/local/include/ddscxx/org/eclipse/cyclonedds/topic/datatopic.hpp:[m[K In function â€˜[01m[Kbool read_header(const void*, org::eclipse::cyclonedds::core::cdr::encoding_version&, org::eclipse::cyclonedds::core::cdr::endianness&)[m[Kâ€™:
[8.263s] [01m[K/usr/local/include/ddscxx/org/eclipse/cyclonedds/topic/datatopic.hpp:213:54:[m[K [01;31m[Kerror: [m[Kâ€˜[01m[KDDS_DATA_REPRESENTATION_FLAG_XCDR1[m[Kâ€™ was not declared in this scope
[8.263s]   213 |           if (TopicTraits<T>::allowableEncodings() & [01;31m[KDDS_DATA_REPRESENTATION_FLAG_XCDR1[m[K)
[8.263s]       |                                                      [01;31m[K^~~~~~~~~~~~~~~~~~~~~~~~~~~~~~~~~~[m[K
[8.345s] [01m[K/usr/local/include/ddscxx/org/eclipse/cyclonedds/topic/datatopic.hpp:[m[K In member function â€˜[01m[Kvoid ddscxx_serdata<T>::populate_hash()[m[Kâ€™:
[8.346s] [01m[K/usr/local/include/ddscxx/org/eclipse/cyclonedds/topic/datatopic.hpp:766:11:[m[K [01;31m[Kerror: [m[Kâ€˜[01m[Ktype[m[Kâ€™ was not declared in this scope
[8.346s]   766 |   hash ^= [01;31m[Ktype[m[K->serdata_basehash;
[8.346s]       |           [01;31m[K^~~~[m[K
[10.566s] In file included from [01m[K/usr/local/include/ddscxx/dds/topic/detail/BuiltinTopic.hpp:23[m[K,
[10.567s]                  from [01m[K/usr/local/include/ddscxx/dds/topic/BuiltinTopic.hpp:22[m[K,
[10.567s]                  from [01m[K/usr/local/include/ddscxx/org/eclipse/cyclonedds/sub/AnyDataReaderDelegate.hpp:36[m[K,
[10.567s]                  from [01m[K/usr/local/include/ddscxx/dds/topic/detail/ContentFilteredTopic.hpp:31[m[K,
[10.567s]                  from [01m[K/usr/local/include/ddscxx/dds/topic/ContentFilteredTopic.hpp:22[m[K,
[10.567s]                  from [01m[K/usr/local/include/ddscxx/dds/topic/ddstopic.hpp:25[m[K,
[10.568s]                  from [01m[K/usr/local/include/ddscxx/dds/dds.hpp:35[m[K,
[10.568s]                  from [01m[K/usr/local/include/unitree/common/dds/dds_entity.hpp:4[m[K,
[10.568s]                  from [01m[K/usr/local/include/unitree/common/dds/dds_topic_channel.hpp:4[m[K,
[10.568s]                  from [01m[K/usr/local/include/unitree/common/dds/dds_factory_model.hpp:5[m[K,
[10.568s]                  from [01m[K/usr/local/include/unitree/robot/channel/channel_factory.hpp:4[m[K,
[10.568s]                  from [01m[K/usr/local/include/unitree/robot/channel/channel_publisher.hpp:4[m[K,
[10.569s]                  from [01m[K/home/unitree/106a_final/src/arm_driver/src/servo_driver.cpp:8[m[K:
[10.569s] /usr/local/include/ddscxx/dds/topic/detail/TTopicImpl.hpp: In instantiation of â€˜[01m[Kdds::topic::detail::Topic<T>::Topic(const DomainParticipant&, const string&, const string&, const TopicQos&, dds::topic::TopicListener<T>*, const dds::core::status::StatusMask&) [with T = unitree_arm::msg::dds_::ArmString_; dds::domain::DomainParticipant = dds::domain::TDomainParticipant<org::eclipse::cyclonedds::domain::DomainParticipantDelegate>; std::string = std::__cxx11::basic_string<char>; dds::topic::qos::TopicQos = dds::core::TEntityQos<org::eclipse::cyclonedds::topic::qos::TopicQosDelegate>][m[Kâ€™:
[10.569s] [01m[K/usr/local/include/ddscxx/dds/topic/detail/TTopicImpl.hpp:84:45:[m[K   required from â€˜[01m[Kdds::topic::Topic<T, DELEGATE>::Topic(const DomainParticipant&, const string&, const TopicQos&, dds::topic::TopicListener<T>*, const dds::core::status::StatusMask&) [with T = unitree_arm::msg::dds_::ArmString_; DELEGATE = dds::topic::detail::Topic; dds::domain::DomainParticipant = dds::domain::TDomainParticipant<org::eclipse::cyclonedds::domain::DomainParticipantDelegate>; std::string = std::__cxx11::basic_string<char>; dds::topic::qos::TopicQos = dds::core::TEntityQos<org::eclipse::cyclonedds::topic::qos::TopicQosDelegate>][m[Kâ€™
[10.569s] [01m[K/usr/local/include/unitree/common/dds/dds_entity.hpp:117:19:[m[K   required from â€˜[01m[Kunitree::common::DdsTopic<MSG>::DdsTopic(const DdsParticipantPtr&, const string&, const unitree::common::DdsTopicQos&) [with MSG = unitree_arm::msg::dds_::ArmString_; unitree::common::DdsParticipantPtr = std::shared_ptr<unitree::common::DdsParticipant>; std::string = std::__cxx11::basic_string<char>][m[Kâ€™
[10.569s] [01m[K/usr/local/include/unitree/common/dds/dds_topic_channel.hpp:39:35:[m[K   required from â€˜[01m[Kvoid unitree::common::DdsTopicChannel<MSG>::SetTopic(const DdsParticipantPtr&, const string&, const unitree::common::DdsTopicQos&) [with MSG = unitree_arm::msg::dds_::ArmString_; unitree::common::DdsParticipantPtr = std::shared_ptr<unitree::common::DdsParticipant>; std::string = std::__cxx11::basic_string<char>][m[Kâ€™
[10.570s] [01m[K/usr/local/include/unitree/common/dds/dds_factory_model.hpp:25:9:[m[K   required from â€˜[01m[Kunitree::common::DdsTopicChannelPtr<MSG> unitree::common::DdsFactoryModel::CreateTopicChannel(const string&) [with MSG = unitree_arm::msg::dds_::ArmString_; unitree::common::DdsTopicChannelPtr<MSG> = std::shared_ptr<unitree::common::DdsTopicChannel<unitree_arm::msg::dds_::ArmString_> >; std::string = std::__cxx11::basic_string<char>][m[Kâ€™
[10.570s] [01m[K/usr/local/include/unitree/robot/channel/channel_factory.hpp:34:25:[m[K   required from â€˜[01m[Kunitree::robot::ChannelPtr<MSG> unitree::robot::ChannelFactory::CreateSendChannel(const string&) [with MSG = unitree_arm::msg::dds_::ArmString_; unitree::robot::ChannelPtr<MSG> = std::shared_ptr<unitree::common::DdsTopicChannel<unitree_arm::msg::dds_::ArmString_> >; std::string = std::__cxx11::basic_string<char>][m[Kâ€™
[10.570s] [01m[K/usr/local/include/unitree/robot/channel/channel_publisher.hpp:20:21:[m[K   required from â€˜[01m[Kvoid unitree::robot::ChannelPublisher<MSG>::InitChannel() [with MSG = unitree_arm::msg::dds_::ArmString_][m[Kâ€™
[10.570s] [01m[K/home/unitree/106a_final/src/arm_driver/src/servo_driver.cpp:25:37:[m[K   required from here
[10.570s] [01m[K/usr/local/include/ddscxx/dds/topic/detail/TTopicImpl.hpp:176:76:[m[K [01;31m[Kerror: [m[Kâ€˜[01m[KgetSerType[m[Kâ€™ is not a member of â€˜[01m[Korg::eclipse::cyclonedds::topic::TopicTraits<unitree_arm::msg::dds_::ArmString_>[m[Kâ€™
[10.570s]   176 |     ser_type_ = [01;31m[Korg::eclipse::cyclonedds::topic::TopicTraits<T>::getSerType()[m[K;
[10.571s]       |                 [01;31m[K~~~~~~~~~~~~~~~~~~~~~~~~~~~~~~~~~~~~~~~~~~~~~~~~~~~~~~~~~~~^~[m[K
[10.584s] [01m[K/usr/local/include/ddscxx/dds/topic/detail/TTopicImpl.hpp:178:55:[m[K [01;31m[Kerror: [m[Kâ€˜[01m[Kdds_create_topic_sertype[m[Kâ€™ was not declared in this scope; did you mean â€˜[01m[Kdds_create_topic_generic[m[Kâ€™?
[10.585s]   178 |     dds_entity_t ddsc_topic = [01;31m[Kdds_create_topic_sertype([m[K
[10.585s]       |                               [01;31m[K~~~~~~~~~~~~~~~~~~~~~~~~^[m[K
[10.585s]   179 | [01;31m[K      ddsc_par, name.c_str(), &ser_type_, ddsc_qos, NULL, NULL)[m[K;
[10.585s]       |       [01;31m[K~~~~~~~~~~~~~~~~~~~~~~~~~~~~~~~~~~~~~~~~~~~~~~~~~~~~~~~~~[m[K
[13.562s] make[2]: *** [CMakeFiles/servo_driver.dir/build.make:63: CMakeFiles/servo_driver.dir/src/servo_driver.cpp.o] Error 1
[13.563s] make[1]: *** [CMakeFiles/Makefile2:78: CMakeFiles/servo_driver.dir/all] Error 2
[13.563s] make: *** [Makefile:141: all] Error 2
[13.568s] Invoked command in '/home/unitree/106a_final/build/arm_driver' returned '2': CMAKE_PREFIX_PATH=${CMAKE_PREFIX_PATH}:/opt/ros/foxy /usr/bin/cmake --build /home/unitree/106a_final/build/arm_driver -- -j4 -l4
