[0.000000] (-) TimerEvent: {}
[0.000815] (arm_control) JobQueued: {'identifier': 'arm_control', 'dependencies': OrderedDict()}
[0.001624] (arm_driver) JobQueued: {'identifier': 'arm_driver', 'dependencies': OrderedDict()}
[0.001975] (navigation_node) JobQueued: {'identifier': 'navigation_node', 'dependencies': OrderedDict()}
[0.002203] (realsense2_camera_msgs) JobQueued: {'identifier': 'realsense2_camera_msgs', 'dependencies': OrderedDict()}
[0.002284] (vision_node) JobQueued: {'identifier': 'vision_node', 'dependencies': OrderedDict()}
[0.002365] (realsense2_camera) JobQueued: {'identifier': 'realsense2_camera', 'dependencies': OrderedDict([('realsense2_camera_msgs', '/home/unitree/106a_final/install/realsense2_camera_msgs')])}
[0.002422] (realsense2_description) JobQueued: {'identifier': 'realsense2_description', 'dependencies': OrderedDict([('realsense2_camera_msgs', '/home/unitree/106a_final/install/realsense2_camera_msgs')])}
[0.002471] (realsense2_camera_msgs) JobStarted: {'identifier': 'realsense2_camera_msgs'}
[0.099415] (-) TimerEvent: {}
[0.200984] (-) TimerEvent: {}
[0.302204] (-) TimerEvent: {}
[0.345736] (arm_control) JobStarted: {'identifier': 'arm_control'}
[0.402544] (-) TimerEvent: {}
[0.503400] (-) TimerEvent: {}
[0.606474] (-) TimerEvent: {}
[0.707064] (-) TimerEvent: {}
[0.778088] (arm_driver) JobStarted: {'identifier': 'arm_driver'}
[0.807300] (-) TimerEvent: {}
[0.908432] (-) TimerEvent: {}
[1.009392] (-) TimerEvent: {}
[1.110535] (-) TimerEvent: {}
[1.124859] (navigation_node) JobStarted: {'identifier': 'navigation_node'}
[1.210669] (-) TimerEvent: {}
[1.311710] (-) TimerEvent: {}
[1.412974] (-) TimerEvent: {}
[1.513884] (-) TimerEvent: {}
[1.614908] (-) TimerEvent: {}
[1.629084] (realsense2_camera_msgs) JobProgress: {'identifier': 'realsense2_camera_msgs', 'progress': 'cmake'}
[1.631231] (realsense2_camera_msgs) JobProgress: {'identifier': 'realsense2_camera_msgs', 'progress': 'build'}
[1.632777] (realsense2_camera_msgs) Command: {'cmd': ['/usr/bin/cmake', '--build', '/home/unitree/106a_final/build/realsense2_camera_msgs', '--', '-j4', '-l4'], 'cwd': '/home/unitree/106a_final/build/realsense2_camera_msgs', 'env': OrderedDict([('LESSOPEN', '| /usr/bin/lesspipe %s'), ('USER', 'unitree'), ('SSH_CLIENT', '192.168.50.246 51974 22'), ('XDG_SESSION_TYPE', 'tty'), ('GIT_ASKPASS', '/home/unitree/.vscode-server/cli/servers/Stable-5437499feb04f7a586f677b155b039bc2b3669eb/server/extensions/git/dist/askpass.sh'), ('SHLVL', '2'), ('LD_LIBRARY_PATH', '/usr/local/cuda-11.4/lib64:/usr/local/lib:/home/unitree/cyclonedds_ws/install/rmw_cyclonedds_cpp/lib:/home/unitree/cyclonedds_ws/install/cyclonedds/lib:/opt/ros/foxy/opt/yaml_cpp_vendor/lib:/opt/ros/foxy/opt/rviz_ogre_vendor/lib:/opt/ros/foxy/lib/aarch64-linux-gnu:/opt/ros/foxy/lib:/usr/local/cuda-11.4/lib64:'), ('BROWSER', '/home/unitree/.vscode-server/cli/servers/Stable-5437499feb04f7a586f677b155b039bc2b3669eb/server/bin/helpers/browser.sh'), ('MOTD_SHOWN', 'pam'), ('HOME', '/home/unitree'), ('CYCLONEDDS_URI', '/home/unitree/cyclonedds_ws/cyclonedds.xml'), ('OLDPWD', '/home/unitree/106a_final/src/d1_sdk'), ('TERM_PROGRAM_VERSION', '1.90.2'), ('VSCODE_IPC_HOOK_CLI', '/run/user/1000/vscode-ipc-1a497d47-852b-4f1f-aaa2-4938e62856a5.sock'), ('ROS_PYTHON_VERSION', '3'), ('VSCODE_GIT_ASKPASS_MAIN', '/home/unitree/.vscode-server/cli/servers/Stable-5437499feb04f7a586f677b155b039bc2b3669eb/server/extensions/git/dist/askpass-main.js'), ('VSCODE_GIT_ASKPASS_NODE', '/home/unitree/.vscode-server/cli/servers/Stable-5437499feb04f7a586f677b155b039bc2b3669eb/server/node'), ('SSL_CERT_FILE', '/usr/lib/ssl/certs/ca-certificates.crt'), ('DBUS_SESSION_BUS_ADDRESS', 'unix:path=/run/user/1000/bus'), ('COLORTERM', 'truecolor'), ('COLCON_PREFIX_PATH', '/home/unitree/cyclonedds_ws/install'), ('ROS_DISTRO', 'foxy'), ('LOGNAME', 'unitree'), ('_', '/usr/bin/colcon'), ('ROS_VERSION', '2'), ('PKG_CONFIG_PATH', '/home/unitree/cyclonedds_ws/install/cyclonedds/lib/aarch64-linux-gnu/pkgconfig:/home/unitree/cyclonedds_ws/install/cyclonedds/lib/pkgconfig'), ('XDG_SESSION_CLASS', 'user'), ('TERM', 'xterm-256color'), ('XDG_SESSION_ID', '11'), ('ROS_LOCALHOST_ONLY', '0'), ('PATH', '/usr/local/cuda-11.4/bin:/home/unitree/cyclonedds_ws/install/cyclonedds/bin:/opt/ros/foxy/bin:/home/unitree/.vscode-server/cli/servers/Stable-5437499feb04f7a586f677b155b039bc2b3669eb/server/bin/remote-cli:/home/unitree/.local/bin:/usr/local/cuda-11.4/bin:/home/unitree/.local/bin:/usr/local/sbin:/usr/local/bin:/usr/sbin:/usr/bin:/sbin:/bin:/usr/games:/usr/local/games:/snap/bin'), ('XDG_RUNTIME_DIR', '/run/user/1000'), ('SSL_CERT_DIR', '/usr/lib/ssl/certs'), ('LANG', 'en_US.UTF-8'), ('RMW_IMPLEMENTATION', 'rmw_cyclonedds_cpp'), ('LS_COLORS', 'rs=0:di=01;34:ln=01;36:mh=00:pi=40;33:so=01;35:do=01;35:bd=40;33;01:cd=40;33;01:or=40;31;01:mi=00:su=37;41:sg=30;43:ca=30;41:tw=30;42:ow=34;42:st=37;44:ex=01;32:*.tar=01;31:*.tgz=01;31:*.arc=01;31:*.arj=01;31:*.taz=01;31:*.lha=01;31:*.lz4=01;31:*.lzh=01;31:*.lzma=01;31:*.tlz=01;31:*.txz=01;31:*.tzo=01;31:*.t7z=01;31:*.zip=01;31:*.z=01;31:*.dz=01;31:*.gz=01;31:*.lrz=01;31:*.lz=01;31:*.lzo=01;31:*.xz=01;31:*.zst=01;31:*.tzst=01;31:*.bz2=01;31:*.bz=01;31:*.tbz=01;31:*.tbz2=01;31:*.tz=01;31:*.deb=01;31:*.rpm=01;31:*.jar=01;31:*.war=01;31:*.ear=01;31:*.sar=01;31:*.rar=01;31:*.alz=01;31:*.ace=01;31:*.zoo=01;31:*.cpio=01;31:*.7z=01;31:*.rz=01;31:*.cab=01;31:*.wim=01;31:*.swm=01;31:*.dwm=01;31:*.esd=01;31:*.jpg=01;35:*.jpeg=01;35:*.mjpg=01;35:*.mjpeg=01;35:*.gif=01;35:*.bmp=01;35:*.pbm=01;35:*.pgm=01;35:*.ppm=01;35:*.tga=01;35:*.xbm=01;35:*.xpm=01;35:*.tif=01;35:*.tiff=01;35:*.png=01;35:*.svg=01;35:*.svgz=01;35:*.mng=01;35:*.pcx=01;35:*.mov=01;35:*.mpg=01;35:*.mpeg=01;35:*.m2v=01;35:*.mkv=01;35:*.webm=01;35:*.ogm=01;35:*.mp4=01;35:*.m4v=01;35:*.mp4v=01;35:*.vob=01;35:*.qt=01;35:*.nuv=01;35:*.wmv=01;35:*.asf=01;35:*.rm=01;35:*.rmvb=01;35:*.flc=01;35:*.avi=01;35:*.fli=01;35:*.flv=01;35:*.gl=01;35:*.dl=01;35:*.xcf=01;35:*.xwd=01;35:*.yuv=01;35:*.cgm=01;35:*.emf=01;35:*.ogv=01;35:*.ogx=01;35:*.aac=00;36:*.au=00;36:*.flac=00;36:*.m4a=00;36:*.mid=00;36:*.midi=00;36:*.mka=00;36:*.mp3=00;36:*.mpc=00;36:*.ogg=00;36:*.ra=00;36:*.wav=00;36:*.oga=00;36:*.opus=00;36:*.spx=00;36:*.xspf=00;36:'), ('VSCODE_GIT_IPC_HANDLE', '/run/user/1000/vscode-git-403e0bf87f.sock'), ('TERM_PROGRAM', 'vscode'), ('AMENT_PREFIX_PATH', '/home/unitree/cyclonedds_ws/install/rmw_cyclonedds_cpp:/opt/ros/foxy'), ('SHELL', '/bin/bash'), ('LESSCLOSE', '/usr/bin/lesspipe %s %s'), ('VSCODE_GIT_ASKPASS_EXTRA_ARGS', ''), ('PWD', '/home/unitree/106a_final/build/realsense2_camera_msgs'), ('LC_ALL', 'en_US.UTF-8'), ('SSH_CONNECTION', '192.168.50.246 51974 192.168.50.28 22'), ('XDG_DATA_DIRS', '/usr/local/share:/usr/share:/var/lib/snapd/desktop'), ('PYTHONPATH', '/opt/ros/foxy/lib/python3.8/site-packages'), ('COLCON', '1'), ('CMAKE_PREFIX_PATH', '/home/unitree/cyclonedds_ws/install/rmw_cyclonedds_cpp:/home/unitree/cyclonedds_ws/install/cyclonedds:/opt/ros/foxy')]), 'shell': False}
[1.715128] (-) TimerEvent: {}
[1.823345] (-) TimerEvent: {}
[1.924565] (-) TimerEvent: {}
[2.025811] (-) TimerEvent: {}
[2.126541] (-) TimerEvent: {}
[2.227456] (-) TimerEvent: {}
[2.329079] (-) TimerEvent: {}
[2.429963] (-) TimerEvent: {}
[2.531475] (-) TimerEvent: {}
[2.564407] (arm_driver) JobProgress: {'identifier': 'arm_driver', 'progress': 'cmake'}
[2.566153] (arm_driver) JobProgress: {'identifier': 'arm_driver', 'progress': 'build'}
[2.566738] (arm_driver) Command: {'cmd': ['/usr/bin/cmake', '--build', '/home/unitree/106a_final/build/arm_driver', '--', '-j4', '-l4'], 'cwd': '/home/unitree/106a_final/build/arm_driver', 'env': OrderedDict([('LESSOPEN', '| /usr/bin/lesspipe %s'), ('USER', 'unitree'), ('SSH_CLIENT', '192.168.50.246 51974 22'), ('XDG_SESSION_TYPE', 'tty'), ('GIT_ASKPASS', '/home/unitree/.vscode-server/cli/servers/Stable-5437499feb04f7a586f677b155b039bc2b3669eb/server/extensions/git/dist/askpass.sh'), ('SHLVL', '2'), ('LD_LIBRARY_PATH', '/usr/local/cuda-11.4/lib64:/usr/local/lib:/home/unitree/cyclonedds_ws/install/rmw_cyclonedds_cpp/lib:/home/unitree/cyclonedds_ws/install/cyclonedds/lib:/opt/ros/foxy/opt/yaml_cpp_vendor/lib:/opt/ros/foxy/opt/rviz_ogre_vendor/lib:/opt/ros/foxy/lib/aarch64-linux-gnu:/opt/ros/foxy/lib:/usr/local/cuda-11.4/lib64:'), ('BROWSER', '/home/unitree/.vscode-server/cli/servers/Stable-5437499feb04f7a586f677b155b039bc2b3669eb/server/bin/helpers/browser.sh'), ('MOTD_SHOWN', 'pam'), ('HOME', '/home/unitree'), ('CYCLONEDDS_URI', '/home/unitree/cyclonedds_ws/cyclonedds.xml'), ('OLDPWD', '/home/unitree/106a_final/src/d1_sdk'), ('TERM_PROGRAM_VERSION', '1.90.2'), ('VSCODE_IPC_HOOK_CLI', '/run/user/1000/vscode-ipc-1a497d47-852b-4f1f-aaa2-4938e62856a5.sock'), ('ROS_PYTHON_VERSION', '3'), ('VSCODE_GIT_ASKPASS_MAIN', '/home/unitree/.vscode-server/cli/servers/Stable-5437499feb04f7a586f677b155b039bc2b3669eb/server/extensions/git/dist/askpass-main.js'), ('VSCODE_GIT_ASKPASS_NODE', '/home/unitree/.vscode-server/cli/servers/Stable-5437499feb04f7a586f677b155b039bc2b3669eb/server/node'), ('SSL_CERT_FILE', '/usr/lib/ssl/certs/ca-certificates.crt'), ('DBUS_SESSION_BUS_ADDRESS', 'unix:path=/run/user/1000/bus'), ('COLORTERM', 'truecolor'), ('COLCON_PREFIX_PATH', '/home/unitree/cyclonedds_ws/install'), ('ROS_DISTRO', 'foxy'), ('LOGNAME', 'unitree'), ('_', '/usr/bin/colcon'), ('ROS_VERSION', '2'), ('PKG_CONFIG_PATH', '/home/unitree/cyclonedds_ws/install/cyclonedds/lib/aarch64-linux-gnu/pkgconfig:/home/unitree/cyclonedds_ws/install/cyclonedds/lib/pkgconfig'), ('XDG_SESSION_CLASS', 'user'), ('TERM', 'xterm-256color'), ('XDG_SESSION_ID', '11'), ('ROS_LOCALHOST_ONLY', '0'), ('PATH', '/usr/local/cuda-11.4/bin:/home/unitree/cyclonedds_ws/install/cyclonedds/bin:/opt/ros/foxy/bin:/home/unitree/.vscode-server/cli/servers/Stable-5437499feb04f7a586f677b155b039bc2b3669eb/server/bin/remote-cli:/home/unitree/.local/bin:/usr/local/cuda-11.4/bin:/home/unitree/.local/bin:/usr/local/sbin:/usr/local/bin:/usr/sbin:/usr/bin:/sbin:/bin:/usr/games:/usr/local/games:/snap/bin'), ('XDG_RUNTIME_DIR', '/run/user/1000'), ('SSL_CERT_DIR', '/usr/lib/ssl/certs'), ('LANG', 'en_US.UTF-8'), ('RMW_IMPLEMENTATION', 'rmw_cyclonedds_cpp'), ('LS_COLORS', 'rs=0:di=01;34:ln=01;36:mh=00:pi=40;33:so=01;35:do=01;35:bd=40;33;01:cd=40;33;01:or=40;31;01:mi=00:su=37;41:sg=30;43:ca=30;41:tw=30;42:ow=34;42:st=37;44:ex=01;32:*.tar=01;31:*.tgz=01;31:*.arc=01;31:*.arj=01;31:*.taz=01;31:*.lha=01;31:*.lz4=01;31:*.lzh=01;31:*.lzma=01;31:*.tlz=01;31:*.txz=01;31:*.tzo=01;31:*.t7z=01;31:*.zip=01;31:*.z=01;31:*.dz=01;31:*.gz=01;31:*.lrz=01;31:*.lz=01;31:*.lzo=01;31:*.xz=01;31:*.zst=01;31:*.tzst=01;31:*.bz2=01;31:*.bz=01;31:*.tbz=01;31:*.tbz2=01;31:*.tz=01;31:*.deb=01;31:*.rpm=01;31:*.jar=01;31:*.war=01;31:*.ear=01;31:*.sar=01;31:*.rar=01;31:*.alz=01;31:*.ace=01;31:*.zoo=01;31:*.cpio=01;31:*.7z=01;31:*.rz=01;31:*.cab=01;31:*.wim=01;31:*.swm=01;31:*.dwm=01;31:*.esd=01;31:*.jpg=01;35:*.jpeg=01;35:*.mjpg=01;35:*.mjpeg=01;35:*.gif=01;35:*.bmp=01;35:*.pbm=01;35:*.pgm=01;35:*.ppm=01;35:*.tga=01;35:*.xbm=01;35:*.xpm=01;35:*.tif=01;35:*.tiff=01;35:*.png=01;35:*.svg=01;35:*.svgz=01;35:*.mng=01;35:*.pcx=01;35:*.mov=01;35:*.mpg=01;35:*.mpeg=01;35:*.m2v=01;35:*.mkv=01;35:*.webm=01;35:*.ogm=01;35:*.mp4=01;35:*.m4v=01;35:*.mp4v=01;35:*.vob=01;35:*.qt=01;35:*.nuv=01;35:*.wmv=01;35:*.asf=01;35:*.rm=01;35:*.rmvb=01;35:*.flc=01;35:*.avi=01;35:*.fli=01;35:*.flv=01;35:*.gl=01;35:*.dl=01;35:*.xcf=01;35:*.xwd=01;35:*.yuv=01;35:*.cgm=01;35:*.emf=01;35:*.ogv=01;35:*.ogx=01;35:*.aac=00;36:*.au=00;36:*.flac=00;36:*.m4a=00;36:*.mid=00;36:*.midi=00;36:*.mka=00;36:*.mp3=00;36:*.mpc=00;36:*.ogg=00;36:*.ra=00;36:*.wav=00;36:*.oga=00;36:*.opus=00;36:*.spx=00;36:*.xspf=00;36:'), ('VSCODE_GIT_IPC_HANDLE', '/run/user/1000/vscode-git-403e0bf87f.sock'), ('TERM_PROGRAM', 'vscode'), ('AMENT_PREFIX_PATH', '/home/unitree/cyclonedds_ws/install/rmw_cyclonedds_cpp:/opt/ros/foxy'), ('SHELL', '/bin/bash'), ('LESSCLOSE', '/usr/bin/lesspipe %s %s'), ('VSCODE_GIT_ASKPASS_EXTRA_ARGS', ''), ('PWD', '/home/unitree/106a_final/build/arm_driver'), ('LC_ALL', 'en_US.UTF-8'), ('SSH_CONNECTION', '192.168.50.246 51974 192.168.50.28 22'), ('XDG_DATA_DIRS', '/usr/local/share:/usr/share:/var/lib/snapd/desktop'), ('PYTHONPATH', '/opt/ros/foxy/lib/python3.8/site-packages'), ('COLCON', '1'), ('CMAKE_PREFIX_PATH', '/home/unitree/cyclonedds_ws/install/rmw_cyclonedds_cpp:/home/unitree/cyclonedds_ws/install/cyclonedds:/opt/ros/foxy')]), 'shell': False}
[2.576867] (realsense2_camera_msgs) StdoutLine: {'line': b'[  1%] Built target realsense2_camera_msgs__cpp\n'}
[2.579349] (realsense2_camera_msgs) StdoutLine: {'line': b'[ 12%] Built target realsense2_camera_msgs__rosidl_generator_c\n'}
[2.579694] (realsense2_camera_msgs) StdoutLine: {'line': b'[ 23%] Built target realsense2_camera_msgs__rosidl_typesupport_cpp\n'}
[2.579865] (realsense2_camera_msgs) StdoutLine: {'line': b'[ 34%] Built target realsense2_camera_msgs__rosidl_typesupport_fastrtps_cpp\n'}
[2.580018] (realsense2_camera_msgs) StdoutLine: {'line': b'[ 45%] Built target realsense2_camera_msgs__rosidl_typesupport_introspection_cpp\n'}
[2.580169] (realsense2_camera_msgs) StdoutLine: {'line': b'[ 56%] Built target realsense2_camera_msgs__rosidl_typesupport_c\n'}
[2.580309] (realsense2_camera_msgs) StdoutLine: {'line': b'[ 74%] Built target realsense2_camera_msgs__rosidl_typesupport_fastrtps_c\n'}
[2.580446] (realsense2_camera_msgs) StdoutLine: {'line': b'[ 78%] Built target realsense2_camera_msgs__rosidl_typesupport_introspection_c\n'}
[2.580582] (realsense2_camera_msgs) StdoutLine: {'line': b'[ 78%] Built target realsense2_camera_msgs\n'}
[2.580719] (realsense2_camera_msgs) StdoutLine: {'line': b'[ 80%] Built target realsense2_camera_msgs__py\n'}
[2.580853] (realsense2_camera_msgs) StdoutLine: {'line': b'[ 89%] Built target realsense2_camera_msgs__python\n'}
[2.580986] (realsense2_camera_msgs) StdoutLine: {'line': b'[ 92%] Built target realsense2_camera_msgs__rosidl_typesupport_introspection_c__pyext\n'}
[2.581119] (realsense2_camera_msgs) StdoutLine: {'line': b'[ 96%] Built target realsense2_camera_msgs__rosidl_typesupport_c__pyext\n'}
[2.581253] (realsense2_camera_msgs) StdoutLine: {'line': b'[100%] Built target realsense2_camera_msgs__rosidl_typesupport_fastrtps_c__pyext\n'}
[2.631735] (-) TimerEvent: {}
[2.634196] (arm_driver) StdoutLine: {'line': b'-- Found ament_cmake: 0.9.12 (/opt/ros/foxy/share/ament_cmake/cmake)\n'}
[2.679078] (arm_driver) StdoutLine: {'line': b'-- Using PYTHON_EXECUTABLE: /usr/bin/python3\n'}
[2.731853] (-) TimerEvent: {}
[2.833349] (-) TimerEvent: {}
[2.934073] (-) TimerEvent: {}
[3.035162] (-) TimerEvent: {}
[3.087577] (arm_driver) StdoutLine: {'line': b'-- Found rclcpp: 2.4.3 (/opt/ros/foxy/share/rclcpp/cmake)\n'}
[3.135346] (-) TimerEvent: {}
[3.151487] (arm_driver) StdoutLine: {'line': b'-- Using all available rosidl_typesupport_c: rosidl_typesupport_fastrtps_c;rosidl_typesupport_introspection_c\n'}
[3.158405] (arm_driver) StdoutLine: {'line': b'-- Found rosidl_adapter: 1.3.1 (/opt/ros/foxy/share/rosidl_adapter/cmake)\n'}
[3.235587] (-) TimerEvent: {}
[3.336402] (-) TimerEvent: {}
[3.395709] (arm_driver) StdoutLine: {'line': b'-- Using all available rosidl_typesupport_cpp: rosidl_typesupport_fastrtps_cpp;rosidl_typesupport_introspection_cpp\n'}
[3.437038] (-) TimerEvent: {}
[3.443994] (realsense2_camera_msgs) CommandEnded: {'returncode': 0}
[3.446485] (realsense2_camera_msgs) JobProgress: {'identifier': 'realsense2_camera_msgs', 'progress': 'install'}
[3.479265] (realsense2_camera_msgs) Command: {'cmd': ['/usr/bin/cmake', '--install', '/home/unitree/106a_final/build/realsense2_camera_msgs'], 'cwd': '/home/unitree/106a_final/build/realsense2_camera_msgs', 'env': OrderedDict([('LESSOPEN', '| /usr/bin/lesspipe %s'), ('USER', 'unitree'), ('SSH_CLIENT', '192.168.50.246 51974 22'), ('XDG_SESSION_TYPE', 'tty'), ('GIT_ASKPASS', '/home/unitree/.vscode-server/cli/servers/Stable-5437499feb04f7a586f677b155b039bc2b3669eb/server/extensions/git/dist/askpass.sh'), ('SHLVL', '2'), ('LD_LIBRARY_PATH', '/usr/local/cuda-11.4/lib64:/usr/local/lib:/home/unitree/cyclonedds_ws/install/rmw_cyclonedds_cpp/lib:/home/unitree/cyclonedds_ws/install/cyclonedds/lib:/opt/ros/foxy/opt/yaml_cpp_vendor/lib:/opt/ros/foxy/opt/rviz_ogre_vendor/lib:/opt/ros/foxy/lib/aarch64-linux-gnu:/opt/ros/foxy/lib:/usr/local/cuda-11.4/lib64:'), ('BROWSER', '/home/unitree/.vscode-server/cli/servers/Stable-5437499feb04f7a586f677b155b039bc2b3669eb/server/bin/helpers/browser.sh'), ('MOTD_SHOWN', 'pam'), ('HOME', '/home/unitree'), ('CYCLONEDDS_URI', '/home/unitree/cyclonedds_ws/cyclonedds.xml'), ('OLDPWD', '/home/unitree/106a_final/src/d1_sdk'), ('TERM_PROGRAM_VERSION', '1.90.2'), ('VSCODE_IPC_HOOK_CLI', '/run/user/1000/vscode-ipc-1a497d47-852b-4f1f-aaa2-4938e62856a5.sock'), ('ROS_PYTHON_VERSION', '3'), ('VSCODE_GIT_ASKPASS_MAIN', '/home/unitree/.vscode-server/cli/servers/Stable-5437499feb04f7a586f677b155b039bc2b3669eb/server/extensions/git/dist/askpass-main.js'), ('VSCODE_GIT_ASKPASS_NODE', '/home/unitree/.vscode-server/cli/servers/Stable-5437499feb04f7a586f677b155b039bc2b3669eb/server/node'), ('SSL_CERT_FILE', '/usr/lib/ssl/certs/ca-certificates.crt'), ('DBUS_SESSION_BUS_ADDRESS', 'unix:path=/run/user/1000/bus'), ('COLORTERM', 'truecolor'), ('COLCON_PREFIX_PATH', '/home/unitree/cyclonedds_ws/install'), ('ROS_DISTRO', 'foxy'), ('LOGNAME', 'unitree'), ('_', '/usr/bin/colcon'), ('ROS_VERSION', '2'), ('PKG_CONFIG_PATH', '/home/unitree/cyclonedds_ws/install/cyclonedds/lib/aarch64-linux-gnu/pkgconfig:/home/unitree/cyclonedds_ws/install/cyclonedds/lib/pkgconfig'), ('XDG_SESSION_CLASS', 'user'), ('TERM', 'xterm-256color'), ('XDG_SESSION_ID', '11'), ('ROS_LOCALHOST_ONLY', '0'), ('PATH', '/usr/local/cuda-11.4/bin:/home/unitree/cyclonedds_ws/install/cyclonedds/bin:/opt/ros/foxy/bin:/home/unitree/.vscode-server/cli/servers/Stable-5437499feb04f7a586f677b155b039bc2b3669eb/server/bin/remote-cli:/home/unitree/.local/bin:/usr/local/cuda-11.4/bin:/home/unitree/.local/bin:/usr/local/sbin:/usr/local/bin:/usr/sbin:/usr/bin:/sbin:/bin:/usr/games:/usr/local/games:/snap/bin'), ('XDG_RUNTIME_DIR', '/run/user/1000'), ('SSL_CERT_DIR', '/usr/lib/ssl/certs'), ('LANG', 'en_US.UTF-8'), ('RMW_IMPLEMENTATION', 'rmw_cyclonedds_cpp'), ('LS_COLORS', 'rs=0:di=01;34:ln=01;36:mh=00:pi=40;33:so=01;35:do=01;35:bd=40;33;01:cd=40;33;01:or=40;31;01:mi=00:su=37;41:sg=30;43:ca=30;41:tw=30;42:ow=34;42:st=37;44:ex=01;32:*.tar=01;31:*.tgz=01;31:*.arc=01;31:*.arj=01;31:*.taz=01;31:*.lha=01;31:*.lz4=01;31:*.lzh=01;31:*.lzma=01;31:*.tlz=01;31:*.txz=01;31:*.tzo=01;31:*.t7z=01;31:*.zip=01;31:*.z=01;31:*.dz=01;31:*.gz=01;31:*.lrz=01;31:*.lz=01;31:*.lzo=01;31:*.xz=01;31:*.zst=01;31:*.tzst=01;31:*.bz2=01;31:*.bz=01;31:*.tbz=01;31:*.tbz2=01;31:*.tz=01;31:*.deb=01;31:*.rpm=01;31:*.jar=01;31:*.war=01;31:*.ear=01;31:*.sar=01;31:*.rar=01;31:*.alz=01;31:*.ace=01;31:*.zoo=01;31:*.cpio=01;31:*.7z=01;31:*.rz=01;31:*.cab=01;31:*.wim=01;31:*.swm=01;31:*.dwm=01;31:*.esd=01;31:*.jpg=01;35:*.jpeg=01;35:*.mjpg=01;35:*.mjpeg=01;35:*.gif=01;35:*.bmp=01;35:*.pbm=01;35:*.pgm=01;35:*.ppm=01;35:*.tga=01;35:*.xbm=01;35:*.xpm=01;35:*.tif=01;35:*.tiff=01;35:*.png=01;35:*.svg=01;35:*.svgz=01;35:*.mng=01;35:*.pcx=01;35:*.mov=01;35:*.mpg=01;35:*.mpeg=01;35:*.m2v=01;35:*.mkv=01;35:*.webm=01;35:*.ogm=01;35:*.mp4=01;35:*.m4v=01;35:*.mp4v=01;35:*.vob=01;35:*.qt=01;35:*.nuv=01;35:*.wmv=01;35:*.asf=01;35:*.rm=01;35:*.rmvb=01;35:*.flc=01;35:*.avi=01;35:*.fli=01;35:*.flv=01;35:*.gl=01;35:*.dl=01;35:*.xcf=01;35:*.xwd=01;35:*.yuv=01;35:*.cgm=01;35:*.emf=01;35:*.ogv=01;35:*.ogx=01;35:*.aac=00;36:*.au=00;36:*.flac=00;36:*.m4a=00;36:*.mid=00;36:*.midi=00;36:*.mka=00;36:*.mp3=00;36:*.mpc=00;36:*.ogg=00;36:*.ra=00;36:*.wav=00;36:*.oga=00;36:*.opus=00;36:*.spx=00;36:*.xspf=00;36:'), ('VSCODE_GIT_IPC_HANDLE', '/run/user/1000/vscode-git-403e0bf87f.sock'), ('TERM_PROGRAM', 'vscode'), ('AMENT_PREFIX_PATH', '/home/unitree/cyclonedds_ws/install/rmw_cyclonedds_cpp:/opt/ros/foxy'), ('SHELL', '/bin/bash'), ('LESSCLOSE', '/usr/bin/lesspipe %s %s'), ('VSCODE_GIT_ASKPASS_EXTRA_ARGS', ''), ('PWD', '/home/unitree/106a_final/build/realsense2_camera_msgs'), ('LC_ALL', 'en_US.UTF-8'), ('SSH_CONNECTION', '192.168.50.246 51974 192.168.50.28 22'), ('XDG_DATA_DIRS', '/usr/local/share:/usr/share:/var/lib/snapd/desktop'), ('PYTHONPATH', '/opt/ros/foxy/lib/python3.8/site-packages'), ('COLCON', '1'), ('CMAKE_PREFIX_PATH', '/home/unitree/cyclonedds_ws/install/rmw_cyclonedds_cpp:/home/unitree/cyclonedds_ws/install/cyclonedds:/opt/ros/foxy')]), 'shell': False}
[3.484968] (arm_driver) StdoutLine: {'line': b'-- Found rmw_implementation_cmake: 1.0.4 (/opt/ros/foxy/share/rmw_implementation_cmake/cmake)\n'}
[3.485398] (arm_driver) StdoutLine: {'line': b"-- Using RMW implementation 'rmw_cyclonedds_cpp' as default\n"}
[3.512709] (realsense2_camera_msgs) StdoutLine: {'line': b'-- Install configuration: ""\n'}
[3.514819] (realsense2_camera_msgs) StdoutLine: {'line': b'-- Execute custom install script\n'}
[3.520735] (realsense2_camera_msgs) StdoutLine: {'line': b'-- Up-to-date symlink: /home/unitree/106a_final/install/realsense2_camera_msgs/share/ament_index/resource_index/rosidl_interfaces/realsense2_camera_msgs\n'}
[3.524648] (realsense2_camera_msgs) StdoutLine: {'line': b'-- Up-to-date symlink: /home/unitree/106a_final/install/realsense2_camera_msgs/include/realsense2_camera_msgs/msg/detail/extrinsics__functions.h\n'}
[3.526776] (realsense2_camera_msgs) StdoutLine: {'line': b'-- Up-to-date symlink: /home/unitree/106a_final/install/realsense2_camera_msgs/include/realsense2_camera_msgs/msg/detail/extrinsics__struct.h\n'}
[3.528456] (realsense2_camera_msgs) StdoutLine: {'line': b'-- Up-to-date symlink: /home/unitree/106a_final/install/realsense2_camera_msgs/include/realsense2_camera_msgs/msg/detail/extrinsics__type_support.h\n'}
[3.529965] (realsense2_camera_msgs) StdoutLine: {'line': b'-- Up-to-date symlink: /home/unitree/106a_final/install/realsense2_camera_msgs/include/realsense2_camera_msgs/msg/detail/imu_info__functions.h\n'}
[3.531475] (realsense2_camera_msgs) StdoutLine: {'line': b'-- Up-to-date symlink: /home/unitree/106a_final/install/realsense2_camera_msgs/include/realsense2_camera_msgs/msg/detail/imu_info__struct.h\n'}
[3.532939] (realsense2_camera_msgs) StdoutLine: {'line': b'-- Up-to-date symlink: /home/unitree/106a_final/install/realsense2_camera_msgs/include/realsense2_camera_msgs/msg/detail/imu_info__type_support.h\n'}
[3.534388] (realsense2_camera_msgs) StdoutLine: {'line': b'-- Up-to-date symlink: /home/unitree/106a_final/install/realsense2_camera_msgs/include/realsense2_camera_msgs/msg/detail/metadata__functions.h\n'}
[3.536316] (realsense2_camera_msgs) StdoutLine: {'line': b'-- Up-to-date symlink: /home/unitree/106a_final/install/realsense2_camera_msgs/include/realsense2_camera_msgs/msg/detail/metadata__struct.h\n'}
[3.537067] (-) TimerEvent: {}
[3.538912] (realsense2_camera_msgs) StdoutLine: {'line': b'-- Up-to-date symlink: /home/unitree/106a_final/install/realsense2_camera_msgs/include/realsense2_camera_msgs/msg/detail/metadata__type_support.h\n'}
[3.540409] (realsense2_camera_msgs) StdoutLine: {'line': b'-- Up-to-date symlink: /home/unitree/106a_final/install/realsense2_camera_msgs/include/realsense2_camera_msgs/msg/extrinsics.h\n'}
[3.543152] (realsense2_camera_msgs) StdoutLine: {'line': b'-- Up-to-date symlink: /home/unitree/106a_final/install/realsense2_camera_msgs/include/realsense2_camera_msgs/msg/imu_info.h\n'}
[3.544343] (realsense2_camera_msgs) StdoutLine: {'line': b'-- Up-to-date symlink: /home/unitree/106a_final/install/realsense2_camera_msgs/include/realsense2_camera_msgs/msg/metadata.h\n'}
[3.545602] (realsense2_camera_msgs) StdoutLine: {'line': b'-- Up-to-date symlink: /home/unitree/106a_final/install/realsense2_camera_msgs/include/realsense2_camera_msgs/msg/rosidl_generator_c__visibility_control.h\n'}
[3.546424] (realsense2_camera_msgs) StdoutLine: {'line': b'-- Up-to-date symlink: /home/unitree/106a_final/install/realsense2_camera_msgs/include/realsense2_camera_msgs/srv/detail/device_info__functions.h\n'}
[3.547163] (realsense2_camera_msgs) StdoutLine: {'line': b'-- Up-to-date symlink: /home/unitree/106a_final/install/realsense2_camera_msgs/include/realsense2_camera_msgs/srv/detail/device_info__struct.h\n'}
[3.547957] (realsense2_camera_msgs) StdoutLine: {'line': b'-- Up-to-date symlink: /home/unitree/106a_final/install/realsense2_camera_msgs/include/realsense2_camera_msgs/srv/detail/device_info__type_support.h\n'}
[3.548667] (realsense2_camera_msgs) StdoutLine: {'line': b'-- Up-to-date symlink: /home/unitree/106a_final/install/realsense2_camera_msgs/include/realsense2_camera_msgs/srv/device_info.h\n'}
[3.549649] (realsense2_camera_msgs) StdoutLine: {'line': b'-- Up-to-date symlink: /home/unitree/106a_final/install/realsense2_camera_msgs/share/realsense2_camera_msgs/environment/library_path.sh\n'}
[3.550528] (realsense2_camera_msgs) StdoutLine: {'line': b'-- Up-to-date symlink: /home/unitree/106a_final/install/realsense2_camera_msgs/share/realsense2_camera_msgs/environment/library_path.dsv\n'}
[3.560265] (realsense2_camera_msgs) StdoutLine: {'line': b'-- Up-to-date symlink: /home/unitree/106a_final/install/realsense2_camera_msgs/include/realsense2_camera_msgs/msg/detail/extrinsics__rosidl_typesupport_fastrtps_c.h\n'}
[3.562137] (realsense2_camera_msgs) StdoutLine: {'line': b'-- Up-to-date symlink: /home/unitree/106a_final/install/realsense2_camera_msgs/include/realsense2_camera_msgs/msg/detail/imu_info__rosidl_typesupport_fastrtps_c.h\n'}
[3.563748] (realsense2_camera_msgs) StdoutLine: {'line': b'-- Up-to-date symlink: /home/unitree/106a_final/install/realsense2_camera_msgs/include/realsense2_camera_msgs/msg/detail/metadata__rosidl_typesupport_fastrtps_c.h\n'}
[3.565198] (realsense2_camera_msgs) StdoutLine: {'line': b'-- Up-to-date symlink: /home/unitree/106a_final/install/realsense2_camera_msgs/include/realsense2_camera_msgs/msg/rosidl_typesupport_fastrtps_c__visibility_control.h\n'}
[3.566684] (realsense2_camera_msgs) StdoutLine: {'line': b'-- Up-to-date symlink: /home/unitree/106a_final/install/realsense2_camera_msgs/include/realsense2_camera_msgs/srv/detail/device_info__rosidl_typesupport_fastrtps_c.h\n'}
[3.568779] (realsense2_camera_msgs) StdoutLine: {'line': b'-- Up-to-date symlink: /home/unitree/106a_final/install/realsense2_camera_msgs/lib/librealsense2_camera_msgs__rosidl_typesupport_fastrtps_c.so\n'}
[3.571537] (realsense2_camera_msgs) StdoutLine: {'line': b'-- Up-to-date symlink: /home/unitree/106a_final/install/realsense2_camera_msgs/include/realsense2_camera_msgs/msg/detail/extrinsics__rosidl_typesupport_fastrtps_cpp.hpp\n'}
[3.573011] (realsense2_camera_msgs) StdoutLine: {'line': b'-- Up-to-date symlink: /home/unitree/106a_final/install/realsense2_camera_msgs/include/realsense2_camera_msgs/msg/detail/imu_info__rosidl_typesupport_fastrtps_cpp.hpp\n'}
[3.574406] (realsense2_camera_msgs) StdoutLine: {'line': b'-- Up-to-date symlink: /home/unitree/106a_final/install/realsense2_camera_msgs/include/realsense2_camera_msgs/msg/detail/metadata__rosidl_typesupport_fastrtps_cpp.hpp\n'}
[3.575805] (realsense2_camera_msgs) StdoutLine: {'line': b'-- Up-to-date symlink: /home/unitree/106a_final/install/realsense2_camera_msgs/include/realsense2_camera_msgs/msg/rosidl_typesupport_fastrtps_cpp__visibility_control.h\n'}
[3.577716] (realsense2_camera_msgs) StdoutLine: {'line': b'-- Up-to-date symlink: /home/unitree/106a_final/install/realsense2_camera_msgs/include/realsense2_camera_msgs/srv/detail/device_info__rosidl_typesupport_fastrtps_cpp.hpp\n'}
[3.579601] (realsense2_camera_msgs) StdoutLine: {'line': b'-- Up-to-date symlink: /home/unitree/106a_final/install/realsense2_camera_msgs/lib/librealsense2_camera_msgs__rosidl_typesupport_fastrtps_cpp.so\n'}
[3.581806] (realsense2_camera_msgs) StdoutLine: {'line': b'-- Up-to-date symlink: /home/unitree/106a_final/install/realsense2_camera_msgs/include/realsense2_camera_msgs/msg/detail/extrinsics__rosidl_typesupport_introspection_c.h\n'}
[3.583317] (realsense2_camera_msgs) StdoutLine: {'line': b'-- Up-to-date symlink: /home/unitree/106a_final/install/realsense2_camera_msgs/include/realsense2_camera_msgs/msg/detail/imu_info__rosidl_typesupport_introspection_c.h\n'}
[3.584791] (realsense2_camera_msgs) StdoutLine: {'line': b'-- Up-to-date symlink: /home/unitree/106a_final/install/realsense2_camera_msgs/include/realsense2_camera_msgs/msg/detail/metadata__rosidl_typesupport_introspection_c.h\n'}
[3.586257] (realsense2_camera_msgs) StdoutLine: {'line': b'-- Up-to-date symlink: /home/unitree/106a_final/install/realsense2_camera_msgs/include/realsense2_camera_msgs/msg/rosidl_typesupport_introspection_c__visibility_control.h\n'}
[3.587823] (realsense2_camera_msgs) StdoutLine: {'line': b'-- Up-to-date symlink: /home/unitree/106a_final/install/realsense2_camera_msgs/include/realsense2_camera_msgs/srv/detail/device_info__rosidl_typesupport_introspection_c.h\n'}
[3.590358] (realsense2_camera_msgs) StdoutLine: {'line': b'-- Up-to-date symlink: /home/unitree/106a_final/install/realsense2_camera_msgs/include/realsense2_camera_msgs/msg/detail/extrinsics__builder.hpp\n'}
[3.592072] (realsense2_camera_msgs) StdoutLine: {'line': b'-- Up-to-date symlink: /home/unitree/106a_final/install/realsense2_camera_msgs/include/realsense2_camera_msgs/msg/detail/extrinsics__struct.hpp\n'}
[3.594665] (realsense2_camera_msgs) StdoutLine: {'line': b'-- Up-to-date symlink: /home/unitree/106a_final/install/realsense2_camera_msgs/include/realsense2_camera_msgs/msg/detail/extrinsics__traits.hpp\n'}
[3.597857] (realsense2_camera_msgs) StdoutLine: {'line': b'-- Up-to-date symlink: /home/unitree/106a_final/install/realsense2_camera_msgs/include/realsense2_camera_msgs/msg/detail/extrinsics__type_support.hpp\n'}
[3.599902] (realsense2_camera_msgs) StdoutLine: {'line': b'-- Up-to-date symlink: /home/unitree/106a_final/install/realsense2_camera_msgs/include/realsense2_camera_msgs/msg/detail/imu_info__builder.hpp\n'}
[3.601884] (realsense2_camera_msgs) StdoutLine: {'line': b'-- Up-to-date symlink: /home/unitree/106a_final/install/realsense2_camera_msgs/include/realsense2_camera_msgs/msg/detail/imu_info__struct.hpp\n'}
[3.603900] (realsense2_camera_msgs) StdoutLine: {'line': b'-- Up-to-date symlink: /home/unitree/106a_final/install/realsense2_camera_msgs/include/realsense2_camera_msgs/msg/detail/imu_info__traits.hpp\n'}
[3.605883] (realsense2_camera_msgs) StdoutLine: {'line': b'-- Up-to-date symlink: /home/unitree/106a_final/install/realsense2_camera_msgs/include/realsense2_camera_msgs/msg/detail/imu_info__type_support.hpp\n'}
[3.607900] (realsense2_camera_msgs) StdoutLine: {'line': b'-- Up-to-date symlink: /home/unitree/106a_final/install/realsense2_camera_msgs/include/realsense2_camera_msgs/msg/detail/metadata__builder.hpp\n'}
[3.609946] (realsense2_camera_msgs) StdoutLine: {'line': b'-- Up-to-date symlink: /home/unitree/106a_final/install/realsense2_camera_msgs/include/realsense2_camera_msgs/msg/detail/metadata__struct.hpp\n'}
[3.611981] (realsense2_camera_msgs) StdoutLine: {'line': b'-- Up-to-date symlink: /home/unitree/106a_final/install/realsense2_camera_msgs/include/realsense2_camera_msgs/msg/detail/metadata__traits.hpp\n'}
[3.614057] (realsense2_camera_msgs) StdoutLine: {'line': b'-- Up-to-date symlink: /home/unitree/106a_final/install/realsense2_camera_msgs/include/realsense2_camera_msgs/msg/detail/metadata__type_support.hpp\n'}
[3.616080] (realsense2_camera_msgs) StdoutLine: {'line': b'-- Up-to-date symlink: /home/unitree/106a_final/install/realsense2_camera_msgs/include/realsense2_camera_msgs/msg/extrinsics.hpp\n'}
[3.618111] (realsense2_camera_msgs) StdoutLine: {'line': b'-- Up-to-date symlink: /home/unitree/106a_final/install/realsense2_camera_msgs/include/realsense2_camera_msgs/msg/imu_info.hpp\n'}
[3.625202] (realsense2_camera_msgs) StdoutLine: {'line': b'-- Up-to-date symlink: /home/unitree/106a_final/install/realsense2_camera_msgs/include/realsense2_camera_msgs/msg/metadata.hpp\n'}
[3.633318] (realsense2_camera_msgs) StdoutLine: {'line': b'-- Up-to-date symlink: /home/unitree/106a_final/install/realsense2_camera_msgs/include/realsense2_camera_msgs/msg/rosidl_generator_cpp__visibility_control.hpp\n'}
[3.635663] (realsense2_camera_msgs) StdoutLine: {'line': b'-- Up-to-date symlink: /home/unitree/106a_final/install/realsense2_camera_msgs/include/realsense2_camera_msgs/srv/detail/device_info__builder.hpp\n'}
[3.637176] (-) TimerEvent: {}
[3.638466] (realsense2_camera_msgs) StdoutLine: {'line': b'-- Up-to-date symlink: /home/unitree/106a_final/install/realsense2_camera_msgs/include/realsense2_camera_msgs/srv/detail/device_info__struct.hpp\n'}
[3.640574] (realsense2_camera_msgs) StdoutLine: {'line': b'-- Up-to-date symlink: /home/unitree/106a_final/install/realsense2_camera_msgs/include/realsense2_camera_msgs/srv/detail/device_info__traits.hpp\n'}
[3.642648] (realsense2_camera_msgs) StdoutLine: {'line': b'-- Up-to-date symlink: /home/unitree/106a_final/install/realsense2_camera_msgs/include/realsense2_camera_msgs/srv/detail/device_info__type_support.hpp\n'}
[3.644701] (realsense2_camera_msgs) StdoutLine: {'line': b'-- Up-to-date symlink: /home/unitree/106a_final/install/realsense2_camera_msgs/include/realsense2_camera_msgs/srv/device_info.hpp\n'}
[3.647525] (realsense2_camera_msgs) StdoutLine: {'line': b'-- Up-to-date symlink: /home/unitree/106a_final/install/realsense2_camera_msgs/include/realsense2_camera_msgs/msg/detail/extrinsics__rosidl_typesupport_introspection_cpp.hpp\n'}
[3.649864] (realsense2_camera_msgs) StdoutLine: {'line': b'-- Up-to-date symlink: /home/unitree/106a_final/install/realsense2_camera_msgs/include/realsense2_camera_msgs/msg/detail/imu_info__rosidl_typesupport_introspection_cpp.hpp\n'}
[3.651888] (realsense2_camera_msgs) StdoutLine: {'line': b'-- Up-to-date symlink: /home/unitree/106a_final/install/realsense2_camera_msgs/include/realsense2_camera_msgs/msg/detail/metadata__rosidl_typesupport_introspection_cpp.hpp\n'}
[3.653913] (realsense2_camera_msgs) StdoutLine: {'line': b'-- Up-to-date symlink: /home/unitree/106a_final/install/realsense2_camera_msgs/include/realsense2_camera_msgs/srv/detail/device_info__rosidl_typesupport_introspection_cpp.hpp\n'}
[3.666140] (realsense2_camera_msgs) StdoutLine: {'line': b'-- Up-to-date symlink: /home/unitree/106a_final/install/realsense2_camera_msgs/share/realsense2_camera_msgs/environment/pythonpath.sh\n'}
[3.668857] (realsense2_camera_msgs) StdoutLine: {'line': b'-- Up-to-date symlink: /home/unitree/106a_final/install/realsense2_camera_msgs/share/realsense2_camera_msgs/environment/pythonpath.dsv\n'}
[3.671646] (realsense2_camera_msgs) StdoutLine: {'line': b'-- Up-to-date symlink: /home/unitree/106a_final/install/realsense2_camera_msgs/lib/python3.8/site-packages/realsense2_camera_msgs/__init__.py\n'}
[3.674411] (realsense2_camera_msgs) StdoutLine: {'line': b'-- Up-to-date symlink: /home/unitree/106a_final/install/realsense2_camera_msgs/lib/python3.8/site-packages/realsense2_camera_msgs/msg/__init__.py\n'}
[3.676549] (realsense2_camera_msgs) StdoutLine: {'line': b'-- Up-to-date symlink: /home/unitree/106a_final/install/realsense2_camera_msgs/lib/python3.8/site-packages/realsense2_camera_msgs/msg/_extrinsics.py\n'}
[3.678532] (realsense2_camera_msgs) StdoutLine: {'line': b'-- Up-to-date symlink: /home/unitree/106a_final/install/realsense2_camera_msgs/lib/python3.8/site-packages/realsense2_camera_msgs/msg/_imu_info.py\n'}
[3.680534] (realsense2_camera_msgs) StdoutLine: {'line': b'-- Up-to-date symlink: /home/unitree/106a_final/install/realsense2_camera_msgs/lib/python3.8/site-packages/realsense2_camera_msgs/msg/_metadata.py\n'}
[3.683185] (realsense2_camera_msgs) StdoutLine: {'line': b'-- Up-to-date symlink: /home/unitree/106a_final/install/realsense2_camera_msgs/lib/python3.8/site-packages/realsense2_camera_msgs/srv/__init__.py\n'}
[3.685631] (realsense2_camera_msgs) StdoutLine: {'line': b'-- Up-to-date symlink: /home/unitree/106a_final/install/realsense2_camera_msgs/lib/python3.8/site-packages/realsense2_camera_msgs/srv/_device_info.py\n'}
[3.688331] (realsense2_camera_msgs) StdoutLine: {'line': b'-- Up-to-date symlink: /home/unitree/106a_final/install/realsense2_camera_msgs/lib/python3.8/site-packages/realsense2_camera_msgs/realsense2_camera_msgs_s__rosidl_typesupport_fastrtps_c.cpython-38-aarch64-linux-gnu.so\n'}
[3.695523] (realsense2_camera_msgs) StdoutLine: {'line': b'-- Up-to-date symlink: /home/unitree/106a_final/install/realsense2_camera_msgs/lib/python3.8/site-packages/realsense2_camera_msgs/realsense2_camera_msgs_s__rosidl_typesupport_introspection_c.cpython-38-aarch64-linux-gnu.so\n'}
[3.699015] (realsense2_camera_msgs) StdoutLine: {'line': b'-- Up-to-date symlink: /home/unitree/106a_final/install/realsense2_camera_msgs/lib/python3.8/site-packages/realsense2_camera_msgs/realsense2_camera_msgs_s__rosidl_typesupport_c.cpython-38-aarch64-linux-gnu.so\n'}
[3.701976] (realsense2_camera_msgs) StdoutLine: {'line': b'-- Up-to-date symlink: /home/unitree/106a_final/install/realsense2_camera_msgs/lib/librealsense2_camera_msgs__python.so\n'}
[3.704553] (realsense2_camera_msgs) StdoutLine: {'line': b'-- Up-to-date symlink: /home/unitree/106a_final/install/realsense2_camera_msgs/share/realsense2_camera_msgs/msg/IMUInfo.idl\n'}
[3.707007] (realsense2_camera_msgs) StdoutLine: {'line': b'-- Up-to-date symlink: /home/unitree/106a_final/install/realsense2_camera_msgs/share/realsense2_camera_msgs/msg/Extrinsics.idl\n'}
[3.709364] (realsense2_camera_msgs) StdoutLine: {'line': b'-- Up-to-date symlink: /home/unitree/106a_final/install/realsense2_camera_msgs/share/realsense2_camera_msgs/msg/Metadata.idl\n'}
[3.711629] (realsense2_camera_msgs) StdoutLine: {'line': b'-- Up-to-date symlink: /home/unitree/106a_final/install/realsense2_camera_msgs/share/realsense2_camera_msgs/srv/DeviceInfo.idl\n'}
[3.713872] (realsense2_camera_msgs) StdoutLine: {'line': b'-- Up-to-date symlink: /home/unitree/106a_final/install/realsense2_camera_msgs/share/realsense2_camera_msgs/msg/IMUInfo.msg\n'}
[3.716046] (realsense2_camera_msgs) StdoutLine: {'line': b'-- Up-to-date symlink: /home/unitree/106a_final/install/realsense2_camera_msgs/share/realsense2_camera_msgs/msg/Extrinsics.msg\n'}
[3.718176] (realsense2_camera_msgs) StdoutLine: {'line': b'-- Up-to-date symlink: /home/unitree/106a_final/install/realsense2_camera_msgs/share/realsense2_camera_msgs/msg/Metadata.msg\n'}
[3.720349] (realsense2_camera_msgs) StdoutLine: {'line': b'-- Up-to-date symlink: /home/unitree/106a_final/install/realsense2_camera_msgs/share/realsense2_camera_msgs/srv/DeviceInfo.srv\n'}
[3.722498] (realsense2_camera_msgs) StdoutLine: {'line': b'-- Up-to-date symlink: /home/unitree/106a_final/install/realsense2_camera_msgs/share/realsense2_camera_msgs/srv/DeviceInfo_Request.msg\n'}
[3.724662] (realsense2_camera_msgs) StdoutLine: {'line': b'-- Up-to-date symlink: /home/unitree/106a_final/install/realsense2_camera_msgs/share/realsense2_camera_msgs/srv/DeviceInfo_Response.msg\n'}
[3.727248] (realsense2_camera_msgs) StdoutLine: {'line': b'-- Up-to-date symlink: /home/unitree/106a_final/install/realsense2_camera_msgs/share/ament_index/resource_index/package_run_dependencies/realsense2_camera_msgs\n'}
[3.729453] (realsense2_camera_msgs) StdoutLine: {'line': b'-- Up-to-date symlink: /home/unitree/106a_final/install/realsense2_camera_msgs/share/ament_index/resource_index/parent_prefix_path/realsense2_camera_msgs\n'}
[3.731653] (realsense2_camera_msgs) StdoutLine: {'line': b'-- Up-to-date symlink: /home/unitree/106a_final/install/realsense2_camera_msgs/share/realsense2_camera_msgs/environment/ament_prefix_path.sh\n'}
[3.737338] (-) TimerEvent: {}
[3.738731] (realsense2_camera_msgs) StdoutLine: {'line': b'-- Up-to-date symlink: /home/unitree/106a_final/install/realsense2_camera_msgs/share/realsense2_camera_msgs/environment/ament_prefix_path.dsv\n'}
[3.741237] (realsense2_camera_msgs) StdoutLine: {'line': b'-- Up-to-date symlink: /home/unitree/106a_final/install/realsense2_camera_msgs/share/realsense2_camera_msgs/environment/path.sh\n'}
[3.743473] (realsense2_camera_msgs) StdoutLine: {'line': b'-- Up-to-date symlink: /home/unitree/106a_final/install/realsense2_camera_msgs/share/realsense2_camera_msgs/environment/path.dsv\n'}
[3.745650] (realsense2_camera_msgs) StdoutLine: {'line': b'-- Up-to-date symlink: /home/unitree/106a_final/install/realsense2_camera_msgs/share/realsense2_camera_msgs/local_setup.bash\n'}
[3.747845] (realsense2_camera_msgs) StdoutLine: {'line': b'-- Up-to-date symlink: /home/unitree/106a_final/install/realsense2_camera_msgs/share/realsense2_camera_msgs/local_setup.sh\n'}
[3.760405] (realsense2_camera_msgs) StdoutLine: {'line': b'-- Up-to-date symlink: /home/unitree/106a_final/install/realsense2_camera_msgs/share/realsense2_camera_msgs/local_setup.zsh\n'}
[3.763041] (realsense2_camera_msgs) StdoutLine: {'line': b'-- Up-to-date symlink: /home/unitree/106a_final/install/realsense2_camera_msgs/share/realsense2_camera_msgs/local_setup.dsv\n'}
[3.768288] (realsense2_camera_msgs) StdoutLine: {'line': b'-- Symlinking: /home/unitree/106a_final/install/realsense2_camera_msgs/share/realsense2_camera_msgs/package.dsv\n'}
[3.836771] (realsense2_camera_msgs) StdoutLine: {'line': b'-- Up-to-date symlink: /home/unitree/106a_final/install/realsense2_camera_msgs/share/ament_index/resource_index/packages/realsense2_camera_msgs\n'}
[3.838032] (realsense2_camera_msgs) StdoutLine: {'line': b'-- Up-to-date symlink: /home/unitree/106a_final/install/realsense2_camera_msgs/share/realsense2_camera_msgs/cmake/rosidl_cmake-extras.cmake\n'}
[3.838306] (-) TimerEvent: {}
[3.839240] (realsense2_camera_msgs) StdoutLine: {'line': b'-- Up-to-date symlink: /home/unitree/106a_final/install/realsense2_camera_msgs/share/realsense2_camera_msgs/cmake/ament_cmake_export_dependencies-extras.cmake\n'}
[3.840313] (realsense2_camera_msgs) StdoutLine: {'line': b'-- Up-to-date symlink: /home/unitree/106a_final/install/realsense2_camera_msgs/share/realsense2_camera_msgs/cmake/ament_cmake_export_libraries-extras.cmake\n'}
[3.840568] (realsense2_camera_msgs) StdoutLine: {'line': b'-- Up-to-date symlink: /home/unitree/106a_final/install/realsense2_camera_msgs/share/realsense2_camera_msgs/cmake/ament_cmake_export_targets-extras.cmake\n'}
[3.840727] (realsense2_camera_msgs) StdoutLine: {'line': b'-- Up-to-date symlink: /home/unitree/106a_final/install/realsense2_camera_msgs/share/realsense2_camera_msgs/cmake/ament_cmake_export_include_directories-extras.cmake\n'}
[3.841541] (realsense2_camera_msgs) StdoutLine: {'line': b'-- Up-to-date symlink: /home/unitree/106a_final/install/realsense2_camera_msgs/share/realsense2_camera_msgs/cmake/rosidl_cmake_export_typesupport_libraries-extras.cmake\n'}
[3.841808] (realsense2_camera_msgs) StdoutLine: {'line': b'-- Up-to-date symlink: /home/unitree/106a_final/install/realsense2_camera_msgs/share/realsense2_camera_msgs/cmake/rosidl_cmake_export_typesupport_targets-extras.cmake\n'}
[3.842566] (realsense2_camera_msgs) StdoutLine: {'line': b'-- Up-to-date symlink: /home/unitree/106a_final/install/realsense2_camera_msgs/share/realsense2_camera_msgs/cmake/realsense2_camera_msgsConfig.cmake\n'}
[3.842835] (realsense2_camera_msgs) StdoutLine: {'line': b'-- Up-to-date symlink: /home/unitree/106a_final/install/realsense2_camera_msgs/share/realsense2_camera_msgs/cmake/realsense2_camera_msgsConfig-version.cmake\n'}
[3.842995] (realsense2_camera_msgs) StdoutLine: {'line': b'-- Up-to-date symlink: /home/unitree/106a_final/install/realsense2_camera_msgs/share/realsense2_camera_msgs/package.xml\n'}
[3.843915] (realsense2_camera_msgs) StdoutLine: {'line': b'-- Up-to-date: /home/unitree/106a_final/install/realsense2_camera_msgs/lib/librealsense2_camera_msgs__rosidl_generator_c.so\n'}
[3.844105] (realsense2_camera_msgs) StdoutLine: {'line': b'-- Up-to-date: /home/unitree/106a_final/install/realsense2_camera_msgs/lib/librealsense2_camera_msgs__rosidl_typesupport_introspection_c.so\n'}
[3.844255] (realsense2_camera_msgs) StdoutLine: {'line': b'-- Up-to-date: /home/unitree/106a_final/install/realsense2_camera_msgs/lib/librealsense2_camera_msgs__rosidl_typesupport_c.so\n'}
[3.844688] (realsense2_camera_msgs) StdoutLine: {'line': b'-- Up-to-date: /home/unitree/106a_final/install/realsense2_camera_msgs/lib/librealsense2_camera_msgs__rosidl_typesupport_introspection_cpp.so\n'}
[3.845480] (realsense2_camera_msgs) StdoutLine: {'line': b'-- Up-to-date: /home/unitree/106a_final/install/realsense2_camera_msgs/lib/librealsense2_camera_msgs__rosidl_typesupport_cpp.so\n'}
[3.938496] (-) TimerEvent: {}
[3.949080] (realsense2_camera_msgs) StdoutLine: {'line': b'-- Up-to-date: /home/unitree/106a_final/install/realsense2_camera_msgs/share/realsense2_camera_msgs/cmake/realsense2_camera_msgs__rosidl_generator_cExport.cmake\n'}
[3.950364] (realsense2_camera_msgs) StdoutLine: {'line': b'-- Up-to-date: /home/unitree/106a_final/install/realsense2_camera_msgs/share/realsense2_camera_msgs/cmake/realsense2_camera_msgs__rosidl_generator_cExport-noconfig.cmake\n'}
[3.950660] (realsense2_camera_msgs) StdoutLine: {'line': b'-- Up-to-date: /home/unitree/106a_final/install/realsense2_camera_msgs/share/realsense2_camera_msgs/cmake/realsense2_camera_msgs__rosidl_typesupport_introspection_cExport.cmake\n'}
[3.951060] (realsense2_camera_msgs) StdoutLine: {'line': b'-- Up-to-date: /home/unitree/106a_final/install/realsense2_camera_msgs/share/realsense2_camera_msgs/cmake/realsense2_camera_msgs__rosidl_typesupport_introspection_cExport-noconfig.cmake\n'}
[3.951279] (realsense2_camera_msgs) StdoutLine: {'line': b'-- Up-to-date: /home/unitree/106a_final/install/realsense2_camera_msgs/share/realsense2_camera_msgs/cmake/realsense2_camera_msgs__rosidl_typesupport_cExport.cmake\n'}
[3.951453] (realsense2_camera_msgs) StdoutLine: {'line': b'-- Up-to-date: /home/unitree/106a_final/install/realsense2_camera_msgs/share/realsense2_camera_msgs/cmake/realsense2_camera_msgs__rosidl_typesupport_cExport-noconfig.cmake\n'}
[3.951603] (realsense2_camera_msgs) StdoutLine: {'line': b'-- Up-to-date: /home/unitree/106a_final/install/realsense2_camera_msgs/share/realsense2_camera_msgs/cmake/realsense2_camera_msgs__rosidl_generator_cppExport.cmake\n'}
[3.951769] (realsense2_camera_msgs) StdoutLine: {'line': b'-- Up-to-date: /home/unitree/106a_final/install/realsense2_camera_msgs/share/realsense2_camera_msgs/cmake/realsense2_camera_msgs__rosidl_typesupport_introspection_cppExport.cmake\n'}
[3.953341] (realsense2_camera_msgs) StdoutLine: {'line': b'-- Up-to-date: /home/unitree/106a_final/install/realsense2_camera_msgs/share/realsense2_camera_msgs/cmake/realsense2_camera_msgs__rosidl_typesupport_introspection_cppExport-noconfig.cmake\n'}
[3.953777] (realsense2_camera_msgs) StdoutLine: {'line': b'-- Up-to-date: /home/unitree/106a_final/install/realsense2_camera_msgs/share/realsense2_camera_msgs/cmake/realsense2_camera_msgs__rosidl_typesupport_cppExport.cmake\n'}
[3.954342] (realsense2_camera_msgs) StdoutLine: {'line': b'-- Up-to-date: /home/unitree/106a_final/install/realsense2_camera_msgs/share/realsense2_camera_msgs/cmake/realsense2_camera_msgs__rosidl_typesupport_cppExport-noconfig.cmake\n'}
[3.964612] (realsense2_camera_msgs) CommandEnded: {'returncode': 0}
[3.995429] (arm_driver) StdoutLine: {'line': b'-- Configuring done\n'}
[4.025809] (arm_driver) StdoutLine: {'line': b'-- Generating done\n'}
[4.038817] (-) TimerEvent: {}
[4.040459] (arm_driver) StdoutLine: {'line': b'-- Build files have been written to: /home/unitree/106a_final/build/arm_driver\n'}
[4.134155] (arm_driver) StdoutLine: {'line': b'\x1b[35m\x1b[1mScanning dependencies of target servo_driver\x1b[0m\n'}
[4.138966] (-) TimerEvent: {}
[4.241233] (-) TimerEvent: {}
[4.263500] (arm_driver) StdoutLine: {'line': b'[ 33%] \x1b[32mBuilding CXX object CMakeFiles/servo_driver.dir/src/servo_driver.cpp.o\x1b[0m\n'}
[4.319473] (arm_driver) StdoutLine: {'line': b'[ 66%] \x1b[32mBuilding CXX object CMakeFiles/servo_driver.dir/home/unitree/106a_final/src/d1_sdk/src/msg/ArmString_.cpp.o\x1b[0m\n'}
[4.341551] (-) TimerEvent: {}
[4.445194] (-) TimerEvent: {}
[4.555406] (-) TimerEvent: {}
[4.656441] (-) TimerEvent: {}
[4.759468] (-) TimerEvent: {}
[4.865350] (-) TimerEvent: {}
[4.966347] (-) TimerEvent: {}
[5.067302] (-) TimerEvent: {}
[5.168057] (-) TimerEvent: {}
[5.309571] (-) TimerEvent: {}
[5.412484] (-) TimerEvent: {}
[5.513453] (-) TimerEvent: {}
[5.600916] (realsense2_camera_msgs) JobEnded: {'identifier': 'realsense2_camera_msgs', 'rc': 0}
[5.603704] (vision_node) JobStarted: {'identifier': 'vision_node'}
[5.613636] (-) TimerEvent: {}
[5.701836] (arm_driver) StderrLine: {'line': b'In file included from \x1b[01m\x1b[K/usr/local/include/ddscxx/org/eclipse/cyclonedds/topic/datatopic.hpp:26\x1b[m\x1b[K,\n'}
[5.702354] (arm_driver) StderrLine: {'line': b'                 from \x1b[01m\x1b[K/home/unitree/106a_final/src/d1_sdk/src/msg/ArmString_.hpp:57\x1b[m\x1b[K,\n'}
[5.702526] (arm_driver) StderrLine: {'line': b'                 from \x1b[01m\x1b[K/home/unitree/106a_final/src/d1_sdk/src/msg/ArmString_.cpp:9\x1b[m\x1b[K:\n'}
[5.702679] (arm_driver) StderrLine: {'line': b'\x1b[01m\x1b[K/usr/local/include/ddscxx/org/eclipse/cyclonedds/topic/TopicTraits.hpp:95:12:\x1b[m\x1b[K \x1b[01;31m\x1b[Kerror: \x1b[m\x1b[K\xe2\x80\x98\x1b[01m\x1b[Kddsi_sertype\x1b[m\x1b[K\xe2\x80\x99 does not name a type; did you mean \xe2\x80\x98\x1b[01m\x1b[Kddscxx_sertype\x1b[m\x1b[K\xe2\x80\x99?\n'}
[5.702858] (arm_driver) StderrLine: {'line': b'   95 |     static \x1b[01;31m\x1b[Kddsi_sertype\x1b[m\x1b[K *getSerType(allowable_encodings_t kinds = allowableEncodings())\n'}
[5.703007] (arm_driver) StderrLine: {'line': b'      |            \x1b[01;31m\x1b[K^~~~~~~~~~~~\x1b[m\x1b[K\n'}
[5.703145] (arm_driver) StderrLine: {'line': b'      |            \x1b[32m\x1b[Kddscxx_sertype\x1b[m\x1b[K\n'}
[5.710936] (arm_driver) StderrLine: {'line': b'\x1b[01m\x1b[K/usr/local/include/ddscxx/org/eclipse/cyclonedds/topic/TopicTraits.hpp:167:12:\x1b[m\x1b[K \x1b[01;31m\x1b[Kerror: \x1b[m\x1b[K\xe2\x80\x98\x1b[01m\x1b[Kddsi_typeid_t\x1b[m\x1b[K\xe2\x80\x99 does not name a type; did you mean \xe2\x80\x98\x1b[01m\x1b[Kdds_time_t\x1b[m\x1b[K\xe2\x80\x99?\n'}
[5.711478] (arm_driver) StderrLine: {'line': b'  167 |     static \x1b[01;31m\x1b[Kddsi_typeid_t\x1b[m\x1b[K* getTypeId(const struct ddsi_sertype *, ddsi_typeid_kind_t kind)\n'}
[5.711824] (arm_driver) StderrLine: {'line': b'      |            \x1b[01;31m\x1b[K^~~~~~~~~~~~~\x1b[m\x1b[K\n'}
[5.711996] (arm_driver) StderrLine: {'line': b'      |            \x1b[32m\x1b[Kdds_time_t\x1b[m\x1b[K\n'}
[5.712146] (arm_driver) StderrLine: {'line': b'\x1b[01m\x1b[K/usr/local/include/ddscxx/org/eclipse/cyclonedds/topic/TopicTraits.hpp:188:12:\x1b[m\x1b[K \x1b[01;31m\x1b[Kerror: \x1b[m\x1b[K\xe2\x80\x98\x1b[01m\x1b[Kddsi_typemap_t\x1b[m\x1b[K\xe2\x80\x99 does not name a type\n'}
[5.712293] (arm_driver) StderrLine: {'line': b'  188 |     static \x1b[01;31m\x1b[Kddsi_typemap_t\x1b[m\x1b[K* getTypeMap(const struct ddsi_sertype *)\n'}
[5.712434] (arm_driver) StderrLine: {'line': b'      |            \x1b[01;31m\x1b[K^~~~~~~~~~~~~~\x1b[m\x1b[K\n'}
[5.713869] (arm_driver) StderrLine: {'line': b'\x1b[01m\x1b[K/usr/local/include/ddscxx/org/eclipse/cyclonedds/topic/TopicTraits.hpp:202:12:\x1b[m\x1b[K \x1b[01;31m\x1b[Kerror: \x1b[m\x1b[K\xe2\x80\x98\x1b[01m\x1b[Kddsi_typeinfo_t\x1b[m\x1b[K\xe2\x80\x99 does not name a type\n'}
[5.714106] (-) TimerEvent: {}
[5.714511] (arm_driver) StderrLine: {'line': b'  202 |     static \x1b[01;31m\x1b[Kddsi_typeinfo_t\x1b[m\x1b[K* getTypeInfo(const struct ddsi_sertype *)\n'}
[5.714696] (arm_driver) StderrLine: {'line': b'      |            \x1b[01;31m\x1b[K^~~~~~~~~~~~~~~\x1b[m\x1b[K\n'}
[5.714842] (arm_driver) StderrLine: {'line': b'\x1b[01m\x1b[K/usr/local/include/ddscxx/org/eclipse/cyclonedds/topic/TopicTraits.hpp:266:76:\x1b[m\x1b[K \x1b[01;31m\x1b[Kerror: \x1b[m\x1b[K\xe2\x80\x98\x1b[01m\x1b[Kdds_data_representation_id_t\x1b[m\x1b[K\xe2\x80\x99 has not been declared\n'}
[5.714988] (arm_driver) StderrLine: {'line': b'  266 |     static struct ddsi_sertype* deriveSertype(const struct ddsi_sertype *, \x1b[01;31m\x1b[Kdds_data_representation_id_t\x1b[m\x1b[K data_representation, dds_type_consistency_enforcement_qospolicy_t)\n'}
[5.715127] (arm_driver) StderrLine: {'line': b'      |                                                                            \x1b[01;31m\x1b[K^~~~~~~~~~~~~~~~~~~~~~~~~~~~\x1b[m\x1b[K\n'}
[5.715349] (arm_driver) StderrLine: {'line': b'\x1b[01m\x1b[K/usr/local/include/ddscxx/org/eclipse/cyclonedds/topic/TopicTraits.hpp:266:126:\x1b[m\x1b[K \x1b[01;31m\x1b[Kerror: \x1b[m\x1b[K\xe2\x80\x98\x1b[01m\x1b[Kdds_type_consistency_enforcement_qospolicy_t\x1b[m\x1b[K\xe2\x80\x99 has not been declared\n'}
[5.715496] (arm_driver) StderrLine: {'line': b'  266 |     static struct ddsi_sertype* deriveSertype(const struct ddsi_sertype *, dds_data_representation_id_t data_representation, \x1b[01;31m\x1b[Kdds_type_consistency_enforcement_qospolicy_t\x1b[m\x1b[K)\n'}
[5.715666] (arm_driver) StderrLine: {'line': b'      |                                                                                                                              \x1b[01;31m\x1b[K^~~~~~~~~~~~~~~~~~~~~~~~~~~~~~~~~~~~~~~~~~~~\x1b[m\x1b[K\n'}
[5.734894] (arm_driver) StderrLine: {'line': b'In file included from \x1b[01m\x1b[K/usr/local/include/ddscxx/org/eclipse/cyclonedds/topic/datatopic.hpp:26\x1b[m\x1b[K,\n'}
[5.735397] (arm_driver) StderrLine: {'line': b'                 from \x1b[01m\x1b[K/home/unitree/106a_final/src/d1_sdk/src/msg/ArmString_.hpp:57\x1b[m\x1b[K,\n'}
[5.735634] (arm_driver) StderrLine: {'line': b'                 from \x1b[01m\x1b[K/home/unitree/106a_final/src/d1_sdk/src/msg/ArmString_.cpp:9\x1b[m\x1b[K:\n'}
[5.735797] (arm_driver) StderrLine: {'line': b'\x1b[01m\x1b[K/usr/local/include/ddscxx/org/eclipse/cyclonedds/topic/TopicTraits.hpp:\x1b[m\x1b[K In static member function \xe2\x80\x98\x1b[01m\x1b[Kstatic org::eclipse::cyclonedds::topic::ddsi_sertype* org::eclipse::cyclonedds::topic::TopicTraits<TOPIC>::deriveSertype(const org::eclipse::cyclonedds::topic::ddsi_sertype*, int, int)\x1b[m\x1b[K\xe2\x80\x99:\n'}
[5.735962] (arm_driver) StderrLine: {'line': b'\x1b[01m\x1b[K/usr/local/include/ddscxx/org/eclipse/cyclonedds/topic/TopicTraits.hpp:270:16:\x1b[m\x1b[K \x1b[01;31m\x1b[Kerror: \x1b[m\x1b[K\xe2\x80\x98\x1b[01m\x1b[KDDS_DATA_REPRESENTATION_XCDR1\x1b[m\x1b[K\xe2\x80\x99 was not declared in this scope\n'}
[5.736114] (arm_driver) StderrLine: {'line': b'  270 |           case \x1b[01;31m\x1b[KDDS_DATA_REPRESENTATION_XCDR1\x1b[m\x1b[K:\n'}
[5.736254] (arm_driver) StderrLine: {'line': b'      |                \x1b[01;31m\x1b[K^~~~~~~~~~~~~~~~~~~~~~~~~~~~~\x1b[m\x1b[K\n'}
[5.744001] (arm_driver) StderrLine: {'line': b'\x1b[01m\x1b[K/usr/local/include/ddscxx/org/eclipse/cyclonedds/topic/TopicTraits.hpp:271:32:\x1b[m\x1b[K \x1b[01;31m\x1b[Kerror: \x1b[m\x1b[K\xe2\x80\x98\x1b[01m\x1b[KDDS_DATA_REPRESENTATION_FLAG_XCDR1\x1b[m\x1b[K\xe2\x80\x99 was not declared in this scope\n'}
[5.744445] (arm_driver) StderrLine: {'line': b'  271 |               ptr = getSerType(\x1b[01;31m\x1b[KDDS_DATA_REPRESENTATION_FLAG_XCDR1\x1b[m\x1b[K);\n'}
[5.744706] (arm_driver) StderrLine: {'line': b'      |                                \x1b[01;31m\x1b[K^~~~~~~~~~~~~~~~~~~~~~~~~~~~~~~~~~\x1b[m\x1b[K\n'}
[5.744867] (arm_driver) StderrLine: {'line': b'\x1b[01m\x1b[K/usr/local/include/ddscxx/org/eclipse/cyclonedds/topic/TopicTraits.hpp:271:21:\x1b[m\x1b[K \x1b[01;31m\x1b[Kerror: \x1b[m\x1b[Kthere are no arguments to \xe2\x80\x98\x1b[01m\x1b[KgetSerType\x1b[m\x1b[K\xe2\x80\x99 that depend on a template parameter, so a declaration of \xe2\x80\x98\x1b[01m\x1b[KgetSerType\x1b[m\x1b[K\xe2\x80\x99 must be available [\x1b[01;31m\x1b[K-fpermissive\x1b[m\x1b[K]\n'}
[5.745026] (arm_driver) StderrLine: {'line': b'  271 |               ptr = \x1b[01;31m\x1b[KgetSerType\x1b[m\x1b[K(DDS_DATA_REPRESENTATION_FLAG_XCDR1);\n'}
[5.745437] (arm_driver) StderrLine: {'line': b'      |                     \x1b[01;31m\x1b[K^~~~~~~~~~\x1b[m\x1b[K\n'}
[5.745609] (arm_driver) StderrLine: {'line': b'\x1b[01m\x1b[K/usr/local/include/ddscxx/org/eclipse/cyclonedds/topic/TopicTraits.hpp:271:21:\x1b[m\x1b[K \x1b[01;36m\x1b[Knote: \x1b[m\x1b[K(if you use \xe2\x80\x98\x1b[01m\x1b[K-fpermissive\x1b[m\x1b[K\xe2\x80\x99, G++ will accept your code, but allowing the use of an undeclared name is deprecated)\n'}
[5.750284] (arm_driver) StderrLine: {'line': b'\x1b[01m\x1b[K/usr/local/include/ddscxx/org/eclipse/cyclonedds/topic/TopicTraits.hpp:273:16:\x1b[m\x1b[K \x1b[01;31m\x1b[Kerror: \x1b[m\x1b[K\xe2\x80\x98\x1b[01m\x1b[KDDS_DATA_REPRESENTATION_XCDR2\x1b[m\x1b[K\xe2\x80\x99 was not declared in this scope\n'}
[5.750658] (arm_driver) StderrLine: {'line': b'  273 |           case \x1b[01;31m\x1b[KDDS_DATA_REPRESENTATION_XCDR2\x1b[m\x1b[K:\n'}
[5.750867] (arm_driver) StderrLine: {'line': b'      |                \x1b[01;31m\x1b[K^~~~~~~~~~~~~~~~~~~~~~~~~~~~~\x1b[m\x1b[K\n'}
[5.756207] (arm_driver) StderrLine: {'line': b'\x1b[01m\x1b[K/usr/local/include/ddscxx/org/eclipse/cyclonedds/topic/TopicTraits.hpp:274:32:\x1b[m\x1b[K \x1b[01;31m\x1b[Kerror: \x1b[m\x1b[K\xe2\x80\x98\x1b[01m\x1b[KDDS_DATA_REPRESENTATION_FLAG_XCDR2\x1b[m\x1b[K\xe2\x80\x99 was not declared in this scope\n'}
[5.759148] (arm_driver) StderrLine: {'line': b'  274 |               ptr = getSerType(\x1b[01;31m\x1b[KDDS_DATA_REPRESENTATION_FLAG_XCDR2\x1b[m\x1b[K);\n'}
[5.759568] (arm_driver) StderrLine: {'line': b'      |                                \x1b[01;31m\x1b[K^~~~~~~~~~~~~~~~~~~~~~~~~~~~~~~~~~\x1b[m\x1b[K\n'}
[5.759771] (arm_driver) StderrLine: {'line': b'\x1b[01m\x1b[K/usr/local/include/ddscxx/org/eclipse/cyclonedds/topic/TopicTraits.hpp:274:21:\x1b[m\x1b[K \x1b[01;31m\x1b[Kerror: \x1b[m\x1b[Kthere are no arguments to \xe2\x80\x98\x1b[01m\x1b[KgetSerType\x1b[m\x1b[K\xe2\x80\x99 that depend on a template parameter, so a declaration of \xe2\x80\x98\x1b[01m\x1b[KgetSerType\x1b[m\x1b[K\xe2\x80\x99 must be available [\x1b[01;31m\x1b[K-fpermissive\x1b[m\x1b[K]\n'}
[5.759961] (arm_driver) StderrLine: {'line': b'  274 |               ptr = \x1b[01;31m\x1b[KgetSerType\x1b[m\x1b[K(DDS_DATA_REPRESENTATION_FLAG_XCDR2);\n'}
[5.760127] (arm_driver) StderrLine: {'line': b'      |                     \x1b[01;31m\x1b[K^~~~~~~~~~\x1b[m\x1b[K\n'}
[5.760293] (arm_driver) StderrLine: {'line': b'\x1b[01m\x1b[K/usr/local/include/ddscxx/org/eclipse/cyclonedds/topic/TopicTraits.hpp:278:52:\x1b[m\x1b[K \x1b[01;35m\x1b[Kwarning: \x1b[m\x1b[Kinvalid use of incomplete type \xe2\x80\x98\x1b[01m\x1b[Kstruct org::eclipse::cyclonedds::topic::ddsi_sertype\x1b[m\x1b[K\xe2\x80\x99\n'}
[5.760436] (arm_driver) StderrLine: {'line': b'  278 |             uint32_t refc = ddsrt_atomic_ld32 (&ptr\x1b[01;35m\x1b[K->\x1b[m\x1b[Kflags_refc);\n'}
[5.760688] (arm_driver) StderrLine: {'line': b'      |                                                    \x1b[01;35m\x1b[K^~\x1b[m\x1b[K\n'}
[5.760860] (arm_driver) StderrLine: {'line': b'In file included from \x1b[01m\x1b[K/usr/local/include/ddscxx/org/eclipse/cyclonedds/topic/datatopic.hpp:26\x1b[m\x1b[K,\n'}
[5.761001] (arm_driver) StderrLine: {'line': b'                 from \x1b[01m\x1b[K/home/unitree/106a_final/src/d1_sdk/src/msg/ArmString_.hpp:57\x1b[m\x1b[K,\n'}
[5.761178] (arm_driver) StderrLine: {'line': b'                 from \x1b[01m\x1b[K/home/unitree/106a_final/src/d1_sdk/src/msg/ArmString_.cpp:9\x1b[m\x1b[K:\n'}
[5.761351] (arm_driver) StderrLine: {'line': b'\x1b[01m\x1b[K/usr/local/include/ddscxx/org/eclipse/cyclonedds/topic/TopicTraits.hpp:266:19:\x1b[m\x1b[K \x1b[01;36m\x1b[Knote: \x1b[m\x1b[Kforward declaration of \xe2\x80\x98\x1b[01m\x1b[Kstruct org::eclipse::cyclonedds::topic::ddsi_sertype\x1b[m\x1b[K\xe2\x80\x99\n'}
[5.761490] (arm_driver) StderrLine: {'line': b'  266 |     static struct \x1b[01;36m\x1b[Kddsi_sertype\x1b[m\x1b[K* deriveSertype(const struct ddsi_sertype *, dds_data_representation_id_t data_representation, dds_type_consistency_enforcement_qospolicy_t)\n'}
[5.761661] (arm_driver) StderrLine: {'line': b'      |                   \x1b[01;36m\x1b[K^~~~~~~~~~~~\x1b[m\x1b[K\n'}
[5.761814] (arm_driver) StderrLine: {'line': b'In file included from \x1b[01m\x1b[K/usr/local/include/ddscxx/org/eclipse/cyclonedds/topic/datatopic.hpp:26\x1b[m\x1b[K,\n'}
[5.761938] (arm_driver) StderrLine: {'line': b'                 from \x1b[01m\x1b[K/home/unitree/106a_final/src/d1_sdk/src/msg/ArmString_.hpp:57\x1b[m\x1b[K,\n'}
[5.763710] (arm_driver) StderrLine: {'line': b'                 from \x1b[01m\x1b[K/home/unitree/106a_final/src/d1_sdk/src/msg/ArmString_.cpp:9\x1b[m\x1b[K:\n'}
[5.763868] (arm_driver) StderrLine: {'line': b'\x1b[01m\x1b[K/usr/local/include/ddscxx/org/eclipse/cyclonedds/topic/TopicTraits.hpp:279:36:\x1b[m\x1b[K \x1b[01;35m\x1b[Kwarning: \x1b[m\x1b[Kinvalid use of incomplete type \xe2\x80\x98\x1b[01m\x1b[Kstruct org::eclipse::cyclonedds::topic::ddsi_sertype\x1b[m\x1b[K\xe2\x80\x99\n'}
[5.764004] (arm_driver) StderrLine: {'line': b'  279 |             ddsrt_atomic_st32 (&ptr\x1b[01;35m\x1b[K->\x1b[m\x1b[Kflags_refc, refc & ~DDSI_SERTYPE_REFC_MASK);\n'}
[5.764162] (arm_driver) StderrLine: {'line': b'      |                                    \x1b[01;35m\x1b[K^~\x1b[m\x1b[K\n'}
[5.764287] (arm_driver) StderrLine: {'line': b'In file included from \x1b[01m\x1b[K/usr/local/include/ddscxx/org/eclipse/cyclonedds/topic/datatopic.hpp:26\x1b[m\x1b[K,\n'}
[5.764443] (arm_driver) StderrLine: {'line': b'                 from \x1b[01m\x1b[K/home/unitree/106a_final/src/d1_sdk/src/msg/ArmString_.hpp:57\x1b[m\x1b[K,\n'}
[5.764620] (arm_driver) StderrLine: {'line': b'                 from \x1b[01m\x1b[K/home/unitree/106a_final/src/d1_sdk/src/msg/ArmString_.cpp:9\x1b[m\x1b[K:\n'}
[5.764763] (arm_driver) StderrLine: {'line': b'\x1b[01m\x1b[K/usr/local/include/ddscxx/org/eclipse/cyclonedds/topic/TopicTraits.hpp:266:19:\x1b[m\x1b[K \x1b[01;36m\x1b[Knote: \x1b[m\x1b[Kforward declaration of \xe2\x80\x98\x1b[01m\x1b[Kstruct org::eclipse::cyclonedds::topic::ddsi_sertype\x1b[m\x1b[K\xe2\x80\x99\n'}
[5.764899] (arm_driver) StderrLine: {'line': b'  266 |     static struct \x1b[01;36m\x1b[Kddsi_sertype\x1b[m\x1b[K* deriveSertype(const struct ddsi_sertype *, dds_data_representation_id_t data_representation, dds_type_consistency_enforcement_qospolicy_t)\n'}
[5.765027] (arm_driver) StderrLine: {'line': b'      |                   \x1b[01;36m\x1b[K^~~~~~~~~~~~\x1b[m\x1b[K\n'}
[5.765150] (arm_driver) StderrLine: {'line': b'In file included from \x1b[01m\x1b[K/usr/local/include/ddscxx/org/eclipse/cyclonedds/topic/datatopic.hpp:26\x1b[m\x1b[K,\n'}
[5.765310] (arm_driver) StderrLine: {'line': b'                 from \x1b[01m\x1b[K/home/unitree/106a_final/src/d1_sdk/src/msg/ArmString_.hpp:57\x1b[m\x1b[K,\n'}
[5.765536] (arm_driver) StderrLine: {'line': b'                 from \x1b[01m\x1b[K/home/unitree/106a_final/src/d1_sdk/src/msg/ArmString_.cpp:9\x1b[m\x1b[K:\n'}
[5.765770] (arm_driver) StderrLine: {'line': b'\x1b[01m\x1b[K/usr/local/include/ddscxx/org/eclipse/cyclonedds/topic/TopicTraits.hpp:279:58:\x1b[m\x1b[K \x1b[01;31m\x1b[Kerror: \x1b[m\x1b[K\xe2\x80\x98\x1b[01m\x1b[KDDSI_SERTYPE_REFC_MASK\x1b[m\x1b[K\xe2\x80\x99 was not declared in this scope\n'}
[5.765912] (arm_driver) StderrLine: {'line': b'  279 |             ddsrt_atomic_st32 (&ptr->flags_refc, refc & ~\x1b[01;31m\x1b[KDDSI_SERTYPE_REFC_MASK\x1b[m\x1b[K);\n'}
[5.766045] (arm_driver) StderrLine: {'line': b'      |                                                          \x1b[01;31m\x1b[K^~~~~~~~~~~~~~~~~~~~~~\x1b[m\x1b[K\n'}
[5.782061] (arm_driver) StderrLine: {'line': b'In file included from \x1b[01m\x1b[K/home/unitree/106a_final/src/d1_sdk/src/msg/ArmString_.hpp:57\x1b[m\x1b[K,\n'}
[5.782574] (arm_driver) StderrLine: {'line': b'                 from \x1b[01m\x1b[K/home/unitree/106a_final/src/d1_sdk/src/msg/ArmString_.cpp:9\x1b[m\x1b[K:\n'}
[5.782750] (arm_driver) StderrLine: {'line': b'\x1b[01m\x1b[K/usr/local/include/ddscxx/org/eclipse/cyclonedds/topic/datatopic.hpp:\x1b[m\x1b[K In function \xe2\x80\x98\x1b[01m\x1b[Kbool read_header(const void*, org::eclipse::cyclonedds::core::cdr::encoding_version&, org::eclipse::cyclonedds::core::cdr::endianness&)\x1b[m\x1b[K\xe2\x80\x99:\n'}
[5.782904] (arm_driver) StderrLine: {'line': b'\x1b[01m\x1b[K/usr/local/include/ddscxx/org/eclipse/cyclonedds/topic/datatopic.hpp:213:54:\x1b[m\x1b[K \x1b[01;31m\x1b[Kerror: \x1b[m\x1b[K\xe2\x80\x98\x1b[01m\x1b[KDDS_DATA_REPRESENTATION_FLAG_XCDR1\x1b[m\x1b[K\xe2\x80\x99 was not declared in this scope\n'}
[5.783081] (arm_driver) StderrLine: {'line': b'  213 |           if (TopicTraits<T>::allowableEncodings() & \x1b[01;31m\x1b[KDDS_DATA_REPRESENTATION_FLAG_XCDR1\x1b[m\x1b[K)\n'}
[5.783288] (arm_driver) StderrLine: {'line': b'      |                                                      \x1b[01;31m\x1b[K^~~~~~~~~~~~~~~~~~~~~~~~~~~~~~~~~~\x1b[m\x1b[K\n'}
[5.783441] (arm_driver) StderrLine: {'line': b'\x1b[01m\x1b[K/usr/local/include/ddscxx/org/eclipse/cyclonedds/topic/datatopic.hpp:\x1b[m\x1b[K At global scope:\n'}
[5.783635] (arm_driver) StderrLine: {'line': b'\x1b[01m\x1b[K/usr/local/include/ddscxx/org/eclipse/cyclonedds/topic/datatopic.hpp:380:9:\x1b[m\x1b[K \x1b[01;31m\x1b[Kerror: \x1b[m\x1b[K\xe2\x80\x98\x1b[01m\x1b[Kddsi_sertype\x1b[m\x1b[K\xe2\x80\x99 does not name a type; did you mean \xe2\x80\x98\x1b[01m\x1b[Kddscxx_sertype\x1b[m\x1b[K\xe2\x80\x99?\n'}
[5.783785] (arm_driver) StderrLine: {'line': b'  380 |   const \x1b[01;31m\x1b[Kddsi_sertype\x1b[m\x1b[K* type,\n'}
[5.783950] (arm_driver) StderrLine: {'line': b'      |         \x1b[01;31m\x1b[K^~~~~~~~~~~~\x1b[m\x1b[K\n'}
[5.784080] (arm_driver) StderrLine: {'line': b'      |         \x1b[32m\x1b[Kddscxx_sertype\x1b[m\x1b[K\n'}
[5.784229] (arm_driver) StderrLine: {'line': b'\x1b[01m\x1b[K/usr/local/include/ddscxx/org/eclipse/cyclonedds/topic/datatopic.hpp:406:9:\x1b[m\x1b[K \x1b[01;31m\x1b[Kerror: \x1b[m\x1b[K\xe2\x80\x98\x1b[01m\x1b[Kddsi_sertype\x1b[m\x1b[K\xe2\x80\x99 does not name a type; did you mean \xe2\x80\x98\x1b[01m\x1b[Kddscxx_sertype\x1b[m\x1b[K\xe2\x80\x99?\n'}
[5.784360] (arm_driver) StderrLine: {'line': b'  406 |   const \x1b[01;31m\x1b[Kddsi_sertype\x1b[m\x1b[K* type,\n'}
[5.784484] (arm_driver) StderrLine: {'line': b'      |         \x1b[01;31m\x1b[K^~~~~~~~~~~~\x1b[m\x1b[K\n'}
[5.784602] (arm_driver) StderrLine: {'line': b'      |         \x1b[32m\x1b[Kddscxx_sertype\x1b[m\x1b[K\n'}
[5.784716] (arm_driver) StderrLine: {'line': b'\x1b[01m\x1b[K/usr/local/include/ddscxx/org/eclipse/cyclonedds/topic/datatopic.hpp:441:9:\x1b[m\x1b[K \x1b[01;31m\x1b[Kerror: \x1b[m\x1b[K\xe2\x80\x98\x1b[01m\x1b[Kddsi_sertype\x1b[m\x1b[K\xe2\x80\x99 does not name a type; did you mean \xe2\x80\x98\x1b[01m\x1b[Kddscxx_sertype\x1b[m\x1b[K\xe2\x80\x99?\n'}
[5.784903] (arm_driver) StderrLine: {'line': b'  441 |   const \x1b[01;31m\x1b[Kddsi_sertype\x1b[m\x1b[K* type,\n'}
[5.785031] (arm_driver) StderrLine: {'line': b'      |         \x1b[01;31m\x1b[K^~~~~~~~~~~~\x1b[m\x1b[K\n'}
[5.785150] (arm_driver) StderrLine: {'line': b'      |         \x1b[32m\x1b[Kddscxx_sertype\x1b[m\x1b[K\n'}
[5.786058] (arm_driver) StderrLine: {'line': b'\x1b[01m\x1b[K/usr/local/include/ddscxx/org/eclipse/cyclonedds/topic/datatopic.hpp:452:9:\x1b[m\x1b[K \x1b[01;31m\x1b[Kerror: \x1b[m\x1b[K\xe2\x80\x98\x1b[01m\x1b[Kddsi_sertype\x1b[m\x1b[K\xe2\x80\x99 does not name a type; did you mean \xe2\x80\x98\x1b[01m\x1b[Kddscxx_sertype\x1b[m\x1b[K\xe2\x80\x99?\n'}
[5.786306] (arm_driver) StderrLine: {'line': b'  452 |   const \x1b[01;31m\x1b[Kddsi_sertype\x1b[m\x1b[K* typecmn,\n'}
[5.786454] (arm_driver) StderrLine: {'line': b'      |         \x1b[01;31m\x1b[K^~~~~~~~~~~~\x1b[m\x1b[K\n'}
[5.786583] (arm_driver) StderrLine: {'line': b'      |         \x1b[32m\x1b[Kddscxx_sertype\x1b[m\x1b[K\n'}
[5.786707] (arm_driver) StderrLine: {'line': b'\x1b[01m\x1b[K/usr/local/include/ddscxx/org/eclipse/cyclonedds/topic/datatopic.hpp:561:9:\x1b[m\x1b[K \x1b[01;31m\x1b[Kerror: \x1b[m\x1b[K\xe2\x80\x98\x1b[01m\x1b[Kddsi_sertype\x1b[m\x1b[K\xe2\x80\x99 does not name a type; did you mean \xe2\x80\x98\x1b[01m\x1b[Kddscxx_sertype\x1b[m\x1b[K\xe2\x80\x99?\n'}
[5.786829] (arm_driver) StderrLine: {'line': b'  561 |   const \x1b[01;31m\x1b[Kddsi_sertype\x1b[m\x1b[K* type,\n'}
[5.786950] (arm_driver) StderrLine: {'line': b'      |         \x1b[01;31m\x1b[K^~~~~~~~~~~~\x1b[m\x1b[K\n'}
[5.787122] (arm_driver) StderrLine: {'line': b'      |         \x1b[32m\x1b[Kddscxx_sertype\x1b[m\x1b[K\n'}
[5.788129] (arm_driver) StderrLine: {'line': b'\x1b[01m\x1b[K/usr/local/include/ddscxx/org/eclipse/cyclonedds/topic/datatopic.hpp:595:9:\x1b[m\x1b[K \x1b[01;31m\x1b[Kerror: \x1b[m\x1b[K\xe2\x80\x98\x1b[01m\x1b[Kddsi_sertype\x1b[m\x1b[K\xe2\x80\x99 does not name a type; did you mean \xe2\x80\x98\x1b[01m\x1b[Kddscxx_sertype\x1b[m\x1b[K\xe2\x80\x99?\n'}
[5.788413] (arm_driver) StderrLine: {'line': b'  595 |   const \x1b[01;31m\x1b[Kddsi_sertype\x1b[m\x1b[K* tpcmn, const ddsi_serdata* dcmn, char* buf, size_t bufsize)\n'}
[5.788619] (arm_driver) StderrLine: {'line': b'      |         \x1b[01;31m\x1b[K^~~~~~~~~~~~\x1b[m\x1b[K\n'}
[5.788785] (arm_driver) StderrLine: {'line': b'      |         \x1b[32m\x1b[Kddscxx_sertype\x1b[m\x1b[K\n'}
[5.807154] (arm_driver) StderrLine: {'line': b'\x1b[01m\x1b[K/usr/local/include/ddscxx/org/eclipse/cyclonedds/topic/datatopic.hpp:699:24:\x1b[m\x1b[K \x1b[01;31m\x1b[Kerror: \x1b[m\x1b[K\xe2\x80\x98\x1b[01m\x1b[Kddsi_sertype\x1b[m\x1b[K\xe2\x80\x99 does not name a type; did you mean \xe2\x80\x98\x1b[01m\x1b[Kddscxx_sertype\x1b[m\x1b[K\xe2\x80\x99?\n'}
[5.807794] (arm_driver) StderrLine: {'line': b'  699 |   ddscxx_serdata(const \x1b[01;31m\x1b[Kddsi_sertype\x1b[m\x1b[K* type, ddsi_serdata_kind kind);\n'}
[5.808048] (arm_driver) StderrLine: {'line': b'      |                        \x1b[01;31m\x1b[K^~~~~~~~~~~~\x1b[m\x1b[K\n'}
[5.808205] (arm_driver) StderrLine: {'line': b'      |                        \x1b[32m\x1b[Kddscxx_sertype\x1b[m\x1b[K\n'}
[5.808849] (arm_driver) StderrLine: {'line': b'\x1b[01m\x1b[K/usr/local/include/ddscxx/org/eclipse/cyclonedds/topic/datatopic.hpp:719:41:\x1b[m\x1b[K \x1b[01;31m\x1b[Kerror: \x1b[m\x1b[K\xe2\x80\x98\x1b[01m\x1b[Kddsi_sertype\x1b[m\x1b[K\xe2\x80\x99 does not name a type; did you mean \xe2\x80\x98\x1b[01m\x1b[Kddscxx_sertype\x1b[m\x1b[K\xe2\x80\x99?\n'}
[5.809078] (arm_driver) StderrLine: {'line': b'  719 | ddscxx_serdata<T>::ddscxx_serdata(const \x1b[01;31m\x1b[Kddsi_sertype\x1b[m\x1b[K* type, ddsi_serdata_kind kind)\n'}
[5.809228] (arm_driver) StderrLine: {'line': b'      |                                         \x1b[01;31m\x1b[K^~~~~~~~~~~~\x1b[m\x1b[K\n'}
[5.809516] (arm_driver) StderrLine: {'line': b'      |                                         \x1b[32m\x1b[Kddscxx_sertype\x1b[m\x1b[K\n'}
[5.819100] (-) TimerEvent: {}
[5.821163] (arm_driver) StderrLine: {'line': b'\x1b[01m\x1b[K/usr/local/include/ddscxx/org/eclipse/cyclonedds/topic/datatopic.hpp:\x1b[m\x1b[K In member function \xe2\x80\x98\x1b[01m\x1b[Kvoid ddscxx_serdata<T>::populate_hash()\x1b[m\x1b[K\xe2\x80\x99:\n'}
[5.821790] (arm_driver) StderrLine: {'line': b'\x1b[01m\x1b[K/usr/local/include/ddscxx/org/eclipse/cyclonedds/topic/datatopic.hpp:766:11:\x1b[m\x1b[K \x1b[01;31m\x1b[Kerror: \x1b[m\x1b[K\xe2\x80\x98\x1b[01m\x1b[Ktype\x1b[m\x1b[K\xe2\x80\x99 was not declared in this scope\n'}
[5.822015] (arm_driver) StderrLine: {'line': b'  766 |   hash ^= \x1b[01;31m\x1b[Ktype\x1b[m\x1b[K->serdata_basehash;\n'}
[5.822258] (arm_driver) StderrLine: {'line': b'      |           \x1b[01;31m\x1b[K^~~~\x1b[m\x1b[K\n'}
[5.822413] (arm_driver) StderrLine: {'line': b'\x1b[01m\x1b[K/usr/local/include/ddscxx/org/eclipse/cyclonedds/topic/datatopic.hpp:\x1b[m\x1b[K At global scope:\n'}
[5.822589] (arm_driver) StderrLine: {'line': b'\x1b[01m\x1b[K/usr/local/include/ddscxx/org/eclipse/cyclonedds/topic/datatopic.hpp:850:19:\x1b[m\x1b[K \x1b[01;31m\x1b[Kerror: \x1b[m\x1b[Kvariable or field \xe2\x80\x98\x1b[01m\x1b[Ksertype_free\x1b[m\x1b[K\xe2\x80\x99 declared void\n'}
[5.822779] (arm_driver) StderrLine: {'line': b'  850 | void sertype_free(\x1b[01;31m\x1b[Kddsi_sertype\x1b[m\x1b[K* tpcmn)\n'}
[5.822919] (arm_driver) StderrLine: {'line': b'      |                   \x1b[01;31m\x1b[K^~~~~~~~~~~~\x1b[m\x1b[K\n'}
[5.823047] (arm_driver) StderrLine: {'line': b'\x1b[01m\x1b[K/usr/local/include/ddscxx/org/eclipse/cyclonedds/topic/datatopic.hpp:850:19:\x1b[m\x1b[K \x1b[01;31m\x1b[Kerror: \x1b[m\x1b[K\xe2\x80\x98\x1b[01m\x1b[Kddsi_sertype\x1b[m\x1b[K\xe2\x80\x99 was not declared in this scope; did you mean \xe2\x80\x98\x1b[01m\x1b[Korg::eclipse::cyclonedds::topic::ddsi_sertype\x1b[m\x1b[K\xe2\x80\x99?\n'}
[5.823240] (arm_driver) StderrLine: {'line': b'  850 | void sertype_free(\x1b[01;31m\x1b[Kddsi_sertype\x1b[m\x1b[K* tpcmn)\n'}
[5.823434] (arm_driver) StderrLine: {'line': b'      |                   \x1b[01;31m\x1b[K^~~~~~~~~~~~\x1b[m\x1b[K\n'}
[5.823562] (arm_driver) StderrLine: {'line': b'      |                   \x1b[32m\x1b[Korg::eclipse::cyclonedds::topic::ddsi_sertype\x1b[m\x1b[K\n'}
[5.823760] (arm_driver) StderrLine: {'line': b'In file included from \x1b[01m\x1b[K/usr/local/include/ddscxx/org/eclipse/cyclonedds/topic/datatopic.hpp:26\x1b[m\x1b[K,\n'}
[5.823915] (arm_driver) StderrLine: {'line': b'                 from \x1b[01m\x1b[K/home/unitree/106a_final/src/d1_sdk/src/msg/ArmString_.hpp:57\x1b[m\x1b[K,\n'}
[5.824073] (arm_driver) StderrLine: {'line': b'                 from \x1b[01m\x1b[K/home/unitree/106a_final/src/d1_sdk/src/msg/ArmString_.cpp:9\x1b[m\x1b[K:\n'}
[5.824200] (arm_driver) StderrLine: {'line': b'\x1b[01m\x1b[K/usr/local/include/ddscxx/org/eclipse/cyclonedds/topic/TopicTraits.hpp:266:19:\x1b[m\x1b[K \x1b[01;36m\x1b[Knote: \x1b[m\x1b[K\xe2\x80\x98\x1b[01m\x1b[Korg::eclipse::cyclonedds::topic::ddsi_sertype\x1b[m\x1b[K\xe2\x80\x99 declared here\n'}
[5.824446] (arm_driver) StderrLine: {'line': b'  266 |     static struct \x1b[01;36m\x1b[Kddsi_sertype\x1b[m\x1b[K* deriveSertype(const struct ddsi_sertype *, dds_data_representation_id_t data_representation, dds_type_consistency_enforcement_qospolicy_t)\n'}
[5.824609] (arm_driver) StderrLine: {'line': b'      |                   \x1b[01;36m\x1b[K^~~~~~~~~~~~\x1b[m\x1b[K\n'}
[5.824736] (arm_driver) StderrLine: {'line': b'In file included from \x1b[01m\x1b[K/home/unitree/106a_final/src/d1_sdk/src/msg/ArmString_.hpp:57\x1b[m\x1b[K,\n'}
[5.824889] (arm_driver) StderrLine: {'line': b'                 from \x1b[01m\x1b[K/home/unitree/106a_final/src/d1_sdk/src/msg/ArmString_.cpp:9\x1b[m\x1b[K:\n'}
[5.825063] (arm_driver) StderrLine: {'line': b'\x1b[01m\x1b[K/usr/local/include/ddscxx/org/eclipse/cyclonedds/topic/datatopic.hpp:850:33:\x1b[m\x1b[K \x1b[01;31m\x1b[Kerror: \x1b[m\x1b[K\xe2\x80\x98\x1b[01m\x1b[Ktpcmn\x1b[m\x1b[K\xe2\x80\x99 was not declared in this scope\n'}
[5.829120] (arm_driver) StderrLine: {'line': b'  850 | void sertype_free(ddsi_sertype* \x1b[01;31m\x1b[Ktpcmn\x1b[m\x1b[K)\n'}
[5.829733] (arm_driver) StderrLine: {'line': b'      |                                 \x1b[01;31m\x1b[K^~~~~\x1b[m\x1b[K\n'}
[5.829896] (arm_driver) StderrLine: {'line': b'\x1b[01m\x1b[K/usr/local/include/ddscxx/org/eclipse/cyclonedds/topic/datatopic.hpp:858:33:\x1b[m\x1b[K \x1b[01;31m\x1b[Kerror: \x1b[m\x1b[K\xe2\x80\x98\x1b[01m\x1b[Kddsi_sertype\x1b[m\x1b[K\xe2\x80\x99 does not name a type; did you mean \xe2\x80\x98\x1b[01m\x1b[Kddscxx_sertype\x1b[m\x1b[K\xe2\x80\x99?\n'}
[5.830297] (arm_driver) StderrLine: {'line': b'  858 | void sertype_zero_samples(const \x1b[01;31m\x1b[Kddsi_sertype\x1b[m\x1b[K*, void*, size_t)\n'}
[5.830907] (arm_driver) StderrLine: {'line': b'      |                                 \x1b[01;31m\x1b[K^~~~~~~~~~~~\x1b[m\x1b[K\n'}
[5.831123] (arm_driver) StderrLine: {'line': b'      |                                 \x1b[32m\x1b[Kddscxx_sertype\x1b[m\x1b[K\n'}
[5.831362] (arm_driver) StderrLine: {'line': b'\x1b[01m\x1b[K/usr/local/include/ddscxx/org/eclipse/cyclonedds/topic/datatopic.hpp:865:22:\x1b[m\x1b[K \x1b[01;31m\x1b[Kerror: \x1b[m\x1b[K\xe2\x80\x98\x1b[01m\x1b[Kddsi_sertype\x1b[m\x1b[K\xe2\x80\x99 does not name a type; did you mean \xe2\x80\x98\x1b[01m\x1b[Kddscxx_sertype\x1b[m\x1b[K\xe2\x80\x99?\n'}
[5.831517] (arm_driver) StderrLine: {'line': b'  865 |   void** ptrs, const \x1b[01;31m\x1b[Kddsi_sertype\x1b[m\x1b[K*, void*, size_t, size_t)\n'}
[5.831652] (arm_driver) StderrLine: {'line': b'      |                      \x1b[01;31m\x1b[K^~~~~~~~~~~~\x1b[m\x1b[K\n'}
[5.831836] (arm_driver) StderrLine: {'line': b'      |                      \x1b[32m\x1b[Kddscxx_sertype\x1b[m\x1b[K\n'}
[5.832017] (arm_driver) StderrLine: {'line': b'\x1b[01m\x1b[K/usr/local/include/ddscxx/org/eclipse/cyclonedds/topic/datatopic.hpp:884:9:\x1b[m\x1b[K \x1b[01;31m\x1b[Kerror: \x1b[m\x1b[K\xe2\x80\x98\x1b[01m\x1b[Kddsi_sertype\x1b[m\x1b[K\xe2\x80\x99 does not name a type; did you mean \xe2\x80\x98\x1b[01m\x1b[Kddscxx_sertype\x1b[m\x1b[K\xe2\x80\x99?\n'}
[5.832156] (arm_driver) StderrLine: {'line': b'  884 |   const \x1b[01;31m\x1b[Kddsi_sertype\x1b[m\x1b[K*, void** ptrs, size_t, dds_free_op_t op)\n'}
[5.832285] (arm_driver) StderrLine: {'line': b'      |         \x1b[01;31m\x1b[K^~~~~~~~~~~~\x1b[m\x1b[K\n'}
[5.832407] (arm_driver) StderrLine: {'line': b'      |         \x1b[32m\x1b[Kddscxx_sertype\x1b[m\x1b[K\n'}
[5.832596] (arm_driver) StderrLine: {'line': b'\x1b[01m\x1b[K/usr/local/include/ddscxx/org/eclipse/cyclonedds/topic/datatopic.hpp:909:9:\x1b[m\x1b[K \x1b[01;31m\x1b[Kerror: \x1b[m\x1b[K\xe2\x80\x98\x1b[01m\x1b[Kddsi_sertype\x1b[m\x1b[K\xe2\x80\x99 does not name a type; did you mean \xe2\x80\x98\x1b[01m\x1b[Kddscxx_sertype\x1b[m\x1b[K\xe2\x80\x99?\n'}
[5.832731] (arm_driver) StderrLine: {'line': b'  909 |   const \x1b[01;31m\x1b[Kddsi_sertype\x1b[m\x1b[K* acmn, const ddsi_sertype* bcmn)\n'}
[5.832904] (arm_driver) StderrLine: {'line': b'      |         \x1b[01;31m\x1b[K^~~~~~~~~~~~\x1b[m\x1b[K\n'}
[5.833084] (arm_driver) StderrLine: {'line': b'      |         \x1b[32m\x1b[Kddscxx_sertype\x1b[m\x1b[K\n'}
[5.833282] (arm_driver) StderrLine: {'line': b'\x1b[01m\x1b[K/usr/local/include/ddscxx/org/eclipse/cyclonedds/topic/datatopic.hpp:909:35:\x1b[m\x1b[K \x1b[01;31m\x1b[Kerror: \x1b[m\x1b[K\xe2\x80\x98\x1b[01m\x1b[Kddsi_sertype\x1b[m\x1b[K\xe2\x80\x99 does not name a type; did you mean \xe2\x80\x98\x1b[01m\x1b[Kddscxx_sertype\x1b[m\x1b[K\xe2\x80\x99?\n'}
[5.833419] (arm_driver) StderrLine: {'line': b'  909 |   const ddsi_sertype* acmn, const \x1b[01;31m\x1b[Kddsi_sertype\x1b[m\x1b[K* bcmn)\n'}
[5.833545] (arm_driver) StderrLine: {'line': b'      |                                   \x1b[01;31m\x1b[K^~~~~~~~~~~~\x1b[m\x1b[K\n'}
[5.834146] (arm_driver) StderrLine: {'line': b'      |                                   \x1b[32m\x1b[Kddscxx_sertype\x1b[m\x1b[K\n'}
[5.834344] (arm_driver) StderrLine: {'line': b'\x1b[01m\x1b[K/usr/local/include/ddscxx/org/eclipse/cyclonedds/topic/datatopic.hpp:919:29:\x1b[m\x1b[K \x1b[01;31m\x1b[Kerror: \x1b[m\x1b[K\xe2\x80\x98\x1b[01m\x1b[Kddsi_sertype\x1b[m\x1b[K\xe2\x80\x99 does not name a type; did you mean \xe2\x80\x98\x1b[01m\x1b[Kddscxx_sertype\x1b[m\x1b[K\xe2\x80\x99?\n'}
[5.834483] (arm_driver) StderrLine: {'line': b'  919 | uint32_t sertype_hash(const \x1b[01;31m\x1b[Kddsi_sertype\x1b[m\x1b[K* tpcmn)\n'}
[5.836470] (arm_driver) StderrLine: {'line': b'      |                             \x1b[01;31m\x1b[K^~~~~~~~~~~~\x1b[m\x1b[K\n'}
[5.836798] (arm_driver) StderrLine: {'line': b'      |                             \x1b[32m\x1b[Kddscxx_sertype\x1b[m\x1b[K\n'}
[5.837758] (arm_driver) StderrLine: {'line': b'\x1b[01m\x1b[K/usr/local/include/ddscxx/org/eclipse/cyclonedds/topic/datatopic.hpp:926:42:\x1b[m\x1b[K \x1b[01;31m\x1b[Kerror: \x1b[m\x1b[K\xe2\x80\x98\x1b[01m\x1b[Kddsi_sertype\x1b[m\x1b[K\xe2\x80\x99 does not name a type; did you mean \xe2\x80\x98\x1b[01m\x1b[Kddscxx_sertype\x1b[m\x1b[K\xe2\x80\x99?\n'}
[5.847259] (arm_driver) StderrLine: {'line': b'  926 | size_t sertype_get_serialized_size(const \x1b[01;31m\x1b[Kddsi_sertype\x1b[m\x1b[K*, const void * sample)\n'}
[5.847661] (arm_driver) StderrLine: {'line': b'      |                                          \x1b[01;31m\x1b[K^~~~~~~~~~~~\x1b[m\x1b[K\n'}
[5.847827] (arm_driver) StderrLine: {'line': b'      |                                          \x1b[32m\x1b[Kddscxx_sertype\x1b[m\x1b[K\n'}
[5.847973] (arm_driver) StderrLine: {'line': b'\x1b[01m\x1b[K/usr/local/include/ddscxx/org/eclipse/cyclonedds/topic/datatopic.hpp:941:35:\x1b[m\x1b[K \x1b[01;31m\x1b[Kerror: \x1b[m\x1b[K\xe2\x80\x98\x1b[01m\x1b[Kddsi_sertype\x1b[m\x1b[K\xe2\x80\x99 does not name a type; did you mean \xe2\x80\x98\x1b[01m\x1b[Kddscxx_sertype\x1b[m\x1b[K\xe2\x80\x99?\n'}
[5.848169] (arm_driver) StderrLine: {'line': b'  941 | bool sertype_serialize_into(const \x1b[01;31m\x1b[Kddsi_sertype\x1b[m\x1b[K*,\n'}
[5.848362] (arm_driver) StderrLine: {'line': b'      |                                   \x1b[01;31m\x1b[K^~~~~~~~~~~~\x1b[m\x1b[K\n'}
[5.848538] (arm_driver) StderrLine: {'line': b'      |                                   \x1b[32m\x1b[Kddscxx_sertype\x1b[m\x1b[K\n'}
[5.848728] (arm_driver) StderrLine: {'line': b'\x1b[01m\x1b[K/usr/local/include/ddscxx/org/eclipse/cyclonedds/topic/datatopic.hpp:954:52:\x1b[m\x1b[K \x1b[01;31m\x1b[Kerror: \x1b[m\x1b[Kexpected class-name before \xe2\x80\x98\x1b[01m\x1b[K{\x1b[m\x1b[K\xe2\x80\x99 token\n'}
[5.848874] (arm_driver) StderrLine: {'line': b'  954 | struct ddscxx_sertype_ops: public ddsi_sertype_ops \x1b[01;31m\x1b[K{\x1b[m\x1b[K\n'}
[5.849063] (arm_driver) StderrLine: {'line': b'      |                                                    \x1b[01;31m\x1b[K^\x1b[m\x1b[K\n'}
[5.849235] (arm_driver) StderrLine: {'line': b'\x1b[01m\x1b[K/usr/local/include/ddscxx/org/eclipse/cyclonedds/topic/datatopic.hpp:\x1b[m\x1b[K In constructor \xe2\x80\x98\x1b[01m\x1b[Kddscxx_sertype_ops<T, S>::ddscxx_sertype_ops()\x1b[m\x1b[K\xe2\x80\x99:\n'}
[5.849403] (arm_driver) StderrLine: {'line': b'\x1b[01m\x1b[K/usr/local/include/ddscxx/org/eclipse/cyclonedds/topic/datatopic.hpp:955:25:\x1b[m\x1b[K \x1b[01;31m\x1b[Kerror: \x1b[m\x1b[Kclass \xe2\x80\x98\x1b[01m\x1b[Kddscxx_sertype_ops<T, S>\x1b[m\x1b[K\xe2\x80\x99 does not have any field named \xe2\x80\x98\x1b[01m\x1b[Kddsi_sertype_ops\x1b[m\x1b[K\xe2\x80\x99\n'}
[5.849543] (arm_driver) StderrLine: {'line': b'  955 |   ddscxx_sertype_ops(): \x1b[01;31m\x1b[Kddsi_sertype_ops\x1b[m\x1b[K {\n'}
[5.849679] (arm_driver) StderrLine: {'line': b'      |                         \x1b[01;31m\x1b[K^~~~~~~~~~~~~~~~\x1b[m\x1b[K\n'}
[5.849917] (arm_driver) StderrLine: {'line': b'\x1b[01m\x1b[K/usr/local/include/ddscxx/org/eclipse/cyclonedds/topic/datatopic.hpp:956:3:\x1b[m\x1b[K \x1b[01;31m\x1b[Kerror: \x1b[m\x1b[K\xe2\x80\x98\x1b[01m\x1b[Kddsi_sertype_v0\x1b[m\x1b[K\xe2\x80\x99 was not declared in this scope; did you mean \xe2\x80\x98\x1b[01m\x1b[Kddsi_sertopic\x1b[m\x1b[K\xe2\x80\x99?\n'}
[5.850083] (arm_driver) StderrLine: {'line': b'  956 |   \x1b[01;31m\x1b[Kddsi_sertype_v0\x1b[m\x1b[K,\n'}
[5.850220] (arm_driver) StderrLine: {'line': b'      |   \x1b[01;31m\x1b[K^~~~~~~~~~~~~~~\x1b[m\x1b[K\n'}
[5.850405] (arm_driver) StderrLine: {'line': b'      |   \x1b[32m\x1b[Kddsi_sertopic\x1b[m\x1b[K\n'}
[5.850736] (arm_driver) StderrLine: {'line': b'\x1b[01m\x1b[K/usr/local/include/ddscxx/org/eclipse/cyclonedds/topic/datatopic.hpp:958:3:\x1b[m\x1b[K \x1b[01;31m\x1b[Kerror: \x1b[m\x1b[K\xe2\x80\x98\x1b[01m\x1b[Ksertype_free\x1b[m\x1b[K\xe2\x80\x99 was not declared in this scope; did you mean \xe2\x80\x98\x1b[01m\x1b[Ksertype_hash\x1b[m\x1b[K\xe2\x80\x99?\n'}
[5.850874] (arm_driver) StderrLine: {'line': b'  958 |   \x1b[01;31m\x1b[Ksertype_free\x1b[m\x1b[K<T,S>,\n'}
[5.851458] (arm_driver) StderrLine: {'line': b'      |   \x1b[01;31m\x1b[K^~~~~~~~~~~~\x1b[m\x1b[K\n'}
[5.852330] (arm_driver) StderrLine: {'line': b'      |   \x1b[32m\x1b[Ksertype_hash\x1b[m\x1b[K\n'}
[5.852478] (arm_driver) StderrLine: {'line': b'\x1b[01m\x1b[K/usr/local/include/ddscxx/org/eclipse/cyclonedds/topic/datatopic.hpp:958:17:\x1b[m\x1b[K \x1b[01;31m\x1b[Kerror: \x1b[m\x1b[Kexpected primary-expression before \xe2\x80\x98\x1b[01m\x1b[K,\x1b[m\x1b[K\xe2\x80\x99 token\n'}
[5.852649] (arm_driver) StderrLine: {'line': b'  958 |   sertype_free<T\x1b[01;31m\x1b[K,\x1b[m\x1b[KS>,\n'}
[5.853810] (arm_driver) StderrLine: {'line': b'      |                 \x1b[01;31m\x1b[K^\x1b[m\x1b[K\n'}
[5.854025] (arm_driver) StderrLine: {'line': b'\x1b[01m\x1b[K/usr/local/include/ddscxx/org/eclipse/cyclonedds/topic/datatopic.hpp:958:19:\x1b[m\x1b[K \x1b[01;31m\x1b[Kerror: \x1b[m\x1b[Kexpected primary-expression before \xe2\x80\x98\x1b[01m\x1b[K>\x1b[m\x1b[K\xe2\x80\x99 token\n'}
[5.854703] (arm_driver) StderrLine: {'line': b'  958 |   sertype_free<T,S\x1b[01;31m\x1b[K>\x1b[m\x1b[K,\n'}
[5.855331] (arm_driver) StderrLine: {'line': b'      |                   \x1b[01;31m\x1b[K^\x1b[m\x1b[K\n'}
[5.862599] (arm_driver) StderrLine: {'line': b'\x1b[01m\x1b[K/usr/local/include/ddscxx/org/eclipse/cyclonedds/topic/datatopic.hpp:958:20:\x1b[m\x1b[K \x1b[01;31m\x1b[Kerror: \x1b[m\x1b[Kexpected primary-expression before \xe2\x80\x98\x1b[01m\x1b[K,\x1b[m\x1b[K\xe2\x80\x99 token\n'}
[5.862884] (arm_driver) StderrLine: {'line': b'  958 |   sertype_free<T,S>\x1b[01;31m\x1b[K,\x1b[m\x1b[K\n'}
[5.863099] (arm_driver) StderrLine: {'line': b'      |                    \x1b[01;31m\x1b[K^\x1b[m\x1b[K\n'}
[5.863338] (arm_driver) StderrLine: {'line': b'\x1b[01m\x1b[K/usr/local/include/ddscxx/org/eclipse/cyclonedds/topic/datatopic.hpp:\x1b[m\x1b[K At global scope:\n'}
[5.863536] (arm_driver) StderrLine: {'line': b'\x1b[01m\x1b[K/usr/local/include/ddscxx/org/eclipse/cyclonedds/topic/datatopic.hpp:981:44:\x1b[m\x1b[K \x1b[01;31m\x1b[Kerror: \x1b[m\x1b[Kexpected class-name before \xe2\x80\x98\x1b[01m\x1b[K{\x1b[m\x1b[K\xe2\x80\x99 token\n'}
[5.863692] (arm_driver) StderrLine: {'line': b'  981 | class ddscxx_sertype : public ddsi_sertype \x1b[01;31m\x1b[K{\x1b[m\x1b[K\n'}
[5.863880] (arm_driver) StderrLine: {'line': b'      |                                            \x1b[01;31m\x1b[K^\x1b[m\x1b[K\n'}
[5.864087] (arm_driver) StderrLine: {'line': b'\x1b[01m\x1b[K/usr/local/include/ddscxx/org/eclipse/cyclonedds/topic/datatopic.hpp:\x1b[m\x1b[K In constructor \xe2\x80\x98\x1b[01m\x1b[Kddscxx_sertype<T, S>::ddscxx_sertype()\x1b[m\x1b[K\xe2\x80\x99:\n'}
[5.864276] (arm_driver) StderrLine: {'line': b'\x1b[01m\x1b[K/usr/local/include/ddscxx/org/eclipse/cyclonedds/topic/datatopic.hpp:996:5:\x1b[m\x1b[K \x1b[01;31m\x1b[Kerror: \x1b[m\x1b[Kclass \xe2\x80\x98\x1b[01m\x1b[Kddscxx_sertype<T, S>\x1b[m\x1b[K\xe2\x80\x99 does not have any field named \xe2\x80\x98\x1b[01m\x1b[Kddsi_sertype\x1b[m\x1b[K\xe2\x80\x99\n'}
[5.864413] (arm_driver) StderrLine: {'line': b'  996 |   : \x1b[01;31m\x1b[Kddsi_sertype\x1b[m\x1b[K{}\n'}
[5.864541] (arm_driver) StderrLine: {'line': b'      |     \x1b[01;31m\x1b[K^~~~~~~~~~~~\x1b[m\x1b[K\n'}
[5.864749] (arm_driver) StderrLine: {'line': b'\x1b[01m\x1b[K/usr/local/include/ddscxx/org/eclipse/cyclonedds/topic/datatopic.hpp:998:51:\x1b[m\x1b[K \x1b[01;31m\x1b[Kerror: \x1b[m\x1b[K\xe2\x80\x98\x1b[01m\x1b[KDDSI_SERTYPE_FLAG_TOPICKIND_NO_KEY\x1b[m\x1b[K\xe2\x80\x99 was not declared in this scope; did you mean \xe2\x80\x98\x1b[01m\x1b[KDDSI_SERTOPIC_HAS_TOPICKIND_NO_KEY\x1b[m\x1b[K\xe2\x80\x99?\n'}
[5.864904] (arm_driver) StderrLine: {'line': b'  998 |   uint32_t flags = (TopicTraits<T>::isKeyless() ? \x1b[01;31m\x1b[KDDSI_SERTYPE_FLAG_TOPICKIND_NO_KEY\x1b[m\x1b[K : 0);\n'}
[5.865038] (arm_driver) StderrLine: {'line': b'      |                                                   \x1b[01;31m\x1b[K^~~~~~~~~~~~~~~~~~~~~~~~~~~~~~~~~~\x1b[m\x1b[K\n'}
[5.865165] (arm_driver) StderrLine: {'line': b'      |                                                   \x1b[32m\x1b[KDDSI_SERTOPIC_HAS_TOPICKIND_NO_KEY\x1b[m\x1b[K\n'}
[5.865334] (arm_driver) StderrLine: {'line': b'\x1b[01m\x1b[K/usr/local/include/ddscxx/org/eclipse/cyclonedds/topic/datatopic.hpp:1005:19:\x1b[m\x1b[K \x1b[01;31m\x1b[Kerror: \x1b[m\x1b[K\xe2\x80\x98\x1b[01m\x1b[Kddsi_sertype\x1b[m\x1b[K\xe2\x80\x99 does not name a type; did you mean \xe2\x80\x98\x1b[01m\x1b[Kddscxx_sertype\x1b[m\x1b[K\xe2\x80\x99?\n'}
[5.865553] (arm_driver) StderrLine: {'line': b' 1005 |       static_cast<\x1b[01;31m\x1b[Kddsi_sertype\x1b[m\x1b[K*>(this),\n'}
[5.865729] (arm_driver) StderrLine: {'line': b'      |                   \x1b[01;31m\x1b[K^~~~~~~~~~~~\x1b[m\x1b[K\n'}
[5.865915] (arm_driver) StderrLine: {'line': b'      |                   \x1b[32m\x1b[Kddscxx_sertype\x1b[m\x1b[K\n'}
[5.866050] (arm_driver) StderrLine: {'line': b'\x1b[01m\x1b[K/usr/local/include/ddscxx/org/eclipse/cyclonedds/topic/datatopic.hpp:1005:31:\x1b[m\x1b[K \x1b[01;31m\x1b[Kerror: \x1b[m\x1b[Kexpected \xe2\x80\x98\x1b[01m\x1b[K>\x1b[m\x1b[K\xe2\x80\x99 before \xe2\x80\x98\x1b[01m\x1b[K*\x1b[m\x1b[K\xe2\x80\x99 token\n'}
[5.866179] (arm_driver) StderrLine: {'line': b' 1005 |       static_cast<ddsi_sertype\x1b[01;31m\x1b[K*\x1b[m\x1b[K>(this),\n'}
[5.866358] (arm_driver) StderrLine: {'line': b'      |                               \x1b[01;31m\x1b[K^\x1b[m\x1b[K\n'}
[5.866530] (arm_driver) StderrLine: {'line': b'\x1b[01m\x1b[K/usr/local/include/ddscxx/org/eclipse/cyclonedds/topic/datatopic.hpp:1005:31:\x1b[m\x1b[K \x1b[01;31m\x1b[Kerror: \x1b[m\x1b[Kexpected \xe2\x80\x98\x1b[01m\x1b[K(\x1b[m\x1b[K\xe2\x80\x99 before \xe2\x80\x98\x1b[01m\x1b[K*\x1b[m\x1b[K\xe2\x80\x99 token\n'}
[5.866666] (arm_driver) StderrLine: {'line': b' 1005 |       static_cast<ddsi_sertype\x1b[01;31m\x1b[K*\x1b[m\x1b[K>(this),\n'}
[5.866790] (arm_driver) StderrLine: {'line': b'      |                               \x1b[01;31m\x1b[K^\x1b[m\x1b[K\n'}
[5.866912] (arm_driver) StderrLine: {'line': b'      |                               \x1b[32m\x1b[K(\x1b[m\x1b[K\n'}
[5.867129] (arm_driver) StderrLine: {'line': b'\x1b[01m\x1b[K/usr/local/include/ddscxx/org/eclipse/cyclonedds/topic/datatopic.hpp:1005:32:\x1b[m\x1b[K \x1b[01;31m\x1b[Kerror: \x1b[m\x1b[Kexpected primary-expression before \xe2\x80\x98\x1b[01m\x1b[K>\x1b[m\x1b[K\xe2\x80\x99 token\n'}
[5.867332] (arm_driver) StderrLine: {'line': b' 1005 |       static_cast<ddsi_sertype*\x1b[01;31m\x1b[K>\x1b[m\x1b[K(this),\n'}
[5.867472] (arm_driver) StderrLine: {'line': b'      |                                \x1b[01;31m\x1b[K^\x1b[m\x1b[K\n'}
[5.867688] (arm_driver) StderrLine: {'line': b'\x1b[01m\x1b[K/usr/local/include/ddscxx/org/eclipse/cyclonedds/topic/datatopic.hpp:1011:3:\x1b[m\x1b[K \x1b[01;31m\x1b[Kerror: \x1b[m\x1b[K\xe2\x80\x98\x1b[01m\x1b[Kallowed_data_representation\x1b[m\x1b[K\xe2\x80\x99 was not declared in this scope\n'}
[5.867881] (arm_driver) StderrLine: {'line': b' 1011 |   \x1b[01;31m\x1b[Kallowed_data_representation\x1b[m\x1b[K = TopicTraits<T>::allowableEncodings();\n'}
[5.868013] (arm_driver) StderrLine: {'line': b'      |   \x1b[01;31m\x1b[K^~~~~~~~~~~~~~~~~~~~~~~~~~~\x1b[m\x1b[K\n'}
[5.919505] (-) TimerEvent: {}
[6.022090] (-) TimerEvent: {}
[6.030472] (arm_driver) StderrLine: {'line': b'make[2]: *** [CMakeFiles/servo_driver.dir/build.make:76: CMakeFiles/servo_driver.dir/home/unitree/106a_final/src/d1_sdk/src/msg/ArmString_.cpp.o] Error 1\n'}
[6.030925] (arm_driver) StderrLine: {'line': b'make[2]: *** Waiting for unfinished jobs....\n'}
[6.122534] (-) TimerEvent: {}
[6.214099] (navigation_node) Command: {'cmd': ['/usr/bin/python3', 'setup.py', 'egg_info', '--egg-base', '../../build/navigation_node', 'build', '--build-base', '/home/unitree/106a_final/build/navigation_node/build', 'install', '--record', '/home/unitree/106a_final/build/navigation_node/install.log', '--install-scripts', '$base/lib/navigation_node', '--single-version-externally-managed'], 'cwd': '/home/unitree/106a_final/src/navigation_node', 'env': {'LESSOPEN': '| /usr/bin/lesspipe %s', 'USER': 'unitree', 'SSH_CLIENT': '192.168.50.246 51974 22', 'XDG_SESSION_TYPE': 'tty', 'GIT_ASKPASS': '/home/unitree/.vscode-server/cli/servers/Stable-5437499feb04f7a586f677b155b039bc2b3669eb/server/extensions/git/dist/askpass.sh', 'SHLVL': '2', 'LD_LIBRARY_PATH': '/usr/local/cuda-11.4/lib64:/usr/local/lib:/home/unitree/cyclonedds_ws/install/rmw_cyclonedds_cpp/lib:/home/unitree/cyclonedds_ws/install/cyclonedds/lib:/opt/ros/foxy/opt/yaml_cpp_vendor/lib:/opt/ros/foxy/opt/rviz_ogre_vendor/lib:/opt/ros/foxy/lib/aarch64-linux-gnu:/opt/ros/foxy/lib:/usr/local/cuda-11.4/lib64:', 'BROWSER': '/home/unitree/.vscode-server/cli/servers/Stable-5437499feb04f7a586f677b155b039bc2b3669eb/server/bin/helpers/browser.sh', 'MOTD_SHOWN': 'pam', 'HOME': '/home/unitree', 'CYCLONEDDS_URI': '/home/unitree/cyclonedds_ws/cyclonedds.xml', 'OLDPWD': '/home/unitree/106a_final/src/d1_sdk', 'TERM_PROGRAM_VERSION': '1.90.2', 'VSCODE_IPC_HOOK_CLI': '/run/user/1000/vscode-ipc-1a497d47-852b-4f1f-aaa2-4938e62856a5.sock', 'ROS_PYTHON_VERSION': '3', 'VSCODE_GIT_ASKPASS_MAIN': '/home/unitree/.vscode-server/cli/servers/Stable-5437499feb04f7a586f677b155b039bc2b3669eb/server/extensions/git/dist/askpass-main.js', 'VSCODE_GIT_ASKPASS_NODE': '/home/unitree/.vscode-server/cli/servers/Stable-5437499feb04f7a586f677b155b039bc2b3669eb/server/node', 'SSL_CERT_FILE': '/usr/lib/ssl/certs/ca-certificates.crt', 'DBUS_SESSION_BUS_ADDRESS': 'unix:path=/run/user/1000/bus', 'COLORTERM': 'truecolor', 'COLCON_PREFIX_PATH': '/home/unitree/cyclonedds_ws/install', 'ROS_DISTRO': 'foxy', 'LOGNAME': 'unitree', '_': '/usr/bin/colcon', 'ROS_VERSION': '2', 'PKG_CONFIG_PATH': '/home/unitree/cyclonedds_ws/install/cyclonedds/lib/aarch64-linux-gnu/pkgconfig:/home/unitree/cyclonedds_ws/install/cyclonedds/lib/pkgconfig', 'XDG_SESSION_CLASS': 'user', 'TERM': 'xterm-256color', 'XDG_SESSION_ID': '11', 'ROS_LOCALHOST_ONLY': '0', 'PATH': '/usr/local/cuda-11.4/bin:/home/unitree/cyclonedds_ws/install/cyclonedds/bin:/opt/ros/foxy/bin:/home/unitree/.vscode-server/cli/servers/Stable-5437499feb04f7a586f677b155b039bc2b3669eb/server/bin/remote-cli:/home/unitree/.local/bin:/usr/local/cuda-11.4/bin:/home/unitree/.local/bin:/usr/local/sbin:/usr/local/bin:/usr/sbin:/usr/bin:/sbin:/bin:/usr/games:/usr/local/games:/snap/bin', 'XDG_RUNTIME_DIR': '/run/user/1000', 'SSL_CERT_DIR': '/usr/lib/ssl/certs', 'LANG': 'en_US.UTF-8', 'RMW_IMPLEMENTATION': 'rmw_cyclonedds_cpp', 'LS_COLORS': 'rs=0:di=01;34:ln=01;36:mh=00:pi=40;33:so=01;35:do=01;35:bd=40;33;01:cd=40;33;01:or=40;31;01:mi=00:su=37;41:sg=30;43:ca=30;41:tw=30;42:ow=34;42:st=37;44:ex=01;32:*.tar=01;31:*.tgz=01;31:*.arc=01;31:*.arj=01;31:*.taz=01;31:*.lha=01;31:*.lz4=01;31:*.lzh=01;31:*.lzma=01;31:*.tlz=01;31:*.txz=01;31:*.tzo=01;31:*.t7z=01;31:*.zip=01;31:*.z=01;31:*.dz=01;31:*.gz=01;31:*.lrz=01;31:*.lz=01;31:*.lzo=01;31:*.xz=01;31:*.zst=01;31:*.tzst=01;31:*.bz2=01;31:*.bz=01;31:*.tbz=01;31:*.tbz2=01;31:*.tz=01;31:*.deb=01;31:*.rpm=01;31:*.jar=01;31:*.war=01;31:*.ear=01;31:*.sar=01;31:*.rar=01;31:*.alz=01;31:*.ace=01;31:*.zoo=01;31:*.cpio=01;31:*.7z=01;31:*.rz=01;31:*.cab=01;31:*.wim=01;31:*.swm=01;31:*.dwm=01;31:*.esd=01;31:*.jpg=01;35:*.jpeg=01;35:*.mjpg=01;35:*.mjpeg=01;35:*.gif=01;35:*.bmp=01;35:*.pbm=01;35:*.pgm=01;35:*.ppm=01;35:*.tga=01;35:*.xbm=01;35:*.xpm=01;35:*.tif=01;35:*.tiff=01;35:*.png=01;35:*.svg=01;35:*.svgz=01;35:*.mng=01;35:*.pcx=01;35:*.mov=01;35:*.mpg=01;35:*.mpeg=01;35:*.m2v=01;35:*.mkv=01;35:*.webm=01;35:*.ogm=01;35:*.mp4=01;35:*.m4v=01;35:*.mp4v=01;35:*.vob=01;35:*.qt=01;35:*.nuv=01;35:*.wmv=01;35:*.asf=01;35:*.rm=01;35:*.rmvb=01;35:*.flc=01;35:*.avi=01;35:*.fli=01;35:*.flv=01;35:*.gl=01;35:*.dl=01;35:*.xcf=01;35:*.xwd=01;35:*.yuv=01;35:*.cgm=01;35:*.emf=01;35:*.ogv=01;35:*.ogx=01;35:*.aac=00;36:*.au=00;36:*.flac=00;36:*.m4a=00;36:*.mid=00;36:*.midi=00;36:*.mka=00;36:*.mp3=00;36:*.mpc=00;36:*.ogg=00;36:*.ra=00;36:*.wav=00;36:*.oga=00;36:*.opus=00;36:*.spx=00;36:*.xspf=00;36:', 'VSCODE_GIT_IPC_HANDLE': '/run/user/1000/vscode-git-403e0bf87f.sock', 'TERM_PROGRAM': 'vscode', 'AMENT_PREFIX_PATH': '/home/unitree/cyclonedds_ws/install/rmw_cyclonedds_cpp:/opt/ros/foxy', 'SHELL': '/bin/bash', 'LESSCLOSE': '/usr/bin/lesspipe %s %s', 'VSCODE_GIT_ASKPASS_EXTRA_ARGS': '', 'PWD': '/home/unitree/106a_final/build/navigation_node', 'LC_ALL': 'en_US.UTF-8', 'SSH_CONNECTION': '192.168.50.246 51974 192.168.50.28 22', 'XDG_DATA_DIRS': '/usr/local/share:/usr/share:/var/lib/snapd/desktop', 'PYTHONPATH': '/home/unitree/106a_final/build/navigation_node/prefix_override:/home/unitree/106a_final/install/navigation_node/lib/python3.8/site-packages:/opt/ros/foxy/lib/python3.8/site-packages', 'COLCON': '1', 'CMAKE_PREFIX_PATH': '/home/unitree/cyclonedds_ws/install/rmw_cyclonedds_cpp:/home/unitree/cyclonedds_ws/install/cyclonedds'}, 'shell': False}
[6.229730] (-) TimerEvent: {}
[6.232636] (arm_control) Command: {'cmd': ['/usr/bin/python3', 'setup.py', 'egg_info', '--egg-base', '../../build/arm_control', 'build', '--build-base', '/home/unitree/106a_final/build/arm_control/build', 'install', '--record', '/home/unitree/106a_final/build/arm_control/install.log', '--install-scripts', '$base/lib/arm_control', '--single-version-externally-managed'], 'cwd': '/home/unitree/106a_final/src/arm_control', 'env': {'LESSOPEN': '| /usr/bin/lesspipe %s', 'USER': 'unitree', 'SSH_CLIENT': '192.168.50.246 51974 22', 'XDG_SESSION_TYPE': 'tty', 'GIT_ASKPASS': '/home/unitree/.vscode-server/cli/servers/Stable-5437499feb04f7a586f677b155b039bc2b3669eb/server/extensions/git/dist/askpass.sh', 'SHLVL': '2', 'LD_LIBRARY_PATH': '/usr/local/cuda-11.4/lib64:/usr/local/lib:/home/unitree/cyclonedds_ws/install/rmw_cyclonedds_cpp/lib:/home/unitree/cyclonedds_ws/install/cyclonedds/lib:/opt/ros/foxy/opt/yaml_cpp_vendor/lib:/opt/ros/foxy/opt/rviz_ogre_vendor/lib:/opt/ros/foxy/lib/aarch64-linux-gnu:/opt/ros/foxy/lib:/usr/local/cuda-11.4/lib64:', 'BROWSER': '/home/unitree/.vscode-server/cli/servers/Stable-5437499feb04f7a586f677b155b039bc2b3669eb/server/bin/helpers/browser.sh', 'MOTD_SHOWN': 'pam', 'HOME': '/home/unitree', 'CYCLONEDDS_URI': '/home/unitree/cyclonedds_ws/cyclonedds.xml', 'OLDPWD': '/home/unitree/106a_final/src/d1_sdk', 'TERM_PROGRAM_VERSION': '1.90.2', 'VSCODE_IPC_HOOK_CLI': '/run/user/1000/vscode-ipc-1a497d47-852b-4f1f-aaa2-4938e62856a5.sock', 'ROS_PYTHON_VERSION': '3', 'VSCODE_GIT_ASKPASS_MAIN': '/home/unitree/.vscode-server/cli/servers/Stable-5437499feb04f7a586f677b155b039bc2b3669eb/server/extensions/git/dist/askpass-main.js', 'VSCODE_GIT_ASKPASS_NODE': '/home/unitree/.vscode-server/cli/servers/Stable-5437499feb04f7a586f677b155b039bc2b3669eb/server/node', 'SSL_CERT_FILE': '/usr/lib/ssl/certs/ca-certificates.crt', 'DBUS_SESSION_BUS_ADDRESS': 'unix:path=/run/user/1000/bus', 'COLORTERM': 'truecolor', 'COLCON_PREFIX_PATH': '/home/unitree/cyclonedds_ws/install', 'ROS_DISTRO': 'foxy', 'LOGNAME': 'unitree', '_': '/usr/bin/colcon', 'ROS_VERSION': '2', 'PKG_CONFIG_PATH': '/home/unitree/cyclonedds_ws/install/cyclonedds/lib/aarch64-linux-gnu/pkgconfig:/home/unitree/cyclonedds_ws/install/cyclonedds/lib/pkgconfig', 'XDG_SESSION_CLASS': 'user', 'TERM': 'xterm-256color', 'XDG_SESSION_ID': '11', 'ROS_LOCALHOST_ONLY': '0', 'PATH': '/usr/local/cuda-11.4/bin:/home/unitree/cyclonedds_ws/install/cyclonedds/bin:/opt/ros/foxy/bin:/home/unitree/.vscode-server/cli/servers/Stable-5437499feb04f7a586f677b155b039bc2b3669eb/server/bin/remote-cli:/home/unitree/.local/bin:/usr/local/cuda-11.4/bin:/home/unitree/.local/bin:/usr/local/sbin:/usr/local/bin:/usr/sbin:/usr/bin:/sbin:/bin:/usr/games:/usr/local/games:/snap/bin', 'XDG_RUNTIME_DIR': '/run/user/1000', 'SSL_CERT_DIR': '/usr/lib/ssl/certs', 'LANG': 'en_US.UTF-8', 'RMW_IMPLEMENTATION': 'rmw_cyclonedds_cpp', 'LS_COLORS': 'rs=0:di=01;34:ln=01;36:mh=00:pi=40;33:so=01;35:do=01;35:bd=40;33;01:cd=40;33;01:or=40;31;01:mi=00:su=37;41:sg=30;43:ca=30;41:tw=30;42:ow=34;42:st=37;44:ex=01;32:*.tar=01;31:*.tgz=01;31:*.arc=01;31:*.arj=01;31:*.taz=01;31:*.lha=01;31:*.lz4=01;31:*.lzh=01;31:*.lzma=01;31:*.tlz=01;31:*.txz=01;31:*.tzo=01;31:*.t7z=01;31:*.zip=01;31:*.z=01;31:*.dz=01;31:*.gz=01;31:*.lrz=01;31:*.lz=01;31:*.lzo=01;31:*.xz=01;31:*.zst=01;31:*.tzst=01;31:*.bz2=01;31:*.bz=01;31:*.tbz=01;31:*.tbz2=01;31:*.tz=01;31:*.deb=01;31:*.rpm=01;31:*.jar=01;31:*.war=01;31:*.ear=01;31:*.sar=01;31:*.rar=01;31:*.alz=01;31:*.ace=01;31:*.zoo=01;31:*.cpio=01;31:*.7z=01;31:*.rz=01;31:*.cab=01;31:*.wim=01;31:*.swm=01;31:*.dwm=01;31:*.esd=01;31:*.jpg=01;35:*.jpeg=01;35:*.mjpg=01;35:*.mjpeg=01;35:*.gif=01;35:*.bmp=01;35:*.pbm=01;35:*.pgm=01;35:*.ppm=01;35:*.tga=01;35:*.xbm=01;35:*.xpm=01;35:*.tif=01;35:*.tiff=01;35:*.png=01;35:*.svg=01;35:*.svgz=01;35:*.mng=01;35:*.pcx=01;35:*.mov=01;35:*.mpg=01;35:*.mpeg=01;35:*.m2v=01;35:*.mkv=01;35:*.webm=01;35:*.ogm=01;35:*.mp4=01;35:*.m4v=01;35:*.mp4v=01;35:*.vob=01;35:*.qt=01;35:*.nuv=01;35:*.wmv=01;35:*.asf=01;35:*.rm=01;35:*.rmvb=01;35:*.flc=01;35:*.avi=01;35:*.fli=01;35:*.flv=01;35:*.gl=01;35:*.dl=01;35:*.xcf=01;35:*.xwd=01;35:*.yuv=01;35:*.cgm=01;35:*.emf=01;35:*.ogv=01;35:*.ogx=01;35:*.aac=00;36:*.au=00;36:*.flac=00;36:*.m4a=00;36:*.mid=00;36:*.midi=00;36:*.mka=00;36:*.mp3=00;36:*.mpc=00;36:*.ogg=00;36:*.ra=00;36:*.wav=00;36:*.oga=00;36:*.opus=00;36:*.spx=00;36:*.xspf=00;36:', 'VSCODE_GIT_IPC_HANDLE': '/run/user/1000/vscode-git-403e0bf87f.sock', 'TERM_PROGRAM': 'vscode', 'AMENT_PREFIX_PATH': '/home/unitree/cyclonedds_ws/install/rmw_cyclonedds_cpp:/opt/ros/foxy', 'SHELL': '/bin/bash', 'LESSCLOSE': '/usr/bin/lesspipe %s %s', 'VSCODE_GIT_ASKPASS_EXTRA_ARGS': '', 'PWD': '/home/unitree/106a_final/build/arm_control', 'LC_ALL': 'en_US.UTF-8', 'SSH_CONNECTION': '192.168.50.246 51974 192.168.50.28 22', 'XDG_DATA_DIRS': '/usr/local/share:/usr/share:/var/lib/snapd/desktop', 'PYTHONPATH': '/home/unitree/106a_final/build/arm_control/prefix_override:/home/unitree/106a_final/install/arm_control/lib/python3.8/site-packages:/opt/ros/foxy/lib/python3.8/site-packages', 'COLCON': '1', 'CMAKE_PREFIX_PATH': '/home/unitree/cyclonedds_ws/install/rmw_cyclonedds_cpp:/home/unitree/cyclonedds_ws/install/cyclonedds'}, 'shell': False}
[6.330085] (-) TimerEvent: {}
[6.431274] (-) TimerEvent: {}
[6.532059] (-) TimerEvent: {}
[6.632816] (-) TimerEvent: {}
[6.734095] (-) TimerEvent: {}
[6.824013] (arm_control) StdoutLine: {'line': b'running egg_info\n'}
[6.827004] (arm_control) StdoutLine: {'line': b'writing ../../build/arm_control/arm_control.egg-info/PKG-INFO\n'}
[6.828382] (arm_control) StdoutLine: {'line': b'writing dependency_links to ../../build/arm_control/arm_control.egg-info/dependency_links.txt\n'}
[6.829760] (arm_control) StdoutLine: {'line': b'writing entry points to ../../build/arm_control/arm_control.egg-info/entry_points.txt\n'}
[6.830773] (arm_control) StdoutLine: {'line': b'writing requirements to ../../build/arm_control/arm_control.egg-info/requires.txt\n'}
[6.831443] (arm_control) StdoutLine: {'line': b'writing top-level names to ../../build/arm_control/arm_control.egg-info/top_level.txt\n'}
[6.834189] (-) TimerEvent: {}
[6.883206] (navigation_node) StdoutLine: {'line': b'running egg_info\n'}
[6.886263] (navigation_node) StdoutLine: {'line': b'writing ../../build/navigation_node/navigation_node.egg-info/PKG-INFO\n'}
[6.892575] (navigation_node) StdoutLine: {'line': b'writing dependency_links to ../../build/navigation_node/navigation_node.egg-info/dependency_links.txt\n'}
[6.893570] (navigation_node) StdoutLine: {'line': b'writing entry points to ../../build/navigation_node/navigation_node.egg-info/entry_points.txt\n'}
[6.894556] (navigation_node) StdoutLine: {'line': b'writing requirements to ../../build/navigation_node/navigation_node.egg-info/requires.txt\n'}
[6.894762] (navigation_node) StdoutLine: {'line': b'writing top-level names to ../../build/navigation_node/navigation_node.egg-info/top_level.txt\n'}
[6.922689] (arm_control) StdoutLine: {'line': b"reading manifest file '../../build/arm_control/arm_control.egg-info/SOURCES.txt'\n"}
[6.926063] (arm_control) StdoutLine: {'line': b"writing manifest file '../../build/arm_control/arm_control.egg-info/SOURCES.txt'\n"}
[6.931358] (arm_control) StdoutLine: {'line': b'running build\n'}
[6.932492] (arm_control) StdoutLine: {'line': b'running build_py\n'}
[6.934162] (arm_control) StdoutLine: {'line': b'running install\n'}
[6.934475] (-) TimerEvent: {}
[6.939537] (arm_control) StdoutLine: {'line': b'running install_lib\n'}
[6.945508] (arm_control) StdoutLine: {'line': b'running install_data\n'}
[6.947955] (arm_control) StdoutLine: {'line': b'running install_egg_info\n'}
[6.952734] (arm_control) StdoutLine: {'line': b"removing '/home/unitree/106a_final/install/arm_control/lib/python3.8/site-packages/arm_control-0.0.0-py3.8.egg-info' (and everything under it)\n"}
[6.958392] (arm_control) StdoutLine: {'line': b'Copying ../../build/arm_control/arm_control.egg-info to /home/unitree/106a_final/install/arm_control/lib/python3.8/site-packages/arm_control-0.0.0-py3.8.egg-info\n'}
[6.970162] (arm_control) StdoutLine: {'line': b'running install_scripts\n'}
[7.009518] (navigation_node) StdoutLine: {'line': b"reading manifest file '../../build/navigation_node/navigation_node.egg-info/SOURCES.txt'\n"}
[7.012076] (navigation_node) StdoutLine: {'line': b"writing manifest file '../../build/navigation_node/navigation_node.egg-info/SOURCES.txt'\n"}
[7.013083] (navigation_node) StdoutLine: {'line': b'running build\n'}
[7.013413] (navigation_node) StdoutLine: {'line': b'running build_py\n'}
[7.014258] (navigation_node) StdoutLine: {'line': b'running install\n'}
[7.015874] (navigation_node) StdoutLine: {'line': b'running install_lib\n'}
[7.020018] (navigation_node) StdoutLine: {'line': b'running install_data\n'}
[7.021812] (navigation_node) StdoutLine: {'line': b'running install_egg_info\n'}
[7.022954] (arm_control) StdoutLine: {'line': b'Installing arm_node script to /home/unitree/106a_final/install/arm_control/lib/arm_control\n'}
[7.024915] (arm_control) StdoutLine: {'line': b'Installing servo_driver script to /home/unitree/106a_final/install/arm_control/lib/arm_control\n'}
[7.026963] (navigation_node) StdoutLine: {'line': b"removing '/home/unitree/106a_final/install/navigation_node/lib/python3.8/site-packages/navigation_node-0.0.0-py3.8.egg-info' (and everything under it)\n"}
[7.027959] (navigation_node) StdoutLine: {'line': b'Copying ../../build/navigation_node/navigation_node.egg-info to /home/unitree/106a_final/install/navigation_node/lib/python3.8/site-packages/navigation_node-0.0.0-py3.8.egg-info\n'}
[7.029384] (arm_control) StdoutLine: {'line': b"writing list of installed files to '/home/unitree/106a_final/build/arm_control/install.log'\n"}
[7.030354] (navigation_node) StdoutLine: {'line': b'running install_scripts\n'}
[7.034631] (-) TimerEvent: {}
[7.090003] (navigation_node) StdoutLine: {'line': b'Installing nav_node_go script to /home/unitree/106a_final/install/navigation_node/lib/navigation_node\n'}
[7.091503] (navigation_node) StdoutLine: {'line': b"writing list of installed files to '/home/unitree/106a_final/build/navigation_node/install.log'\n"}
[7.135046] (-) TimerEvent: {}
[7.235787] (-) TimerEvent: {}
[7.336559] (-) TimerEvent: {}
[7.437879] (-) TimerEvent: {}
[7.479432] (arm_control) CommandEnded: {'returncode': 0}
[7.538072] (-) TimerEvent: {}
[7.639494] (-) TimerEvent: {}
[7.741059] (-) TimerEvent: {}
[7.766210] (arm_control) JobEnded: {'identifier': 'arm_control', 'rc': 0}
[7.767731] (navigation_node) CommandEnded: {'returncode': 0}
[7.841306] (-) TimerEvent: {}
[7.942077] (-) TimerEvent: {}
[8.043549] (-) TimerEvent: {}
[8.046461] (navigation_node) JobEnded: {'identifier': 'navigation_node', 'rc': 0}
[8.047997] (realsense2_camera) JobStarted: {'identifier': 'realsense2_camera'}
[8.143690] (-) TimerEvent: {}
[8.244653] (-) TimerEvent: {}
[8.345685] (-) TimerEvent: {}
[8.419986] (realsense2_description) JobStarted: {'identifier': 'realsense2_description'}
[8.445962] (-) TimerEvent: {}
[8.547077] (-) TimerEvent: {}
[8.648569] (-) TimerEvent: {}
[8.749749] (-) TimerEvent: {}
[8.850521] (-) TimerEvent: {}
[8.893003] (realsense2_camera) JobProgress: {'identifier': 'realsense2_camera', 'progress': 'cmake'}
[8.896279] (realsense2_camera) JobProgress: {'identifier': 'realsense2_camera', 'progress': 'build'}
[8.897341] (realsense2_camera) Command: {'cmd': ['/usr/bin/cmake', '--build', '/home/unitree/106a_final/build/realsense2_camera', '--', '-j4', '-l4'], 'cwd': '/home/unitree/106a_final/build/realsense2_camera', 'env': OrderedDict([('LESSOPEN', '| /usr/bin/lesspipe %s'), ('USER', 'unitree'), ('SSH_CLIENT', '192.168.50.246 51974 22'), ('XDG_SESSION_TYPE', 'tty'), ('GIT_ASKPASS', '/home/unitree/.vscode-server/cli/servers/Stable-5437499feb04f7a586f677b155b039bc2b3669eb/server/extensions/git/dist/askpass.sh'), ('SHLVL', '2'), ('LD_LIBRARY_PATH', '/home/unitree/106a_final/install/realsense2_camera_msgs/lib:/usr/local/cuda-11.4/lib64:/usr/local/lib:/home/unitree/cyclonedds_ws/install/rmw_cyclonedds_cpp/lib:/home/unitree/cyclonedds_ws/install/cyclonedds/lib:/opt/ros/foxy/opt/yaml_cpp_vendor/lib:/opt/ros/foxy/opt/rviz_ogre_vendor/lib:/opt/ros/foxy/lib/aarch64-linux-gnu:/opt/ros/foxy/lib:/usr/local/cuda-11.4/lib64'), ('BROWSER', '/home/unitree/.vscode-server/cli/servers/Stable-5437499feb04f7a586f677b155b039bc2b3669eb/server/bin/helpers/browser.sh'), ('MOTD_SHOWN', 'pam'), ('HOME', '/home/unitree'), ('CYCLONEDDS_URI', '/home/unitree/cyclonedds_ws/cyclonedds.xml'), ('OLDPWD', '/home/unitree/106a_final/src/d1_sdk'), ('TERM_PROGRAM_VERSION', '1.90.2'), ('VSCODE_IPC_HOOK_CLI', '/run/user/1000/vscode-ipc-1a497d47-852b-4f1f-aaa2-4938e62856a5.sock'), ('ROS_PYTHON_VERSION', '3'), ('VSCODE_GIT_ASKPASS_MAIN', '/home/unitree/.vscode-server/cli/servers/Stable-5437499feb04f7a586f677b155b039bc2b3669eb/server/extensions/git/dist/askpass-main.js'), ('VSCODE_GIT_ASKPASS_NODE', '/home/unitree/.vscode-server/cli/servers/Stable-5437499feb04f7a586f677b155b039bc2b3669eb/server/node'), ('SSL_CERT_FILE', '/usr/lib/ssl/certs/ca-certificates.crt'), ('DBUS_SESSION_BUS_ADDRESS', 'unix:path=/run/user/1000/bus'), ('COLORTERM', 'truecolor'), ('COLCON_PREFIX_PATH', '/home/unitree/cyclonedds_ws/install'), ('ROS_DISTRO', 'foxy'), ('LOGNAME', 'unitree'), ('_', '/usr/bin/colcon'), ('ROS_VERSION', '2'), ('PKG_CONFIG_PATH', '/home/unitree/cyclonedds_ws/install/cyclonedds/lib/aarch64-linux-gnu/pkgconfig:/home/unitree/cyclonedds_ws/install/cyclonedds/lib/pkgconfig'), ('XDG_SESSION_CLASS', 'user'), ('TERM', 'xterm-256color'), ('XDG_SESSION_ID', '11'), ('ROS_LOCALHOST_ONLY', '0'), ('PATH', '/usr/local/cuda-11.4/bin:/home/unitree/cyclonedds_ws/install/cyclonedds/bin:/opt/ros/foxy/bin:/home/unitree/.vscode-server/cli/servers/Stable-5437499feb04f7a586f677b155b039bc2b3669eb/server/bin/remote-cli:/home/unitree/.local/bin:/usr/local/cuda-11.4/bin:/home/unitree/.local/bin:/usr/local/sbin:/usr/local/bin:/usr/sbin:/usr/bin:/sbin:/bin:/usr/games:/usr/local/games:/snap/bin'), ('XDG_RUNTIME_DIR', '/run/user/1000'), ('SSL_CERT_DIR', '/usr/lib/ssl/certs'), ('LANG', 'en_US.UTF-8'), ('RMW_IMPLEMENTATION', 'rmw_cyclonedds_cpp'), ('LS_COLORS', 'rs=0:di=01;34:ln=01;36:mh=00:pi=40;33:so=01;35:do=01;35:bd=40;33;01:cd=40;33;01:or=40;31;01:mi=00:su=37;41:sg=30;43:ca=30;41:tw=30;42:ow=34;42:st=37;44:ex=01;32:*.tar=01;31:*.tgz=01;31:*.arc=01;31:*.arj=01;31:*.taz=01;31:*.lha=01;31:*.lz4=01;31:*.lzh=01;31:*.lzma=01;31:*.tlz=01;31:*.txz=01;31:*.tzo=01;31:*.t7z=01;31:*.zip=01;31:*.z=01;31:*.dz=01;31:*.gz=01;31:*.lrz=01;31:*.lz=01;31:*.lzo=01;31:*.xz=01;31:*.zst=01;31:*.tzst=01;31:*.bz2=01;31:*.bz=01;31:*.tbz=01;31:*.tbz2=01;31:*.tz=01;31:*.deb=01;31:*.rpm=01;31:*.jar=01;31:*.war=01;31:*.ear=01;31:*.sar=01;31:*.rar=01;31:*.alz=01;31:*.ace=01;31:*.zoo=01;31:*.cpio=01;31:*.7z=01;31:*.rz=01;31:*.cab=01;31:*.wim=01;31:*.swm=01;31:*.dwm=01;31:*.esd=01;31:*.jpg=01;35:*.jpeg=01;35:*.mjpg=01;35:*.mjpeg=01;35:*.gif=01;35:*.bmp=01;35:*.pbm=01;35:*.pgm=01;35:*.ppm=01;35:*.tga=01;35:*.xbm=01;35:*.xpm=01;35:*.tif=01;35:*.tiff=01;35:*.png=01;35:*.svg=01;35:*.svgz=01;35:*.mng=01;35:*.pcx=01;35:*.mov=01;35:*.mpg=01;35:*.mpeg=01;35:*.m2v=01;35:*.mkv=01;35:*.webm=01;35:*.ogm=01;35:*.mp4=01;35:*.m4v=01;35:*.mp4v=01;35:*.vob=01;35:*.qt=01;35:*.nuv=01;35:*.wmv=01;35:*.asf=01;35:*.rm=01;35:*.rmvb=01;35:*.flc=01;35:*.avi=01;35:*.fli=01;35:*.flv=01;35:*.gl=01;35:*.dl=01;35:*.xcf=01;35:*.xwd=01;35:*.yuv=01;35:*.cgm=01;35:*.emf=01;35:*.ogv=01;35:*.ogx=01;35:*.aac=00;36:*.au=00;36:*.flac=00;36:*.m4a=00;36:*.mid=00;36:*.midi=00;36:*.mka=00;36:*.mp3=00;36:*.mpc=00;36:*.ogg=00;36:*.ra=00;36:*.wav=00;36:*.oga=00;36:*.opus=00;36:*.spx=00;36:*.xspf=00;36:'), ('VSCODE_GIT_IPC_HANDLE', '/run/user/1000/vscode-git-403e0bf87f.sock'), ('TERM_PROGRAM', 'vscode'), ('AMENT_PREFIX_PATH', '/home/unitree/106a_final/install/realsense2_camera_msgs:/home/unitree/cyclonedds_ws/install/rmw_cyclonedds_cpp:/opt/ros/foxy'), ('SHELL', '/bin/bash'), ('LESSCLOSE', '/usr/bin/lesspipe %s %s'), ('VSCODE_GIT_ASKPASS_EXTRA_ARGS', ''), ('PWD', '/home/unitree/106a_final/build/realsense2_camera'), ('LC_ALL', 'en_US.UTF-8'), ('SSH_CONNECTION', '192.168.50.246 51974 192.168.50.28 22'), ('XDG_DATA_DIRS', '/usr/local/share:/usr/share:/var/lib/snapd/desktop'), ('PYTHONPATH', '/home/unitree/106a_final/install/realsense2_camera_msgs/lib/python3.8/site-packages:/opt/ros/foxy/lib/python3.8/site-packages'), ('COLCON', '1'), ('CMAKE_PREFIX_PATH', '/home/unitree/106a_final/install/realsense2_camera_msgs:/home/unitree/cyclonedds_ws/install/rmw_cyclonedds_cpp:/home/unitree/cyclonedds_ws/install/cyclonedds:/opt/ros/foxy')]), 'shell': False}
[8.918177] (realsense2_description) JobProgress: {'identifier': 'realsense2_description', 'progress': 'cmake'}
[8.920678] (realsense2_description) JobProgress: {'identifier': 'realsense2_description', 'progress': 'build'}
[8.921453] (realsense2_description) Command: {'cmd': ['/usr/bin/cmake', '--build', '/home/unitree/106a_final/build/realsense2_description', '--', '-j4', '-l4'], 'cwd': '/home/unitree/106a_final/build/realsense2_description', 'env': OrderedDict([('LESSOPEN', '| /usr/bin/lesspipe %s'), ('USER', 'unitree'), ('SSH_CLIENT', '192.168.50.246 51974 22'), ('XDG_SESSION_TYPE', 'tty'), ('GIT_ASKPASS', '/home/unitree/.vscode-server/cli/servers/Stable-5437499feb04f7a586f677b155b039bc2b3669eb/server/extensions/git/dist/askpass.sh'), ('SHLVL', '2'), ('LD_LIBRARY_PATH', '/home/unitree/106a_final/install/realsense2_camera_msgs/lib:/usr/local/cuda-11.4/lib64:/usr/local/lib:/home/unitree/cyclonedds_ws/install/rmw_cyclonedds_cpp/lib:/home/unitree/cyclonedds_ws/install/cyclonedds/lib:/opt/ros/foxy/opt/yaml_cpp_vendor/lib:/opt/ros/foxy/opt/rviz_ogre_vendor/lib:/opt/ros/foxy/lib/aarch64-linux-gnu:/opt/ros/foxy/lib:/usr/local/cuda-11.4/lib64'), ('BROWSER', '/home/unitree/.vscode-server/cli/servers/Stable-5437499feb04f7a586f677b155b039bc2b3669eb/server/bin/helpers/browser.sh'), ('MOTD_SHOWN', 'pam'), ('HOME', '/home/unitree'), ('CYCLONEDDS_URI', '/home/unitree/cyclonedds_ws/cyclonedds.xml'), ('OLDPWD', '/home/unitree/106a_final/src/d1_sdk'), ('TERM_PROGRAM_VERSION', '1.90.2'), ('VSCODE_IPC_HOOK_CLI', '/run/user/1000/vscode-ipc-1a497d47-852b-4f1f-aaa2-4938e62856a5.sock'), ('ROS_PYTHON_VERSION', '3'), ('VSCODE_GIT_ASKPASS_MAIN', '/home/unitree/.vscode-server/cli/servers/Stable-5437499feb04f7a586f677b155b039bc2b3669eb/server/extensions/git/dist/askpass-main.js'), ('VSCODE_GIT_ASKPASS_NODE', '/home/unitree/.vscode-server/cli/servers/Stable-5437499feb04f7a586f677b155b039bc2b3669eb/server/node'), ('SSL_CERT_FILE', '/usr/lib/ssl/certs/ca-certificates.crt'), ('DBUS_SESSION_BUS_ADDRESS', 'unix:path=/run/user/1000/bus'), ('COLORTERM', 'truecolor'), ('COLCON_PREFIX_PATH', '/home/unitree/cyclonedds_ws/install'), ('ROS_DISTRO', 'foxy'), ('LOGNAME', 'unitree'), ('_', '/usr/bin/colcon'), ('ROS_VERSION', '2'), ('PKG_CONFIG_PATH', '/home/unitree/cyclonedds_ws/install/cyclonedds/lib/aarch64-linux-gnu/pkgconfig:/home/unitree/cyclonedds_ws/install/cyclonedds/lib/pkgconfig'), ('XDG_SESSION_CLASS', 'user'), ('TERM', 'xterm-256color'), ('XDG_SESSION_ID', '11'), ('ROS_LOCALHOST_ONLY', '0'), ('PATH', '/usr/local/cuda-11.4/bin:/home/unitree/cyclonedds_ws/install/cyclonedds/bin:/opt/ros/foxy/bin:/home/unitree/.vscode-server/cli/servers/Stable-5437499feb04f7a586f677b155b039bc2b3669eb/server/bin/remote-cli:/home/unitree/.local/bin:/usr/local/cuda-11.4/bin:/home/unitree/.local/bin:/usr/local/sbin:/usr/local/bin:/usr/sbin:/usr/bin:/sbin:/bin:/usr/games:/usr/local/games:/snap/bin'), ('XDG_RUNTIME_DIR', '/run/user/1000'), ('SSL_CERT_DIR', '/usr/lib/ssl/certs'), ('LANG', 'en_US.UTF-8'), ('RMW_IMPLEMENTATION', 'rmw_cyclonedds_cpp'), ('LS_COLORS', 'rs=0:di=01;34:ln=01;36:mh=00:pi=40;33:so=01;35:do=01;35:bd=40;33;01:cd=40;33;01:or=40;31;01:mi=00:su=37;41:sg=30;43:ca=30;41:tw=30;42:ow=34;42:st=37;44:ex=01;32:*.tar=01;31:*.tgz=01;31:*.arc=01;31:*.arj=01;31:*.taz=01;31:*.lha=01;31:*.lz4=01;31:*.lzh=01;31:*.lzma=01;31:*.tlz=01;31:*.txz=01;31:*.tzo=01;31:*.t7z=01;31:*.zip=01;31:*.z=01;31:*.dz=01;31:*.gz=01;31:*.lrz=01;31:*.lz=01;31:*.lzo=01;31:*.xz=01;31:*.zst=01;31:*.tzst=01;31:*.bz2=01;31:*.bz=01;31:*.tbz=01;31:*.tbz2=01;31:*.tz=01;31:*.deb=01;31:*.rpm=01;31:*.jar=01;31:*.war=01;31:*.ear=01;31:*.sar=01;31:*.rar=01;31:*.alz=01;31:*.ace=01;31:*.zoo=01;31:*.cpio=01;31:*.7z=01;31:*.rz=01;31:*.cab=01;31:*.wim=01;31:*.swm=01;31:*.dwm=01;31:*.esd=01;31:*.jpg=01;35:*.jpeg=01;35:*.mjpg=01;35:*.mjpeg=01;35:*.gif=01;35:*.bmp=01;35:*.pbm=01;35:*.pgm=01;35:*.ppm=01;35:*.tga=01;35:*.xbm=01;35:*.xpm=01;35:*.tif=01;35:*.tiff=01;35:*.png=01;35:*.svg=01;35:*.svgz=01;35:*.mng=01;35:*.pcx=01;35:*.mov=01;35:*.mpg=01;35:*.mpeg=01;35:*.m2v=01;35:*.mkv=01;35:*.webm=01;35:*.ogm=01;35:*.mp4=01;35:*.m4v=01;35:*.mp4v=01;35:*.vob=01;35:*.qt=01;35:*.nuv=01;35:*.wmv=01;35:*.asf=01;35:*.rm=01;35:*.rmvb=01;35:*.flc=01;35:*.avi=01;35:*.fli=01;35:*.flv=01;35:*.gl=01;35:*.dl=01;35:*.xcf=01;35:*.xwd=01;35:*.yuv=01;35:*.cgm=01;35:*.emf=01;35:*.ogv=01;35:*.ogx=01;35:*.aac=00;36:*.au=00;36:*.flac=00;36:*.m4a=00;36:*.mid=00;36:*.midi=00;36:*.mka=00;36:*.mp3=00;36:*.mpc=00;36:*.ogg=00;36:*.ra=00;36:*.wav=00;36:*.oga=00;36:*.opus=00;36:*.spx=00;36:*.xspf=00;36:'), ('VSCODE_GIT_IPC_HANDLE', '/run/user/1000/vscode-git-403e0bf87f.sock'), ('TERM_PROGRAM', 'vscode'), ('AMENT_PREFIX_PATH', '/home/unitree/106a_final/install/realsense2_camera_msgs:/home/unitree/cyclonedds_ws/install/rmw_cyclonedds_cpp:/opt/ros/foxy'), ('SHELL', '/bin/bash'), ('LESSCLOSE', '/usr/bin/lesspipe %s %s'), ('VSCODE_GIT_ASKPASS_EXTRA_ARGS', ''), ('PWD', '/home/unitree/106a_final/build/realsense2_description'), ('LC_ALL', 'en_US.UTF-8'), ('SSH_CONNECTION', '192.168.50.246 51974 192.168.50.28 22'), ('XDG_DATA_DIRS', '/usr/local/share:/usr/share:/var/lib/snapd/desktop'), ('PYTHONPATH', '/home/unitree/106a_final/install/realsense2_camera_msgs/lib/python3.8/site-packages:/opt/ros/foxy/lib/python3.8/site-packages'), ('COLCON', '1'), ('CMAKE_PREFIX_PATH', '/home/unitree/106a_final/install/realsense2_camera_msgs:/home/unitree/cyclonedds_ws/install/rmw_cyclonedds_cpp:/home/unitree/cyclonedds_ws/install/cyclonedds:/opt/ros/foxy')]), 'shell': False}
[8.950758] (-) TimerEvent: {}
[9.051996] (-) TimerEvent: {}
[9.078682] (realsense2_description) CommandEnded: {'returncode': 0}
[9.081529] (realsense2_description) JobProgress: {'identifier': 'realsense2_description', 'progress': 'install'}
[9.081668] (realsense2_description) Command: {'cmd': ['/usr/bin/cmake', '--install', '/home/unitree/106a_final/build/realsense2_description'], 'cwd': '/home/unitree/106a_final/build/realsense2_description', 'env': OrderedDict([('LESSOPEN', '| /usr/bin/lesspipe %s'), ('USER', 'unitree'), ('SSH_CLIENT', '192.168.50.246 51974 22'), ('XDG_SESSION_TYPE', 'tty'), ('GIT_ASKPASS', '/home/unitree/.vscode-server/cli/servers/Stable-5437499feb04f7a586f677b155b039bc2b3669eb/server/extensions/git/dist/askpass.sh'), ('SHLVL', '2'), ('LD_LIBRARY_PATH', '/home/unitree/106a_final/install/realsense2_camera_msgs/lib:/usr/local/cuda-11.4/lib64:/usr/local/lib:/home/unitree/cyclonedds_ws/install/rmw_cyclonedds_cpp/lib:/home/unitree/cyclonedds_ws/install/cyclonedds/lib:/opt/ros/foxy/opt/yaml_cpp_vendor/lib:/opt/ros/foxy/opt/rviz_ogre_vendor/lib:/opt/ros/foxy/lib/aarch64-linux-gnu:/opt/ros/foxy/lib:/usr/local/cuda-11.4/lib64'), ('BROWSER', '/home/unitree/.vscode-server/cli/servers/Stable-5437499feb04f7a586f677b155b039bc2b3669eb/server/bin/helpers/browser.sh'), ('MOTD_SHOWN', 'pam'), ('HOME', '/home/unitree'), ('CYCLONEDDS_URI', '/home/unitree/cyclonedds_ws/cyclonedds.xml'), ('OLDPWD', '/home/unitree/106a_final/src/d1_sdk'), ('TERM_PROGRAM_VERSION', '1.90.2'), ('VSCODE_IPC_HOOK_CLI', '/run/user/1000/vscode-ipc-1a497d47-852b-4f1f-aaa2-4938e62856a5.sock'), ('ROS_PYTHON_VERSION', '3'), ('VSCODE_GIT_ASKPASS_MAIN', '/home/unitree/.vscode-server/cli/servers/Stable-5437499feb04f7a586f677b155b039bc2b3669eb/server/extensions/git/dist/askpass-main.js'), ('VSCODE_GIT_ASKPASS_NODE', '/home/unitree/.vscode-server/cli/servers/Stable-5437499feb04f7a586f677b155b039bc2b3669eb/server/node'), ('SSL_CERT_FILE', '/usr/lib/ssl/certs/ca-certificates.crt'), ('DBUS_SESSION_BUS_ADDRESS', 'unix:path=/run/user/1000/bus'), ('COLORTERM', 'truecolor'), ('COLCON_PREFIX_PATH', '/home/unitree/cyclonedds_ws/install'), ('ROS_DISTRO', 'foxy'), ('LOGNAME', 'unitree'), ('_', '/usr/bin/colcon'), ('ROS_VERSION', '2'), ('PKG_CONFIG_PATH', '/home/unitree/cyclonedds_ws/install/cyclonedds/lib/aarch64-linux-gnu/pkgconfig:/home/unitree/cyclonedds_ws/install/cyclonedds/lib/pkgconfig'), ('XDG_SESSION_CLASS', 'user'), ('TERM', 'xterm-256color'), ('XDG_SESSION_ID', '11'), ('ROS_LOCALHOST_ONLY', '0'), ('PATH', '/usr/local/cuda-11.4/bin:/home/unitree/cyclonedds_ws/install/cyclonedds/bin:/opt/ros/foxy/bin:/home/unitree/.vscode-server/cli/servers/Stable-5437499feb04f7a586f677b155b039bc2b3669eb/server/bin/remote-cli:/home/unitree/.local/bin:/usr/local/cuda-11.4/bin:/home/unitree/.local/bin:/usr/local/sbin:/usr/local/bin:/usr/sbin:/usr/bin:/sbin:/bin:/usr/games:/usr/local/games:/snap/bin'), ('XDG_RUNTIME_DIR', '/run/user/1000'), ('SSL_CERT_DIR', '/usr/lib/ssl/certs'), ('LANG', 'en_US.UTF-8'), ('RMW_IMPLEMENTATION', 'rmw_cyclonedds_cpp'), ('LS_COLORS', 'rs=0:di=01;34:ln=01;36:mh=00:pi=40;33:so=01;35:do=01;35:bd=40;33;01:cd=40;33;01:or=40;31;01:mi=00:su=37;41:sg=30;43:ca=30;41:tw=30;42:ow=34;42:st=37;44:ex=01;32:*.tar=01;31:*.tgz=01;31:*.arc=01;31:*.arj=01;31:*.taz=01;31:*.lha=01;31:*.lz4=01;31:*.lzh=01;31:*.lzma=01;31:*.tlz=01;31:*.txz=01;31:*.tzo=01;31:*.t7z=01;31:*.zip=01;31:*.z=01;31:*.dz=01;31:*.gz=01;31:*.lrz=01;31:*.lz=01;31:*.lzo=01;31:*.xz=01;31:*.zst=01;31:*.tzst=01;31:*.bz2=01;31:*.bz=01;31:*.tbz=01;31:*.tbz2=01;31:*.tz=01;31:*.deb=01;31:*.rpm=01;31:*.jar=01;31:*.war=01;31:*.ear=01;31:*.sar=01;31:*.rar=01;31:*.alz=01;31:*.ace=01;31:*.zoo=01;31:*.cpio=01;31:*.7z=01;31:*.rz=01;31:*.cab=01;31:*.wim=01;31:*.swm=01;31:*.dwm=01;31:*.esd=01;31:*.jpg=01;35:*.jpeg=01;35:*.mjpg=01;35:*.mjpeg=01;35:*.gif=01;35:*.bmp=01;35:*.pbm=01;35:*.pgm=01;35:*.ppm=01;35:*.tga=01;35:*.xbm=01;35:*.xpm=01;35:*.tif=01;35:*.tiff=01;35:*.png=01;35:*.svg=01;35:*.svgz=01;35:*.mng=01;35:*.pcx=01;35:*.mov=01;35:*.mpg=01;35:*.mpeg=01;35:*.m2v=01;35:*.mkv=01;35:*.webm=01;35:*.ogm=01;35:*.mp4=01;35:*.m4v=01;35:*.mp4v=01;35:*.vob=01;35:*.qt=01;35:*.nuv=01;35:*.wmv=01;35:*.asf=01;35:*.rm=01;35:*.rmvb=01;35:*.flc=01;35:*.avi=01;35:*.fli=01;35:*.flv=01;35:*.gl=01;35:*.dl=01;35:*.xcf=01;35:*.xwd=01;35:*.yuv=01;35:*.cgm=01;35:*.emf=01;35:*.ogv=01;35:*.ogx=01;35:*.aac=00;36:*.au=00;36:*.flac=00;36:*.m4a=00;36:*.mid=00;36:*.midi=00;36:*.mka=00;36:*.mp3=00;36:*.mpc=00;36:*.ogg=00;36:*.ra=00;36:*.wav=00;36:*.oga=00;36:*.opus=00;36:*.spx=00;36:*.xspf=00;36:'), ('VSCODE_GIT_IPC_HANDLE', '/run/user/1000/vscode-git-403e0bf87f.sock'), ('TERM_PROGRAM', 'vscode'), ('AMENT_PREFIX_PATH', '/home/unitree/106a_final/install/realsense2_camera_msgs:/home/unitree/cyclonedds_ws/install/rmw_cyclonedds_cpp:/opt/ros/foxy'), ('SHELL', '/bin/bash'), ('LESSCLOSE', '/usr/bin/lesspipe %s %s'), ('VSCODE_GIT_ASKPASS_EXTRA_ARGS', ''), ('PWD', '/home/unitree/106a_final/build/realsense2_description'), ('LC_ALL', 'en_US.UTF-8'), ('SSH_CONNECTION', '192.168.50.246 51974 192.168.50.28 22'), ('XDG_DATA_DIRS', '/usr/local/share:/usr/share:/var/lib/snapd/desktop'), ('PYTHONPATH', '/home/unitree/106a_final/install/realsense2_camera_msgs/lib/python3.8/site-packages:/opt/ros/foxy/lib/python3.8/site-packages'), ('COLCON', '1'), ('CMAKE_PREFIX_PATH', '/home/unitree/106a_final/install/realsense2_camera_msgs:/home/unitree/cyclonedds_ws/install/rmw_cyclonedds_cpp:/home/unitree/cyclonedds_ws/install/cyclonedds:/opt/ros/foxy')]), 'shell': False}
[9.125841] (realsense2_description) StdoutLine: {'line': b'-- Install configuration: ""\n'}
[9.126903] (realsense2_description) StdoutLine: {'line': b'-- Execute custom install script\n'}
[9.136130] (realsense2_description) StdoutLine: {'line': b'-- Up-to-date symlink: /home/unitree/106a_final/install/realsense2_description/share/realsense2_description/launch/launch_utils.py\n'}
[9.136829] (realsense2_description) StdoutLine: {'line': b'-- Up-to-date symlink: /home/unitree/106a_final/install/realsense2_description/share/realsense2_description/launch/view_model.launch.py\n'}
[9.137133] (realsense2_description) StdoutLine: {'line': b'-- Up-to-date symlink: /home/unitree/106a_final/install/realsense2_description/share/realsense2_description/meshes/d415.stl\n'}
[9.137638] (realsense2_description) StdoutLine: {'line': b'-- Up-to-date symlink: /home/unitree/106a_final/install/realsense2_description/share/realsense2_description/meshes/d435.dae\n'}
[9.138217] (realsense2_description) StdoutLine: {'line': b'-- Up-to-date symlink: /home/unitree/106a_final/install/realsense2_description/share/realsense2_description/meshes/d455.stl\n'}
[9.139108] (realsense2_description) StdoutLine: {'line': b'-- Up-to-date symlink: /home/unitree/106a_final/install/realsense2_description/share/realsense2_description/meshes/l515.dae\n'}
[9.139350] (realsense2_description) StdoutLine: {'line': b'-- Up-to-date symlink: /home/unitree/106a_final/install/realsense2_description/share/realsense2_description/meshes/plug.stl\n'}
[9.139976] (realsense2_description) StdoutLine: {'line': b'-- Up-to-date symlink: /home/unitree/106a_final/install/realsense2_description/share/realsense2_description/meshes/plug_collision.stl\n'}
[9.140270] (realsense2_description) StdoutLine: {'line': b'-- Up-to-date symlink: /home/unitree/106a_final/install/realsense2_description/share/realsense2_description/rviz/urdf.rviz\n'}
[9.140464] (realsense2_description) StdoutLine: {'line': b'-- Up-to-date symlink: /home/unitree/106a_final/install/realsense2_description/share/realsense2_description/urdf/_d415.urdf.xacro\n'}
[9.140813] (realsense2_description) StdoutLine: {'line': b'-- Up-to-date symlink: /home/unitree/106a_final/install/realsense2_description/share/realsense2_description/urdf/_d435.urdf.xacro\n'}
[9.141120] (realsense2_description) StdoutLine: {'line': b'-- Up-to-date symlink: /home/unitree/106a_final/install/realsense2_description/share/realsense2_description/urdf/_d435i.urdf.xacro\n'}
[9.141420] (realsense2_description) StdoutLine: {'line': b'-- Up-to-date symlink: /home/unitree/106a_final/install/realsense2_description/share/realsense2_description/urdf/_d435i_imu_modules.urdf.xacro\n'}
[9.141623] (realsense2_description) StdoutLine: {'line': b'-- Up-to-date symlink: /home/unitree/106a_final/install/realsense2_description/share/realsense2_description/urdf/_d455.urdf.xacro\n'}
[9.141780] (realsense2_description) StdoutLine: {'line': b'-- Up-to-date symlink: /home/unitree/106a_final/install/realsense2_description/share/realsense2_description/urdf/_l515.urdf.xacro\n'}
[9.142073] (realsense2_description) StdoutLine: {'line': b'-- Up-to-date symlink: /home/unitree/106a_final/install/realsense2_description/share/realsense2_description/urdf/_materials.urdf.xacro\n'}
[9.142347] (realsense2_description) StdoutLine: {'line': b'-- Up-to-date symlink: /home/unitree/106a_final/install/realsense2_description/share/realsense2_description/urdf/_r410.urdf.xacro\n'}
[9.142564] (realsense2_description) StdoutLine: {'line': b'-- Up-to-date symlink: /home/unitree/106a_final/install/realsense2_description/share/realsense2_description/urdf/_r430.urdf.xacro\n'}
[9.142796] (realsense2_description) StdoutLine: {'line': b'-- Up-to-date symlink: /home/unitree/106a_final/install/realsense2_description/share/realsense2_description/urdf/_usb_plug.urdf.xacro\n'}
[9.146895] (realsense2_description) StdoutLine: {'line': b'-- Up-to-date symlink: /home/unitree/106a_final/install/realsense2_description/share/realsense2_description/urdf/test_d415_camera.urdf.xacro\n'}
[9.147395] (realsense2_description) StdoutLine: {'line': b'-- Up-to-date symlink: /home/unitree/106a_final/install/realsense2_description/share/realsense2_description/urdf/test_d435_camera.urdf.xacro\n'}
[9.152110] (-) TimerEvent: {}
[9.159820] (realsense2_description) StdoutLine: {'line': b'-- Up-to-date symlink: /home/unitree/106a_final/install/realsense2_description/share/realsense2_description/urdf/test_d435_multiple_cameras.urdf.xacro\n'}
[9.160853] (realsense2_description) StdoutLine: {'line': b'-- Up-to-date symlink: /home/unitree/106a_final/install/realsense2_description/share/realsense2_description/urdf/test_d435i_camera.urdf.xacro\n'}
[9.161269] (realsense2_description) StdoutLine: {'line': b'-- Up-to-date symlink: /home/unitree/106a_final/install/realsense2_description/share/realsense2_description/urdf/test_d455_camera.urdf.xacro\n'}
[9.161631] (realsense2_description) StdoutLine: {'line': b'-- Up-to-date symlink: /home/unitree/106a_final/install/realsense2_description/share/realsense2_description/urdf/test_l515_camera.urdf.xacro\n'}
[9.161860] (realsense2_description) StdoutLine: {'line': b'-- Up-to-date symlink: /home/unitree/106a_final/install/realsense2_description/share/realsense2_description/urdf/test_r410_camera.urdf.xacro\n'}
[9.162187] (realsense2_description) StdoutLine: {'line': b'-- Up-to-date symlink: /home/unitree/106a_final/install/realsense2_description/share/realsense2_description/urdf/test_r430_camera.urdf.xacro\n'}
[9.162703] (realsense2_description) StdoutLine: {'line': b'-- Up-to-date symlink: /home/unitree/106a_final/install/realsense2_description/share/ament_index/resource_index/package_run_dependencies/realsense2_description\n'}
[9.162998] (realsense2_description) StdoutLine: {'line': b'-- Up-to-date symlink: /home/unitree/106a_final/install/realsense2_description/share/ament_index/resource_index/parent_prefix_path/realsense2_description\n'}
[9.163274] (realsense2_description) StdoutLine: {'line': b'-- Up-to-date symlink: /home/unitree/106a_final/install/realsense2_description/share/realsense2_description/environment/ament_prefix_path.sh\n'}
[9.163507] (realsense2_description) StdoutLine: {'line': b'-- Up-to-date symlink: /home/unitree/106a_final/install/realsense2_description/share/realsense2_description/environment/ament_prefix_path.dsv\n'}
[9.163874] (realsense2_description) StdoutLine: {'line': b'-- Up-to-date symlink: /home/unitree/106a_final/install/realsense2_description/share/realsense2_description/environment/path.sh\n'}
[9.164313] (realsense2_description) StdoutLine: {'line': b'-- Up-to-date symlink: /home/unitree/106a_final/install/realsense2_description/share/realsense2_description/environment/path.dsv\n'}
[9.164751] (realsense2_description) StdoutLine: {'line': b'-- Up-to-date symlink: /home/unitree/106a_final/install/realsense2_description/share/realsense2_description/local_setup.bash\n'}
[9.165475] (realsense2_description) StdoutLine: {'line': b'-- Up-to-date symlink: /home/unitree/106a_final/install/realsense2_description/share/realsense2_description/local_setup.sh\n'}
[9.165856] (realsense2_description) StdoutLine: {'line': b'-- Up-to-date symlink: /home/unitree/106a_final/install/realsense2_description/share/realsense2_description/local_setup.zsh\n'}
[9.166316] (realsense2_description) StdoutLine: {'line': b'-- Up-to-date symlink: /home/unitree/106a_final/install/realsense2_description/share/realsense2_description/local_setup.dsv\n'}
[9.166672] (realsense2_description) StdoutLine: {'line': b'-- Symlinking: /home/unitree/106a_final/install/realsense2_description/share/realsense2_description/package.dsv\n'}
[9.188972] (realsense2_description) StdoutLine: {'line': b'-- Up-to-date symlink: /home/unitree/106a_final/install/realsense2_description/share/ament_index/resource_index/packages/realsense2_description\n'}
[9.189562] (realsense2_description) StdoutLine: {'line': b'-- Up-to-date symlink: /home/unitree/106a_final/install/realsense2_description/share/realsense2_description/cmake/realsense2_descriptionConfig.cmake\n'}
[9.189846] (realsense2_description) StdoutLine: {'line': b'-- Up-to-date symlink: /home/unitree/106a_final/install/realsense2_description/share/realsense2_description/cmake/realsense2_descriptionConfig-version.cmake\n'}
[9.190178] (realsense2_description) StdoutLine: {'line': b'-- Up-to-date symlink: /home/unitree/106a_final/install/realsense2_description/share/realsense2_description/package.xml\n'}
[9.208480] (realsense2_description) CommandEnded: {'returncode': 0}
[9.210312] (realsense2_camera) StdoutLine: {'line': b'[ 25%] Built target realsense2_camera_node\n'}
[9.230859] (realsense2_camera) StdoutLine: {'line': b'[100%] Built target realsense2_camera\n'}
[9.252320] (-) TimerEvent: {}
[9.353419] (-) TimerEvent: {}
[9.362843] (arm_driver) StderrLine: {'line': b'In file included from \x1b[01m\x1b[K/usr/local/include/ddscxx/dds/domain/detail/TDomainParticipantImpl.hpp:23\x1b[m\x1b[K,\n'}
[9.363495] (arm_driver) StderrLine: {'line': b'                 from \x1b[01m\x1b[K/usr/local/include/ddscxx/dds/domain/detail/DomainParticipant.hpp:22\x1b[m\x1b[K,\n'}
[9.363712] (arm_driver) StderrLine: {'line': b'                 from \x1b[01m\x1b[K/usr/local/include/ddscxx/dds/domain/DomainParticipant.hpp:22\x1b[m\x1b[K,\n'}
[9.363891] (arm_driver) StderrLine: {'line': b'                 from \x1b[01m\x1b[K/usr/local/include/ddscxx/dds/domain/find.hpp:22\x1b[m\x1b[K,\n'}
[9.364059] (arm_driver) StderrLine: {'line': b'                 from \x1b[01m\x1b[K/usr/local/include/ddscxx/dds/domain/ddsdomain.hpp:21\x1b[m\x1b[K,\n'}
[9.364194] (arm_driver) StderrLine: {'line': b'                 from \x1b[01m\x1b[K/usr/local/include/ddscxx/dds/dds.hpp:34\x1b[m\x1b[K,\n'}
[9.364319] (arm_driver) StderrLine: {'line': b'                 from \x1b[01m\x1b[K/usr/local/include/unitree/common/dds/dds_entity.hpp:4\x1b[m\x1b[K,\n'}
[9.364464] (arm_driver) StderrLine: {'line': b'                 from \x1b[01m\x1b[K/usr/local/include/unitree/common/dds/dds_topic_channel.hpp:4\x1b[m\x1b[K,\n'}
[9.364595] (arm_driver) StderrLine: {'line': b'                 from \x1b[01m\x1b[K/usr/local/include/unitree/common/dds/dds_factory_model.hpp:5\x1b[m\x1b[K,\n'}
[9.364720] (arm_driver) StderrLine: {'line': b'                 from \x1b[01m\x1b[K/usr/local/include/unitree/robot/channel/channel_factory.hpp:4\x1b[m\x1b[K,\n'}
[9.364841] (arm_driver) StderrLine: {'line': b'                 from \x1b[01m\x1b[K/usr/local/include/unitree/robot/channel/channel_publisher.hpp:4\x1b[m\x1b[K,\n'}
[9.364979] (arm_driver) StderrLine: {'line': b'                 from \x1b[01m\x1b[K/home/unitree/106a_final/src/arm_driver/src/servo_driver.cpp:8\x1b[m\x1b[K:\n'}
[9.365154] (arm_driver) StderrLine: {'line': b'\x1b[01m\x1b[K/usr/local/include/ddscxx/org/eclipse/cyclonedds/domain/DomainParticipantDelegate.hpp:120:24:\x1b[m\x1b[K \x1b[01;31m\x1b[Kerror: \x1b[m\x1b[K\xe2\x80\x98\x1b[01m\x1b[Kdds_typeinfo_t\x1b[m\x1b[K\xe2\x80\x99 does not name a type; did you mean \xe2\x80\x98\x1b[01m\x1b[Kdds_sample_info_t\x1b[m\x1b[K\xe2\x80\x99?\n'}
[9.365288] (arm_driver) StderrLine: {'line': b'  120 |                  const \x1b[01;31m\x1b[Kdds_typeinfo_t\x1b[m\x1b[K *type_info,\n'}
[9.365410] (arm_driver) StderrLine: {'line': b'      |                        \x1b[01;31m\x1b[K^~~~~~~~~~~~~~\x1b[m\x1b[K\n'}
[9.365552] (arm_driver) StderrLine: {'line': b'      |                        \x1b[32m\x1b[Kdds_sample_info_t\x1b[m\x1b[K\n'}
[9.404392] (arm_driver) StderrLine: {'line': b'In file included from \x1b[01m\x1b[K/usr/local/include/ddscxx/dds/topic/detail/TopicDescription.hpp:22\x1b[m\x1b[K,\n'}
[9.404844] (arm_driver) StderrLine: {'line': b'                 from \x1b[01m\x1b[K/usr/local/include/ddscxx/dds/topic/TopicDescription.hpp:22\x1b[m\x1b[K,\n'}
[9.405010] (arm_driver) StderrLine: {'line': b'                 from \x1b[01m\x1b[K/usr/local/include/ddscxx/dds/topic/ddstopic.hpp:22\x1b[m\x1b[K,\n'}
[9.405154] (arm_driver) StderrLine: {'line': b'                 from \x1b[01m\x1b[K/usr/local/include/ddscxx/dds/dds.hpp:35\x1b[m\x1b[K,\n'}
[9.405322] (arm_driver) StderrLine: {'line': b'                 from \x1b[01m\x1b[K/usr/local/include/unitree/common/dds/dds_entity.hpp:4\x1b[m\x1b[K,\n'}
[9.405455] (arm_driver) StderrLine: {'line': b'                 from \x1b[01m\x1b[K/usr/local/include/unitree/common/dds/dds_topic_channel.hpp:4\x1b[m\x1b[K,\n'}
[9.405583] (arm_driver) StderrLine: {'line': b'                 from \x1b[01m\x1b[K/usr/local/include/unitree/common/dds/dds_factory_model.hpp:5\x1b[m\x1b[K,\n'}
[9.405706] (arm_driver) StderrLine: {'line': b'                 from \x1b[01m\x1b[K/usr/local/include/unitree/robot/channel/channel_factory.hpp:4\x1b[m\x1b[K,\n'}
[9.405897] (arm_driver) StderrLine: {'line': b'                 from \x1b[01m\x1b[K/usr/local/include/unitree/robot/channel/channel_publisher.hpp:4\x1b[m\x1b[K,\n'}
[9.406031] (arm_driver) StderrLine: {'line': b'                 from \x1b[01m\x1b[K/home/unitree/106a_final/src/arm_driver/src/servo_driver.cpp:8\x1b[m\x1b[K:\n'}
[9.406159] (arm_driver) StderrLine: {'line': b'\x1b[01m\x1b[K/usr/local/include/ddscxx/org/eclipse/cyclonedds/topic/TopicDescriptionDelegate.hpp:73:5:\x1b[m\x1b[K \x1b[01;31m\x1b[Kerror: \x1b[m\x1b[K\xe2\x80\x98\x1b[01m\x1b[Kddsi_sertype\x1b[m\x1b[K\xe2\x80\x99 does not name a type; did you mean \xe2\x80\x98\x1b[01m\x1b[Kddsi_sertopic\x1b[m\x1b[K\xe2\x80\x99?\n'}
[9.406292] (arm_driver) StderrLine: {'line': b'   73 |     \x1b[01;31m\x1b[Kddsi_sertype\x1b[m\x1b[K *get_ser_type() const;\n'}
[9.406449] (arm_driver) StderrLine: {'line': b'      |     \x1b[01;31m\x1b[K^~~~~~~~~~~~\x1b[m\x1b[K\n'}
[9.406574] (arm_driver) StderrLine: {'line': b'      |     \x1b[32m\x1b[Kddsi_sertopic\x1b[m\x1b[K\n'}
[9.424638] (arm_driver) StderrLine: {'line': b'\x1b[01m\x1b[K/usr/local/include/ddscxx/org/eclipse/cyclonedds/topic/TopicDescriptionDelegate.hpp:80:5:\x1b[m\x1b[K \x1b[01;31m\x1b[Kerror: \x1b[m\x1b[K\xe2\x80\x98\x1b[01m\x1b[Kddsi_sertype\x1b[m\x1b[K\xe2\x80\x99 does not name a type; did you mean \xe2\x80\x98\x1b[01m\x1b[Kddsi_sertopic\x1b[m\x1b[K\xe2\x80\x99?\n'}
[9.425199] (arm_driver) StderrLine: {'line': b'   80 |     \x1b[01;31m\x1b[Kddsi_sertype\x1b[m\x1b[K *ser_type_;\n'}
[9.425425] (arm_driver) StderrLine: {'line': b'      |     \x1b[01;31m\x1b[K^~~~~~~~~~~~\x1b[m\x1b[K\n'}
[9.425583] (arm_driver) StderrLine: {'line': b'      |     \x1b[32m\x1b[Kddsi_sertopic\x1b[m\x1b[K\n'}
[9.453859] (-) TimerEvent: {}
[9.454767] (arm_driver) StderrLine: {'line': b'In file included from \x1b[01m\x1b[K/usr/local/include/ddscxx/org/eclipse/cyclonedds/topic/AnyTopicDelegate.hpp:23\x1b[m\x1b[K,\n'}
[9.455170] (arm_driver) StderrLine: {'line': b'                 from \x1b[01m\x1b[K/usr/local/include/ddscxx/dds/topic/detail/AnyTopic.hpp:22\x1b[m\x1b[K,\n'}
[9.455429] (arm_driver) StderrLine: {'line': b'                 from \x1b[01m\x1b[K/usr/local/include/ddscxx/dds/topic/AnyTopic.hpp:22\x1b[m\x1b[K,\n'}
[9.455627] (arm_driver) StderrLine: {'line': b'                 from \x1b[01m\x1b[K/usr/local/include/ddscxx/dds/topic/detail/Topic.hpp:27\x1b[m\x1b[K,\n'}
[9.455809] (arm_driver) StderrLine: {'line': b'                 from \x1b[01m\x1b[K/usr/local/include/ddscxx/dds/topic/Topic.hpp:21\x1b[m\x1b[K,\n'}
[9.456066] (arm_driver) StderrLine: {'line': b'                 from \x1b[01m\x1b[K/usr/local/include/ddscxx/dds/topic/ddstopic.hpp:23\x1b[m\x1b[K,\n'}
[9.456238] (arm_driver) StderrLine: {'line': b'                 from \x1b[01m\x1b[K/usr/local/include/ddscxx/dds/dds.hpp:35\x1b[m\x1b[K,\n'}
[9.456389] (arm_driver) StderrLine: {'line': b'                 from \x1b[01m\x1b[K/usr/local/include/unitree/common/dds/dds_entity.hpp:4\x1b[m\x1b[K,\n'}
[9.456533] (arm_driver) StderrLine: {'line': b'                 from \x1b[01m\x1b[K/usr/local/include/unitree/common/dds/dds_topic_channel.hpp:4\x1b[m\x1b[K,\n'}
[9.456666] (arm_driver) StderrLine: {'line': b'                 from \x1b[01m\x1b[K/usr/local/include/unitree/common/dds/dds_factory_model.hpp:5\x1b[m\x1b[K,\n'}
[9.456798] (arm_driver) StderrLine: {'line': b'                 from \x1b[01m\x1b[K/usr/local/include/unitree/robot/channel/channel_factory.hpp:4\x1b[m\x1b[K,\n'}
[9.456921] (arm_driver) StderrLine: {'line': b'                 from \x1b[01m\x1b[K/usr/local/include/unitree/robot/channel/channel_publisher.hpp:4\x1b[m\x1b[K,\n'}
[9.457046] (arm_driver) StderrLine: {'line': b'                 from \x1b[01m\x1b[K/home/unitree/106a_final/src/arm_driver/src/servo_driver.cpp:8\x1b[m\x1b[K:\n'}
[9.457170] (arm_driver) StderrLine: {'line': b'\x1b[01m\x1b[K/usr/local/include/ddscxx/org/eclipse/cyclonedds/topic/TopicTraits.hpp:95:12:\x1b[m\x1b[K \x1b[01;31m\x1b[Kerror: \x1b[m\x1b[K\xe2\x80\x98\x1b[01m\x1b[Kddsi_sertype\x1b[m\x1b[K\xe2\x80\x99 does not name a type; did you mean \xe2\x80\x98\x1b[01m\x1b[Kddscxx_sertype\x1b[m\x1b[K\xe2\x80\x99?\n'}
[9.457300] (arm_driver) StderrLine: {'line': b'   95 |     static \x1b[01;31m\x1b[Kddsi_sertype\x1b[m\x1b[K *getSerType(allowable_encodings_t kinds = allowableEncodings())\n'}
[9.457429] (arm_driver) StderrLine: {'line': b'      |            \x1b[01;31m\x1b[K^~~~~~~~~~~~\x1b[m\x1b[K\n'}
[9.457550] (arm_driver) StderrLine: {'line': b'      |            \x1b[32m\x1b[Kddscxx_sertype\x1b[m\x1b[K\n'}
[9.469424] (arm_driver) StderrLine: {'line': b'\x1b[01m\x1b[K/usr/local/include/ddscxx/org/eclipse/cyclonedds/topic/TopicTraits.hpp:167:12:\x1b[m\x1b[K \x1b[01;31m\x1b[Kerror: \x1b[m\x1b[K\xe2\x80\x98\x1b[01m\x1b[Kddsi_typeid_t\x1b[m\x1b[K\xe2\x80\x99 does not name a type; did you mean \xe2\x80\x98\x1b[01m\x1b[Kdds_guid_t\x1b[m\x1b[K\xe2\x80\x99?\n'}
[9.469823] (arm_driver) StderrLine: {'line': b'  167 |     static \x1b[01;31m\x1b[Kddsi_typeid_t\x1b[m\x1b[K* getTypeId(const struct ddsi_sertype *, ddsi_typeid_kind_t kind)\n'}
[9.469991] (arm_driver) StderrLine: {'line': b'      |            \x1b[01;31m\x1b[K^~~~~~~~~~~~~\x1b[m\x1b[K\n'}
[9.470136] (arm_driver) StderrLine: {'line': b'      |            \x1b[32m\x1b[Kdds_guid_t\x1b[m\x1b[K\n'}
[9.480669] (arm_driver) StderrLine: {'line': b'\x1b[01m\x1b[K/usr/local/include/ddscxx/org/eclipse/cyclonedds/topic/TopicTraits.hpp:188:12:\x1b[m\x1b[K \x1b[01;31m\x1b[Kerror: \x1b[m\x1b[K\xe2\x80\x98\x1b[01m\x1b[Kddsi_typemap_t\x1b[m\x1b[K\xe2\x80\x99 does not name a type\n'}
[9.481889] (arm_driver) StderrLine: {'line': b'  188 |     static \x1b[01;31m\x1b[Kddsi_typemap_t\x1b[m\x1b[K* getTypeMap(const struct ddsi_sertype *)\n'}
[9.482755] (arm_driver) StderrLine: {'line': b'      |            \x1b[01;31m\x1b[K^~~~~~~~~~~~~~\x1b[m\x1b[K\n'}
[9.492777] (arm_driver) StderrLine: {'line': b'\x1b[01m\x1b[K/usr/local/include/ddscxx/org/eclipse/cyclonedds/topic/TopicTraits.hpp:202:12:\x1b[m\x1b[K \x1b[01;31m\x1b[Kerror: \x1b[m\x1b[K\xe2\x80\x98\x1b[01m\x1b[Kddsi_typeinfo_t\x1b[m\x1b[K\xe2\x80\x99 does not name a type; did you mean \xe2\x80\x98\x1b[01m\x1b[Kdds_sample_info_t\x1b[m\x1b[K\xe2\x80\x99?\n'}
[9.493275] (arm_driver) StderrLine: {'line': b'  202 |     static \x1b[01;31m\x1b[Kddsi_typeinfo_t\x1b[m\x1b[K* getTypeInfo(const struct ddsi_sertype *)\n'}
[9.493449] (arm_driver) StderrLine: {'line': b'      |            \x1b[01;31m\x1b[K^~~~~~~~~~~~~~~\x1b[m\x1b[K\n'}
[9.493597] (arm_driver) StderrLine: {'line': b'      |            \x1b[32m\x1b[Kdds_sample_info_t\x1b[m\x1b[K\n'}
[9.493735] (arm_driver) StderrLine: {'line': b'\x1b[01m\x1b[K/usr/local/include/ddscxx/org/eclipse/cyclonedds/topic/TopicTraits.hpp:266:76:\x1b[m\x1b[K \x1b[01;31m\x1b[Kerror: \x1b[m\x1b[K\xe2\x80\x98\x1b[01m\x1b[Kdds_data_representation_id_t\x1b[m\x1b[K\xe2\x80\x99 has not been declared\n'}
[9.493875] (arm_driver) StderrLine: {'line': b'  266 |     static struct ddsi_sertype* deriveSertype(const struct ddsi_sertype *, \x1b[01;31m\x1b[Kdds_data_representation_id_t\x1b[m\x1b[K data_representation, dds_type_consistency_enforcement_qospolicy_t)\n'}
[9.494049] (arm_driver) StderrLine: {'line': b'      |                                                                            \x1b[01;31m\x1b[K^~~~~~~~~~~~~~~~~~~~~~~~~~~~\x1b[m\x1b[K\n'}
[9.494194] (arm_driver) StderrLine: {'line': b'\x1b[01m\x1b[K/usr/local/include/ddscxx/org/eclipse/cyclonedds/topic/TopicTraits.hpp:266:126:\x1b[m\x1b[K \x1b[01;31m\x1b[Kerror: \x1b[m\x1b[K\xe2\x80\x98\x1b[01m\x1b[Kdds_type_consistency_enforcement_qospolicy_t\x1b[m\x1b[K\xe2\x80\x99 has not been declared\n'}
[9.494336] (arm_driver) StderrLine: {'line': b'  266 | rtype(const struct ddsi_sertype *, dds_data_representation_id_t data_representation, \x1b[01;31m\x1b[Kdds_type_consistency_enforcement_qospolicy_t\x1b[m\x1b[K)\n'}
[9.494464] (arm_driver) StderrLine: {'line': b'      |                                                                                      \x1b[01;31m\x1b[K^~~~~~~~~~~~~~~~~~~~~~~~~~~~~~~~~~~~~~~~~~~~\x1b[m\x1b[K\n'}
[9.494589] (arm_driver) StderrLine: {'line': b'\n'}
[9.519363] (arm_driver) StderrLine: {'line': b'In file included from \x1b[01m\x1b[K/usr/local/include/ddscxx/org/eclipse/cyclonedds/topic/AnyTopicDelegate.hpp:23\x1b[m\x1b[K,\n'}
[9.519962] (arm_driver) StderrLine: {'line': b'                 from \x1b[01m\x1b[K/usr/local/include/ddscxx/dds/topic/detail/AnyTopic.hpp:22\x1b[m\x1b[K,\n'}
[9.520133] (arm_driver) StderrLine: {'line': b'                 from \x1b[01m\x1b[K/usr/local/include/ddscxx/dds/topic/AnyTopic.hpp:22\x1b[m\x1b[K,\n'}
[9.520320] (arm_driver) StderrLine: {'line': b'                 from \x1b[01m\x1b[K/usr/local/include/ddscxx/dds/topic/detail/Topic.hpp:27\x1b[m\x1b[K,\n'}
[9.520475] (arm_driver) StderrLine: {'line': b'                 from \x1b[01m\x1b[K/usr/local/include/ddscxx/dds/topic/Topic.hpp:21\x1b[m\x1b[K,\n'}
[9.520607] (arm_driver) StderrLine: {'line': b'                 from \x1b[01m\x1b[K/usr/local/include/ddscxx/dds/topic/ddstopic.hpp:23\x1b[m\x1b[K,\n'}
[9.520734] (arm_driver) StderrLine: {'line': b'                 from \x1b[01m\x1b[K/usr/local/include/ddscxx/dds/dds.hpp:35\x1b[m\x1b[K,\n'}
[9.520860] (arm_driver) StderrLine: {'line': b'                 from \x1b[01m\x1b[K/usr/local/include/unitree/common/dds/dds_entity.hpp:4\x1b[m\x1b[K,\n'}
[9.520985] (arm_driver) StderrLine: {'line': b'                 from \x1b[01m\x1b[K/usr/local/include/unitree/common/dds/dds_topic_channel.hpp:4\x1b[m\x1b[K,\n'}
[9.521111] (arm_driver) StderrLine: {'line': b'                 from \x1b[01m\x1b[K/usr/local/include/unitree/common/dds/dds_factory_model.hpp:5\x1b[m\x1b[K,\n'}
[9.521234] (arm_driver) StderrLine: {'line': b'                 from \x1b[01m\x1b[K/usr/local/include/unitree/robot/channel/channel_factory.hpp:4\x1b[m\x1b[K,\n'}
[9.521355] (arm_driver) StderrLine: {'line': b'                 from \x1b[01m\x1b[K/usr/local/include/unitree/robot/channel/channel_publisher.hpp:4\x1b[m\x1b[K,\n'}
[9.521477] (arm_driver) StderrLine: {'line': b'                 from \x1b[01m\x1b[K/home/unitree/106a_final/src/arm_driver/src/servo_driver.cpp:8\x1b[m\x1b[K:\n'}
[9.521597] (arm_driver) StderrLine: {'line': b'\x1b[01m\x1b[K/usr/local/include/ddscxx/org/eclipse/cyclonedds/topic/TopicTraits.hpp:\x1b[m\x1b[K In static member function \xe2\x80\x98\x1b[01m\x1b[Kstatic org::eclipse::cyclonedds::topic::ddsi_sertype* org::eclipse::cyclonedds::topic::TopicTraits<TOPIC>::deriveSertype(const org::eclipse::cyclonedds::topic::ddsi_sertype*, int, int)\x1b[m\x1b[K\xe2\x80\x99:\n'}
[9.521763] (arm_driver) StderrLine: {'line': b'\x1b[01m\x1b[K/usr/local/include/ddscxx/org/eclipse/cyclonedds/topic/TopicTraits.hpp:270:16:\x1b[m\x1b[K \x1b[01;31m\x1b[Kerror: \x1b[m\x1b[K\xe2\x80\x98\x1b[01m\x1b[KDDS_DATA_REPRESENTATION_XCDR1\x1b[m\x1b[K\xe2\x80\x99 was not declared in this scope\n'}
[9.521894] (arm_driver) StderrLine: {'line': b'  270 |           case \x1b[01;31m\x1b[KDDS_DATA_REPRESENTATION_XCDR1\x1b[m\x1b[K:\n'}
[9.522015] (arm_driver) StderrLine: {'line': b'      |                \x1b[01;31m\x1b[K^~~~~~~~~~~~~~~~~~~~~~~~~~~~~\x1b[m\x1b[K\n'}
[9.548154] (arm_driver) StderrLine: {'line': b'\x1b[01m\x1b[K/usr/local/include/ddscxx/org/eclipse/cyclonedds/topic/TopicTraits.hpp:271:32:\x1b[m\x1b[K \x1b[01;31m\x1b[Kerror: \x1b[m\x1b[K\xe2\x80\x98\x1b[01m\x1b[KDDS_DATA_REPRESENTATION_FLAG_XCDR1\x1b[m\x1b[K\xe2\x80\x99 was not declared in this scope\n'}
[9.548687] (arm_driver) StderrLine: {'line': b'  271 |               ptr = getSerType(\x1b[01;31m\x1b[KDDS_DATA_REPRESENTATION_FLAG_XCDR1\x1b[m\x1b[K);\n'}
[9.548899] (arm_driver) StderrLine: {'line': b'      |                                \x1b[01;31m\x1b[K^~~~~~~~~~~~~~~~~~~~~~~~~~~~~~~~~~\x1b[m\x1b[K\n'}
[9.549043] (arm_driver) StderrLine: {'line': b'\x1b[01m\x1b[K/usr/local/include/ddscxx/org/eclipse/cyclonedds/topic/TopicTraits.hpp:271:21:\x1b[m\x1b[K \x1b[01;31m\x1b[Kerror: \x1b[m\x1b[Kthere are no arguments to \xe2\x80\x98\x1b[01m\x1b[KgetSerType\x1b[m\x1b[K\xe2\x80\x99 that depend on a template parameter, so a declaration of \xe2\x80\x98\x1b[01m\x1b[KgetSerType\x1b[m\x1b[K\xe2\x80\x99 must be available [\x1b[01;31m\x1b[K-fpermissive\x1b[m\x1b[K]\n'}
[9.549188] (arm_driver) StderrLine: {'line': b'  271 |               ptr = \x1b[01;31m\x1b[KgetSerType\x1b[m\x1b[K(DDS_DATA_REPRESENTATION_FLAG_XCDR1);\n'}
[9.549318] (arm_driver) StderrLine: {'line': b'      |                     \x1b[01;31m\x1b[K^~~~~~~~~~\x1b[m\x1b[K\n'}
[9.549440] (arm_driver) StderrLine: {'line': b'\x1b[01m\x1b[K/usr/local/include/ddscxx/org/eclipse/cyclonedds/topic/TopicTraits.hpp:271:21:\x1b[m\x1b[K \x1b[01;36m\x1b[Knote: \x1b[m\x1b[K(if you use \xe2\x80\x98\x1b[01m\x1b[K-fpermissive\x1b[m\x1b[K\xe2\x80\x99, G++ will accept your code, but allowing the use of an undeclared name is deprecated)\n'}
[9.554139] (-) TimerEvent: {}
[9.570796] (arm_driver) StderrLine: {'line': b'\x1b[01m\x1b[K/usr/local/include/ddscxx/org/eclipse/cyclonedds/topic/TopicTraits.hpp:273:16:\x1b[m\x1b[K \x1b[01;31m\x1b[Kerror: \x1b[m\x1b[K\xe2\x80\x98\x1b[01m\x1b[KDDS_DATA_REPRESENTATION_XCDR2\x1b[m\x1b[K\xe2\x80\x99 was not declared in this scope\n'}
[9.571132] (arm_driver) StderrLine: {'line': b'  273 |           case \x1b[01;31m\x1b[KDDS_DATA_REPRESENTATION_XCDR2\x1b[m\x1b[K:\n'}
[9.571357] (arm_driver) StderrLine: {'line': b'      |                \x1b[01;31m\x1b[K^~~~~~~~~~~~~~~~~~~~~~~~~~~~~\x1b[m\x1b[K\n'}
[9.593855] (arm_driver) StderrLine: {'line': b'\x1b[01m\x1b[K/usr/local/include/ddscxx/org/eclipse/cyclonedds/topic/TopicTraits.hpp:274:32:\x1b[m\x1b[K \x1b[01;31m\x1b[Kerror: \x1b[m\x1b[K\xe2\x80\x98\x1b[01m\x1b[KDDS_DATA_REPRESENTATION_FLAG_XCDR2\x1b[m\x1b[K\xe2\x80\x99 was not declared in this scope\n'}
[9.594238] (arm_driver) StderrLine: {'line': b'  274 |               ptr = getSerType(\x1b[01;31m\x1b[KDDS_DATA_REPRESENTATION_FLAG_XCDR2\x1b[m\x1b[K);\n'}
[9.594398] (arm_driver) StderrLine: {'line': b'      |                                \x1b[01;31m\x1b[K^~~~~~~~~~~~~~~~~~~~~~~~~~~~~~~~~~\x1b[m\x1b[K\n'}
[9.594541] (arm_driver) StderrLine: {'line': b'\x1b[01m\x1b[K/usr/local/include/ddscxx/org/eclipse/cyclonedds/topic/TopicTraits.hpp:274:21:\x1b[m\x1b[K \x1b[01;31m\x1b[Kerror: \x1b[m\x1b[Kthere are no arguments to \xe2\x80\x98\x1b[01m\x1b[KgetSerType\x1b[m\x1b[K\xe2\x80\x99 that depend on a template parameter, so a declaration of \xe2\x80\x98\x1b[01m\x1b[KgetSerType\x1b[m\x1b[K\xe2\x80\x99 must be available [\x1b[01;31m\x1b[K-fpermissive\x1b[m\x1b[K]\n'}
[9.594742] (arm_driver) StderrLine: {'line': b'  274 |               ptr = \x1b[01;31m\x1b[KgetSerType\x1b[m\x1b[K(DDS_DATA_REPRESENTATION_FLAG_XCDR2);\n'}
[9.594881] (arm_driver) StderrLine: {'line': b'      |                     \x1b[01;31m\x1b[K^~~~~~~~~~\x1b[m\x1b[K\n'}
[9.611341] (arm_driver) StderrLine: {'line': b'\x1b[01m\x1b[K/usr/local/include/ddscxx/org/eclipse/cyclonedds/topic/TopicTraits.hpp:279:58:\x1b[m\x1b[K \x1b[01;31m\x1b[Kerror: \x1b[m\x1b[K\xe2\x80\x98\x1b[01m\x1b[KDDSI_SERTYPE_REFC_MASK\x1b[m\x1b[K\xe2\x80\x99 was not declared in this scope\n'}
[9.611804] (arm_driver) StderrLine: {'line': b'  279 |             ddsrt_atomic_st32 (&ptr->flags_refc, refc & ~\x1b[01;31m\x1b[KDDSI_SERTYPE_REFC_MASK\x1b[m\x1b[K);\n'}
[9.611970] (arm_driver) StderrLine: {'line': b'      |                                                          \x1b[01;31m\x1b[K^~~~~~~~~~~~~~~~~~~~~~\x1b[m\x1b[K\n'}
[9.612114] (arm_driver) StderrLine: {'line': b'\x1b[01m\x1b[K/usr/local/include/ddscxx/org/eclipse/cyclonedds/topic/TopicTraits.hpp:279:58:\x1b[m\x1b[K \x1b[01;36m\x1b[Knote: \x1b[m\x1b[Kthe macro \xe2\x80\x98\x1b[01m\x1b[KDDSI_SERTYPE_REFC_MASK\x1b[m\x1b[K\xe2\x80\x99 had not yet been defined\n'}
[9.612254] (arm_driver) StderrLine: {'line': b'In file included from \x1b[01m\x1b[K/usr/local/include/ddscxx/dds/topic/detail/TTopicImpl.hpp:155\x1b[m\x1b[K,\n'}
[9.612392] (arm_driver) StderrLine: {'line': b'                 from \x1b[01m\x1b[K/usr/local/include/ddscxx/dds/topic/detail/BuiltinTopic.hpp:23\x1b[m\x1b[K,\n'}
[9.612522] (arm_driver) StderrLine: {'line': b'                 from \x1b[01m\x1b[K/usr/local/include/ddscxx/dds/topic/BuiltinTopic.hpp:22\x1b[m\x1b[K,\n'}
[9.612654] (arm_driver) StderrLine: {'line': b'                 from \x1b[01m\x1b[K/usr/local/include/ddscxx/org/eclipse/cyclonedds/sub/AnyDataReaderDelegate.hpp:36\x1b[m\x1b[K,\n'}
[9.612783] (arm_driver) StderrLine: {'line': b'                 from \x1b[01m\x1b[K/usr/local/include/ddscxx/dds/topic/detail/ContentFilteredTopic.hpp:31\x1b[m\x1b[K,\n'}
[9.612907] (arm_driver) StderrLine: {'line': b'                 from \x1b[01m\x1b[K/usr/local/include/ddscxx/dds/topic/ContentFilteredTopic.hpp:22\x1b[m\x1b[K,\n'}
[9.613030] (arm_driver) StderrLine: {'line': b'                 from \x1b[01m\x1b[K/usr/local/include/ddscxx/dds/topic/ddstopic.hpp:25\x1b[m\x1b[K,\n'}
[9.613149] (arm_driver) StderrLine: {'line': b'                 from \x1b[01m\x1b[K/usr/local/include/ddscxx/dds/dds.hpp:35\x1b[m\x1b[K,\n'}
[9.613274] (arm_driver) StderrLine: {'line': b'                 from \x1b[01m\x1b[K/usr/local/include/unitree/common/dds/dds_entity.hpp:4\x1b[m\x1b[K,\n'}
[9.613395] (arm_driver) StderrLine: {'line': b'                 from \x1b[01m\x1b[K/usr/local/include/unitree/common/dds/dds_topic_channel.hpp:4\x1b[m\x1b[K,\n'}
[9.613515] (arm_driver) StderrLine: {'line': b'                 from \x1b[01m\x1b[K/usr/local/include/unitree/common/dds/dds_factory_model.hpp:5\x1b[m\x1b[K,\n'}
[9.613634] (arm_driver) StderrLine: {'line': b'                 from \x1b[01m\x1b[K/usr/local/include/unitree/robot/channel/channel_factory.hpp:4\x1b[m\x1b[K,\n'}
[9.613754] (arm_driver) StderrLine: {'line': b'                 from \x1b[01m\x1b[K/usr/local/include/unitree/robot/channel/channel_publisher.hpp:4\x1b[m\x1b[K,\n'}
[9.613873] (arm_driver) StderrLine: {'line': b'                 from \x1b[01m\x1b[K/home/unitree/106a_final/src/arm_driver/src/servo_driver.cpp:8\x1b[m\x1b[K:\n'}
[9.613991] (arm_driver) StderrLine: {'line': b'\x1b[01m\x1b[K/usr/local/include/dds/ddsi/ddsi_sertype.h:36:\x1b[m\x1b[K \x1b[01;36m\x1b[Knote: \x1b[m\x1b[Kit was later defined here\n'}
[9.614110] (arm_driver) StderrLine: {'line': b'   36 | #define DDSI_SERTYPE_REFC_MASK   0x0fffffffu\n'}
[9.614231] (arm_driver) StderrLine: {'line': b'      | \n'}
[9.654266] (arm_driver) StderrLine: {'line': b'In file included from \x1b[01m\x1b[K/opt/ros/foxy/include/dds/ddsrt/rusage.h:33\x1b[m\x1b[K,\n'}
[9.654723] (-) TimerEvent: {}
[9.655014] (arm_driver) StderrLine: {'line': b'                 from \x1b[01m\x1b[K/opt/ros/foxy/include/dds/ddsi/q_log.h:19\x1b[m\x1b[K,\n'}
[9.656009] (arm_driver) StderrLine: {'line': b'                 from \x1b[01m\x1b[K/opt/ros/foxy/include/dds/ddsi/ddsi_xqos.h:20\x1b[m\x1b[K,\n'}
[9.656331] (arm_driver) StderrLine: {'line': b'                 from \x1b[01m\x1b[K/usr/local/include/dds/ddsi/ddsi_sertype.h:18\x1b[m\x1b[K,\n'}
[9.656486] (arm_driver) StderrLine: {'line': b'                 from \x1b[01m\x1b[K/usr/local/include/ddscxx/dds/topic/detail/TTopicImpl.hpp:155\x1b[m\x1b[K,\n'}
[9.656626] (arm_driver) StderrLine: {'line': b'                 from \x1b[01m\x1b[K/usr/local/include/ddscxx/dds/topic/detail/BuiltinTopic.hpp:23\x1b[m\x1b[K,\n'}
[9.656755] (arm_driver) StderrLine: {'line': b'                 from \x1b[01m\x1b[K/usr/local/include/ddscxx/dds/topic/BuiltinTopic.hpp:22\x1b[m\x1b[K,\n'}
[9.656883] (arm_driver) StderrLine: {'line': b'                 from \x1b[01m\x1b[K/usr/local/include/ddscxx/org/eclipse/cyclonedds/sub/AnyDataReaderDelegate.hpp:36\x1b[m\x1b[K,\n'}
[9.657008] (arm_driver) StderrLine: {'line': b'                 from \x1b[01m\x1b[K/usr/local/include/ddscxx/dds/topic/detail/ContentFilteredTopic.hpp:31\x1b[m\x1b[K,\n'}
[9.657135] (arm_driver) StderrLine: {'line': b'                 from \x1b[01m\x1b[K/usr/local/include/ddscxx/dds/topic/ContentFilteredTopic.hpp:22\x1b[m\x1b[K,\n'}
[9.657260] (arm_driver) StderrLine: {'line': b'                 from \x1b[01m\x1b[K/usr/local/include/ddscxx/dds/topic/ddstopic.hpp:25\x1b[m\x1b[K,\n'}
[9.657384] (arm_driver) StderrLine: {'line': b'                 from \x1b[01m\x1b[K/usr/local/include/ddscxx/dds/dds.hpp:35\x1b[m\x1b[K,\n'}
[9.657557] (arm_driver) StderrLine: {'line': b'                 from \x1b[01m\x1b[K/usr/local/include/unitree/common/dds/dds_entity.hpp:4\x1b[m\x1b[K,\n'}
[9.657684] (arm_driver) StderrLine: {'line': b'                 from \x1b[01m\x1b[K/usr/local/include/unitree/common/dds/dds_topic_channel.hpp:4\x1b[m\x1b[K,\n'}
[9.657806] (arm_driver) StderrLine: {'line': b'                 from \x1b[01m\x1b[K/usr/local/include/unitree/common/dds/dds_factory_model.hpp:5\x1b[m\x1b[K,\n'}
[9.657925] (arm_driver) StderrLine: {'line': b'                 from \x1b[01m\x1b[K/usr/local/include/unitree/robot/channel/channel_factory.hpp:4\x1b[m\x1b[K,\n'}
[9.658041] (arm_driver) StderrLine: {'line': b'                 from \x1b[01m\x1b[K/usr/local/include/unitree/robot/channel/channel_publisher.hpp:4\x1b[m\x1b[K,\n'}
[9.658208] (arm_driver) StderrLine: {'line': b'                 from \x1b[01m\x1b[K/home/unitree/106a_final/src/arm_driver/src/servo_driver.cpp:8\x1b[m\x1b[K:\n'}
[9.658349] (arm_driver) StderrLine: {'line': b'\x1b[01m\x1b[K/opt/ros/foxy/include/dds/ddsrt/threads.h:\x1b[m\x1b[K At global scope:\n'}
[9.658476] (arm_driver) StderrLine: {'line': b'\x1b[01m\x1b[K/opt/ros/foxy/include/dds/ddsrt/threads.h:71:3:\x1b[m\x1b[K \x1b[01;31m\x1b[Kerror: \x1b[m\x1b[K\xe2\x80\x98\x1b[01m\x1b[KDDSRT_SCHED_DEFAULT\x1b[m\x1b[K\xe2\x80\x99 conflicts with a previous declaration\n'}
[9.658607] (arm_driver) StderrLine: {'line': b'   71 |   \x1b[01;31m\x1b[KDDSRT_SCHED_DEFAULT\x1b[m\x1b[K,\n'}
[9.658730] (arm_driver) StderrLine: {'line': b'      |   \x1b[01;31m\x1b[K^~~~~~~~~~~~~~~~~~~\x1b[m\x1b[K\n'}
[9.658851] (arm_driver) StderrLine: {'line': b'In file included from \x1b[01m\x1b[K/usr/local/include/dds/ddsi/ddsi_config.h:19\x1b[m\x1b[K,\n'}
[9.659004] (arm_driver) StderrLine: {'line': b'                 from \x1b[01m\x1b[K/usr/local/include/ddscxx/dds/domain/TDomainParticipant.hpp:24\x1b[m\x1b[K,\n'}
[9.659128] (arm_driver) StderrLine: {'line': b'                 from \x1b[01m\x1b[K/usr/local/include/ddscxx/dds/domain/detail/TDomainParticipantImpl.hpp:22\x1b[m\x1b[K,\n'}
[9.659280] (arm_driver) StderrLine: {'line': b'                 from \x1b[01m\x1b[K/usr/local/include/ddscxx/dds/domain/detail/DomainParticipant.hpp:22\x1b[m\x1b[K,\n'}
[9.659440] (arm_driver) StderrLine: {'line': b'                 from \x1b[01m\x1b[K/usr/local/include/ddscxx/dds/domain/DomainParticipant.hpp:22\x1b[m\x1b[K,\n'}
[9.659575] (arm_driver) StderrLine: {'line': b'                 from \x1b[01m\x1b[K/usr/local/include/ddscxx/dds/domain/find.hpp:22\x1b[m\x1b[K,\n'}
[9.659700] (arm_driver) StderrLine: {'line': b'                 from \x1b[01m\x1b[K/usr/local/include/ddscxx/dds/domain/ddsdomain.hpp:21\x1b[m\x1b[K,\n'}
[9.659822] (arm_driver) StderrLine: {'line': b'                 from \x1b[01m\x1b[K/usr/local/include/ddscxx/dds/dds.hpp:34\x1b[m\x1b[K,\n'}
[9.659941] (arm_driver) StderrLine: {'line': b'                 from \x1b[01m\x1b[K/usr/local/include/unitree/common/dds/dds_entity.hpp:4\x1b[m\x1b[K,\n'}
[9.660058] (arm_driver) StderrLine: {'line': b'                 from \x1b[01m\x1b[K/usr/local/include/unitree/common/dds/dds_topic_channel.hpp:4\x1b[m\x1b[K,\n'}
[9.660177] (arm_driver) StderrLine: {'line': b'                 from \x1b[01m\x1b[K/usr/local/include/unitree/common/dds/dds_factory_model.hpp:5\x1b[m\x1b[K,\n'}
[9.660298] (arm_driver) StderrLine: {'line': b'                 from \x1b[01m\x1b[K/usr/local/include/unitree/robot/channel/channel_factory.hpp:4\x1b[m\x1b[K,\n'}
[9.660417] (arm_driver) StderrLine: {'line': b'                 from \x1b[01m\x1b[K/usr/local/include/unitree/robot/channel/channel_publisher.hpp:4\x1b[m\x1b[K,\n'}
[9.668105] (arm_driver) StderrLine: {'line': b'                 from \x1b[01m\x1b[K/home/unitree/106a_final/src/arm_driver/src/servo_driver.cpp:8\x1b[m\x1b[K:\n'}
[9.668321] (arm_driver) StderrLine: {'line': b'\x1b[01m\x1b[K/usr/local/include/dds/ddsrt/sched.h:28:3:\x1b[m\x1b[K \x1b[01;36m\x1b[Knote: \x1b[m\x1b[Kprevious declaration \xe2\x80\x98\x1b[01m\x1b[Kddsrt_sched_t DDSRT_SCHED_DEFAULT\x1b[m\x1b[K\xe2\x80\x99\n'}
[9.668465] (arm_driver) StderrLine: {'line': b'   28 |   \x1b[01;36m\x1b[KDDSRT_SCHED_DEFAULT\x1b[m\x1b[K,\n'}
[9.668594] (arm_driver) StderrLine: {'line': b'      |   \x1b[01;36m\x1b[K^~~~~~~~~~~~~~~~~~~\x1b[m\x1b[K\n'}
[9.668719] (arm_driver) StderrLine: {'line': b'In file included from \x1b[01m\x1b[K/opt/ros/foxy/include/dds/ddsrt/rusage.h:33\x1b[m\x1b[K,\n'}
[9.668844] (arm_driver) StderrLine: {'line': b'                 from \x1b[01m\x1b[K/opt/ros/foxy/include/dds/ddsi/q_log.h:19\x1b[m\x1b[K,\n'}
[9.668968] (arm_driver) StderrLine: {'line': b'                 from \x1b[01m\x1b[K/opt/ros/foxy/include/dds/ddsi/ddsi_xqos.h:20\x1b[m\x1b[K,\n'}
[9.669090] (arm_driver) StderrLine: {'line': b'                 from \x1b[01m\x1b[K/usr/local/include/dds/ddsi/ddsi_sertype.h:18\x1b[m\x1b[K,\n'}
[9.669213] (arm_driver) StderrLine: {'line': b'                 from \x1b[01m\x1b[K/usr/local/include/ddscxx/dds/topic/detail/TTopicImpl.hpp:155\x1b[m\x1b[K,\n'}
[9.669336] (arm_driver) StderrLine: {'line': b'                 from \x1b[01m\x1b[K/usr/local/include/ddscxx/dds/topic/detail/BuiltinTopic.hpp:23\x1b[m\x1b[K,\n'}
[9.669453] (arm_driver) StderrLine: {'line': b'                 from \x1b[01m\x1b[K/usr/local/include/ddscxx/dds/topic/BuiltinTopic.hpp:22\x1b[m\x1b[K,\n'}
[9.669574] (arm_driver) StderrLine: {'line': b'                 from \x1b[01m\x1b[K/usr/local/include/ddscxx/org/eclipse/cyclonedds/sub/AnyDataReaderDelegate.hpp:36\x1b[m\x1b[K,\n'}
[9.669699] (arm_driver) StderrLine: {'line': b'                 from \x1b[01m\x1b[K/usr/local/include/ddscxx/dds/topic/detail/ContentFilteredTopic.hpp:31\x1b[m\x1b[K,\n'}
[9.669822] (arm_driver) StderrLine: {'line': b'                 from \x1b[01m\x1b[K/usr/local/include/ddscxx/dds/topic/ContentFilteredTopic.hpp:22\x1b[m\x1b[K,\n'}
[9.669943] (arm_driver) StderrLine: {'line': b'                 from \x1b[01m\x1b[K/usr/local/include/ddscxx/dds/topic/ddstopic.hpp:25\x1b[m\x1b[K,\n'}
[9.670061] (arm_driver) StderrLine: {'line': b'                 from \x1b[01m\x1b[K/usr/local/include/ddscxx/dds/dds.hpp:35\x1b[m\x1b[K,\n'}
[9.670178] (arm_driver) StderrLine: {'line': b'                 from \x1b[01m\x1b[K/usr/local/include/unitree/common/dds/dds_entity.hpp:4\x1b[m\x1b[K,\n'}
[9.670344] (arm_driver) StderrLine: {'line': b'                 from \x1b[01m\x1b[K/usr/local/include/unitree/common/dds/dds_topic_channel.hpp:4\x1b[m\x1b[K,\n'}
[9.670473] (arm_driver) StderrLine: {'line': b'                 from \x1b[01m\x1b[K/usr/local/include/unitree/common/dds/dds_factory_model.hpp:5\x1b[m\x1b[K,\n'}
[9.670603] (arm_driver) StderrLine: {'line': b'                 from \x1b[01m\x1b[K/usr/local/include/unitree/robot/channel/channel_factory.hpp:4\x1b[m\x1b[K,\n'}
[9.670725] (arm_driver) StderrLine: {'line': b'                 from \x1b[01m\x1b[K/usr/local/include/unitree/robot/channel/channel_publisher.hpp:4\x1b[m\x1b[K,\n'}
[9.670865] (arm_driver) StderrLine: {'line': b'                 from \x1b[01m\x1b[K/home/unitree/106a_final/src/arm_driver/src/servo_driver.cpp:8\x1b[m\x1b[K:\n'}
[9.671004] (arm_driver) StderrLine: {'line': b'\x1b[01m\x1b[K/opt/ros/foxy/include/dds/ddsrt/threads.h:78:3:\x1b[m\x1b[K \x1b[01;31m\x1b[Kerror: \x1b[m\x1b[K\xe2\x80\x98\x1b[01m\x1b[KDDSRT_SCHED_REALTIME\x1b[m\x1b[K\xe2\x80\x99 conflicts with a previous declaration\n'}
[9.671136] (arm_driver) StderrLine: {'line': b'   78 |   \x1b[01;31m\x1b[KDDSRT_SCHED_REALTIME\x1b[m\x1b[K,\n'}
[9.671307] (arm_driver) StderrLine: {'line': b'      |   \x1b[01;31m\x1b[K^~~~~~~~~~~~~~~~~~~~\x1b[m\x1b[K\n'}
[9.671435] (arm_driver) StderrLine: {'line': b'In file included from \x1b[01m\x1b[K/usr/local/include/dds/ddsi/ddsi_config.h:19\x1b[m\x1b[K,\n'}
[9.671559] (arm_driver) StderrLine: {'line': b'                 from \x1b[01m\x1b[K/usr/local/include/ddscxx/dds/domain/TDomainParticipant.hpp:24\x1b[m\x1b[K,\n'}
[9.671683] (arm_driver) StderrLine: {'line': b'                 from \x1b[01m\x1b[K/usr/local/include/ddscxx/dds/domain/detail/TDomainParticipantImpl.hpp:22\x1b[m\x1b[K,\n'}
[9.671804] (arm_driver) StderrLine: {'line': b'                 from \x1b[01m\x1b[K/usr/local/include/ddscxx/dds/domain/detail/DomainParticipant.hpp:22\x1b[m\x1b[K,\n'}
[9.671924] (arm_driver) StderrLine: {'line': b'                 from \x1b[01m\x1b[K/usr/local/include/ddscxx/dds/domain/DomainParticipant.hpp:22\x1b[m\x1b[K,\n'}
[9.672044] (arm_driver) StderrLine: {'line': b'                 from \x1b[01m\x1b[K/usr/local/include/ddscxx/dds/domain/find.hpp:22\x1b[m\x1b[K,\n'}
[9.672165] (arm_driver) StderrLine: {'line': b'                 from \x1b[01m\x1b[K/usr/local/include/ddscxx/dds/domain/ddsdomain.hpp:21\x1b[m\x1b[K,\n'}
[9.672304] (arm_driver) StderrLine: {'line': b'                 from \x1b[01m\x1b[K/usr/local/include/ddscxx/dds/dds.hpp:34\x1b[m\x1b[K,\n'}
[9.672432] (arm_driver) StderrLine: {'line': b'                 from \x1b[01m\x1b[K/usr/local/include/unitree/common/dds/dds_entity.hpp:4\x1b[m\x1b[K,\n'}
[9.672557] (arm_driver) StderrLine: {'line': b'                 from \x1b[01m\x1b[K/usr/local/include/unitree/common/dds/dds_topic_channel.hpp:4\x1b[m\x1b[K,\n'}
[9.672680] (arm_driver) StderrLine: {'line': b'                 from \x1b[01m\x1b[K/usr/local/include/unitree/common/dds/dds_factory_model.hpp:5\x1b[m\x1b[K,\n'}
[9.672798] (arm_driver) StderrLine: {'line': b'                 from \x1b[01m\x1b[K/usr/local/include/unitree/robot/channel/channel_factory.hpp:4\x1b[m\x1b[K,\n'}
[9.672918] (arm_driver) StderrLine: {'line': b'                 from \x1b[01m\x1b[K/usr/local/include/unitree/robot/channel/channel_publisher.hpp:4\x1b[m\x1b[K,\n'}
[9.673038] (arm_driver) StderrLine: {'line': b'                 from \x1b[01m\x1b[K/home/unitree/106a_final/src/arm_driver/src/servo_driver.cpp:8\x1b[m\x1b[K:\n'}
[9.683797] (arm_driver) StderrLine: {'line': b'\x1b[01m\x1b[K/usr/local/include/dds/ddsrt/sched.h:35:3:\x1b[m\x1b[K \x1b[01;36m\x1b[Knote: \x1b[m\x1b[Kprevious declaration \xe2\x80\x98\x1b[01m\x1b[Kddsrt_sched_t DDSRT_SCHED_REALTIME\x1b[m\x1b[K\xe2\x80\x99\n'}
[9.684038] (arm_driver) StderrLine: {'line': b'   35 |   \x1b[01;36m\x1b[KDDSRT_SCHED_REALTIME\x1b[m\x1b[K,\n'}
[9.684261] (arm_driver) StderrLine: {'line': b'      |   \x1b[01;36m\x1b[K^~~~~~~~~~~~~~~~~~~~\x1b[m\x1b[K\n'}
[9.684416] (arm_driver) StderrLine: {'line': b'In file included from \x1b[01m\x1b[K/opt/ros/foxy/include/dds/ddsrt/rusage.h:33\x1b[m\x1b[K,\n'}
[9.684632] (arm_driver) StderrLine: {'line': b'                 from \x1b[01m\x1b[K/opt/ros/foxy/include/dds/ddsi/q_log.h:19\x1b[m\x1b[K,\n'}
[9.684825] (arm_driver) StderrLine: {'line': b'                 from \x1b[01m\x1b[K/opt/ros/foxy/include/dds/ddsi/ddsi_xqos.h:20\x1b[m\x1b[K,\n'}
[9.684966] (arm_driver) StderrLine: {'line': b'                 from \x1b[01m\x1b[K/usr/local/include/dds/ddsi/ddsi_sertype.h:18\x1b[m\x1b[K,\n'}
[9.685099] (arm_driver) StderrLine: {'line': b'                 from \x1b[01m\x1b[K/usr/local/include/ddscxx/dds/topic/detail/TTopicImpl.hpp:155\x1b[m\x1b[K,\n'}
[9.685231] (arm_driver) StderrLine: {'line': b'                 from \x1b[01m\x1b[K/usr/local/include/ddscxx/dds/topic/detail/BuiltinTopic.hpp:23\x1b[m\x1b[K,\n'}
[9.685431] (arm_driver) StderrLine: {'line': b'                 from \x1b[01m\x1b[K/usr/local/include/ddscxx/dds/topic/BuiltinTopic.hpp:22\x1b[m\x1b[K,\n'}
[9.685566] (arm_driver) StderrLine: {'line': b'                 from \x1b[01m\x1b[K/usr/local/include/ddscxx/org/eclipse/cyclonedds/sub/AnyDataReaderDelegate.hpp:36\x1b[m\x1b[K,\n'}
[9.685690] (arm_driver) StderrLine: {'line': b'                 from \x1b[01m\x1b[K/usr/local/include/ddscxx/dds/topic/detail/ContentFilteredTopic.hpp:31\x1b[m\x1b[K,\n'}
[9.685817] (arm_driver) StderrLine: {'line': b'                 from \x1b[01m\x1b[K/usr/local/include/ddscxx/dds/topic/ContentFilteredTopic.hpp:22\x1b[m\x1b[K,\n'}
[9.685990] (arm_driver) StderrLine: {'line': b'                 from \x1b[01m\x1b[K/usr/local/include/ddscxx/dds/topic/ddstopic.hpp:25\x1b[m\x1b[K,\n'}
[9.686150] (arm_driver) StderrLine: {'line': b'                 from \x1b[01m\x1b[K/usr/local/include/ddscxx/dds/dds.hpp:35\x1b[m\x1b[K,\n'}
[9.686280] (arm_driver) StderrLine: {'line': b'                 from \x1b[01m\x1b[K/usr/local/include/unitree/common/dds/dds_entity.hpp:4\x1b[m\x1b[K,\n'}
[9.686408] (arm_driver) StderrLine: {'line': b'                 from \x1b[01m\x1b[K/usr/local/include/unitree/common/dds/dds_topic_channel.hpp:4\x1b[m\x1b[K,\n'}
[9.686581] (arm_driver) StderrLine: {'line': b'                 from \x1b[01m\x1b[K/usr/local/include/unitree/common/dds/dds_factory_model.hpp:5\x1b[m\x1b[K,\n'}
[9.686708] (arm_driver) StderrLine: {'line': b'                 from \x1b[01m\x1b[K/usr/local/include/unitree/robot/channel/channel_factory.hpp:4\x1b[m\x1b[K,\n'}
[9.686832] (arm_driver) StderrLine: {'line': b'                 from \x1b[01m\x1b[K/usr/local/include/unitree/robot/channel/channel_publisher.hpp:4\x1b[m\x1b[K,\n'}
[9.686956] (arm_driver) StderrLine: {'line': b'                 from \x1b[01m\x1b[K/home/unitree/106a_final/src/arm_driver/src/servo_driver.cpp:8\x1b[m\x1b[K:\n'}
[9.687127] (arm_driver) StderrLine: {'line': b'\x1b[01m\x1b[K/opt/ros/foxy/include/dds/ddsrt/threads.h:84:3:\x1b[m\x1b[K \x1b[01;31m\x1b[Kerror: \x1b[m\x1b[K\xe2\x80\x98\x1b[01m\x1b[KDDSRT_SCHED_TIMESHARE\x1b[m\x1b[K\xe2\x80\x99 conflicts with a previous declaration\n'}
[9.687377] (arm_driver) StderrLine: {'line': b'   84 |   \x1b[01;31m\x1b[KDDSRT_SCHED_TIMESHARE\x1b[m\x1b[K\n'}
[9.687539] (arm_driver) StderrLine: {'line': b'      |   \x1b[01;31m\x1b[K^~~~~~~~~~~~~~~~~~~~~\x1b[m\x1b[K\n'}
[9.687720] (arm_driver) StderrLine: {'line': b'In file included from \x1b[01m\x1b[K/usr/local/include/dds/ddsi/ddsi_config.h:19\x1b[m\x1b[K,\n'}
[9.687848] (arm_driver) StderrLine: {'line': b'                 from \x1b[01m\x1b[K/usr/local/include/ddscxx/dds/domain/TDomainParticipant.hpp:24\x1b[m\x1b[K,\n'}
[9.687995] (arm_driver) StderrLine: {'line': b'                 from \x1b[01m\x1b[K/usr/local/include/ddscxx/dds/domain/detail/TDomainParticipantImpl.hpp:22\x1b[m\x1b[K,\n'}
[9.688126] (arm_driver) StderrLine: {'line': b'                 from \x1b[01m\x1b[K/usr/local/include/ddscxx/dds/domain/detail/DomainParticipant.hpp:22\x1b[m\x1b[K,\n'}
[9.688294] (arm_driver) StderrLine: {'line': b'                 from \x1b[01m\x1b[K/usr/local/include/ddscxx/dds/domain/DomainParticipant.hpp:22\x1b[m\x1b[K,\n'}
[9.698497] (arm_driver) StderrLine: {'line': b'                 from \x1b[01m\x1b[K/usr/local/include/ddscxx/dds/domain/find.hpp:22\x1b[m\x1b[K,\n'}
[9.700056] (arm_driver) StderrLine: {'line': b'                 from \x1b[01m\x1b[K/usr/local/include/ddscxx/dds/domain/ddsdomain.hpp:21\x1b[m\x1b[K,\n'}
[9.700230] (arm_driver) StderrLine: {'line': b'                 from \x1b[01m\x1b[K/usr/local/include/ddscxx/dds/dds.hpp:34\x1b[m\x1b[K,\n'}
[9.701067] (arm_driver) StderrLine: {'line': b'                 from \x1b[01m\x1b[K/usr/local/include/unitree/common/dds/dds_entity.hpp:4\x1b[m\x1b[K,\n'}
[9.701220] (arm_driver) StderrLine: {'line': b'                 from \x1b[01m\x1b[K/usr/local/include/unitree/common/dds/dds_topic_channel.hpp:4\x1b[m\x1b[K,\n'}
[9.701361] (arm_driver) StderrLine: {'line': b'                 from \x1b[01m\x1b[K/usr/local/include/unitree/common/dds/dds_factory_model.hpp:5\x1b[m\x1b[K,\n'}
[9.702164] (arm_driver) StderrLine: {'line': b'                 from \x1b[01m\x1b[K/usr/local/include/unitree/robot/channel/channel_factory.hpp:4\x1b[m\x1b[K,\n'}
[9.702394] (arm_driver) StderrLine: {'line': b'                 from \x1b[01m\x1b[K/usr/local/include/unitree/robot/channel/channel_publisher.hpp:4\x1b[m\x1b[K,\n'}
[9.703087] (arm_driver) StderrLine: {'line': b'                 from \x1b[01m\x1b[K/home/unitree/106a_final/src/arm_driver/src/servo_driver.cpp:8\x1b[m\x1b[K:\n'}
[9.713313] (arm_driver) StderrLine: {'line': b'\x1b[01m\x1b[K/usr/local/include/dds/ddsrt/sched.h:41:3:\x1b[m\x1b[K \x1b[01;36m\x1b[Knote: \x1b[m\x1b[Kprevious declaration \xe2\x80\x98\x1b[01m\x1b[Kddsrt_sched_t DDSRT_SCHED_TIMESHARE\x1b[m\x1b[K\xe2\x80\x99\n'}
[9.713485] (arm_driver) StderrLine: {'line': b'   41 |   \x1b[01;36m\x1b[KDDSRT_SCHED_TIMESHARE\x1b[m\x1b[K\n'}
[9.713632] (arm_driver) StderrLine: {'line': b'      |   \x1b[01;36m\x1b[K^~~~~~~~~~~~~~~~~~~~~\x1b[m\x1b[K\n'}
[9.713766] (arm_driver) StderrLine: {'line': b'In file included from \x1b[01m\x1b[K/opt/ros/foxy/include/dds/ddsrt/rusage.h:33\x1b[m\x1b[K,\n'}
[9.713899] (arm_driver) StderrLine: {'line': b'                 from \x1b[01m\x1b[K/opt/ros/foxy/include/dds/ddsi/q_log.h:19\x1b[m\x1b[K,\n'}
[9.714030] (arm_driver) StderrLine: {'line': b'                 from \x1b[01m\x1b[K/opt/ros/foxy/include/dds/ddsi/ddsi_xqos.h:20\x1b[m\x1b[K,\n'}
[9.714161] (arm_driver) StderrLine: {'line': b'                 from \x1b[01m\x1b[K/usr/local/include/dds/ddsi/ddsi_sertype.h:18\x1b[m\x1b[K,\n'}
[9.714286] (arm_driver) StderrLine: {'line': b'                 from \x1b[01m\x1b[K/usr/local/include/ddscxx/dds/topic/detail/TTopicImpl.hpp:155\x1b[m\x1b[K,\n'}
[9.714410] (arm_driver) StderrLine: {'line': b'                 from \x1b[01m\x1b[K/usr/local/include/ddscxx/dds/topic/detail/BuiltinTopic.hpp:23\x1b[m\x1b[K,\n'}
[9.714532] (arm_driver) StderrLine: {'line': b'                 from \x1b[01m\x1b[K/usr/local/include/ddscxx/dds/topic/BuiltinTopic.hpp:22\x1b[m\x1b[K,\n'}
[9.714653] (arm_driver) StderrLine: {'line': b'                 from \x1b[01m\x1b[K/usr/local/include/ddscxx/org/eclipse/cyclonedds/sub/AnyDataReaderDelegate.hpp:36\x1b[m\x1b[K,\n'}
[9.714777] (arm_driver) StderrLine: {'line': b'                 from \x1b[01m\x1b[K/usr/local/include/ddscxx/dds/topic/detail/ContentFilteredTopic.hpp:31\x1b[m\x1b[K,\n'}
[9.714897] (arm_driver) StderrLine: {'line': b'                 from \x1b[01m\x1b[K/usr/local/include/ddscxx/dds/topic/ContentFilteredTopic.hpp:22\x1b[m\x1b[K,\n'}
[9.715016] (arm_driver) StderrLine: {'line': b'                 from \x1b[01m\x1b[K/usr/local/include/ddscxx/dds/topic/ddstopic.hpp:25\x1b[m\x1b[K,\n'}
[9.715136] (arm_driver) StderrLine: {'line': b'                 from \x1b[01m\x1b[K/usr/local/include/ddscxx/dds/dds.hpp:35\x1b[m\x1b[K,\n'}
[9.715370] (arm_driver) StderrLine: {'line': b'                 from \x1b[01m\x1b[K/usr/local/include/unitree/common/dds/dds_entity.hpp:4\x1b[m\x1b[K,\n'}
[9.715501] (arm_driver) StderrLine: {'line': b'                 from \x1b[01m\x1b[K/usr/local/include/unitree/common/dds/dds_topic_channel.hpp:4\x1b[m\x1b[K,\n'}
[9.715624] (arm_driver) StderrLine: {'line': b'                 from \x1b[01m\x1b[K/usr/local/include/unitree/common/dds/dds_factory_model.hpp:5\x1b[m\x1b[K,\n'}
[9.715796] (arm_driver) StderrLine: {'line': b'                 from \x1b[01m\x1b[K/usr/local/include/unitree/robot/channel/channel_factory.hpp:4\x1b[m\x1b[K,\n'}
[9.715929] (arm_driver) StderrLine: {'line': b'                 from \x1b[01m\x1b[K/usr/local/include/unitree/robot/channel/channel_publisher.hpp:4\x1b[m\x1b[K,\n'}
[9.716052] (arm_driver) StderrLine: {'line': b'                 from \x1b[01m\x1b[K/home/unitree/106a_final/src/arm_driver/src/servo_driver.cpp:8\x1b[m\x1b[K:\n'}
[9.716170] (arm_driver) StderrLine: {'line': b'\x1b[01m\x1b[K/opt/ros/foxy/include/dds/ddsrt/threads.h:85:3:\x1b[m\x1b[K \x1b[01;31m\x1b[Kerror: \x1b[m\x1b[Kconflicting declaration \xe2\x80\x98\x1b[01m\x1b[Ktypedef enum ddsrt_sched_t ddsrt_sched_t\x1b[m\x1b[K\xe2\x80\x99\n'}
[9.716292] (arm_driver) StderrLine: {'line': b'   85 | } \x1b[01;31m\x1b[Kddsrt_sched_t\x1b[m\x1b[K;\n'}
[9.716413] (arm_driver) StderrLine: {'line': b'      |   \x1b[01;31m\x1b[K^~~~~~~~~~~~~\x1b[m\x1b[K\n'}
[9.716535] (arm_driver) StderrLine: {'line': b'In file included from \x1b[01m\x1b[K/usr/local/include/dds/ddsi/ddsi_config.h:19\x1b[m\x1b[K,\n'}
[9.716650] (arm_driver) StderrLine: {'line': b'                 from \x1b[01m\x1b[K/usr/local/include/ddscxx/dds/domain/TDomainParticipant.hpp:24\x1b[m\x1b[K,\n'}
[9.716787] (arm_driver) StderrLine: {'line': b'                 from \x1b[01m\x1b[K/usr/local/include/ddscxx/dds/domain/detail/TDomainParticipantImpl.hpp:22\x1b[m\x1b[K,\n'}
[9.716919] (arm_driver) StderrLine: {'line': b'                 from \x1b[01m\x1b[K/usr/local/include/ddscxx/dds/domain/detail/DomainParticipant.hpp:22\x1b[m\x1b[K,\n'}
[9.717042] (arm_driver) StderrLine: {'line': b'                 from \x1b[01m\x1b[K/usr/local/include/ddscxx/dds/domain/DomainParticipant.hpp:22\x1b[m\x1b[K,\n'}
[9.717160] (arm_driver) StderrLine: {'line': b'                 from \x1b[01m\x1b[K/usr/local/include/ddscxx/dds/domain/find.hpp:22\x1b[m\x1b[K,\n'}
[9.717283] (arm_driver) StderrLine: {'line': b'                 from \x1b[01m\x1b[K/usr/local/include/ddscxx/dds/domain/ddsdomain.hpp:21\x1b[m\x1b[K,\n'}
[9.717424] (arm_driver) StderrLine: {'line': b'                 from \x1b[01m\x1b[K/usr/local/include/ddscxx/dds/dds.hpp:34\x1b[m\x1b[K,\n'}
[9.717553] (arm_driver) StderrLine: {'line': b'                 from \x1b[01m\x1b[K/usr/local/include/unitree/common/dds/dds_entity.hpp:4\x1b[m\x1b[K,\n'}
[9.717683] (arm_driver) StderrLine: {'line': b'                 from \x1b[01m\x1b[K/usr/local/include/unitree/common/dds/dds_topic_channel.hpp:4\x1b[m\x1b[K,\n'}
[9.717810] (arm_driver) StderrLine: {'line': b'                 from \x1b[01m\x1b[K/usr/local/include/unitree/common/dds/dds_factory_model.hpp:5\x1b[m\x1b[K,\n'}
[9.717930] (arm_driver) StderrLine: {'line': b'                 from \x1b[01m\x1b[K/usr/local/include/unitree/robot/channel/channel_factory.hpp:4\x1b[m\x1b[K,\n'}
[9.718047] (arm_driver) StderrLine: {'line': b'                 from \x1b[01m\x1b[K/usr/local/include/unitree/robot/channel/channel_publisher.hpp:4\x1b[m\x1b[K,\n'}
[9.718163] (arm_driver) StderrLine: {'line': b'                 from \x1b[01m\x1b[K/home/unitree/106a_final/src/arm_driver/src/servo_driver.cpp:8\x1b[m\x1b[K:\n'}
[9.718281] (arm_driver) StderrLine: {'line': b'\x1b[01m\x1b[K/usr/local/include/dds/ddsrt/sched.h:42:3:\x1b[m\x1b[K \x1b[01;36m\x1b[Knote: \x1b[m\x1b[Kprevious declaration as \xe2\x80\x98\x1b[01m\x1b[Ktypedef enum ddsrt_sched_t ddsrt_sched_t\x1b[m\x1b[K\xe2\x80\x99\n'}
[9.718401] (arm_driver) StderrLine: {'line': b'   42 | } \x1b[01;36m\x1b[Kddsrt_sched_t\x1b[m\x1b[K;\n'}
[9.718519] (arm_driver) StderrLine: {'line': b'      |   \x1b[01;36m\x1b[K^~~~~~~~~~~~~\x1b[m\x1b[K\n'}
[9.718637] (arm_driver) StderrLine: {'line': b'In file included from \x1b[01m\x1b[K/usr/local/include/ddscxx/dds/topic/detail/TTopicImpl.hpp:155\x1b[m\x1b[K,\n'}
[9.718773] (arm_driver) StderrLine: {'line': b'                 from \x1b[01m\x1b[K/usr/local/include/ddscxx/dds/topic/detail/BuiltinTopic.hpp:23\x1b[m\x1b[K,\n'}
[9.718913] (arm_driver) StderrLine: {'line': b'                 from \x1b[01m\x1b[K/usr/local/include/ddscxx/dds/topic/BuiltinTopic.hpp:22\x1b[m\x1b[K,\n'}
[9.719037] (arm_driver) StderrLine: {'line': b'                 from \x1b[01m\x1b[K/usr/local/include/ddscxx/org/eclipse/cyclonedds/sub/AnyDataReaderDelegate.hpp:36\x1b[m\x1b[K,\n'}
[9.719161] (arm_driver) StderrLine: {'line': b'                 from \x1b[01m\x1b[K/usr/local/include/ddscxx/dds/topic/detail/ContentFilteredTopic.hpp:31\x1b[m\x1b[K,\n'}
[9.719305] (arm_driver) StderrLine: {'line': b'                 from \x1b[01m\x1b[K/usr/local/include/ddscxx/dds/topic/ContentFilteredTopic.hpp:22\x1b[m\x1b[K,\n'}
[9.719428] (arm_driver) StderrLine: {'line': b'                 from \x1b[01m\x1b[K/usr/local/include/ddscxx/dds/topic/ddstopic.hpp:25\x1b[m\x1b[K,\n'}
[9.719546] (arm_driver) StderrLine: {'line': b'                 from \x1b[01m\x1b[K/usr/local/include/ddscxx/dds/dds.hpp:35\x1b[m\x1b[K,\n'}
[9.719665] (arm_driver) StderrLine: {'line': b'                 from \x1b[01m\x1b[K/usr/local/include/unitree/common/dds/dds_entity.hpp:4\x1b[m\x1b[K,\n'}
[9.719784] (arm_driver) StderrLine: {'line': b'                 from \x1b[01m\x1b[K/usr/local/include/unitree/common/dds/dds_topic_channel.hpp:4\x1b[m\x1b[K,\n'}
[9.719906] (arm_driver) StderrLine: {'line': b'                 from \x1b[01m\x1b[K/usr/local/include/unitree/common/dds/dds_factory_model.hpp:5\x1b[m\x1b[K,\n'}
[9.720029] (arm_driver) StderrLine: {'line': b'                 from \x1b[01m\x1b[K/usr/local/include/unitree/robot/channel/channel_factory.hpp:4\x1b[m\x1b[K,\n'}
[9.721192] (arm_driver) StderrLine: {'line': b'                 from \x1b[01m\x1b[K/usr/local/include/unitree/robot/channel/channel_publisher.hpp:4\x1b[m\x1b[K,\n'}
[9.729854] (arm_driver) StderrLine: {'line': b'                 from \x1b[01m\x1b[K/home/unitree/106a_final/src/arm_driver/src/servo_driver.cpp:8\x1b[m\x1b[K:\n'}
[9.730154] (arm_driver) StderrLine: {'line': b'\x1b[01m\x1b[K/usr/local/include/dds/ddsi/ddsi_sertype.h:138:93:\x1b[m\x1b[K \x1b[01;31m\x1b[Kerror: \x1b[m\x1b[K\xe2\x80\x98\x1b[01m\x1b[Kdds_data_representation_id_t\x1b[m\x1b[K\xe2\x80\x99 has not been declared\n'}
[9.730315] (arm_driver) StderrLine: {'line': b'  138 |  struct ddsi_sertype * (*ddsi_sertype_derive_t) (const struct ddsi_sertype *sertype, \x1b[01;31m\x1b[Kdds_data_representation_id_t\x1b[m\x1b[K data_representation, dds_type_consistency_enforcement_qospolicy_t tce_qos);\n'}
[9.730463] (arm_driver) StderrLine: {'line': b'      |                                                                                      \x1b[01;31m\x1b[K^~~~~~~~~~~~~~~~~~~~~~~~~~~~\x1b[m\x1b[K\n'}
[9.730600] (arm_driver) StderrLine: {'line': b'\n'}
[9.730733] (arm_driver) StderrLine: {'line': b'\x1b[01m\x1b[K/usr/local/include/dds/ddsi/ddsi_sertype.h:138:143:\x1b[m\x1b[K \x1b[01;31m\x1b[Kerror: \x1b[m\x1b[K\xe2\x80\x98\x1b[01m\x1b[Kdds_type_consistency_enforcement_qospolicy_t\x1b[m\x1b[K\xe2\x80\x99 has not been declared\n'}
[9.730894] (arm_driver) StderrLine: {'line': b'  138 | onst struct ddsi_sertype *sertype, dds_data_representation_id_t data_representation, \x1b[01;31m\x1b[Kdds_type_consistency_enforcement_qospolicy_t\x1b[m\x1b[K tce_qos);\n'}
[9.731093] (arm_driver) StderrLine: {'line': b'      |                                                                                      \x1b[01;31m\x1b[K^~~~~~~~~~~~~~~~~~~~~~~~~~~~~~~~~~~~~~~~~~~~\x1b[m\x1b[K\n'}
[9.731369] (arm_driver) StderrLine: {'line': b'\n'}
[9.731525] (arm_driver) StderrLine: {'line': b'\x1b[01m\x1b[K/usr/local/include/dds/ddsi/ddsi_sertype.h:202:1:\x1b[m\x1b[K \x1b[01;31m\x1b[Kerror: \x1b[m\x1b[K\xe2\x80\x98\x1b[01m\x1b[KDDS_INLINE_EXPORT\x1b[m\x1b[K\xe2\x80\x99 does not name a type; did you mean \xe2\x80\x98\x1b[01m\x1b[KDDS_NO_EXPORT\x1b[m\x1b[K\xe2\x80\x99?\n'}
[9.731662] (arm_driver) StderrLine: {'line': b'  202 | \x1b[01;31m\x1b[KDDS_INLINE_EXPORT\x1b[m\x1b[K inline void ddsi_sertype_free (struct ddsi_sertype *tp) {\n'}
[9.731792] (arm_driver) StderrLine: {'line': b'      | \x1b[01;31m\x1b[K^~~~~~~~~~~~~~~~~\x1b[m\x1b[K\n'}
[9.731942] (arm_driver) StderrLine: {'line': b'      | \x1b[32m\x1b[KDDS_NO_EXPORT\x1b[m\x1b[K\n'}
[9.732070] (arm_driver) StderrLine: {'line': b'\x1b[01m\x1b[K/usr/local/include/dds/ddsi/ddsi_sertype.h:205:1:\x1b[m\x1b[K \x1b[01;31m\x1b[Kerror: \x1b[m\x1b[K\xe2\x80\x98\x1b[01m\x1b[KDDS_INLINE_EXPORT\x1b[m\x1b[K\xe2\x80\x99 does not name a type; did you mean \xe2\x80\x98\x1b[01m\x1b[KDDS_NO_EXPORT\x1b[m\x1b[K\xe2\x80\x99?\n'}
[9.732194] (arm_driver) StderrLine: {'line': b'  205 | \x1b[01;31m\x1b[KDDS_INLINE_EXPORT\x1b[m\x1b[K inline void ddsi_sertype_zero_samples (const struct ddsi_sertype *tp, void *samples, size_t count) {\n'}
[9.732315] (arm_driver) StderrLine: {'line': b'      | \x1b[01;31m\x1b[K^~~~~~~~~~~~~~~~~\x1b[m\x1b[K\n'}
[9.732436] (arm_driver) StderrLine: {'line': b'      | \x1b[32m\x1b[KDDS_NO_EXPORT\x1b[m\x1b[K\n'}
[9.732579] (arm_driver) StderrLine: {'line': b'\x1b[01m\x1b[K/usr/local/include/dds/ddsi/ddsi_sertype.h:208:1:\x1b[m\x1b[K \x1b[01;31m\x1b[Kerror: \x1b[m\x1b[K\xe2\x80\x98\x1b[01m\x1b[KDDS_INLINE_EXPORT\x1b[m\x1b[K\xe2\x80\x99 does not name a type; did you mean \xe2\x80\x98\x1b[01m\x1b[KDDS_NO_EXPORT\x1b[m\x1b[K\xe2\x80\x99?\n'}
[9.732711] (arm_driver) StderrLine: {'line': b'  208 | \x1b[01;31m\x1b[KDDS_INLINE_EXPORT\x1b[m\x1b[K inline void ddsi_sertype_realloc_samples (void **ptrs, const struct ddsi_sertype *tp, void *old, size_t oldcount, size_t count)\n'}
[9.732840] (arm_driver) StderrLine: {'line': b'      | \x1b[01;31m\x1b[K^~~~~~~~~~~~~~~~~\x1b[m\x1b[K\n'}
[9.732965] (arm_driver) StderrLine: {'line': b'      | \x1b[32m\x1b[KDDS_NO_EXPORT\x1b[m\x1b[K\n'}
[9.733084] (arm_driver) StderrLine: {'line': b'\x1b[01m\x1b[K/usr/local/include/dds/ddsi/ddsi_sertype.h:212:1:\x1b[m\x1b[K \x1b[01;31m\x1b[Kerror: \x1b[m\x1b[K\xe2\x80\x98\x1b[01m\x1b[KDDS_INLINE_EXPORT\x1b[m\x1b[K\xe2\x80\x99 does not name a type; did you mean \xe2\x80\x98\x1b[01m\x1b[KDDS_NO_EXPORT\x1b[m\x1b[K\xe2\x80\x99?\n'}
[9.733205] (arm_driver) StderrLine: {'line': b'  212 | \x1b[01;31m\x1b[KDDS_INLINE_EXPORT\x1b[m\x1b[K inline void ddsi_sertype_free_samples (const struct ddsi_sertype *tp, void **ptrs, size_t count, dds_free_op_t op) {\n'}
[9.733328] (arm_driver) StderrLine: {'line': b'      | \x1b[01;31m\x1b[K^~~~~~~~~~~~~~~~~\x1b[m\x1b[K\n'}
[9.733448] (arm_driver) StderrLine: {'line': b'      | \x1b[32m\x1b[KDDS_NO_EXPORT\x1b[m\x1b[K\n'}
[9.733565] (arm_driver) StderrLine: {'line': b'\x1b[01m\x1b[K/usr/local/include/dds/ddsi/ddsi_sertype.h:215:1:\x1b[m\x1b[K \x1b[01;31m\x1b[Kerror: \x1b[m\x1b[K\xe2\x80\x98\x1b[01m\x1b[KDDS_INLINE_EXPORT\x1b[m\x1b[K\xe2\x80\x99 does not name a type; did you mean \xe2\x80\x98\x1b[01m\x1b[KDDS_NO_EXPORT\x1b[m\x1b[K\xe2\x80\x99?\n'}
[9.733709] (arm_driver) StderrLine: {'line': b'  215 | \x1b[01;31m\x1b[KDDS_INLINE_EXPORT\x1b[m\x1b[K inline void ddsi_sertype_zero_sample (const struct ddsi_sertype *tp, void *sample) {\n'}
[9.733841] (arm_driver) StderrLine: {'line': b'      | \x1b[01;31m\x1b[K^~~~~~~~~~~~~~~~~\x1b[m\x1b[K\n'}
[9.733963] (arm_driver) StderrLine: {'line': b'      | \x1b[32m\x1b[KDDS_NO_EXPORT\x1b[m\x1b[K\n'}
[9.734082] (arm_driver) StderrLine: {'line': b'\x1b[01m\x1b[K/usr/local/include/dds/ddsi/ddsi_sertype.h:218:1:\x1b[m\x1b[K \x1b[01;31m\x1b[Kerror: \x1b[m\x1b[K\xe2\x80\x98\x1b[01m\x1b[KDDS_INLINE_EXPORT\x1b[m\x1b[K\xe2\x80\x99 does not name a type; did you mean \xe2\x80\x98\x1b[01m\x1b[KDDS_NO_EXPORT\x1b[m\x1b[K\xe2\x80\x99?\n'}
[9.734202] (arm_driver) StderrLine: {'line': b'  218 | \x1b[01;31m\x1b[KDDS_INLINE_EXPORT\x1b[m\x1b[K inline void *ddsi_sertype_alloc_sample (const struct ddsi_sertype *tp) {\n'}
[9.734321] (arm_driver) StderrLine: {'line': b'      | \x1b[01;31m\x1b[K^~~~~~~~~~~~~~~~~\x1b[m\x1b[K\n'}
[9.734439] (arm_driver) StderrLine: {'line': b'      | \x1b[32m\x1b[KDDS_NO_EXPORT\x1b[m\x1b[K\n'}
[9.734555] (arm_driver) StderrLine: {'line': b'\x1b[01m\x1b[K/usr/local/include/dds/ddsi/ddsi_sertype.h:223:1:\x1b[m\x1b[K \x1b[01;31m\x1b[Kerror: \x1b[m\x1b[K\xe2\x80\x98\x1b[01m\x1b[KDDS_INLINE_EXPORT\x1b[m\x1b[K\xe2\x80\x99 does not name a type; did you mean \xe2\x80\x98\x1b[01m\x1b[KDDS_NO_EXPORT\x1b[m\x1b[K\xe2\x80\x99?\n'}
[9.734697] (arm_driver) StderrLine: {'line': b'  223 | \x1b[01;31m\x1b[KDDS_INLINE_EXPORT\x1b[m\x1b[K inline void ddsi_sertype_free_sample (const struct ddsi_sertype *tp, void *sample, dds_free_op_t op) {\n'}
[9.734823] (arm_driver) StderrLine: {'line': b'      | \x1b[01;31m\x1b[K^~~~~~~~~~~~~~~~~\x1b[m\x1b[K\n'}
[9.734940] (arm_driver) StderrLine: {'line': b'      | \x1b[32m\x1b[KDDS_NO_EXPORT\x1b[m\x1b[K\n'}
[9.740854] (arm_driver) StderrLine: {'line': b'\x1b[01m\x1b[K/usr/local/include/dds/ddsi/ddsi_sertype.h:226:1:\x1b[m\x1b[K \x1b[01;31m\x1b[Kerror: \x1b[m\x1b[K\xe2\x80\x98\x1b[01m\x1b[KDDS_INLINE_EXPORT\x1b[m\x1b[K\xe2\x80\x99 does not name a type; did you mean \xe2\x80\x98\x1b[01m\x1b[KDDS_NO_EXPORT\x1b[m\x1b[K\xe2\x80\x99?\n'}
[9.741169] (arm_driver) StderrLine: {'line': b'  226 | \x1b[01;31m\x1b[KDDS_INLINE_EXPORT\x1b[m\x1b[K inline ddsi_typeid_t * ddsi_sertype_typeid (const struct ddsi_sertype *tp, ddsi_typeid_kind_t kind)\n'}
[9.741331] (arm_driver) StderrLine: {'line': b'      | \x1b[01;31m\x1b[K^~~~~~~~~~~~~~~~~\x1b[m\x1b[K\n'}
[9.741479] (arm_driver) StderrLine: {'line': b'      | \x1b[32m\x1b[KDDS_NO_EXPORT\x1b[m\x1b[K\n'}
[9.752932] (arm_driver) StderrLine: {'line': b'\x1b[01m\x1b[K/usr/local/include/dds/ddsi/ddsi_sertype.h:232:1:\x1b[m\x1b[K \x1b[01;31m\x1b[Kerror: \x1b[m\x1b[K\xe2\x80\x98\x1b[01m\x1b[KDDS_INLINE_EXPORT\x1b[m\x1b[K\xe2\x80\x99 does not name a type; did you mean \xe2\x80\x98\x1b[01m\x1b[KDDS_NO_EXPORT\x1b[m\x1b[K\xe2\x80\x99?\n'}
[9.753285] (arm_driver) StderrLine: {'line': b'  232 | \x1b[01;31m\x1b[KDDS_INLINE_EXPORT\x1b[m\x1b[K inline ddsi_typemap_t * ddsi_sertype_typemap (const struct ddsi_sertype *tp)\n'}
[9.753443] (arm_driver) StderrLine: {'line': b'      | \x1b[01;31m\x1b[K^~~~~~~~~~~~~~~~~\x1b[m\x1b[K\n'}
[9.753618] (arm_driver) StderrLine: {'line': b'      | \x1b[32m\x1b[KDDS_NO_EXPORT\x1b[m\x1b[K\n'}
[9.754994] (-) TimerEvent: {}
[9.765500] (arm_driver) StderrLine: {'line': b'\x1b[01m\x1b[K/usr/local/include/dds/ddsi/ddsi_sertype.h:238:1:\x1b[m\x1b[K \x1b[01;31m\x1b[Kerror: \x1b[m\x1b[K\xe2\x80\x98\x1b[01m\x1b[KDDS_INLINE_EXPORT\x1b[m\x1b[K\xe2\x80\x99 does not name a type; did you mean \xe2\x80\x98\x1b[01m\x1b[KDDS_NO_EXPORT\x1b[m\x1b[K\xe2\x80\x99?\n'}
[9.765883] (arm_driver) StderrLine: {'line': b'  238 | \x1b[01;31m\x1b[KDDS_INLINE_EXPORT\x1b[m\x1b[K inline ddsi_typeinfo_t *ddsi_sertype_typeinfo (const struct ddsi_sertype *tp)\n'}
[9.766045] (arm_driver) StderrLine: {'line': b'      | \x1b[01;31m\x1b[K^~~~~~~~~~~~~~~~~\x1b[m\x1b[K\n'}
[9.766185] (arm_driver) StderrLine: {'line': b'      | \x1b[32m\x1b[KDDS_NO_EXPORT\x1b[m\x1b[K\n'}
[9.774769] (arm_driver) StderrLine: {'line': b'\x1b[01m\x1b[K/usr/local/include/dds/ddsi/ddsi_sertype.h:244:1:\x1b[m\x1b[K \x1b[01;31m\x1b[Kerror: \x1b[m\x1b[K\xe2\x80\x98\x1b[01m\x1b[KDDS_INLINE_EXPORT\x1b[m\x1b[K\xe2\x80\x99 does not name a type; did you mean \xe2\x80\x98\x1b[01m\x1b[KDDS_NO_EXPORT\x1b[m\x1b[K\xe2\x80\x99?\n'}
[9.775068] (arm_driver) StderrLine: {'line': b'  244 | \x1b[01;31m\x1b[KDDS_INLINE_EXPORT\x1b[m\x1b[K inline struct ddsi_sertype * ddsi_sertype_derive_sertype (const struct ddsi_sertype *base_sertype, dds_data_representation_id_t data_representation, dds_type_consistency_enforcement_qospolicy_t tce_qos) {\n'}
[9.775253] (arm_driver) StderrLine: {'line': b'      | \x1b[01;31m\x1b[K^~~~~~~~~~~~~~~~~\x1b[m\x1b[K\n'}
[9.775408] (arm_driver) StderrLine: {'line': b'      | \x1b[32m\x1b[KDDS_NO_EXPORT\x1b[m\x1b[K\n'}
[9.786167] (arm_driver) StderrLine: {'line': b'\x1b[01m\x1b[K/usr/local/include/dds/ddsi/ddsi_sertype.h:250:1:\x1b[m\x1b[K \x1b[01;31m\x1b[Kerror: \x1b[m\x1b[K\xe2\x80\x98\x1b[01m\x1b[KDDS_INLINE_EXPORT\x1b[m\x1b[K\xe2\x80\x99 does not name a type; did you mean \xe2\x80\x98\x1b[01m\x1b[KDDS_NO_EXPORT\x1b[m\x1b[K\xe2\x80\x99?\n'}
[9.786577] (arm_driver) StderrLine: {'line': b'  250 | \x1b[01;31m\x1b[KDDS_INLINE_EXPORT\x1b[m\x1b[K inline size_t\n'}
[9.786780] (arm_driver) StderrLine: {'line': b'      | \x1b[01;31m\x1b[K^~~~~~~~~~~~~~~~~\x1b[m\x1b[K\n'}
[9.786950] (arm_driver) StderrLine: {'line': b'      | \x1b[32m\x1b[KDDS_NO_EXPORT\x1b[m\x1b[K\n'}
[9.795641] (arm_driver) StderrLine: {'line': b'\x1b[01m\x1b[K/usr/local/include/dds/ddsi/ddsi_sertype.h:256:1:\x1b[m\x1b[K \x1b[01;31m\x1b[Kerror: \x1b[m\x1b[K\xe2\x80\x98\x1b[01m\x1b[KDDS_INLINE_EXPORT\x1b[m\x1b[K\xe2\x80\x99 does not name a type; did you mean \xe2\x80\x98\x1b[01m\x1b[KDDS_NO_EXPORT\x1b[m\x1b[K\xe2\x80\x99?\n'}
[9.796048] (arm_driver) StderrLine: {'line': b'  256 | \x1b[01;31m\x1b[KDDS_INLINE_EXPORT\x1b[m\x1b[K inline bool\n'}
[9.796219] (arm_driver) StderrLine: {'line': b'      | \x1b[01;31m\x1b[K^~~~~~~~~~~~~~~~~\x1b[m\x1b[K\n'}
[9.796366] (arm_driver) StderrLine: {'line': b'      | \x1b[32m\x1b[KDDS_NO_EXPORT\x1b[m\x1b[K\n'}
[9.806383] (arm_driver) StderrLine: {'line': b'In file included from \x1b[01m\x1b[K/usr/local/include/ddscxx/dds/topic/detail/BuiltinTopic.hpp:23\x1b[m\x1b[K,\n'}
[9.806765] (arm_driver) StderrLine: {'line': b'                 from \x1b[01m\x1b[K/usr/local/include/ddscxx/dds/topic/BuiltinTopic.hpp:22\x1b[m\x1b[K,\n'}
[9.806933] (arm_driver) StderrLine: {'line': b'                 from \x1b[01m\x1b[K/usr/local/include/ddscxx/org/eclipse/cyclonedds/sub/AnyDataReaderDelegate.hpp:36\x1b[m\x1b[K,\n'}
[9.807080] (arm_driver) StderrLine: {'line': b'                 from \x1b[01m\x1b[K/usr/local/include/ddscxx/dds/topic/detail/ContentFilteredTopic.hpp:31\x1b[m\x1b[K,\n'}
[9.807240] (arm_driver) StderrLine: {'line': b'                 from \x1b[01m\x1b[K/usr/local/include/ddscxx/dds/topic/ContentFilteredTopic.hpp:22\x1b[m\x1b[K,\n'}
[9.807387] (arm_driver) StderrLine: {'line': b'                 from \x1b[01m\x1b[K/usr/local/include/ddscxx/dds/topic/ddstopic.hpp:25\x1b[m\x1b[K,\n'}
[9.807567] (arm_driver) StderrLine: {'line': b'                 from \x1b[01m\x1b[K/usr/local/include/ddscxx/dds/dds.hpp:35\x1b[m\x1b[K,\n'}
[9.807708] (arm_driver) StderrLine: {'line': b'                 from \x1b[01m\x1b[K/usr/local/include/unitree/common/dds/dds_entity.hpp:4\x1b[m\x1b[K,\n'}
[9.807844] (arm_driver) StderrLine: {'line': b'                 from \x1b[01m\x1b[K/usr/local/include/unitree/common/dds/dds_topic_channel.hpp:4\x1b[m\x1b[K,\n'}
[9.807973] (arm_driver) StderrLine: {'line': b'                 from \x1b[01m\x1b[K/usr/local/include/unitree/common/dds/dds_factory_model.hpp:5\x1b[m\x1b[K,\n'}
[9.808098] (arm_driver) StderrLine: {'line': b'                 from \x1b[01m\x1b[K/usr/local/include/unitree/robot/channel/channel_factory.hpp:4\x1b[m\x1b[K,\n'}
[9.808224] (arm_driver) StderrLine: {'line': b'                 from \x1b[01m\x1b[K/usr/local/include/unitree/robot/channel/channel_publisher.hpp:4\x1b[m\x1b[K,\n'}
[9.808352] (arm_driver) StderrLine: {'line': b'                 from \x1b[01m\x1b[K/home/unitree/106a_final/src/arm_driver/src/servo_driver.cpp:8\x1b[m\x1b[K:\n'}
[9.808477] (arm_driver) StderrLine: {'line': b'\x1b[01m\x1b[K/usr/local/include/ddscxx/dds/topic/detail/TTopicImpl.hpp:\x1b[m\x1b[K In constructor \xe2\x80\x98\x1b[01m\x1b[Kdds::topic::detail::Topic<T>::Topic(const DomainParticipant&, const string&, const string&, const TopicQos&, dds::topic::TopicListener<T>*, const dds::core::status::StatusMask&)\x1b[m\x1b[K\xe2\x80\x99:\n'}
[9.808614] (arm_driver) StderrLine: {'line': b'\x1b[01m\x1b[K/usr/local/include/ddscxx/dds/topic/detail/TTopicImpl.hpp:176:5:\x1b[m\x1b[K \x1b[01;31m\x1b[Kerror: \x1b[m\x1b[K\xe2\x80\x98\x1b[01m\x1b[Kser_type_\x1b[m\x1b[K\xe2\x80\x99 was not declared in this scope; did you mean \xe2\x80\x98\x1b[01m\x1b[Kref_type\x1b[m\x1b[K\xe2\x80\x99?\n'}
[9.808743] (arm_driver) StderrLine: {'line': b'  176 |     \x1b[01;31m\x1b[Kser_type_\x1b[m\x1b[K = org::eclipse::cyclonedds::topic::TopicTraits<T>::getSerType();\n'}
[9.808875] (arm_driver) StderrLine: {'line': b'      |     \x1b[01;31m\x1b[K^~~~~~~~~\x1b[m\x1b[K\n'}
[9.808999] (arm_driver) StderrLine: {'line': b'      |     \x1b[32m\x1b[Kref_type\x1b[m\x1b[K\n'}
[9.809248] (arm_driver) StderrLine: {'line': b'\x1b[01m\x1b[K/usr/local/include/ddscxx/dds/topic/detail/TTopicImpl.hpp:178:31:\x1b[m\x1b[K \x1b[01;31m\x1b[Kerror: \x1b[m\x1b[Kthere are no arguments to \xe2\x80\x98\x1b[01m\x1b[Kdds_create_topic_sertype\x1b[m\x1b[K\xe2\x80\x99 that depend on a template parameter, so a declaration of \xe2\x80\x98\x1b[01m\x1b[Kdds_create_topic_sertype\x1b[m\x1b[K\xe2\x80\x99 must be available [\x1b[01;31m\x1b[K-fpermissive\x1b[m\x1b[K]\n'}
[9.809460] (arm_driver) StderrLine: {'line': b'  178 |     dds_entity_t ddsc_topic = \x1b[01;31m\x1b[Kdds_create_topic_sertype\x1b[m\x1b[K(\n'}
[9.809600] (arm_driver) StderrLine: {'line': b'      |                               \x1b[01;31m\x1b[K^~~~~~~~~~~~~~~~~~~~~~~~\x1b[m\x1b[K\n'}
[9.815582] (arm_driver) StderrLine: {'line': b'\x1b[01m\x1b[K/usr/local/include/ddscxx/dds/topic/detail/TTopicImpl.hpp:\x1b[m\x1b[K In static member function \xe2\x80\x98\x1b[01m\x1b[Kstatic dds::topic::Topic<T, dds::topic::detail::Topic> dds::topic::detail::Topic<T>::discover_topic(const DomainParticipant&, const string&, const dds::core::Duration&)\x1b[m\x1b[K\xe2\x80\x99:\n'}
[9.815880] (arm_driver) StderrLine: {'line': b'\x1b[01m\x1b[K/usr/local/include/ddscxx/dds/topic/detail/TTopicImpl.hpp:311:21:\x1b[m\x1b[K \x1b[01;31m\x1b[Kerror: \x1b[m\x1b[K\xe2\x80\x98\x1b[01m\x1b[Kdds_typeinfo_t\x1b[m\x1b[K\xe2\x80\x99 was not declared in this scope; did you mean \xe2\x80\x98\x1b[01m\x1b[Kddsi_typeinfo_t\x1b[m\x1b[K\xe2\x80\x99?\n'}
[9.816101] (arm_driver) StderrLine: {'line': b'  311 |     std::unique_ptr<\x1b[01;31m\x1b[Kdds_typeinfo_t\x1b[m\x1b[K, std::function<void(dds_typeinfo_t *)> >\n'}
[9.816253] (arm_driver) StderrLine: {'line': b'      |                     \x1b[01;31m\x1b[K^~~~~~~~~~~~~~\x1b[m\x1b[K\n'}
[9.816389] (arm_driver) StderrLine: {'line': b'      |                     \x1b[32m\x1b[Kddsi_typeinfo_t\x1b[m\x1b[K\n'}
[9.816768] (arm_driver) StderrLine: {'line': b'\x1b[01m\x1b[K/usr/local/include/ddscxx/dds/topic/detail/TTopicImpl.hpp:311:73:\x1b[m\x1b[K \x1b[01;31m\x1b[Kerror: \x1b[m\x1b[Ktemplate argument 1 is invalid\n'}
[9.816938] (arm_driver) StderrLine: {'line': b'  311 |     std::unique_ptr<dds_typeinfo_t, std::function<void(dds_typeinfo_t *)\x1b[01;31m\x1b[K>\x1b[m\x1b[K >\n'}
[9.817080] (arm_driver) StderrLine: {'line': b'      |                                                                         \x1b[01;31m\x1b[K^\x1b[m\x1b[K\n'}
[9.817216] (arm_driver) StderrLine: {'line': b'\x1b[01m\x1b[K/usr/local/include/ddscxx/dds/topic/detail/TTopicImpl.hpp:311:75:\x1b[m\x1b[K \x1b[01;31m\x1b[Kerror: \x1b[m\x1b[Ktemplate argument 1 is invalid\n'}
[9.817348] (arm_driver) StderrLine: {'line': b'  311 |     std::unique_ptr<dds_typeinfo_t, std::function<void(dds_typeinfo_t *)> \x1b[01;31m\x1b[K>\x1b[m\x1b[K\n'}
[9.817543] (arm_driver) StderrLine: {'line': b'      |                                                                           \x1b[01;31m\x1b[K^\x1b[m\x1b[K\n'}
[9.817682] (arm_driver) StderrLine: {'line': b'\x1b[01m\x1b[K/usr/local/include/ddscxx/dds/topic/detail/TTopicImpl.hpp:311:75:\x1b[m\x1b[K \x1b[01;31m\x1b[Kerror: \x1b[m\x1b[Ktemplate argument 2 is invalid\n'}
[9.817810] (arm_driver) StderrLine: {'line': b'\x1b[01m\x1b[K/usr/local/include/ddscxx/dds/topic/detail/TTopicImpl.hpp:313:20:\x1b[m\x1b[K \x1b[01;31m\x1b[Kerror: \x1b[m\x1b[K\xe2\x80\x98\x1b[01m\x1b[Kdds_typeinfo_t\x1b[m\x1b[K\xe2\x80\x99 is not a type\n'}
[9.817936] (arm_driver) StderrLine: {'line': b'  313 |                 [](\x1b[01;31m\x1b[Kdds_typeinfo_t\x1b[m\x1b[K *ti) { static_cast<void>(dds_free_typeinfo(ti)); });\n'}
[9.818060] (arm_driver) StderrLine: {'line': b'      |                    \x1b[01;31m\x1b[K^~~~~~~~~~~~~~\x1b[m\x1b[K\n'}
[9.818208] (arm_driver) StderrLine: {'line': b'\x1b[01m\x1b[K/usr/local/include/ddscxx/dds/topic/detail/TTopicImpl.hpp:\x1b[m\x1b[K In lambda function:\n'}
[9.818340] (arm_driver) StderrLine: {'line': b'\x1b[01m\x1b[K/usr/local/include/ddscxx/dds/topic/detail/TTopicImpl.hpp:313:60:\x1b[m\x1b[K \x1b[01;31m\x1b[Kerror: \x1b[m\x1b[Kthere are no arguments to \xe2\x80\x98\x1b[01m\x1b[Kdds_free_typeinfo\x1b[m\x1b[K\xe2\x80\x99 that depend on a template parameter, so a declaration of \xe2\x80\x98\x1b[01m\x1b[Kdds_free_typeinfo\x1b[m\x1b[K\xe2\x80\x99 must be available [\x1b[01;31m\x1b[K-fpermissive\x1b[m\x1b[K]\n'}
[9.818529] (arm_driver) StderrLine: {'line': b'  313 |                 [](dds_typeinfo_t *ti) { static_cast<void>(\x1b[01;31m\x1b[Kdds_free_typeinfo\x1b[m\x1b[K(ti)); });\n'}
[9.818668] (arm_driver) StderrLine: {'line': b'      |                                                            \x1b[01;31m\x1b[K^~~~~~~~~~~~~~~~~\x1b[m\x1b[K\n'}
[9.818801] (arm_driver) StderrLine: {'line': b'\x1b[01m\x1b[K/usr/local/include/ddscxx/dds/topic/detail/TTopicImpl.hpp:\x1b[m\x1b[K In static member function \xe2\x80\x98\x1b[01m\x1b[Kstatic dds::topic::Topic<T, dds::topic::detail::Topic> dds::topic::detail::Topic<T>::discover_topic(const DomainParticipant&, const string&, const dds::core::Duration&)\x1b[m\x1b[K\xe2\x80\x99:\n'}
[9.818939] (arm_driver) StderrLine: {'line': b'\x1b[01m\x1b[K/usr/local/include/ddscxx/dds/topic/detail/TTopicImpl.hpp:313:85:\x1b[m\x1b[K \x1b[01;31m\x1b[Kerror: \x1b[m\x1b[Kexpression list treated as compound expression in initializer [\x1b[01;31m\x1b[K-fpermissive\x1b[m\x1b[K]\n'}
[9.819068] (arm_driver) StderrLine: {'line': b'  313 |                 [](dds_typeinfo_t *ti) { static_cast<void>(dds_free_typeinfo(ti)); }\x1b[01;31m\x1b[K)\x1b[m\x1b[K;\n'}
[9.819193] (arm_driver) StderrLine: {'line': b'      |                                                                                     \x1b[01;31m\x1b[K^\x1b[m\x1b[K\n'}
[9.819339] (arm_driver) StderrLine: {'line': b'\x1b[01m\x1b[K/usr/local/include/ddscxx/dds/topic/detail/TTopicImpl.hpp:314:75:\x1b[m\x1b[K \x1b[01;31m\x1b[Kerror: \x1b[m\x1b[Krequest for member \xe2\x80\x98\x1b[01m\x1b[Kget\x1b[m\x1b[K\xe2\x80\x99 in \xe2\x80\x98\x1b[01m\x1b[Ktype_info\x1b[m\x1b[K\xe2\x80\x99, which is of non-class type \xe2\x80\x98\x1b[01m\x1b[Kint\x1b[m\x1b[K\xe2\x80\x99\n'}
[9.819469] (arm_driver) StderrLine: {'line': b'  314 |     dds_entity_t ddsc_topic = dp.delegate()->lookup_topic(name, type_info.\x1b[01;31m\x1b[Kget\x1b[m\x1b[K(), timeout);\n'}
[9.819614] (arm_driver) StderrLine: {'line': b'      |                                                                           \x1b[01;31m\x1b[K^~~\x1b[m\x1b[K\n'}
[9.855284] (-) TimerEvent: {}
[9.902567] (arm_driver) StderrLine: {'line': b'In file included from \x1b[01m\x1b[K/usr/local/include/ddscxx/dds/topic/ContentFilteredTopic.hpp:22\x1b[m\x1b[K,\n'}
[9.903005] (arm_driver) StderrLine: {'line': b'                 from \x1b[01m\x1b[K/usr/local/include/ddscxx/dds/topic/ddstopic.hpp:25\x1b[m\x1b[K,\n'}
[9.903173] (arm_driver) StderrLine: {'line': b'                 from \x1b[01m\x1b[K/usr/local/include/ddscxx/dds/dds.hpp:35\x1b[m\x1b[K,\n'}
[9.903392] (arm_driver) StderrLine: {'line': b'                 from \x1b[01m\x1b[K/usr/local/include/unitree/common/dds/dds_entity.hpp:4\x1b[m\x1b[K,\n'}
[9.903536] (arm_driver) StderrLine: {'line': b'                 from \x1b[01m\x1b[K/usr/local/include/unitree/common/dds/dds_topic_channel.hpp:4\x1b[m\x1b[K,\n'}
[9.903669] (arm_driver) StderrLine: {'line': b'                 from \x1b[01m\x1b[K/usr/local/include/unitree/common/dds/dds_factory_model.hpp:5\x1b[m\x1b[K,\n'}
[9.903801] (arm_driver) StderrLine: {'line': b'                 from \x1b[01m\x1b[K/usr/local/include/unitree/robot/channel/channel_factory.hpp:4\x1b[m\x1b[K,\n'}
[9.903931] (arm_driver) StderrLine: {'line': b'                 from \x1b[01m\x1b[K/usr/local/include/unitree/robot/channel/channel_publisher.hpp:4\x1b[m\x1b[K,\n'}
[9.904056] (arm_driver) StderrLine: {'line': b'                 from \x1b[01m\x1b[K/home/unitree/106a_final/src/arm_driver/src/servo_driver.cpp:8\x1b[m\x1b[K:\n'}
[9.904180] (arm_driver) StderrLine: {'line': b'\x1b[01m\x1b[K/usr/local/include/ddscxx/dds/topic/detail/ContentFilteredTopic.hpp:\x1b[m\x1b[K At global scope:\n'}
[9.904303] (arm_driver) StderrLine: {'line': b'\x1b[01m\x1b[K/usr/local/include/ddscxx/dds/topic/detail/ContentFilteredTopic.hpp:439:52:\x1b[m\x1b[K \x1b[01;31m\x1b[Kerror: \x1b[m\x1b[K\xe2\x80\x98\x1b[01m\x1b[Kdds_topic_filter\x1b[m\x1b[K\xe2\x80\x99 has not been declared\n'}
[9.904467] (arm_driver) StderrLine: {'line': b'  439 |     void filter_function_internal(Functor && func, \x1b[01;31m\x1b[Kdds_topic_filter\x1b[m\x1b[K * flt)\n'}
[9.904590] (arm_driver) StderrLine: {'line': b'      |                                                    \x1b[01;31m\x1b[K^~~~~~~~~~~~~~~~\x1b[m\x1b[K\n'}
[9.919259] (arm_driver) StderrLine: {'line': b'\x1b[01m\x1b[K/usr/local/include/ddscxx/dds/topic/detail/ContentFilteredTopic.hpp:\x1b[m\x1b[K In member function \xe2\x80\x98\x1b[01m\x1b[Kvoid dds::topic::detail::ContentFilteredTopic<T>::filter_function(Functor&&)\x1b[m\x1b[K\xe2\x80\x99:\n'}
[9.921056] (arm_driver) StderrLine: {'line': b'\x1b[01m\x1b[K/usr/local/include/ddscxx/dds/topic/detail/ContentFilteredTopic.hpp:413:9:\x1b[m\x1b[K \x1b[01;31m\x1b[Kerror: \x1b[m\x1b[K\xe2\x80\x98\x1b[01m\x1b[Kdds_topic_filter\x1b[m\x1b[K\xe2\x80\x99 was not declared in this scope; did you mean \xe2\x80\x98\x1b[01m\x1b[Kdds_topic_filter_fn\x1b[m\x1b[K\xe2\x80\x99?\n'}
[9.921341] (arm_driver) StderrLine: {'line': b'  413 |         \x1b[01;31m\x1b[Kdds_topic_filter\x1b[m\x1b[K flt;\n'}
[9.921496] (arm_driver) StderrLine: {'line': b'      |         \x1b[01;31m\x1b[K^~~~~~~~~~~~~~~~\x1b[m\x1b[K\n'}
[9.922157] (arm_driver) StderrLine: {'line': b'      |         \x1b[32m\x1b[Kdds_topic_filter_fn\x1b[m\x1b[K\n'}
[9.925767] (arm_driver) StderrLine: {'line': b'\x1b[01m\x1b[K/usr/local/include/ddscxx/dds/topic/detail/ContentFilteredTopic.hpp:414:9:\x1b[m\x1b[K \x1b[01;31m\x1b[Kerror: \x1b[m\x1b[K\xe2\x80\x98\x1b[01m\x1b[Kflt\x1b[m\x1b[K\xe2\x80\x99 was not declared in this scope\n'}
[9.926217] (arm_driver) StderrLine: {'line': b'  414 |         \x1b[01;31m\x1b[Kflt\x1b[m\x1b[K.mode = DDS_TOPIC_FILTER_SAMPLE_ARG;\n'}
[9.926400] (arm_driver) StderrLine: {'line': b'      |         \x1b[01;31m\x1b[K^~~\x1b[m\x1b[K\n'}
[9.950759] (arm_driver) StderrLine: {'line': b'\x1b[01m\x1b[K/usr/local/include/ddscxx/dds/topic/detail/ContentFilteredTopic.hpp:414:20:\x1b[m\x1b[K \x1b[01;31m\x1b[Kerror: \x1b[m\x1b[K\xe2\x80\x98\x1b[01m\x1b[KDDS_TOPIC_FILTER_SAMPLE_ARG\x1b[m\x1b[K\xe2\x80\x99 was not declared in this scope; did you mean \xe2\x80\x98\x1b[01m\x1b[KDDS_TOPIC_FILTER_HPP_\x1b[m\x1b[K\xe2\x80\x99?\n'}
[9.951173] (arm_driver) StderrLine: {'line': b'  414 |         flt.mode = \x1b[01;31m\x1b[KDDS_TOPIC_FILTER_SAMPLE_ARG\x1b[m\x1b[K;\n'}
[9.951379] (arm_driver) StderrLine: {'line': b'      |                    \x1b[01;31m\x1b[K^~~~~~~~~~~~~~~~~~~~~~~~~~~\x1b[m\x1b[K\n'}
[9.951534] (arm_driver) StderrLine: {'line': b'      |                    \x1b[32m\x1b[KDDS_TOPIC_FILTER_HPP_\x1b[m\x1b[K\n'}
[9.956704] (-) TimerEvent: {}
[9.961413] (arm_driver) StderrLine: {'line': b'\x1b[01m\x1b[K/usr/local/include/ddscxx/dds/topic/detail/ContentFilteredTopic.hpp:\x1b[m\x1b[K In member function \xe2\x80\x98\x1b[01m\x1b[Kvoid dds::topic::detail::ContentFilteredTopic<T>::filter_function(Functor&&)\x1b[m\x1b[K\xe2\x80\x99:\n'}
[9.961911] (arm_driver) StderrLine: {'line': b'\x1b[01m\x1b[K/usr/local/include/ddscxx/dds/topic/detail/ContentFilteredTopic.hpp:422:9:\x1b[m\x1b[K \x1b[01;31m\x1b[Kerror: \x1b[m\x1b[K\xe2\x80\x98\x1b[01m\x1b[Kdds_topic_filter\x1b[m\x1b[K\xe2\x80\x99 was not declared in this scope; did you mean \xe2\x80\x98\x1b[01m\x1b[Kdds_topic_filter_fn\x1b[m\x1b[K\xe2\x80\x99?\n'}
[9.962128] (arm_driver) StderrLine: {'line': b'  422 |         \x1b[01;31m\x1b[Kdds_topic_filter\x1b[m\x1b[K flt;\n'}
[9.962282] (arm_driver) StderrLine: {'line': b'      |         \x1b[01;31m\x1b[K^~~~~~~~~~~~~~~~\x1b[m\x1b[K\n'}
[9.962419] (arm_driver) StderrLine: {'line': b'      |         \x1b[32m\x1b[Kdds_topic_filter_fn\x1b[m\x1b[K\n'}
[9.970000] (arm_driver) StderrLine: {'line': b'\x1b[01m\x1b[K/usr/local/include/ddscxx/dds/topic/detail/ContentFilteredTopic.hpp:423:9:\x1b[m\x1b[K \x1b[01;31m\x1b[Kerror: \x1b[m\x1b[K\xe2\x80\x98\x1b[01m\x1b[Kflt\x1b[m\x1b[K\xe2\x80\x99 was not declared in this scope\n'}
[9.970395] (arm_driver) StderrLine: {'line': b'  423 |         \x1b[01;31m\x1b[Kflt\x1b[m\x1b[K.mode = DDS_TOPIC_FILTER_SAMPLEINFO_ARG;\n'}
[9.970604] (arm_driver) StderrLine: {'line': b'      |         \x1b[01;31m\x1b[K^~~\x1b[m\x1b[K\n'}
[9.997141] (arm_driver) StderrLine: {'line': b'\x1b[01m\x1b[K/usr/local/include/ddscxx/dds/topic/detail/ContentFilteredTopic.hpp:423:20:\x1b[m\x1b[K \x1b[01;31m\x1b[Kerror: \x1b[m\x1b[K\xe2\x80\x98\x1b[01m\x1b[KDDS_TOPIC_FILTER_SAMPLEINFO_ARG\x1b[m\x1b[K\xe2\x80\x99 was not declared in this scope\n'}
[9.997627] (arm_driver) StderrLine: {'line': b'  423 |         flt.mode = \x1b[01;31m\x1b[KDDS_TOPIC_FILTER_SAMPLEINFO_ARG\x1b[m\x1b[K;\n'}
[9.997802] (arm_driver) StderrLine: {'line': b'      |                    \x1b[01;31m\x1b[K^~~~~~~~~~~~~~~~~~~~~~~~~~~~~~~\x1b[m\x1b[K\n'}
[10.008754] (arm_driver) StderrLine: {'line': b'\x1b[01m\x1b[K/usr/local/include/ddscxx/dds/topic/detail/ContentFilteredTopic.hpp:\x1b[m\x1b[K In member function \xe2\x80\x98\x1b[01m\x1b[Kvoid dds::topic::detail::ContentFilteredTopic<T>::filter_function(Functor&&)\x1b[m\x1b[K\xe2\x80\x99:\n'}
[10.010489] (arm_driver) StderrLine: {'line': b'\x1b[01m\x1b[K/usr/local/include/ddscxx/dds/topic/detail/ContentFilteredTopic.hpp:431:9:\x1b[m\x1b[K \x1b[01;31m\x1b[Kerror: \x1b[m\x1b[K\xe2\x80\x98\x1b[01m\x1b[Kdds_topic_filter\x1b[m\x1b[K\xe2\x80\x99 was not declared in this scope; did you mean \xe2\x80\x98\x1b[01m\x1b[Kdds_topic_filter_fn\x1b[m\x1b[K\xe2\x80\x99?\n'}
[10.012399] (arm_driver) StderrLine: {'line': b'  431 |         \x1b[01;31m\x1b[Kdds_topic_filter\x1b[m\x1b[K flt;\n'}
[10.013219] (arm_driver) StderrLine: {'line': b'      |         \x1b[01;31m\x1b[K^~~~~~~~~~~~~~~~\x1b[m\x1b[K\n'}
[10.013397] (arm_driver) StderrLine: {'line': b'      |         \x1b[32m\x1b[Kdds_topic_filter_fn\x1b[m\x1b[K\n'}
[10.014392] (arm_driver) StderrLine: {'line': b'\x1b[01m\x1b[K/usr/local/include/ddscxx/dds/topic/detail/ContentFilteredTopic.hpp:432:9:\x1b[m\x1b[K \x1b[01;31m\x1b[Kerror: \x1b[m\x1b[K\xe2\x80\x98\x1b[01m\x1b[Kflt\x1b[m\x1b[K\xe2\x80\x99 was not declared in this scope\n'}
[10.014600] (arm_driver) StderrLine: {'line': b'  432 |         \x1b[01;31m\x1b[Kflt\x1b[m\x1b[K.mode = DDS_TOPIC_FILTER_SAMPLE_SAMPLEINFO_ARG;\n'}
[10.014740] (arm_driver) StderrLine: {'line': b'      |         \x1b[01;31m\x1b[K^~~\x1b[m\x1b[K\n'}
[10.041580] (arm_driver) StderrLine: {'line': b'\x1b[01m\x1b[K/usr/local/include/ddscxx/dds/topic/detail/ContentFilteredTopic.hpp:432:20:\x1b[m\x1b[K \x1b[01;31m\x1b[Kerror: \x1b[m\x1b[K\xe2\x80\x98\x1b[01m\x1b[KDDS_TOPIC_FILTER_SAMPLE_SAMPLEINFO_ARG\x1b[m\x1b[K\xe2\x80\x99 was not declared in this scope\n'}
[10.042023] (arm_driver) StderrLine: {'line': b'  432 |         flt.mode = \x1b[01;31m\x1b[KDDS_TOPIC_FILTER_SAMPLE_SAMPLEINFO_ARG\x1b[m\x1b[K;\n'}
[10.042185] (arm_driver) StderrLine: {'line': b'      |                    \x1b[01;31m\x1b[K^~~~~~~~~~~~~~~~~~~~~~~~~~~~~~~~~~~~~~\x1b[m\x1b[K\n'}
[10.043245] (arm_driver) StderrLine: {'line': b'\x1b[01m\x1b[K/usr/local/include/ddscxx/dds/topic/detail/ContentFilteredTopic.hpp:\x1b[m\x1b[K In member function \xe2\x80\x98\x1b[01m\x1b[Kvoid dds::topic::detail::ContentFilteredTopic<T>::filter_function_internal(Functor&&, int*)\x1b[m\x1b[K\xe2\x80\x99:\n'}
[10.043417] (arm_driver) StderrLine: {'line': b'\x1b[01m\x1b[K/usr/local/include/ddscxx/dds/topic/detail/ContentFilteredTopic.hpp:455:14:\x1b[m\x1b[K \x1b[01;31m\x1b[Kerror: \x1b[m\x1b[Krequest for member \xe2\x80\x98\x1b[01m\x1b[Karg\x1b[m\x1b[K\xe2\x80\x99 in \xe2\x80\x98\x1b[01m\x1b[Kflt->\x1b[m\x1b[K\xe2\x80\x99, which is of non-class type \xe2\x80\x98\x1b[01m\x1b[Kint\x1b[m\x1b[K\xe2\x80\x99\n'}
[10.043562] (arm_driver) StderrLine: {'line': b'  455 |         flt->\x1b[01;31m\x1b[Karg\x1b[m\x1b[K = myFunctor;\n'}
[10.043691] (arm_driver) StderrLine: {'line': b'      |              \x1b[01;31m\x1b[K^~~\x1b[m\x1b[K\n'}
[10.043817] (arm_driver) StderrLine: {'line': b'\x1b[01m\x1b[K/usr/local/include/ddscxx/dds/topic/detail/ContentFilteredTopic.hpp:456:9:\x1b[m\x1b[K \x1b[01;31m\x1b[Kerror: \x1b[m\x1b[Kthere are no arguments to \xe2\x80\x98\x1b[01m\x1b[Kdds_set_topic_filter_extended\x1b[m\x1b[K\xe2\x80\x99 that depend on a template parameter, so a declaration of \xe2\x80\x98\x1b[01m\x1b[Kdds_set_topic_filter_extended\x1b[m\x1b[K\xe2\x80\x99 must be available [\x1b[01;31m\x1b[K-fpermissive\x1b[m\x1b[K]\n'}
[10.044018] (arm_driver) StderrLine: {'line': b'  456 |         \x1b[01;31m\x1b[Kdds_set_topic_filter_extended\x1b[m\x1b[K(cfTopic, flt);\n'}
[10.044149] (arm_driver) StderrLine: {'line': b'      |         \x1b[01;31m\x1b[K^~~~~~~~~~~~~~~~~~~~~~~~~~~~~\x1b[m\x1b[K\n'}
[10.056981] (-) TimerEvent: {}
[10.094456] (realsense2_description) JobEnded: {'identifier': 'realsense2_description', 'rc': 0}
[10.097801] (realsense2_camera) CommandEnded: {'returncode': 0}
[10.100372] (realsense2_camera) JobProgress: {'identifier': 'realsense2_camera', 'progress': 'install'}
[10.101204] (realsense2_camera) Command: {'cmd': ['/usr/bin/cmake', '--install', '/home/unitree/106a_final/build/realsense2_camera'], 'cwd': '/home/unitree/106a_final/build/realsense2_camera', 'env': OrderedDict([('LESSOPEN', '| /usr/bin/lesspipe %s'), ('USER', 'unitree'), ('SSH_CLIENT', '192.168.50.246 51974 22'), ('XDG_SESSION_TYPE', 'tty'), ('GIT_ASKPASS', '/home/unitree/.vscode-server/cli/servers/Stable-5437499feb04f7a586f677b155b039bc2b3669eb/server/extensions/git/dist/askpass.sh'), ('SHLVL', '2'), ('LD_LIBRARY_PATH', '/home/unitree/106a_final/install/realsense2_camera_msgs/lib:/usr/local/cuda-11.4/lib64:/usr/local/lib:/home/unitree/cyclonedds_ws/install/rmw_cyclonedds_cpp/lib:/home/unitree/cyclonedds_ws/install/cyclonedds/lib:/opt/ros/foxy/opt/yaml_cpp_vendor/lib:/opt/ros/foxy/opt/rviz_ogre_vendor/lib:/opt/ros/foxy/lib/aarch64-linux-gnu:/opt/ros/foxy/lib:/usr/local/cuda-11.4/lib64'), ('BROWSER', '/home/unitree/.vscode-server/cli/servers/Stable-5437499feb04f7a586f677b155b039bc2b3669eb/server/bin/helpers/browser.sh'), ('MOTD_SHOWN', 'pam'), ('HOME', '/home/unitree'), ('CYCLONEDDS_URI', '/home/unitree/cyclonedds_ws/cyclonedds.xml'), ('OLDPWD', '/home/unitree/106a_final/src/d1_sdk'), ('TERM_PROGRAM_VERSION', '1.90.2'), ('VSCODE_IPC_HOOK_CLI', '/run/user/1000/vscode-ipc-1a497d47-852b-4f1f-aaa2-4938e62856a5.sock'), ('ROS_PYTHON_VERSION', '3'), ('VSCODE_GIT_ASKPASS_MAIN', '/home/unitree/.vscode-server/cli/servers/Stable-5437499feb04f7a586f677b155b039bc2b3669eb/server/extensions/git/dist/askpass-main.js'), ('VSCODE_GIT_ASKPASS_NODE', '/home/unitree/.vscode-server/cli/servers/Stable-5437499feb04f7a586f677b155b039bc2b3669eb/server/node'), ('SSL_CERT_FILE', '/usr/lib/ssl/certs/ca-certificates.crt'), ('DBUS_SESSION_BUS_ADDRESS', 'unix:path=/run/user/1000/bus'), ('COLORTERM', 'truecolor'), ('COLCON_PREFIX_PATH', '/home/unitree/cyclonedds_ws/install'), ('ROS_DISTRO', 'foxy'), ('LOGNAME', 'unitree'), ('_', '/usr/bin/colcon'), ('ROS_VERSION', '2'), ('PKG_CONFIG_PATH', '/home/unitree/cyclonedds_ws/install/cyclonedds/lib/aarch64-linux-gnu/pkgconfig:/home/unitree/cyclonedds_ws/install/cyclonedds/lib/pkgconfig'), ('XDG_SESSION_CLASS', 'user'), ('TERM', 'xterm-256color'), ('XDG_SESSION_ID', '11'), ('ROS_LOCALHOST_ONLY', '0'), ('PATH', '/usr/local/cuda-11.4/bin:/home/unitree/cyclonedds_ws/install/cyclonedds/bin:/opt/ros/foxy/bin:/home/unitree/.vscode-server/cli/servers/Stable-5437499feb04f7a586f677b155b039bc2b3669eb/server/bin/remote-cli:/home/unitree/.local/bin:/usr/local/cuda-11.4/bin:/home/unitree/.local/bin:/usr/local/sbin:/usr/local/bin:/usr/sbin:/usr/bin:/sbin:/bin:/usr/games:/usr/local/games:/snap/bin'), ('XDG_RUNTIME_DIR', '/run/user/1000'), ('SSL_CERT_DIR', '/usr/lib/ssl/certs'), ('LANG', 'en_US.UTF-8'), ('RMW_IMPLEMENTATION', 'rmw_cyclonedds_cpp'), ('LS_COLORS', 'rs=0:di=01;34:ln=01;36:mh=00:pi=40;33:so=01;35:do=01;35:bd=40;33;01:cd=40;33;01:or=40;31;01:mi=00:su=37;41:sg=30;43:ca=30;41:tw=30;42:ow=34;42:st=37;44:ex=01;32:*.tar=01;31:*.tgz=01;31:*.arc=01;31:*.arj=01;31:*.taz=01;31:*.lha=01;31:*.lz4=01;31:*.lzh=01;31:*.lzma=01;31:*.tlz=01;31:*.txz=01;31:*.tzo=01;31:*.t7z=01;31:*.zip=01;31:*.z=01;31:*.dz=01;31:*.gz=01;31:*.lrz=01;31:*.lz=01;31:*.lzo=01;31:*.xz=01;31:*.zst=01;31:*.tzst=01;31:*.bz2=01;31:*.bz=01;31:*.tbz=01;31:*.tbz2=01;31:*.tz=01;31:*.deb=01;31:*.rpm=01;31:*.jar=01;31:*.war=01;31:*.ear=01;31:*.sar=01;31:*.rar=01;31:*.alz=01;31:*.ace=01;31:*.zoo=01;31:*.cpio=01;31:*.7z=01;31:*.rz=01;31:*.cab=01;31:*.wim=01;31:*.swm=01;31:*.dwm=01;31:*.esd=01;31:*.jpg=01;35:*.jpeg=01;35:*.mjpg=01;35:*.mjpeg=01;35:*.gif=01;35:*.bmp=01;35:*.pbm=01;35:*.pgm=01;35:*.ppm=01;35:*.tga=01;35:*.xbm=01;35:*.xpm=01;35:*.tif=01;35:*.tiff=01;35:*.png=01;35:*.svg=01;35:*.svgz=01;35:*.mng=01;35:*.pcx=01;35:*.mov=01;35:*.mpg=01;35:*.mpeg=01;35:*.m2v=01;35:*.mkv=01;35:*.webm=01;35:*.ogm=01;35:*.mp4=01;35:*.m4v=01;35:*.mp4v=01;35:*.vob=01;35:*.qt=01;35:*.nuv=01;35:*.wmv=01;35:*.asf=01;35:*.rm=01;35:*.rmvb=01;35:*.flc=01;35:*.avi=01;35:*.fli=01;35:*.flv=01;35:*.gl=01;35:*.dl=01;35:*.xcf=01;35:*.xwd=01;35:*.yuv=01;35:*.cgm=01;35:*.emf=01;35:*.ogv=01;35:*.ogx=01;35:*.aac=00;36:*.au=00;36:*.flac=00;36:*.m4a=00;36:*.mid=00;36:*.midi=00;36:*.mka=00;36:*.mp3=00;36:*.mpc=00;36:*.ogg=00;36:*.ra=00;36:*.wav=00;36:*.oga=00;36:*.opus=00;36:*.spx=00;36:*.xspf=00;36:'), ('VSCODE_GIT_IPC_HANDLE', '/run/user/1000/vscode-git-403e0bf87f.sock'), ('TERM_PROGRAM', 'vscode'), ('AMENT_PREFIX_PATH', '/home/unitree/106a_final/install/realsense2_camera_msgs:/home/unitree/cyclonedds_ws/install/rmw_cyclonedds_cpp:/opt/ros/foxy'), ('SHELL', '/bin/bash'), ('LESSCLOSE', '/usr/bin/lesspipe %s %s'), ('VSCODE_GIT_ASKPASS_EXTRA_ARGS', ''), ('PWD', '/home/unitree/106a_final/build/realsense2_camera'), ('LC_ALL', 'en_US.UTF-8'), ('SSH_CONNECTION', '192.168.50.246 51974 192.168.50.28 22'), ('XDG_DATA_DIRS', '/usr/local/share:/usr/share:/var/lib/snapd/desktop'), ('PYTHONPATH', '/home/unitree/106a_final/install/realsense2_camera_msgs/lib/python3.8/site-packages:/opt/ros/foxy/lib/python3.8/site-packages'), ('COLCON', '1'), ('CMAKE_PREFIX_PATH', '/home/unitree/106a_final/install/realsense2_camera_msgs:/home/unitree/cyclonedds_ws/install/rmw_cyclonedds_cpp:/home/unitree/cyclonedds_ws/install/cyclonedds:/opt/ros/foxy')]), 'shell': False}
[10.132085] (realsense2_camera) StdoutLine: {'line': b'-- Install configuration: "Release"\n'}
[10.134714] (realsense2_camera) StdoutLine: {'line': b'-- Execute custom install script\n'}
[10.137066] (realsense2_camera) StdoutLine: {'line': b'-- Up-to-date symlink: /home/unitree/106a_final/install/realsense2_camera/lib/realsense2_camera/realsense2_camera_node\n'}
[10.139175] (realsense2_camera) StdoutLine: {'line': b'-- Up-to-date symlink: /home/unitree/106a_final/install/realsense2_camera/lib/librealsense2_camera.so\n'}
[10.141650] (realsense2_camera) StdoutLine: {'line': b'-- Up-to-date symlink: /home/unitree/106a_final/install/realsense2_camera/include/base_realsense_node.h\n'}
[10.142874] (realsense2_camera) StdoutLine: {'line': b'-- Up-to-date symlink: /home/unitree/106a_final/install/realsense2_camera/include/constants.h\n'}
[10.143723] (realsense2_camera) StdoutLine: {'line': b'-- Up-to-date symlink: /home/unitree/106a_final/install/realsense2_camera/include/dynamic_params.h\n'}
[10.144485] (realsense2_camera) StdoutLine: {'line': b'-- Up-to-date symlink: /home/unitree/106a_final/install/realsense2_camera/include/realsense_node_factory.h\n'}
[10.145194] (realsense2_camera) StdoutLine: {'line': b'-- Up-to-date symlink: /home/unitree/106a_final/install/realsense2_camera/include/ros_param_backend.h\n'}
[10.145871] (realsense2_camera) StdoutLine: {'line': b'-- Up-to-date symlink: /home/unitree/106a_final/install/realsense2_camera/include/t265_realsense_node.h\n'}
[10.147576] (realsense2_camera) StdoutLine: {'line': b'-- Up-to-date symlink: /home/unitree/106a_final/install/realsense2_camera/share/realsense2_camera/launch/default.rviz\n'}
[10.148419] (realsense2_camera) StdoutLine: {'line': b'-- Up-to-date symlink: /home/unitree/106a_final/install/realsense2_camera/share/realsense2_camera/launch/demo_pointcloud_launch.py\n'}
[10.149134] (realsense2_camera) StdoutLine: {'line': b'-- Up-to-date symlink: /home/unitree/106a_final/install/realsense2_camera/share/realsense2_camera/launch/demo_t265_launch.py\n'}
[10.149817] (realsense2_camera) StdoutLine: {'line': b'-- Up-to-date symlink: /home/unitree/106a_final/install/realsense2_camera/share/realsense2_camera/launch/rs_d400_and_t265_launch.py\n'}
[10.150574] (realsense2_camera) StdoutLine: {'line': b'-- Up-to-date symlink: /home/unitree/106a_final/install/realsense2_camera/share/realsense2_camera/launch/rs_launch.py\n'}
[10.151176] (realsense2_camera) StdoutLine: {'line': b'-- Up-to-date symlink: /home/unitree/106a_final/install/realsense2_camera/share/realsense2_camera/launch/rs_multi_camera_launch.py\n'}
[10.151851] (realsense2_camera) StdoutLine: {'line': b'-- Up-to-date symlink: /home/unitree/106a_final/install/realsense2_camera/share/realsense2_camera/launch/rs_t265_launch.py\n'}
[10.152805] (realsense2_camera) StdoutLine: {'line': b'-- Up-to-date symlink: /home/unitree/106a_final/install/realsense2_camera/share/realsense2_camera/config/d435i.yaml\n'}
[10.153773] (realsense2_camera) StdoutLine: {'line': b'-- Up-to-date symlink: /home/unitree/106a_final/install/realsense2_camera/share/realsense2_camera/rviz/pointcloud.rviz\n'}
[10.154411] (realsense2_camera) StdoutLine: {'line': b'-- Up-to-date symlink: /home/unitree/106a_final/install/realsense2_camera/share/realsense2_camera/rviz/t265.rviz\n'}
[10.155331] (realsense2_camera) StdoutLine: {'line': b'-- Up-to-date symlink: /home/unitree/106a_final/install/realsense2_camera/share/realsense2_camera/environment/library_path.sh\n'}
[10.156634] (realsense2_camera) StdoutLine: {'line': b'-- Up-to-date symlink: /home/unitree/106a_final/install/realsense2_camera/share/realsense2_camera/environment/library_path.dsv\n'}
[10.157068] (-) TimerEvent: {}
[10.158779] (realsense2_camera) StdoutLine: {'line': b'-- Up-to-date symlink: /home/unitree/106a_final/install/realsense2_camera/share/ament_index/resource_index/package_run_dependencies/realsense2_camera\n'}
[10.160329] (realsense2_camera) StdoutLine: {'line': b'-- Up-to-date symlink: /home/unitree/106a_final/install/realsense2_camera/share/ament_index/resource_index/parent_prefix_path/realsense2_camera\n'}
[10.161876] (realsense2_camera) StdoutLine: {'line': b'-- Up-to-date symlink: /home/unitree/106a_final/install/realsense2_camera/share/realsense2_camera/environment/ament_prefix_path.sh\n'}
[10.163395] (realsense2_camera) StdoutLine: {'line': b'-- Up-to-date symlink: /home/unitree/106a_final/install/realsense2_camera/share/realsense2_camera/environment/ament_prefix_path.dsv\n'}
[10.164910] (realsense2_camera) StdoutLine: {'line': b'-- Up-to-date symlink: /home/unitree/106a_final/install/realsense2_camera/share/realsense2_camera/environment/path.sh\n'}
[10.166346] (realsense2_camera) StdoutLine: {'line': b'-- Up-to-date symlink: /home/unitree/106a_final/install/realsense2_camera/share/realsense2_camera/environment/path.dsv\n'}
[10.167838] (realsense2_camera) StdoutLine: {'line': b'-- Up-to-date symlink: /home/unitree/106a_final/install/realsense2_camera/share/realsense2_camera/local_setup.bash\n'}
[10.169053] (realsense2_camera) StdoutLine: {'line': b'-- Up-to-date symlink: /home/unitree/106a_final/install/realsense2_camera/share/realsense2_camera/local_setup.sh\n'}
[10.170324] (realsense2_camera) StdoutLine: {'line': b'-- Up-to-date symlink: /home/unitree/106a_final/install/realsense2_camera/share/realsense2_camera/local_setup.zsh\n'}
[10.171658] (realsense2_camera) StdoutLine: {'line': b'-- Up-to-date symlink: /home/unitree/106a_final/install/realsense2_camera/share/realsense2_camera/local_setup.dsv\n'}
[10.172894] (realsense2_camera) StdoutLine: {'line': b'-- Symlinking: /home/unitree/106a_final/install/realsense2_camera/share/realsense2_camera/package.dsv\n'}
[10.175064] (arm_driver) StderrLine: {'line': b'In file included from \x1b[01m\x1b[K/usr/local/include/ddscxx/dds/sub/detail/SampleRef.hpp:34\x1b[m\x1b[K,\n'}
[10.175447] (arm_driver) StderrLine: {'line': b'                 from \x1b[01m\x1b[K/usr/local/include/ddscxx/dds/sub/SampleRef.hpp:22\x1b[m\x1b[K,\n'}
[10.175608] (arm_driver) StderrLine: {'line': b'                 from \x1b[01m\x1b[K/usr/local/include/ddscxx/dds/sub/LoanedSamples.hpp:22\x1b[m\x1b[K,\n'}
[10.175748] (arm_driver) StderrLine: {'line': b'                 from \x1b[01m\x1b[K/usr/local/include/ddscxx/dds/sub/detail/DataReader.hpp:21\x1b[m\x1b[K,\n'}
[10.175915] (arm_driver) StderrLine: {'line': b'                 from \x1b[01m\x1b[K/usr/local/include/ddscxx/dds/sub/DataReader.hpp:21\x1b[m\x1b[K,\n'}
[10.176042] (arm_driver) StderrLine: {'line': b'                 from \x1b[01m\x1b[K/usr/local/include/ddscxx/dds/sub/ddssub.hpp:30\x1b[m\x1b[K,\n'}
[10.176166] (arm_driver) StderrLine: {'line': b'                 from \x1b[01m\x1b[K/usr/local/include/ddscxx/dds/dds.hpp:37\x1b[m\x1b[K,\n'}
[10.176297] (arm_driver) StderrLine: {'line': b'                 from \x1b[01m\x1b[K/usr/local/include/unitree/common/dds/dds_entity.hpp:4\x1b[m\x1b[K,\n'}
[10.176445] (arm_driver) StderrLine: {'line': b'                 from \x1b[01m\x1b[K/usr/local/include/unitree/common/dds/dds_topic_channel.hpp:4\x1b[m\x1b[K,\n'}
[10.176568] (arm_driver) StderrLine: {'line': b'                 from \x1b[01m\x1b[K/usr/local/include/unitree/common/dds/dds_factory_model.hpp:5\x1b[m\x1b[K,\n'}
[10.176689] (arm_driver) StderrLine: {'line': b'                 from \x1b[01m\x1b[K/usr/local/include/unitree/robot/channel/channel_factory.hpp:4\x1b[m\x1b[K,\n'}
[10.176809] (arm_driver) StderrLine: {'line': b'                 from \x1b[01m\x1b[K/usr/local/include/unitree/robot/channel/channel_publisher.hpp:4\x1b[m\x1b[K,\n'}
[10.176929] (arm_driver) StderrLine: {'line': b'                 from \x1b[01m\x1b[K/home/unitree/106a_final/src/arm_driver/src/servo_driver.cpp:8\x1b[m\x1b[K:\n'}
[10.177046] (arm_driver) StderrLine: {'line': b'\x1b[01m\x1b[K/usr/local/include/ddscxx/org/eclipse/cyclonedds/topic/datatopic.hpp:\x1b[m\x1b[K In function \xe2\x80\x98\x1b[01m\x1b[Kbool read_header(const void*, org::eclipse::cyclonedds::core::cdr::encoding_version&, org::eclipse::cyclonedds::core::cdr::endianness&)\x1b[m\x1b[K\xe2\x80\x99:\n'}
[10.177197] (arm_driver) StderrLine: {'line': b'\x1b[01m\x1b[K/usr/local/include/ddscxx/org/eclipse/cyclonedds/topic/datatopic.hpp:213:54:\x1b[m\x1b[K \x1b[01;31m\x1b[Kerror: \x1b[m\x1b[K\xe2\x80\x98\x1b[01m\x1b[KDDS_DATA_REPRESENTATION_FLAG_XCDR1\x1b[m\x1b[K\xe2\x80\x99 was not declared in this scope\n'}
[10.177328] (arm_driver) StderrLine: {'line': b'  213 |           if (TopicTraits<T>::allowableEncodings() & \x1b[01;31m\x1b[KDDS_DATA_REPRESENTATION_FLAG_XCDR1\x1b[m\x1b[K)\n'}
[10.177452] (arm_driver) StderrLine: {'line': b'      |                                                      \x1b[01;31m\x1b[K^~~~~~~~~~~~~~~~~~~~~~~~~~~~~~~~~~\x1b[m\x1b[K\n'}
[10.190187] (vision_node) Command: {'cmd': ['/usr/bin/python3', 'setup.py', 'egg_info', '--egg-base', '../../build/vision_node', 'build', '--build-base', '/home/unitree/106a_final/build/vision_node/build', 'install', '--record', '/home/unitree/106a_final/build/vision_node/install.log', '--install-scripts', '$base/lib/vision_node', '--single-version-externally-managed'], 'cwd': '/home/unitree/106a_final/src/vision_node', 'env': {'LESSOPEN': '| /usr/bin/lesspipe %s', 'USER': 'unitree', 'SSH_CLIENT': '192.168.50.246 51974 22', 'XDG_SESSION_TYPE': 'tty', 'GIT_ASKPASS': '/home/unitree/.vscode-server/cli/servers/Stable-5437499feb04f7a586f677b155b039bc2b3669eb/server/extensions/git/dist/askpass.sh', 'SHLVL': '2', 'LD_LIBRARY_PATH': '/usr/local/cuda-11.4/lib64:/usr/local/lib:/home/unitree/cyclonedds_ws/install/rmw_cyclonedds_cpp/lib:/home/unitree/cyclonedds_ws/install/cyclonedds/lib:/opt/ros/foxy/opt/yaml_cpp_vendor/lib:/opt/ros/foxy/opt/rviz_ogre_vendor/lib:/opt/ros/foxy/lib/aarch64-linux-gnu:/opt/ros/foxy/lib:/usr/local/cuda-11.4/lib64:', 'BROWSER': '/home/unitree/.vscode-server/cli/servers/Stable-5437499feb04f7a586f677b155b039bc2b3669eb/server/bin/helpers/browser.sh', 'MOTD_SHOWN': 'pam', 'HOME': '/home/unitree', 'CYCLONEDDS_URI': '/home/unitree/cyclonedds_ws/cyclonedds.xml', 'OLDPWD': '/home/unitree/106a_final/src/d1_sdk', 'TERM_PROGRAM_VERSION': '1.90.2', 'VSCODE_IPC_HOOK_CLI': '/run/user/1000/vscode-ipc-1a497d47-852b-4f1f-aaa2-4938e62856a5.sock', 'ROS_PYTHON_VERSION': '3', 'VSCODE_GIT_ASKPASS_MAIN': '/home/unitree/.vscode-server/cli/servers/Stable-5437499feb04f7a586f677b155b039bc2b3669eb/server/extensions/git/dist/askpass-main.js', 'VSCODE_GIT_ASKPASS_NODE': '/home/unitree/.vscode-server/cli/servers/Stable-5437499feb04f7a586f677b155b039bc2b3669eb/server/node', 'SSL_CERT_FILE': '/usr/lib/ssl/certs/ca-certificates.crt', 'DBUS_SESSION_BUS_ADDRESS': 'unix:path=/run/user/1000/bus', 'COLORTERM': 'truecolor', 'COLCON_PREFIX_PATH': '/home/unitree/cyclonedds_ws/install', 'ROS_DISTRO': 'foxy', 'LOGNAME': 'unitree', '_': '/usr/bin/colcon', 'ROS_VERSION': '2', 'PKG_CONFIG_PATH': '/home/unitree/cyclonedds_ws/install/cyclonedds/lib/aarch64-linux-gnu/pkgconfig:/home/unitree/cyclonedds_ws/install/cyclonedds/lib/pkgconfig', 'XDG_SESSION_CLASS': 'user', 'TERM': 'xterm-256color', 'XDG_SESSION_ID': '11', 'ROS_LOCALHOST_ONLY': '0', 'PATH': '/usr/local/cuda-11.4/bin:/home/unitree/cyclonedds_ws/install/cyclonedds/bin:/opt/ros/foxy/bin:/home/unitree/.vscode-server/cli/servers/Stable-5437499feb04f7a586f677b155b039bc2b3669eb/server/bin/remote-cli:/home/unitree/.local/bin:/usr/local/cuda-11.4/bin:/home/unitree/.local/bin:/usr/local/sbin:/usr/local/bin:/usr/sbin:/usr/bin:/sbin:/bin:/usr/games:/usr/local/games:/snap/bin', 'XDG_RUNTIME_DIR': '/run/user/1000', 'SSL_CERT_DIR': '/usr/lib/ssl/certs', 'LANG': 'en_US.UTF-8', 'RMW_IMPLEMENTATION': 'rmw_cyclonedds_cpp', 'LS_COLORS': 'rs=0:di=01;34:ln=01;36:mh=00:pi=40;33:so=01;35:do=01;35:bd=40;33;01:cd=40;33;01:or=40;31;01:mi=00:su=37;41:sg=30;43:ca=30;41:tw=30;42:ow=34;42:st=37;44:ex=01;32:*.tar=01;31:*.tgz=01;31:*.arc=01;31:*.arj=01;31:*.taz=01;31:*.lha=01;31:*.lz4=01;31:*.lzh=01;31:*.lzma=01;31:*.tlz=01;31:*.txz=01;31:*.tzo=01;31:*.t7z=01;31:*.zip=01;31:*.z=01;31:*.dz=01;31:*.gz=01;31:*.lrz=01;31:*.lz=01;31:*.lzo=01;31:*.xz=01;31:*.zst=01;31:*.tzst=01;31:*.bz2=01;31:*.bz=01;31:*.tbz=01;31:*.tbz2=01;31:*.tz=01;31:*.deb=01;31:*.rpm=01;31:*.jar=01;31:*.war=01;31:*.ear=01;31:*.sar=01;31:*.rar=01;31:*.alz=01;31:*.ace=01;31:*.zoo=01;31:*.cpio=01;31:*.7z=01;31:*.rz=01;31:*.cab=01;31:*.wim=01;31:*.swm=01;31:*.dwm=01;31:*.esd=01;31:*.jpg=01;35:*.jpeg=01;35:*.mjpg=01;35:*.mjpeg=01;35:*.gif=01;35:*.bmp=01;35:*.pbm=01;35:*.pgm=01;35:*.ppm=01;35:*.tga=01;35:*.xbm=01;35:*.xpm=01;35:*.tif=01;35:*.tiff=01;35:*.png=01;35:*.svg=01;35:*.svgz=01;35:*.mng=01;35:*.pcx=01;35:*.mov=01;35:*.mpg=01;35:*.mpeg=01;35:*.m2v=01;35:*.mkv=01;35:*.webm=01;35:*.ogm=01;35:*.mp4=01;35:*.m4v=01;35:*.mp4v=01;35:*.vob=01;35:*.qt=01;35:*.nuv=01;35:*.wmv=01;35:*.asf=01;35:*.rm=01;35:*.rmvb=01;35:*.flc=01;35:*.avi=01;35:*.fli=01;35:*.flv=01;35:*.gl=01;35:*.dl=01;35:*.xcf=01;35:*.xwd=01;35:*.yuv=01;35:*.cgm=01;35:*.emf=01;35:*.ogv=01;35:*.ogx=01;35:*.aac=00;36:*.au=00;36:*.flac=00;36:*.m4a=00;36:*.mid=00;36:*.midi=00;36:*.mka=00;36:*.mp3=00;36:*.mpc=00;36:*.ogg=00;36:*.ra=00;36:*.wav=00;36:*.oga=00;36:*.opus=00;36:*.spx=00;36:*.xspf=00;36:', 'VSCODE_GIT_IPC_HANDLE': '/run/user/1000/vscode-git-403e0bf87f.sock', 'TERM_PROGRAM': 'vscode', 'AMENT_PREFIX_PATH': '/home/unitree/cyclonedds_ws/install/rmw_cyclonedds_cpp:/opt/ros/foxy', 'SHELL': '/bin/bash', 'LESSCLOSE': '/usr/bin/lesspipe %s %s', 'VSCODE_GIT_ASKPASS_EXTRA_ARGS': '', 'PWD': '/home/unitree/106a_final/build/vision_node', 'LC_ALL': 'en_US.UTF-8', 'SSH_CONNECTION': '192.168.50.246 51974 192.168.50.28 22', 'XDG_DATA_DIRS': '/usr/local/share:/usr/share:/var/lib/snapd/desktop', 'PYTHONPATH': '/home/unitree/106a_final/build/vision_node/prefix_override:/home/unitree/106a_final/install/vision_node/lib/python3.8/site-packages:/opt/ros/foxy/lib/python3.8/site-packages', 'COLCON': '1', 'CMAKE_PREFIX_PATH': '/home/unitree/cyclonedds_ws/install/rmw_cyclonedds_cpp:/home/unitree/cyclonedds_ws/install/cyclonedds'}, 'shell': False}
[10.208011] (arm_driver) StderrLine: {'line': b'\x1b[01m\x1b[K/usr/local/include/ddscxx/org/eclipse/cyclonedds/topic/datatopic.hpp:\x1b[m\x1b[K In member function \xe2\x80\x98\x1b[01m\x1b[Kvoid ddscxx_serdata<T>::populate_hash()\x1b[m\x1b[K\xe2\x80\x99:\n'}
[10.210113] (arm_driver) StderrLine: {'line': b'\x1b[01m\x1b[K/usr/local/include/ddscxx/org/eclipse/cyclonedds/topic/datatopic.hpp:766:11:\x1b[m\x1b[K \x1b[01;31m\x1b[Kerror: \x1b[m\x1b[K\xe2\x80\x98\x1b[01m\x1b[Ktype\x1b[m\x1b[K\xe2\x80\x99 was not declared in this scope\n'}
[10.210635] (arm_driver) StderrLine: {'line': b'  766 |   hash ^= \x1b[01;31m\x1b[Ktype\x1b[m\x1b[K->serdata_basehash;\n'}
[10.211729] (arm_driver) StderrLine: {'line': b'      |           \x1b[01;31m\x1b[K^~~~\x1b[m\x1b[K\n'}
[10.211992] (realsense2_camera) StdoutLine: {'line': b'-- Up-to-date symlink: /home/unitree/106a_final/install/realsense2_camera/share/ament_index/resource_index/packages/realsense2_camera\n'}
[10.213244] (realsense2_camera) StdoutLine: {'line': b'-- Up-to-date symlink: /home/unitree/106a_final/install/realsense2_camera/share/ament_index/resource_index/rclcpp_components/realsense2_camera\n'}
[10.213484] (realsense2_camera) StdoutLine: {'line': b'-- Up-to-date symlink: /home/unitree/106a_final/install/realsense2_camera/share/realsense2_camera/cmake/ament_cmake_export_include_directories-extras.cmake\n'}
[10.213695] (realsense2_camera) StdoutLine: {'line': b'-- Up-to-date symlink: /home/unitree/106a_final/install/realsense2_camera/share/realsense2_camera/cmake/ament_cmake_export_libraries-extras.cmake\n'}
[10.213841] (realsense2_camera) StdoutLine: {'line': b'-- Up-to-date symlink: /home/unitree/106a_final/install/realsense2_camera/share/realsense2_camera/cmake/ament_cmake_export_dependencies-extras.cmake\n'}
[10.214651] (realsense2_camera) StdoutLine: {'line': b'-- Up-to-date symlink: /home/unitree/106a_final/install/realsense2_camera/share/realsense2_camera/cmake/realsense2_cameraConfig.cmake\n'}
[10.214809] (realsense2_camera) StdoutLine: {'line': b'-- Up-to-date symlink: /home/unitree/106a_final/install/realsense2_camera/share/realsense2_camera/cmake/realsense2_cameraConfig-version.cmake\n'}
[10.214948] (realsense2_camera) StdoutLine: {'line': b'-- Up-to-date symlink: /home/unitree/106a_final/install/realsense2_camera/share/realsense2_camera/package.xml\n'}
[10.233217] (realsense2_camera) CommandEnded: {'returncode': 0}
[10.257433] (-) TimerEvent: {}
[10.358112] (-) TimerEvent: {}
[10.458946] (-) TimerEvent: {}
[10.561345] (-) TimerEvent: {}
[10.662194] (-) TimerEvent: {}
[10.684767] (vision_node) StdoutLine: {'line': b'running egg_info\n'}
[10.685914] (vision_node) StdoutLine: {'line': b'writing ../../build/vision_node/vision_node.egg-info/PKG-INFO\n'}
[10.686731] (vision_node) StdoutLine: {'line': b'writing dependency_links to ../../build/vision_node/vision_node.egg-info/dependency_links.txt\n'}
[10.687016] (vision_node) StdoutLine: {'line': b'writing entry points to ../../build/vision_node/vision_node.egg-info/entry_points.txt\n'}
[10.687364] (vision_node) StdoutLine: {'line': b'writing requirements to ../../build/vision_node/vision_node.egg-info/requires.txt\n'}
[10.687582] (vision_node) StdoutLine: {'line': b'writing top-level names to ../../build/vision_node/vision_node.egg-info/top_level.txt\n'}
[10.752029] (vision_node) StdoutLine: {'line': b"reading manifest file '../../build/vision_node/vision_node.egg-info/SOURCES.txt'\n"}
[10.755876] (vision_node) StdoutLine: {'line': b"writing manifest file '../../build/vision_node/vision_node.egg-info/SOURCES.txt'\n"}
[10.756306] (vision_node) StdoutLine: {'line': b'running build\n'}
[10.756480] (vision_node) StdoutLine: {'line': b'running build_py\n'}
[10.756625] (vision_node) StdoutLine: {'line': b'running install\n'}
[10.758187] (vision_node) StdoutLine: {'line': b'running install_lib\n'}
[10.762184] (vision_node) StdoutLine: {'line': b'running install_data\n'}
[10.763348] (-) TimerEvent: {}
[10.764528] (vision_node) StdoutLine: {'line': b'running install_egg_info\n'}
[10.769775] (vision_node) StdoutLine: {'line': b"removing '/home/unitree/106a_final/install/vision_node/lib/python3.8/site-packages/vision_node-0.0.0-py3.8.egg-info' (and everything under it)\n"}
[10.778795] (vision_node) StdoutLine: {'line': b'Copying ../../build/vision_node/vision_node.egg-info to /home/unitree/106a_final/install/vision_node/lib/python3.8/site-packages/vision_node-0.0.0-py3.8.egg-info\n'}
[10.787470] (vision_node) StdoutLine: {'line': b'running install_scripts\n'}
[10.830251] (vision_node) StdoutLine: {'line': b'Installing pingpong_node script to /home/unitree/106a_final/install/vision_node/lib/vision_node\n'}
[10.832397] (vision_node) StdoutLine: {'line': b"writing list of installed files to '/home/unitree/106a_final/build/vision_node/install.log'\n"}
[10.863639] (-) TimerEvent: {}
[10.964553] (-) TimerEvent: {}
[11.065965] (-) TimerEvent: {}
[11.142397] (realsense2_camera) JobEnded: {'identifier': 'realsense2_camera', 'rc': 0}
[11.144654] (vision_node) CommandEnded: {'returncode': 0}
[11.166209] (-) TimerEvent: {}
[11.267298] (-) TimerEvent: {}
[11.368858] (-) TimerEvent: {}
[11.424056] (vision_node) JobEnded: {'identifier': 'vision_node', 'rc': 0}
[11.469066] (-) TimerEvent: {}
[11.569900] (-) TimerEvent: {}
[11.670642] (-) TimerEvent: {}
[11.771376] (-) TimerEvent: {}
[11.872112] (-) TimerEvent: {}
[11.973088] (-) TimerEvent: {}
[12.073818] (-) TimerEvent: {}
[12.174545] (-) TimerEvent: {}
[12.275350] (-) TimerEvent: {}
[12.321488] (arm_driver) StderrLine: {'line': b'In file included from \x1b[01m\x1b[K/usr/local/include/ddscxx/dds/topic/detail/BuiltinTopic.hpp:23\x1b[m\x1b[K,\n'}
[12.322056] (arm_driver) StderrLine: {'line': b'                 from \x1b[01m\x1b[K/usr/local/include/ddscxx/dds/topic/BuiltinTopic.hpp:22\x1b[m\x1b[K,\n'}
[12.322245] (arm_driver) StderrLine: {'line': b'                 from \x1b[01m\x1b[K/usr/local/include/ddscxx/org/eclipse/cyclonedds/sub/AnyDataReaderDelegate.hpp:36\x1b[m\x1b[K,\n'}
[12.322395] (arm_driver) StderrLine: {'line': b'                 from \x1b[01m\x1b[K/usr/local/include/ddscxx/dds/topic/detail/ContentFilteredTopic.hpp:31\x1b[m\x1b[K,\n'}
[12.322527] (arm_driver) StderrLine: {'line': b'                 from \x1b[01m\x1b[K/usr/local/include/ddscxx/dds/topic/ContentFilteredTopic.hpp:22\x1b[m\x1b[K,\n'}
[12.322656] (arm_driver) StderrLine: {'line': b'                 from \x1b[01m\x1b[K/usr/local/include/ddscxx/dds/topic/ddstopic.hpp:25\x1b[m\x1b[K,\n'}
[12.322780] (arm_driver) StderrLine: {'line': b'                 from \x1b[01m\x1b[K/usr/local/include/ddscxx/dds/dds.hpp:35\x1b[m\x1b[K,\n'}
[12.322903] (arm_driver) StderrLine: {'line': b'                 from \x1b[01m\x1b[K/usr/local/include/unitree/common/dds/dds_entity.hpp:4\x1b[m\x1b[K,\n'}
[12.323020] (arm_driver) StderrLine: {'line': b'                 from \x1b[01m\x1b[K/usr/local/include/unitree/common/dds/dds_topic_channel.hpp:4\x1b[m\x1b[K,\n'}
[12.323138] (arm_driver) StderrLine: {'line': b'                 from \x1b[01m\x1b[K/usr/local/include/unitree/common/dds/dds_factory_model.hpp:5\x1b[m\x1b[K,\n'}
[12.323285] (arm_driver) StderrLine: {'line': b'                 from \x1b[01m\x1b[K/usr/local/include/unitree/robot/channel/channel_factory.hpp:4\x1b[m\x1b[K,\n'}
[12.323413] (arm_driver) StderrLine: {'line': b'                 from \x1b[01m\x1b[K/usr/local/include/unitree/robot/channel/channel_publisher.hpp:4\x1b[m\x1b[K,\n'}
[12.323532] (arm_driver) StderrLine: {'line': b'                 from \x1b[01m\x1b[K/home/unitree/106a_final/src/arm_driver/src/servo_driver.cpp:8\x1b[m\x1b[K:\n'}
[12.323655] (arm_driver) StderrLine: {'line': b'/usr/local/include/ddscxx/dds/topic/detail/TTopicImpl.hpp: In instantiation of \xe2\x80\x98\x1b[01m\x1b[Kdds::topic::detail::Topic<T>::Topic(const DomainParticipant&, const string&, const string&, const TopicQos&, dds::topic::TopicListener<T>*, const dds::core::status::StatusMask&) [with T = unitree_arm::msg::dds_::ArmString_; dds::domain::DomainParticipant = dds::domain::TDomainParticipant<org::eclipse::cyclonedds::domain::DomainParticipantDelegate>; std::string = std::__cxx11::basic_string<char>; dds::topic::qos::TopicQos = dds::core::TEntityQos<org::eclipse::cyclonedds::topic::qos::TopicQosDelegate>]\x1b[m\x1b[K\xe2\x80\x99:\n'}
[12.323840] (arm_driver) StderrLine: {'line': b'\x1b[01m\x1b[K/usr/local/include/ddscxx/dds/topic/detail/TTopicImpl.hpp:84:45:\x1b[m\x1b[K   required from \xe2\x80\x98\x1b[01m\x1b[Kdds::topic::Topic<T, DELEGATE>::Topic(const DomainParticipant&, const string&, const TopicQos&, dds::topic::TopicListener<T>*, const dds::core::status::StatusMask&) [with T = unitree_arm::msg::dds_::ArmString_; DELEGATE = dds::topic::detail::Topic; dds::domain::DomainParticipant = dds::domain::TDomainParticipant<org::eclipse::cyclonedds::domain::DomainParticipantDelegate>; std::string = std::__cxx11::basic_string<char>; dds::topic::qos::TopicQos = dds::core::TEntityQos<org::eclipse::cyclonedds::topic::qos::TopicQosDelegate>]\x1b[m\x1b[K\xe2\x80\x99\n'}
[12.324011] (arm_driver) StderrLine: {'line': b'\x1b[01m\x1b[K/usr/local/include/unitree/common/dds/dds_entity.hpp:117:19:\x1b[m\x1b[K   required from \xe2\x80\x98\x1b[01m\x1b[Kunitree::common::DdsTopic<MSG>::DdsTopic(const DdsParticipantPtr&, const string&, const unitree::common::DdsTopicQos&) [with MSG = unitree_arm::msg::dds_::ArmString_; unitree::common::DdsParticipantPtr = std::shared_ptr<unitree::common::DdsParticipant>; std::string = std::__cxx11::basic_string<char>]\x1b[m\x1b[K\xe2\x80\x99\n'}
[12.324159] (arm_driver) StderrLine: {'line': b'\x1b[01m\x1b[K/usr/local/include/unitree/common/dds/dds_topic_channel.hpp:39:35:\x1b[m\x1b[K   required from \xe2\x80\x98\x1b[01m\x1b[Kvoid unitree::common::DdsTopicChannel<MSG>::SetTopic(const DdsParticipantPtr&, const string&, const unitree::common::DdsTopicQos&) [with MSG = unitree_arm::msg::dds_::ArmString_; unitree::common::DdsParticipantPtr = std::shared_ptr<unitree::common::DdsParticipant>; std::string = std::__cxx11::basic_string<char>]\x1b[m\x1b[K\xe2\x80\x99\n'}
[12.324297] (arm_driver) StderrLine: {'line': b'\x1b[01m\x1b[K/usr/local/include/unitree/common/dds/dds_factory_model.hpp:25:9:\x1b[m\x1b[K   required from \xe2\x80\x98\x1b[01m\x1b[Kunitree::common::DdsTopicChannelPtr<MSG> unitree::common::DdsFactoryModel::CreateTopicChannel(const string&) [with MSG = unitree_arm::msg::dds_::ArmString_; unitree::common::DdsTopicChannelPtr<MSG> = std::shared_ptr<unitree::common::DdsTopicChannel<unitree_arm::msg::dds_::ArmString_> >; std::string = std::__cxx11::basic_string<char>]\x1b[m\x1b[K\xe2\x80\x99\n'}
[12.324420] (arm_driver) StderrLine: {'line': b'\x1b[01m\x1b[K/usr/local/include/unitree/robot/channel/channel_factory.hpp:34:25:\x1b[m\x1b[K   required from \xe2\x80\x98\x1b[01m\x1b[Kunitree::robot::ChannelPtr<MSG> unitree::robot::ChannelFactory::CreateSendChannel(const string&) [with MSG = unitree_arm::msg::dds_::ArmString_; unitree::robot::ChannelPtr<MSG> = std::shared_ptr<unitree::common::DdsTopicChannel<unitree_arm::msg::dds_::ArmString_> >; std::string = std::__cxx11::basic_string<char>]\x1b[m\x1b[K\xe2\x80\x99\n'}
[12.324546] (arm_driver) StderrLine: {'line': b'\x1b[01m\x1b[K/usr/local/include/unitree/robot/channel/channel_publisher.hpp:20:21:\x1b[m\x1b[K   required from \xe2\x80\x98\x1b[01m\x1b[Kvoid unitree::robot::ChannelPublisher<MSG>::InitChannel() [with MSG = unitree_arm::msg::dds_::ArmString_]\x1b[m\x1b[K\xe2\x80\x99\n'}
[12.324668] (arm_driver) StderrLine: {'line': b'\x1b[01m\x1b[K/home/unitree/106a_final/src/arm_driver/src/servo_driver.cpp:25:37:\x1b[m\x1b[K   required from here\n'}
[12.324786] (arm_driver) StderrLine: {'line': b'\x1b[01m\x1b[K/usr/local/include/ddscxx/dds/topic/detail/TTopicImpl.hpp:176:76:\x1b[m\x1b[K \x1b[01;31m\x1b[Kerror: \x1b[m\x1b[K\xe2\x80\x98\x1b[01m\x1b[KgetSerType\x1b[m\x1b[K\xe2\x80\x99 is not a member of \xe2\x80\x98\x1b[01m\x1b[Korg::eclipse::cyclonedds::topic::TopicTraits<unitree_arm::msg::dds_::ArmString_>\x1b[m\x1b[K\xe2\x80\x99\n'}
[12.324905] (arm_driver) StderrLine: {'line': b'  176 |     ser_type_ = \x1b[01;31m\x1b[Korg::eclipse::cyclonedds::topic::TopicTraits<T>::getSerType()\x1b[m\x1b[K;\n'}
[12.325023] (arm_driver) StderrLine: {'line': b'      |                 \x1b[01;31m\x1b[K~~~~~~~~~~~~~~~~~~~~~~~~~~~~~~~~~~~~~~~~~~~~~~~~~~~~~~~~~~~^~\x1b[m\x1b[K\n'}
[12.341050] (arm_driver) StderrLine: {'line': b'\x1b[01m\x1b[K/usr/local/include/ddscxx/dds/topic/detail/TTopicImpl.hpp:178:55:\x1b[m\x1b[K \x1b[01;31m\x1b[Kerror: \x1b[m\x1b[K\xe2\x80\x98\x1b[01m\x1b[Kdds_create_topic_sertype\x1b[m\x1b[K\xe2\x80\x99 was not declared in this scope; did you mean \xe2\x80\x98\x1b[01m\x1b[Kdds_create_topic_generic\x1b[m\x1b[K\xe2\x80\x99?\n'}
[12.341642] (arm_driver) StderrLine: {'line': b'  178 |     dds_entity_t ddsc_topic = \x1b[01;31m\x1b[Kdds_create_topic_sertype(\x1b[m\x1b[K\n'}
[12.341949] (arm_driver) StderrLine: {'line': b'      |                               \x1b[01;31m\x1b[K~~~~~~~~~~~~~~~~~~~~~~~~^\x1b[m\x1b[K\n'}
[12.342153] (arm_driver) StderrLine: {'line': b'  179 | \x1b[01;31m\x1b[K      ddsc_par, name.c_str(), &ser_type_, ddsc_qos, NULL, NULL)\x1b[m\x1b[K;\n'}
[12.342326] (arm_driver) StderrLine: {'line': b'      |       \x1b[01;31m\x1b[K~~~~~~~~~~~~~~~~~~~~~~~~~~~~~~~~~~~~~~~~~~~~~~~~~~~~~~~~~\x1b[m\x1b[K\n'}
[12.375506] (-) TimerEvent: {}
[12.476213] (-) TimerEvent: {}
[12.576969] (-) TimerEvent: {}
[12.677710] (-) TimerEvent: {}
[12.778440] (-) TimerEvent: {}
[12.879186] (-) TimerEvent: {}
[12.979949] (-) TimerEvent: {}
[13.080707] (-) TimerEvent: {}
[13.181470] (-) TimerEvent: {}
[13.282201] (-) TimerEvent: {}
[13.382958] (-) TimerEvent: {}
[13.483720] (-) TimerEvent: {}
[13.584450] (-) TimerEvent: {}
[13.685219] (-) TimerEvent: {}
[13.785959] (-) TimerEvent: {}
[13.886703] (-) TimerEvent: {}
[13.987451] (-) TimerEvent: {}
[14.088199] (-) TimerEvent: {}
[14.188986] (-) TimerEvent: {}
[14.289740] (-) TimerEvent: {}
[14.390498] (-) TimerEvent: {}
[14.491267] (-) TimerEvent: {}
[14.591992] (-) TimerEvent: {}
[14.693147] (-) TimerEvent: {}
[14.793951] (-) TimerEvent: {}
[14.894811] (-) TimerEvent: {}
[14.995611] (-) TimerEvent: {}
[15.096363] (-) TimerEvent: {}
[15.197556] (-) TimerEvent: {}
[15.298512] (-) TimerEvent: {}
[15.399527] (-) TimerEvent: {}
[15.500484] (-) TimerEvent: {}
[15.573203] (arm_driver) StderrLine: {'line': b'make[2]: *** [CMakeFiles/servo_driver.dir/build.make:63: CMakeFiles/servo_driver.dir/src/servo_driver.cpp.o] Error 1\n'}
[15.574426] (arm_driver) StderrLine: {'line': b'make[1]: *** [CMakeFiles/Makefile2:78: CMakeFiles/servo_driver.dir/all] Error 2\n'}
[15.574640] (arm_driver) StderrLine: {'line': b'make: *** [Makefile:141: all] Error 2\n'}
[15.578751] (arm_driver) CommandEnded: {'returncode': 2}
[15.600633] (-) TimerEvent: {}
[15.715427] (-) TimerEvent: {}
[15.816564] (-) TimerEvent: {}
[15.917298] (-) TimerEvent: {}
[15.971647] (arm_driver) JobEnded: {'identifier': 'arm_driver', 'rc': 2}
[15.983877] (-) EventReactorShutdown: {}
