[1.738s] Invoking command in '/home/unitree/106a_final/build/arm_driver': CMAKE_PREFIX_PATH=${CMAKE_PREFIX_PATH}:/opt/ros/foxy /usr/bin/cmake --build /home/unitree/106a_final/build/arm_driver -- -j4 -l4
[2.703s] -- Found ament_cmake: 0.9.12 (/opt/ros/foxy/share/ament_cmake/cmake)
[2.703s] -- Using PYTHON_EXECUTABLE: /usr/bin/python3
[2.703s] -- Found rclcpp: 2.4.3 (/opt/ros/foxy/share/rclcpp/cmake)
[2.704s] -- Using all available rosidl_typesupport_c: rosidl_typesupport_fastrtps_c;rosidl_typesupport_introspection_c
[2.704s] -- Found rosidl_adapter: 1.3.1 (/opt/ros/foxy/share/rosidl_adapter/cmake)
[2.704s] -- Using all available rosidl_typesupport_cpp: rosidl_typesupport_fastrtps_cpp;rosidl_typesupport_introspection_cpp
[2.704s] -- Found rmw_implementation_cmake: 1.0.4 (/opt/ros/foxy/share/rmw_implementation_cmake/cmake)
[2.704s] -- Using RMW implementation 'rmw_cyclonedds_cpp' as default
[3.239s] -- Configuring done
[3.256s] -- Generating done
[3.266s] -- Build files have been written to: /home/unitree/106a_final/build/arm_driver
[3.368s] [35m[1mScanning dependencies of target servo_driver[0m
[3.694s] [ 33%] [32mBuilding CXX object CMakeFiles/servo_driver.dir/home/unitree/106a_final/src/d1_sdk/src/msg/ArmString_.cpp.o[0m
[3.709s] [ 66%] [32mBuilding CXX object CMakeFiles/servo_driver.dir/src/servo_driver.cpp.o[0m
[5.040s] In file included from [01m[K/usr/local/include/ddscxx/org/eclipse/cyclonedds/topic/datatopic.hpp:26[m[K,
[5.040s]                  from [01m[K/home/unitree/106a_final/src/d1_sdk/src/msg/ArmString_.hpp:57[m[K,
[5.040s]                  from [01m[K/home/unitree/106a_final/src/d1_sdk/src/msg/ArmString_.cpp:9[m[K:
[5.041s] [01m[K/usr/local/include/ddscxx/org/eclipse/cyclonedds/topic/TopicTraits.hpp:95:12:[m[K [01;31m[Kerror: [m[Kâ€˜[01m[Kddsi_sertype[m[Kâ€™ does not name a type; did you mean â€˜[01m[Kddscxx_sertype[m[Kâ€™?
[5.041s]    95 |     static [01;31m[Kddsi_sertype[m[K *getSerType(allowable_encodings_t kinds = allowableEncodings())
[5.041s]       |            [01;31m[K^~~~~~~~~~~~[m[K
[5.041s]       |            [32m[Kddscxx_sertype[m[K
[5.041s] [01m[K/usr/local/include/ddscxx/org/eclipse/cyclonedds/topic/TopicTraits.hpp:167:12:[m[K [01;31m[Kerror: [m[Kâ€˜[01m[Kddsi_typeid_t[m[Kâ€™ does not name a type; did you mean â€˜[01m[Kdds_time_t[m[Kâ€™?
[5.041s]   167 |     static [01;31m[Kddsi_typeid_t[m[K* getTypeId(const struct ddsi_sertype *, ddsi_typeid_kind_t kind)
[5.041s]       |            [01;31m[K^~~~~~~~~~~~~[m[K
[5.041s]       |            [32m[Kdds_time_t[m[K
[5.046s] [01m[K/usr/local/include/ddscxx/org/eclipse/cyclonedds/topic/TopicTraits.hpp:188:12:[m[K [01;31m[Kerror: [m[Kâ€˜[01m[Kddsi_typemap_t[m[Kâ€™ does not name a type
[5.047s]   188 |     static [01;31m[Kddsi_typemap_t[m[K* getTypeMap(const struct ddsi_sertype *)
[5.047s]       |            [01;31m[K^~~~~~~~~~~~~~[m[K
[5.050s] [01m[K/usr/local/include/ddscxx/org/eclipse/cyclonedds/topic/TopicTraits.hpp:202:12:[m[K [01;31m[Kerror: [m[Kâ€˜[01m[Kddsi_typeinfo_t[m[Kâ€™ does not name a type
[5.050s]   202 |     static [01;31m[Kddsi_typeinfo_t[m[K* getTypeInfo(const struct ddsi_sertype *)
[5.050s]       |            [01;31m[K^~~~~~~~~~~~~~~[m[K
[5.050s] [01m[K/usr/local/include/ddscxx/org/eclipse/cyclonedds/topic/TopicTraits.hpp:266:76:[m[K [01;31m[Kerror: [m[Kâ€˜[01m[Kdds_data_representation_id_t[m[Kâ€™ has not been declared
[5.050s]   266 |     static struct ddsi_sertype* deriveSertype(const struct ddsi_sertype *, [01;31m[Kdds_data_representation_id_t[m[K data_representation, dds_type_consistency_enforcement_qospolicy_t)
[5.051s]       |                                                                            [01;31m[K^~~~~~~~~~~~~~~~~~~~~~~~~~~~[m[K
[5.051s] [01m[K/usr/local/include/ddscxx/org/eclipse/cyclonedds/topic/TopicTraits.hpp:266:126:[m[K [01;31m[Kerror: [m[Kâ€˜[01m[Kdds_type_consistency_enforcement_qospolicy_t[m[Kâ€™ has not been declared
[5.051s]   266 |     static struct ddsi_sertype* deriveSertype(const struct ddsi_sertype *, dds_data_representation_id_t data_representation, [01;31m[Kdds_type_consistency_enforcement_qospolicy_t[m[K)
[5.051s]       |                                                                                                                              [01;31m[K^~~~~~~~~~~~~~~~~~~~~~~~~~~~~~~~~~~~~~~~~~~~[m[K
[5.055s] In file included from [01m[K/usr/local/include/ddscxx/org/eclipse/cyclonedds/topic/datatopic.hpp:26[m[K,
[5.056s]                  from [01m[K/home/unitree/106a_final/src/d1_sdk/src/msg/ArmString_.hpp:57[m[K,
[5.056s]                  from [01m[K/home/unitree/106a_final/src/d1_sdk/src/msg/ArmString_.cpp:9[m[K:
[5.056s] [01m[K/usr/local/include/ddscxx/org/eclipse/cyclonedds/topic/TopicTraits.hpp:[m[K In static member function â€˜[01m[Kstatic org::eclipse::cyclonedds::topic::ddsi_sertype* org::eclipse::cyclonedds::topic::TopicTraits<TOPIC>::deriveSertype(const org::eclipse::cyclonedds::topic::ddsi_sertype*, int, int)[m[Kâ€™:
[5.056s] [01m[K/usr/local/include/ddscxx/org/eclipse/cyclonedds/topic/TopicTraits.hpp:270:16:[m[K [01;31m[Kerror: [m[Kâ€˜[01m[KDDS_DATA_REPRESENTATION_XCDR1[m[Kâ€™ was not declared in this scope
[5.056s]   270 |           case [01;31m[KDDS_DATA_REPRESENTATION_XCDR1[m[K:
[5.056s]       |                [01;31m[K^~~~~~~~~~~~~~~~~~~~~~~~~~~~~[m[K
[5.061s] [01m[K/usr/local/include/ddscxx/org/eclipse/cyclonedds/topic/TopicTraits.hpp:271:32:[m[K [01;31m[Kerror: [m[Kâ€˜[01m[KDDS_DATA_REPRESENTATION_FLAG_XCDR1[m[Kâ€™ was not declared in this scope
[5.061s]   271 |               ptr = getSerType([01;31m[KDDS_DATA_REPRESENTATION_FLAG_XCDR1[m[K);
[5.061s]       |                                [01;31m[K^~~~~~~~~~~~~~~~~~~~~~~~~~~~~~~~~~[m[K
[5.067s] [01m[K/usr/local/include/ddscxx/org/eclipse/cyclonedds/topic/TopicTraits.hpp:271:21:[m[K [01;31m[Kerror: [m[Kthere are no arguments to â€˜[01m[KgetSerType[m[Kâ€™ that depend on a template parameter, so a declaration of â€˜[01m[KgetSerType[m[Kâ€™ must be available [[01;31m[K-fpermissive[m[K]
[5.067s]   271 |               ptr = [01;31m[KgetSerType[m[K(DDS_DATA_REPRESENTATION_FLAG_XCDR1);
[5.067s]       |                     [01;31m[K^~~~~~~~~~[m[K
[5.068s] [01m[K/usr/local/include/ddscxx/org/eclipse/cyclonedds/topic/TopicTraits.hpp:271:21:[m[K [01;36m[Knote: [m[K(if you use â€˜[01m[K-fpermissive[m[Kâ€™, G++ will accept your code, but allowing the use of an undeclared name is deprecated)
[5.068s] [01m[K/usr/local/include/ddscxx/org/eclipse/cyclonedds/topic/TopicTraits.hpp:273:16:[m[K [01;31m[Kerror: [m[Kâ€˜[01m[KDDS_DATA_REPRESENTATION_XCDR2[m[Kâ€™ was not declared in this scope
[5.068s]   273 |           case [01;31m[KDDS_DATA_REPRESENTATION_XCDR2[m[K:
[5.068s]       |                [01;31m[K^~~~~~~~~~~~~~~~~~~~~~~~~~~~~[m[K
[5.071s] [01m[K/usr/local/include/ddscxx/org/eclipse/cyclonedds/topic/TopicTraits.hpp:274:32:[m[K [01;31m[Kerror: [m[Kâ€˜[01m[KDDS_DATA_REPRESENTATION_FLAG_XCDR2[m[Kâ€™ was not declared in this scope
[5.072s]   274 |               ptr = getSerType([01;31m[KDDS_DATA_REPRESENTATION_FLAG_XCDR2[m[K);
[5.072s]       |                                [01;31m[K^~~~~~~~~~~~~~~~~~~~~~~~~~~~~~~~~~[m[K
[5.072s] [01m[K/usr/local/include/ddscxx/org/eclipse/cyclonedds/topic/TopicTraits.hpp:274:21:[m[K [01;31m[Kerror: [m[Kthere are no arguments to â€˜[01m[KgetSerType[m[Kâ€™ that depend on a template parameter, so a declaration of â€˜[01m[KgetSerType[m[Kâ€™ must be available [[01;31m[K-fpermissive[m[K]
[5.072s]   274 |               ptr = [01;31m[KgetSerType[m[K(DDS_DATA_REPRESENTATION_FLAG_XCDR2);
[5.072s]       |                     [01;31m[K^~~~~~~~~~[m[K
[5.072s] [01m[K/usr/local/include/ddscxx/org/eclipse/cyclonedds/topic/TopicTraits.hpp:278:52:[m[K [01;35m[Kwarning: [m[Kinvalid use of incomplete type â€˜[01m[Kstruct org::eclipse::cyclonedds::topic::ddsi_sertype[m[Kâ€™
[5.072s]   278 |             uint32_t refc = ddsrt_atomic_ld32 (&ptr[01;35m[K->[m[Kflags_refc);
[5.073s]       |                                                    [01;35m[K^~[m[K
[5.073s] In file included from [01m[K/usr/local/include/ddscxx/org/eclipse/cyclonedds/topic/datatopic.hpp:26[m[K,
[5.073s]                  from [01m[K/home/unitree/106a_final/src/d1_sdk/src/msg/ArmString_.hpp:57[m[K,
[5.073s]                  from [01m[K/home/unitree/106a_final/src/d1_sdk/src/msg/ArmString_.cpp:9[m[K:
[5.073s] [01m[K/usr/local/include/ddscxx/org/eclipse/cyclonedds/topic/TopicTraits.hpp:266:19:[m[K [01;36m[Knote: [m[Kforward declaration of â€˜[01m[Kstruct org::eclipse::cyclonedds::topic::ddsi_sertype[m[Kâ€™
[5.073s]   266 |     static struct [01;36m[Kddsi_sertype[m[K* deriveSertype(const struct ddsi_sertype *, dds_data_representation_id_t data_representation, dds_type_consistency_enforcement_qospolicy_t)
[5.074s]       |                   [01;36m[K^~~~~~~~~~~~[m[K
[5.074s] In file included from [01m[K/usr/local/include/ddscxx/org/eclipse/cyclonedds/topic/datatopic.hpp:26[m[K,
[5.074s]                  from [01m[K/home/unitree/106a_final/src/d1_sdk/src/msg/ArmString_.hpp:57[m[K,
[5.074s]                  from [01m[K/home/unitree/106a_final/src/d1_sdk/src/msg/ArmString_.cpp:9[m[K:
[5.074s] [01m[K/usr/local/include/ddscxx/org/eclipse/cyclonedds/topic/TopicTraits.hpp:279:36:[m[K [01;35m[Kwarning: [m[Kinvalid use of incomplete type â€˜[01m[Kstruct org::eclipse::cyclonedds::topic::ddsi_sertype[m[Kâ€™
[5.074s]   279 |             ddsrt_atomic_st32 (&ptr[01;35m[K->[m[Kflags_refc, refc & ~DDSI_SERTYPE_REFC_MASK);
[5.074s]       |                                    [01;35m[K^~[m[K
[5.074s] In file included from [01m[K/usr/local/include/ddscxx/org/eclipse/cyclonedds/topic/datatopic.hpp:26[m[K,
[5.075s]                  from [01m[K/home/unitree/106a_final/src/d1_sdk/src/msg/ArmString_.hpp:57[m[K,
[5.075s]                  from [01m[K/home/unitree/106a_final/src/d1_sdk/src/msg/ArmString_.cpp:9[m[K:
[5.075s] [01m[K/usr/local/include/ddscxx/org/eclipse/cyclonedds/topic/TopicTraits.hpp:266:19:[m[K [01;36m[Knote: [m[Kforward declaration of â€˜[01m[Kstruct org::eclipse::cyclonedds::topic::ddsi_sertype[m[Kâ€™
[5.075s]   266 |     static struct [01;36m[Kddsi_sertype[m[K* deriveSertype(const struct ddsi_sertype *, dds_data_representation_id_t data_representation, dds_type_consistency_enforcement_qospolicy_t)
[5.075s]       |                   [01;36m[K^~~~~~~~~~~~[m[K
[5.094s] In file included from [01m[K/usr/local/include/ddscxx/org/eclipse/cyclonedds/topic/datatopic.hpp:26[m[K,
[5.094s]                  from [01m[K/home/unitree/106a_final/src/d1_sdk/src/msg/ArmString_.hpp:57[m[K,
[5.094s]                  from [01m[K/home/unitree/106a_final/src/d1_sdk/src/msg/ArmString_.cpp:9[m[K:
[5.094s] [01m[K/usr/local/include/ddscxx/org/eclipse/cyclonedds/topic/TopicTraits.hpp:279:58:[m[K [01;31m[Kerror: [m[Kâ€˜[01m[KDDSI_SERTYPE_REFC_MASK[m[Kâ€™ was not declared in this scope
[5.094s]   279 |             ddsrt_atomic_st32 (&ptr->flags_refc, refc & ~[01;31m[KDDSI_SERTYPE_REFC_MASK[m[K);
[5.095s]       |                                                          [01;31m[K^~~~~~~~~~~~~~~~~~~~~~[m[K
[5.095s] In file included from [01m[K/home/unitree/106a_final/src/d1_sdk/src/msg/ArmString_.hpp:57[m[K,
[5.095s]                  from [01m[K/home/unitree/106a_final/src/d1_sdk/src/msg/ArmString_.cpp:9[m[K:
[5.095s] [01m[K/usr/local/include/ddscxx/org/eclipse/cyclonedds/topic/datatopic.hpp:[m[K In function â€˜[01m[Kbool read_header(const void*, org::eclipse::cyclonedds::core::cdr::encoding_version&, org::eclipse::cyclonedds::core::cdr::endianness&)[m[Kâ€™:
[5.095s] [01m[K/usr/local/include/ddscxx/org/eclipse/cyclonedds/topic/datatopic.hpp:213:54:[m[K [01;31m[Kerror: [m[Kâ€˜[01m[KDDS_DATA_REPRESENTATION_FLAG_XCDR1[m[Kâ€™ was not declared in this scope
[5.095s]   213 |           if (TopicTraits<T>::allowableEncodings() & [01;31m[KDDS_DATA_REPRESENTATION_FLAG_XCDR1[m[K)
[5.096s]       |                                                      [01;31m[K^~~~~~~~~~~~~~~~~~~~~~~~~~~~~~~~~~[m[K
[5.096s] [01m[K/usr/local/include/ddscxx/org/eclipse/cyclonedds/topic/datatopic.hpp:[m[K At global scope:
[5.096s] [01m[K/usr/local/include/ddscxx/org/eclipse/cyclonedds/topic/datatopic.hpp:380:9:[m[K [01;31m[Kerror: [m[Kâ€˜[01m[Kddsi_sertype[m[Kâ€™ does not name a type; did you mean â€˜[01m[Kddscxx_sertype[m[Kâ€™?
[5.096s]   380 |   const [01;31m[Kddsi_sertype[m[K* type,
[5.096s]       |         [01;31m[K^~~~~~~~~~~~[m[K
[5.096s]       |         [32m[Kddscxx_sertype[m[K
[5.097s] [01m[K/usr/local/include/ddscxx/org/eclipse/cyclonedds/topic/datatopic.hpp:406:9:[m[K [01;31m[Kerror: [m[Kâ€˜[01m[Kddsi_sertype[m[Kâ€™ does not name a type; did you mean â€˜[01m[Kddscxx_sertype[m[Kâ€™?
[5.097s]   406 |   const [01;31m[Kddsi_sertype[m[K* type,
[5.098s]       |         [01;31m[K^~~~~~~~~~~~[m[K
[5.098s]       |         [32m[Kddscxx_sertype[m[K
[5.105s] [01m[K/usr/local/include/ddscxx/org/eclipse/cyclonedds/topic/datatopic.hpp:441:9:[m[K [01;31m[Kerror: [m[Kâ€˜[01m[Kddsi_sertype[m[Kâ€™ does not name a type; did you mean â€˜[01m[Kddscxx_sertype[m[Kâ€™?
[5.105s]   441 |   const [01;31m[Kddsi_sertype[m[K* type,
[5.105s]       |         [01;31m[K^~~~~~~~~~~~[m[K
[5.106s]       |         [32m[Kddscxx_sertype[m[K
[5.106s] [01m[K/usr/local/include/ddscxx/org/eclipse/cyclonedds/topic/datatopic.hpp:452:9:[m[K [01;31m[Kerror: [m[Kâ€˜[01m[Kddsi_sertype[m[Kâ€™ does not name a type; did you mean â€˜[01m[Kddscxx_sertype[m[Kâ€™?
[5.106s]   452 |   const [01;31m[Kddsi_sertype[m[K* typecmn,
[5.106s]       |         [01;31m[K^~~~~~~~~~~~[m[K
[5.106s]       |         [32m[Kddscxx_sertype[m[K
[5.106s] [01m[K/usr/local/include/ddscxx/org/eclipse/cyclonedds/topic/datatopic.hpp:561:9:[m[K [01;31m[Kerror: [m[Kâ€˜[01m[Kddsi_sertype[m[Kâ€™ does not name a type; did you mean â€˜[01m[Kddscxx_sertype[m[Kâ€™?
[5.107s]   561 |   const [01;31m[Kddsi_sertype[m[K* type,
[5.107s]       |         [01;31m[K^~~~~~~~~~~~[m[K
[5.107s]       |         [32m[Kddscxx_sertype[m[K
[5.107s] [01m[K/usr/local/include/ddscxx/org/eclipse/cyclonedds/topic/datatopic.hpp:595:9:[m[K [01;31m[Kerror: [m[Kâ€˜[01m[Kddsi_sertype[m[Kâ€™ does not name a type; did you mean â€˜[01m[Kddscxx_sertype[m[Kâ€™?
[5.107s]   595 |   const [01;31m[Kddsi_sertype[m[K* tpcmn, const ddsi_serdata* dcmn, char* buf, size_t bufsize)
[5.107s]       |         [01;31m[K^~~~~~~~~~~~[m[K
[5.107s]       |         [32m[Kddscxx_sertype[m[K
[5.130s] [01m[K/usr/local/include/ddscxx/org/eclipse/cyclonedds/topic/datatopic.hpp:699:24:[m[K [01;31m[Kerror: [m[Kâ€˜[01m[Kddsi_sertype[m[Kâ€™ does not name a type; did you mean â€˜[01m[Kddscxx_sertype[m[Kâ€™?
[5.130s]   699 |   ddscxx_serdata(const [01;31m[Kddsi_sertype[m[K* type, ddsi_serdata_kind kind);
[5.130s]       |                        [01;31m[K^~~~~~~~~~~~[m[K
[5.130s]       |                        [32m[Kddscxx_sertype[m[K
[5.135s] [01m[K/usr/local/include/ddscxx/org/eclipse/cyclonedds/topic/datatopic.hpp:719:41:[m[K [01;31m[Kerror: [m[Kâ€˜[01m[Kddsi_sertype[m[Kâ€™ does not name a type; did you mean â€˜[01m[Kddscxx_sertype[m[Kâ€™?
[5.135s]   719 | ddscxx_serdata<T>::ddscxx_serdata(const [01;31m[Kddsi_sertype[m[K* type, ddsi_serdata_kind kind)
[5.135s]       |                                         [01;31m[K^~~~~~~~~~~~[m[K
[5.135s]       |                                         [32m[Kddscxx_sertype[m[K
[5.142s] [01m[K/usr/local/include/ddscxx/org/eclipse/cyclonedds/topic/datatopic.hpp:[m[K In member function â€˜[01m[Kvoid ddscxx_serdata<T>::populate_hash()[m[Kâ€™:
[5.142s] [01m[K/usr/local/include/ddscxx/org/eclipse/cyclonedds/topic/datatopic.hpp:766:11:[m[K [01;31m[Kerror: [m[Kâ€˜[01m[Ktype[m[Kâ€™ was not declared in this scope
[5.142s]   766 |   hash ^= [01;31m[Ktype[m[K->serdata_basehash;
[5.143s]       |           [01;31m[K^~~~[m[K
[5.143s] [01m[K/usr/local/include/ddscxx/org/eclipse/cyclonedds/topic/datatopic.hpp:[m[K At global scope:
[5.143s] [01m[K/usr/local/include/ddscxx/org/eclipse/cyclonedds/topic/datatopic.hpp:850:19:[m[K [01;31m[Kerror: [m[Kvariable or field â€˜[01m[Ksertype_free[m[Kâ€™ declared void
[5.143s]   850 | void sertype_free([01;31m[Kddsi_sertype[m[K* tpcmn)
[5.143s]       |                   [01;31m[K^~~~~~~~~~~~[m[K
[5.146s] [01m[K/usr/local/include/ddscxx/org/eclipse/cyclonedds/topic/datatopic.hpp:850:19:[m[K [01;31m[Kerror: [m[Kâ€˜[01m[Kddsi_sertype[m[Kâ€™ was not declared in this scope; did you mean â€˜[01m[Korg::eclipse::cyclonedds::topic::ddsi_sertype[m[Kâ€™?
[5.146s]   850 | void sertype_free([01;31m[Kddsi_sertype[m[K* tpcmn)
[5.146s]       |                   [01;31m[K^~~~~~~~~~~~[m[K
[5.146s]       |                   [32m[Korg::eclipse::cyclonedds::topic::ddsi_sertype[m[K
[5.146s] In file included from [01m[K/usr/local/include/ddscxx/org/eclipse/cyclonedds/topic/datatopic.hpp:26[m[K,
[5.147s]                  from [01m[K/home/unitree/106a_final/src/d1_sdk/src/msg/ArmString_.hpp:57[m[K,
[5.147s]                  from [01m[K/home/unitree/106a_final/src/d1_sdk/src/msg/ArmString_.cpp:9[m[K:
[5.147s] [01m[K/usr/local/include/ddscxx/org/eclipse/cyclonedds/topic/TopicTraits.hpp:266:19:[m[K [01;36m[Knote: [m[Kâ€˜[01m[Korg::eclipse::cyclonedds::topic::ddsi_sertype[m[Kâ€™ declared here
[5.147s]   266 |     static struct [01;36m[Kddsi_sertype[m[K* deriveSertype(const struct ddsi_sertype *, dds_data_representation_id_t data_representation, dds_type_consistency_enforcement_qospolicy_t)
[5.147s]       |                   [01;36m[K^~~~~~~~~~~~[m[K
[5.152s] In file included from [01m[K/home/unitree/106a_final/src/d1_sdk/src/msg/ArmString_.hpp:57[m[K,
[5.152s]                  from [01m[K/home/unitree/106a_final/src/d1_sdk/src/msg/ArmString_.cpp:9[m[K:
[5.153s] [01m[K/usr/local/include/ddscxx/org/eclipse/cyclonedds/topic/datatopic.hpp:850:33:[m[K [01;31m[Kerror: [m[Kâ€˜[01m[Ktpcmn[m[Kâ€™ was not declared in this scope
[5.153s]   850 | void sertype_free(ddsi_sertype* [01;31m[Ktpcmn[m[K)
[5.153s]       |                                 [01;31m[K^~~~~[m[K
[5.156s] [01m[K/usr/local/include/ddscxx/org/eclipse/cyclonedds/topic/datatopic.hpp:858:33:[m[K [01;31m[Kerror: [m[Kâ€˜[01m[Kddsi_sertype[m[Kâ€™ does not name a type; did you mean â€˜[01m[Kddscxx_sertype[m[Kâ€™?
[5.156s]   858 | void sertype_zero_samples(const [01;31m[Kddsi_sertype[m[K*, void*, size_t)
[5.157s]       |                                 [01;31m[K^~~~~~~~~~~~[m[K
[5.157s]       |                                 [32m[Kddscxx_sertype[m[K
[5.160s] [01m[K/usr/local/include/ddscxx/org/eclipse/cyclonedds/topic/datatopic.hpp:865:22:[m[K [01;31m[Kerror: [m[Kâ€˜[01m[Kddsi_sertype[m[Kâ€™ does not name a type; did you mean â€˜[01m[Kddscxx_sertype[m[Kâ€™?
[5.160s]   865 |   void** ptrs, const [01;31m[Kddsi_sertype[m[K*, void*, size_t, size_t)
[5.160s]       |                      [01;31m[K^~~~~~~~~~~~[m[K
[5.160s]       |                      [32m[Kddscxx_sertype[m[K
[5.164s] [01m[K/usr/local/include/ddscxx/org/eclipse/cyclonedds/topic/datatopic.hpp:884:9:[m[K [01;31m[Kerror: [m[Kâ€˜[01m[Kddsi_sertype[m[Kâ€™ does not name a type; did you mean â€˜[01m[Kddscxx_sertype[m[Kâ€™?
[5.164s]   884 |   const [01;31m[Kddsi_sertype[m[K*, void** ptrs, size_t, dds_free_op_t op)
[5.164s]       |         [01;31m[K^~~~~~~~~~~~[m[K
[5.164s]       |         [32m[Kddscxx_sertype[m[K
[5.167s] [01m[K/usr/local/include/ddscxx/org/eclipse/cyclonedds/topic/datatopic.hpp:909:9:[m[K [01;31m[Kerror: [m[Kâ€˜[01m[Kddsi_sertype[m[Kâ€™ does not name a type; did you mean â€˜[01m[Kddscxx_sertype[m[Kâ€™?
[5.167s]   909 |   const [01;31m[Kddsi_sertype[m[K* acmn, const ddsi_sertype* bcmn)
[5.167s]       |         [01;31m[K^~~~~~~~~~~~[m[K
[5.168s]       |         [32m[Kddscxx_sertype[m[K
[5.169s] [01m[K/usr/local/include/ddscxx/org/eclipse/cyclonedds/topic/datatopic.hpp:909:35:[m[K [01;31m[Kerror: [m[Kâ€˜[01m[Kddsi_sertype[m[Kâ€™ does not name a type; did you mean â€˜[01m[Kddscxx_sertype[m[Kâ€™?
[5.169s]   909 |   const ddsi_sertype* acmn, const [01;31m[Kddsi_sertype[m[K* bcmn)
[5.169s]       |                                   [01;31m[K^~~~~~~~~~~~[m[K
[5.169s]       |                                   [32m[Kddscxx_sertype[m[K
[5.170s] [01m[K/usr/local/include/ddscxx/org/eclipse/cyclonedds/topic/datatopic.hpp:919:29:[m[K [01;31m[Kerror: [m[Kâ€˜[01m[Kddsi_sertype[m[Kâ€™ does not name a type; did you mean â€˜[01m[Kddscxx_sertype[m[Kâ€™?
[5.170s]   919 | uint32_t sertype_hash(const [01;31m[Kddsi_sertype[m[K* tpcmn)
[5.170s]       |                             [01;31m[K^~~~~~~~~~~~[m[K
[5.170s]       |                             [32m[Kddscxx_sertype[m[K
[5.184s] [01m[K/usr/local/include/ddscxx/org/eclipse/cyclonedds/topic/datatopic.hpp:926:42:[m[K [01;31m[Kerror: [m[Kâ€˜[01m[Kddsi_sertype[m[Kâ€™ does not name a type; did you mean â€˜[01m[Kddscxx_sertype[m[Kâ€™?
[5.185s]   926 | size_t sertype_get_serialized_size(const [01;31m[Kddsi_sertype[m[K*, const void * sample)
[5.185s]       |                                          [01;31m[K^~~~~~~~~~~~[m[K
[5.186s]       |                                          [32m[Kddscxx_sertype[m[K
[5.186s] [01m[K/usr/local/include/ddscxx/org/eclipse/cyclonedds/topic/datatopic.hpp:941:35:[m[K [01;31m[Kerror: [m[Kâ€˜[01m[Kddsi_sertype[m[Kâ€™ does not name a type; did you mean â€˜[01m[Kddscxx_sertype[m[Kâ€™?
[5.186s]   941 | bool sertype_serialize_into(const [01;31m[Kddsi_sertype[m[K*,
[5.186s]       |                                   [01;31m[K^~~~~~~~~~~~[m[K
[5.186s]       |                                   [32m[Kddscxx_sertype[m[K
[5.186s] [01m[K/usr/local/include/ddscxx/org/eclipse/cyclonedds/topic/datatopic.hpp:954:52:[m[K [01;31m[Kerror: [m[Kexpected class-name before â€˜[01m[K{[m[Kâ€™ token
[5.187s]   954 | struct ddscxx_sertype_ops: public ddsi_sertype_ops [01;31m[K{[m[K
[5.187s]       |                                                    [01;31m[K^[m[K
[5.191s] [01m[K/usr/local/include/ddscxx/org/eclipse/cyclonedds/topic/datatopic.hpp:[m[K In constructor â€˜[01m[Kddscxx_sertype_ops<T, S>::ddscxx_sertype_ops()[m[Kâ€™:
[5.191s] [01m[K/usr/local/include/ddscxx/org/eclipse/cyclonedds/topic/datatopic.hpp:955:25:[m[K [01;31m[Kerror: [m[Kclass â€˜[01m[Kddscxx_sertype_ops<T, S>[m[Kâ€™ does not have any field named â€˜[01m[Kddsi_sertype_ops[m[Kâ€™
[5.192s]   955 |   ddscxx_sertype_ops(): [01;31m[Kddsi_sertype_ops[m[K {
[5.194s]       |                         [01;31m[K^~~~~~~~~~~~~~~~[m[K
[5.201s] [01m[K/usr/local/include/ddscxx/org/eclipse/cyclonedds/topic/datatopic.hpp:956:3:[m[K [01;31m[Kerror: [m[Kâ€˜[01m[Kddsi_sertype_v0[m[Kâ€™ was not declared in this scope; did you mean â€˜[01m[Kddsi_sertopic[m[Kâ€™?
[5.201s]   956 |   [01;31m[Kddsi_sertype_v0[m[K,
[5.202s]       |   [01;31m[K^~~~~~~~~~~~~~~[m[K
[5.202s]       |   [32m[Kddsi_sertopic[m[K
[5.202s] [01m[K/usr/local/include/ddscxx/org/eclipse/cyclonedds/topic/datatopic.hpp:958:3:[m[K [01;31m[Kerror: [m[Kâ€˜[01m[Ksertype_free[m[Kâ€™ was not declared in this scope; did you mean â€˜[01m[Ksertype_hash[m[Kâ€™?
[5.202s]   958 |   [01;31m[Ksertype_free[m[K<T,S>,
[5.202s]       |   [01;31m[K^~~~~~~~~~~~[m[K
[5.202s]       |   [32m[Ksertype_hash[m[K
[5.202s] [01m[K/usr/local/include/ddscxx/org/eclipse/cyclonedds/topic/datatopic.hpp:958:17:[m[K [01;31m[Kerror: [m[Kexpected primary-expression before â€˜[01m[K,[m[Kâ€™ token
[5.203s]   958 |   sertype_free<T[01;31m[K,[m[KS>,
[5.203s]       |                 [01;31m[K^[m[K
[5.203s] [01m[K/usr/local/include/ddscxx/org/eclipse/cyclonedds/topic/datatopic.hpp:958:19:[m[K [01;31m[Kerror: [m[Kexpected primary-expression before â€˜[01m[K>[m[Kâ€™ token
[5.203s]   958 |   sertype_free<T,S[01;31m[K>[m[K,
[5.203s]       |                   [01;31m[K^[m[K
[5.203s] [01m[K/usr/local/include/ddscxx/org/eclipse/cyclonedds/topic/datatopic.hpp:958:20:[m[K [01;31m[Kerror: [m[Kexpected primary-expression before â€˜[01m[K,[m[Kâ€™ token
[5.203s]   958 |   sertype_free<T,S>[01;31m[K,[m[K
[5.203s]       |                    [01;31m[K^[m[K
[5.204s] [01m[K/usr/local/include/ddscxx/org/eclipse/cyclonedds/topic/datatopic.hpp:[m[K At global scope:
[5.204s] [01m[K/usr/local/include/ddscxx/org/eclipse/cyclonedds/topic/datatopic.hpp:981:44:[m[K [01;31m[Kerror: [m[Kexpected class-name before â€˜[01m[K{[m[Kâ€™ token
[5.204s]   981 | class ddscxx_sertype : public ddsi_sertype [01;31m[K{[m[K
[5.220s]       |                                            [01;31m[K^[m[K
[5.221s] [01m[K/usr/local/include/ddscxx/org/eclipse/cyclonedds/topic/datatopic.hpp:[m[K In constructor â€˜[01m[Kddscxx_sertype<T, S>::ddscxx_sertype()[m[Kâ€™:
[5.221s] [01m[K/usr/local/include/ddscxx/org/eclipse/cyclonedds/topic/datatopic.hpp:996:5:[m[K [01;31m[Kerror: [m[Kclass â€˜[01m[Kddscxx_sertype<T, S>[m[Kâ€™ does not have any field named â€˜[01m[Kddsi_sertype[m[Kâ€™
[5.222s]   996 |   : [01;31m[Kddsi_sertype[m[K{}
[5.222s]       |     [01;31m[K^~~~~~~~~~~~[m[K
[5.222s] [01m[K/usr/local/include/ddscxx/org/eclipse/cyclonedds/topic/datatopic.hpp:998:51:[m[K [01;31m[Kerror: [m[Kâ€˜[01m[KDDSI_SERTYPE_FLAG_TOPICKIND_NO_KEY[m[Kâ€™ was not declared in this scope; did you mean â€˜[01m[KDDSI_SERTOPIC_HAS_TOPICKIND_NO_KEY[m[Kâ€™?
[5.222s]   998 |   uint32_t flags = (TopicTraits<T>::isKeyless() ? [01;31m[KDDSI_SERTYPE_FLAG_TOPICKIND_NO_KEY[m[K : 0);
[5.222s]       |                                                   [01;31m[K^~~~~~~~~~~~~~~~~~~~~~~~~~~~~~~~~~[m[K
[5.222s]       |                                                   [32m[KDDSI_SERTOPIC_HAS_TOPICKIND_NO_KEY[m[K
[5.223s] [01m[K/usr/local/include/ddscxx/org/eclipse/cyclonedds/topic/datatopic.hpp:1005:19:[m[K [01;31m[Kerror: [m[Kâ€˜[01m[Kddsi_sertype[m[Kâ€™ does not name a type; did you mean â€˜[01m[Kddscxx_sertype[m[Kâ€™?
[5.223s]  1005 |       static_cast<[01;31m[Kddsi_sertype[m[K*>(this),
[5.223s]       |                   [01;31m[K^~~~~~~~~~~~[m[K
[5.223s]       |                   [32m[Kddscxx_sertype[m[K
[5.223s] [01m[K/usr/local/include/ddscxx/org/eclipse/cyclonedds/topic/datatopic.hpp:1005:31:[m[K [01;31m[Kerror: [m[Kexpected â€˜[01m[K>[m[Kâ€™ before â€˜[01m[K*[m[Kâ€™ token
[5.223s]  1005 |       static_cast<ddsi_sertype[01;31m[K*[m[K>(this),
[5.223s]       |                               [01;31m[K^[m[K
[5.224s] [01m[K/usr/local/include/ddscxx/org/eclipse/cyclonedds/topic/datatopic.hpp:1005:31:[m[K [01;31m[Kerror: [m[Kexpected â€˜[01m[K([m[Kâ€™ before â€˜[01m[K*[m[Kâ€™ token
[5.224s]  1005 |       static_cast<ddsi_sertype[01;31m[K*[m[K>(this),
[5.224s]       |                               [01;31m[K^[m[K
[5.224s]       |                               [32m[K([m[K
[5.224s] [01m[K/usr/local/include/ddscxx/org/eclipse/cyclonedds/topic/datatopic.hpp:1005:32:[m[K [01;31m[Kerror: [m[Kexpected primary-expression before â€˜[01m[K>[m[Kâ€™ token
[5.224s]  1005 |       static_cast<ddsi_sertype*[01;31m[K>[m[K(this),
[5.224s]       |                                [01;31m[K^[m[K
[5.224s] [01m[K/usr/local/include/ddscxx/org/eclipse/cyclonedds/topic/datatopic.hpp:1011:3:[m[K [01;31m[Kerror: [m[Kâ€˜[01m[Kallowed_data_representation[m[Kâ€™ was not declared in this scope
[5.225s]  1011 |   [01;31m[Kallowed_data_representation[m[K = TopicTraits<T>::allowableEncodings();
[5.225s]       |   [01;31m[K^~~~~~~~~~~~~~~~~~~~~~~~~~~[m[K
[5.385s] make[2]: *** [CMakeFiles/servo_driver.dir/build.make:76: CMakeFiles/servo_driver.dir/home/unitree/106a_final/src/d1_sdk/src/msg/ArmString_.cpp.o] Error 1
[5.385s] make[2]: *** Waiting for unfinished jobs....
[9.388s] In file included from [01m[K/usr/local/include/ddscxx/dds/domain/detail/TDomainParticipantImpl.hpp:23[m[K,
[9.388s]                  from [01m[K/usr/local/include/ddscxx/dds/domain/detail/DomainParticipant.hpp:22[m[K,
[9.389s]                  from [01m[K/usr/local/include/ddscxx/dds/domain/DomainParticipant.hpp:22[m[K,
[9.389s]                  from [01m[K/usr/local/include/ddscxx/dds/domain/find.hpp:22[m[K,
[9.389s]                  from [01m[K/usr/local/include/ddscxx/dds/domain/ddsdomain.hpp:21[m[K,
[9.389s]                  from [01m[K/usr/local/include/ddscxx/dds/dds.hpp:34[m[K,
[9.389s]                  from [01m[K/usr/local/include/unitree/common/dds/dds_entity.hpp:4[m[K,
[9.389s]                  from [01m[K/usr/local/include/unitree/common/dds/dds_topic_channel.hpp:4[m[K,
[9.389s]                  from [01m[K/usr/local/include/unitree/common/dds/dds_factory_model.hpp:5[m[K,
[9.390s]                  from [01m[K/usr/local/include/unitree/robot/channel/channel_factory.hpp:4[m[K,
[9.390s]                  from [01m[K/usr/local/include/unitree/robot/channel/channel_publisher.hpp:4[m[K,
[9.390s]                  from [01m[K/home/unitree/106a_final/src/arm_driver/src/servo_driver.cpp:8[m[K:
[9.390s] [01m[K/usr/local/include/ddscxx/org/eclipse/cyclonedds/domain/DomainParticipantDelegate.hpp:120:24:[m[K [01;31m[Kerror: [m[Kâ€˜[01m[Kdds_typeinfo_t[m[Kâ€™ does not name a type; did you mean â€˜[01m[Kdds_sample_info_t[m[Kâ€™?
[9.390s]   120 |                  const [01;31m[Kdds_typeinfo_t[m[K *type_info,
[9.390s]       |                        [01;31m[K^~~~~~~~~~~~~~[m[K
[9.390s]       |                        [32m[Kdds_sample_info_t[m[K
[9.421s] In file included from [01m[K/usr/local/include/ddscxx/dds/topic/detail/TopicDescription.hpp:22[m[K,
[9.421s]                  from [01m[K/usr/local/include/ddscxx/dds/topic/TopicDescription.hpp:22[m[K,
[9.422s]                  from [01m[K/usr/local/include/ddscxx/dds/topic/ddstopic.hpp:22[m[K,
[9.422s]                  from [01m[K/usr/local/include/ddscxx/dds/dds.hpp:35[m[K,
[9.426s]                  from [01m[K/usr/local/include/unitree/common/dds/dds_entity.hpp:4[m[K,
[9.427s]                  from [01m[K/usr/local/include/unitree/common/dds/dds_topic_channel.hpp:4[m[K,
[9.427s]                  from [01m[K/usr/local/include/unitree/common/dds/dds_factory_model.hpp:5[m[K,
[9.427s]                  from [01m[K/usr/local/include/unitree/robot/channel/channel_factory.hpp:4[m[K,
[9.427s]                  from [01m[K/usr/local/include/unitree/robot/channel/channel_publisher.hpp:4[m[K,
[9.427s]                  from [01m[K/home/unitree/106a_final/src/arm_driver/src/servo_driver.cpp:8[m[K:
[9.427s] [01m[K/usr/local/include/ddscxx/org/eclipse/cyclonedds/topic/TopicDescriptionDelegate.hpp:73:5:[m[K [01;31m[Kerror: [m[Kâ€˜[01m[Kddsi_sertype[m[Kâ€™ does not name a type; did you mean â€˜[01m[Kddsi_sertopic[m[Kâ€™?
[9.427s]    73 |     [01;31m[Kddsi_sertype[m[K *get_ser_type() const;
[9.428s]       |     [01;31m[K^~~~~~~~~~~~[m[K
[9.428s]       |     [32m[Kddsi_sertopic[m[K
[9.445s] [01m[K/usr/local/include/ddscxx/org/eclipse/cyclonedds/topic/TopicDescriptionDelegate.hpp:80:5:[m[K [01;31m[Kerror: [m[Kâ€˜[01m[Kddsi_sertype[m[Kâ€™ does not name a type; did you mean â€˜[01m[Kddsi_sertopic[m[Kâ€™?
[9.445s]    80 |     [01;31m[Kddsi_sertype[m[K *ser_type_;
[9.446s]       |     [01;31m[K^~~~~~~~~~~~[m[K
[9.446s]       |     [32m[Kddsi_sertopic[m[K
[9.476s] In file included from [01m[K/usr/local/include/ddscxx/org/eclipse/cyclonedds/topic/AnyTopicDelegate.hpp:23[m[K,
[9.476s]                  from [01m[K/usr/local/include/ddscxx/dds/topic/detail/AnyTopic.hpp:22[m[K,
[9.479s]                  from [01m[K/usr/local/include/ddscxx/dds/topic/AnyTopic.hpp:22[m[K,
[9.480s]                  from [01m[K/usr/local/include/ddscxx/dds/topic/detail/Topic.hpp:27[m[K,
[9.481s]                  from [01m[K/usr/local/include/ddscxx/dds/topic/Topic.hpp:21[m[K,
[9.481s]                  from [01m[K/usr/local/include/ddscxx/dds/topic/ddstopic.hpp:23[m[K,
[9.481s]                  from [01m[K/usr/local/include/ddscxx/dds/dds.hpp:35[m[K,
[9.481s]                  from [01m[K/usr/local/include/unitree/common/dds/dds_entity.hpp:4[m[K,
[9.481s]                  from [01m[K/usr/local/include/unitree/common/dds/dds_topic_channel.hpp:4[m[K,
[9.481s]                  from [01m[K/usr/local/include/unitree/common/dds/dds_factory_model.hpp:5[m[K,
[9.482s]                  from [01m[K/usr/local/include/unitree/robot/channel/channel_factory.hpp:4[m[K,
[9.482s]                  from [01m[K/usr/local/include/unitree/robot/channel/channel_publisher.hpp:4[m[K,
[9.482s]                  from [01m[K/home/unitree/106a_final/src/arm_driver/src/servo_driver.cpp:8[m[K:
[9.482s] [01m[K/usr/local/include/ddscxx/org/eclipse/cyclonedds/topic/TopicTraits.hpp:95:12:[m[K [01;31m[Kerror: [m[Kâ€˜[01m[Kddsi_sertype[m[Kâ€™ does not name a type; did you mean â€˜[01m[Kddscxx_sertype[m[Kâ€™?
[9.482s]    95 |     static [01;31m[Kddsi_sertype[m[K *getSerType(allowable_encodings_t kinds = allowableEncodings())
[9.482s]       |            [01;31m[K^~~~~~~~~~~~[m[K
[9.482s]       |            [32m[Kddscxx_sertype[m[K
[9.491s] [01m[K/usr/local/include/ddscxx/org/eclipse/cyclonedds/topic/TopicTraits.hpp:167:12:[m[K [01;31m[Kerror: [m[Kâ€˜[01m[Kddsi_typeid_t[m[Kâ€™ does not name a type; did you mean â€˜[01m[Kdds_guid_t[m[Kâ€™?
[9.491s]   167 |     static [01;31m[Kddsi_typeid_t[m[K* getTypeId(const struct ddsi_sertype *, ddsi_typeid_kind_t kind)
[9.491s]       |            [01;31m[K^~~~~~~~~~~~~[m[K
[9.491s]       |            [32m[Kdds_guid_t[m[K
[9.495s] [01m[K/usr/local/include/ddscxx/org/eclipse/cyclonedds/topic/TopicTraits.hpp:188:12:[m[K [01;31m[Kerror: [m[Kâ€˜[01m[Kddsi_typemap_t[m[Kâ€™ does not name a type
[9.495s]   188 |     static [01;31m[Kddsi_typemap_t[m[K* getTypeMap(const struct ddsi_sertype *)
[9.495s]       |            [01;31m[K^~~~~~~~~~~~~~[m[K
[9.507s] [01m[K/usr/local/include/ddscxx/org/eclipse/cyclonedds/topic/TopicTraits.hpp:202:12:[m[K [01;31m[Kerror: [m[Kâ€˜[01m[Kddsi_typeinfo_t[m[Kâ€™ does not name a type; did you mean â€˜[01m[Kdds_sample_info_t[m[Kâ€™?
[9.508s]   202 |     static [01;31m[Kddsi_typeinfo_t[m[K* getTypeInfo(const struct ddsi_sertype *)
[9.508s]       |            [01;31m[K^~~~~~~~~~~~~~~[m[K
[9.508s]       |            [32m[Kdds_sample_info_t[m[K
[9.508s] [01m[K/usr/local/include/ddscxx/org/eclipse/cyclonedds/topic/TopicTraits.hpp:266:76:[m[K [01;31m[Kerror: [m[Kâ€˜[01m[Kdds_data_representation_id_t[m[Kâ€™ has not been declared
[9.508s]   266 |     static struct ddsi_sertype* deriveSertype(const struct ddsi_sertype *, [01;31m[Kdds_data_representation_id_t[m[K data_representation, dds_type_consistency_enforcement_qospolicy_t)
[9.508s]       |                                                                            [01;31m[K^~~~~~~~~~~~~~~~~~~~~~~~~~~~[m[K
[9.509s] [01m[K/usr/local/include/ddscxx/org/eclipse/cyclonedds/topic/TopicTraits.hpp:266:126:[m[K [01;31m[Kerror: [m[Kâ€˜[01m[Kdds_type_consistency_enforcement_qospolicy_t[m[Kâ€™ has not been declared
[9.509s]   266 | rtype(const struct ddsi_sertype *, dds_data_representation_id_t data_representation, [01;31m[Kdds_type_consistency_enforcement_qospolicy_t[m[K)
[9.509s]       |                                                                                      [01;31m[K^~~~~~~~~~~~~~~~~~~~~~~~~~~~~~~~~~~~~~~~~~~~[m[K
[9.509s] 
[9.531s] In file included from [01m[K/usr/local/include/ddscxx/org/eclipse/cyclonedds/topic/AnyTopicDelegate.hpp:23[m[K,
[9.531s]                  from [01m[K/usr/local/include/ddscxx/dds/topic/detail/AnyTopic.hpp:22[m[K,
[9.531s]                  from [01m[K/usr/local/include/ddscxx/dds/topic/AnyTopic.hpp:22[m[K,
[9.531s]                  from [01m[K/usr/local/include/ddscxx/dds/topic/detail/Topic.hpp:27[m[K,
[9.531s]                  from [01m[K/usr/local/include/ddscxx/dds/topic/Topic.hpp:21[m[K,
[9.531s]                  from [01m[K/usr/local/include/ddscxx/dds/topic/ddstopic.hpp:23[m[K,
[9.532s]                  from [01m[K/usr/local/include/ddscxx/dds/dds.hpp:35[m[K,
[9.532s]                  from [01m[K/usr/local/include/unitree/common/dds/dds_entity.hpp:4[m[K,
[9.532s]                  from [01m[K/usr/local/include/unitree/common/dds/dds_topic_channel.hpp:4[m[K,
[9.532s]                  from [01m[K/usr/local/include/unitree/common/dds/dds_factory_model.hpp:5[m[K,
[9.532s]                  from [01m[K/usr/local/include/unitree/robot/channel/channel_factory.hpp:4[m[K,
[9.532s]                  from [01m[K/usr/local/include/unitree/robot/channel/channel_publisher.hpp:4[m[K,
[9.532s]                  from [01m[K/home/unitree/106a_final/src/arm_driver/src/servo_driver.cpp:8[m[K:
[9.533s] [01m[K/usr/local/include/ddscxx/org/eclipse/cyclonedds/topic/TopicTraits.hpp:[m[K In static member function â€˜[01m[Kstatic org::eclipse::cyclonedds::topic::ddsi_sertype* org::eclipse::cyclonedds::topic::TopicTraits<TOPIC>::deriveSertype(const org::eclipse::cyclonedds::topic::ddsi_sertype*, int, int)[m[Kâ€™:
[9.533s] [01m[K/usr/local/include/ddscxx/org/eclipse/cyclonedds/topic/TopicTraits.hpp:270:16:[m[K [01;31m[Kerror: [m[Kâ€˜[01m[KDDS_DATA_REPRESENTATION_XCDR1[m[Kâ€™ was not declared in this scope
[9.533s]   270 |           case [01;31m[KDDS_DATA_REPRESENTATION_XCDR1[m[K:
[9.533s]       |                [01;31m[K^~~~~~~~~~~~~~~~~~~~~~~~~~~~~[m[K
[9.553s] [01m[K/usr/local/include/ddscxx/org/eclipse/cyclonedds/topic/TopicTraits.hpp:271:32:[m[K [01;31m[Kerror: [m[Kâ€˜[01m[KDDS_DATA_REPRESENTATION_FLAG_XCDR1[m[Kâ€™ was not declared in this scope
[9.553s]   271 |               ptr = getSerType([01;31m[KDDS_DATA_REPRESENTATION_FLAG_XCDR1[m[K);
[9.554s]       |                                [01;31m[K^~~~~~~~~~~~~~~~~~~~~~~~~~~~~~~~~~[m[K
[9.554s] [01m[K/usr/local/include/ddscxx/org/eclipse/cyclonedds/topic/TopicTraits.hpp:271:21:[m[K [01;31m[Kerror: [m[Kthere are no arguments to â€˜[01m[KgetSerType[m[Kâ€™ that depend on a template parameter, so a declaration of â€˜[01m[KgetSerType[m[Kâ€™ must be available [[01;31m[K-fpermissive[m[K]
[9.554s]   271 |               ptr = [01;31m[KgetSerType[m[K(DDS_DATA_REPRESENTATION_FLAG_XCDR1);
[9.554s]       |                     [01;31m[K^~~~~~~~~~[m[K
[9.554s] [01m[K/usr/local/include/ddscxx/org/eclipse/cyclonedds/topic/TopicTraits.hpp:271:21:[m[K [01;36m[Knote: [m[K(if you use â€˜[01m[K-fpermissive[m[Kâ€™, G++ will accept your code, but allowing the use of an undeclared name is deprecated)
[9.581s] [01m[K/usr/local/include/ddscxx/org/eclipse/cyclonedds/topic/TopicTraits.hpp:273:16:[m[K [01;31m[Kerror: [m[Kâ€˜[01m[KDDS_DATA_REPRESENTATION_XCDR2[m[Kâ€™ was not declared in this scope
[9.582s]   273 |           case [01;31m[KDDS_DATA_REPRESENTATION_XCDR2[m[K:
[9.582s]       |                [01;31m[K^~~~~~~~~~~~~~~~~~~~~~~~~~~~~[m[K
[9.606s] [01m[K/usr/local/include/ddscxx/org/eclipse/cyclonedds/topic/TopicTraits.hpp:274:32:[m[K [01;31m[Kerror: [m[Kâ€˜[01m[KDDS_DATA_REPRESENTATION_FLAG_XCDR2[m[Kâ€™ was not declared in this scope
[9.606s]   274 |               ptr = getSerType([01;31m[KDDS_DATA_REPRESENTATION_FLAG_XCDR2[m[K);
[9.607s]       |                                [01;31m[K^~~~~~~~~~~~~~~~~~~~~~~~~~~~~~~~~~[m[K
[9.607s] [01m[K/usr/local/include/ddscxx/org/eclipse/cyclonedds/topic/TopicTraits.hpp:274:21:[m[K [01;31m[Kerror: [m[Kthere are no arguments to â€˜[01m[KgetSerType[m[Kâ€™ that depend on a template parameter, so a declaration of â€˜[01m[KgetSerType[m[Kâ€™ must be available [[01;31m[K-fpermissive[m[K]
[9.607s]   274 |               ptr = [01;31m[KgetSerType[m[K(DDS_DATA_REPRESENTATION_FLAG_XCDR2);
[9.607s]       |                     [01;31m[K^~~~~~~~~~[m[K
[9.623s] [01m[K/usr/local/include/ddscxx/org/eclipse/cyclonedds/topic/TopicTraits.hpp:279:58:[m[K [01;31m[Kerror: [m[Kâ€˜[01m[KDDSI_SERTYPE_REFC_MASK[m[Kâ€™ was not declared in this scope
[9.623s]   279 |             ddsrt_atomic_st32 (&ptr->flags_refc, refc & ~[01;31m[KDDSI_SERTYPE_REFC_MASK[m[K);
[9.624s]       |                                                          [01;31m[K^~~~~~~~~~~~~~~~~~~~~~[m[K
[9.624s] [01m[K/usr/local/include/ddscxx/org/eclipse/cyclonedds/topic/TopicTraits.hpp:279:58:[m[K [01;36m[Knote: [m[Kthe macro â€˜[01m[KDDSI_SERTYPE_REFC_MASK[m[Kâ€™ had not yet been defined
[9.624s] In file included from [01m[K/usr/local/include/ddscxx/dds/topic/detail/TTopicImpl.hpp:155[m[K,
[9.624s]                  from [01m[K/usr/local/include/ddscxx/dds/topic/detail/BuiltinTopic.hpp:23[m[K,
[9.624s]                  from [01m[K/usr/local/include/ddscxx/dds/topic/BuiltinTopic.hpp:22[m[K,
[9.624s]                  from [01m[K/usr/local/include/ddscxx/org/eclipse/cyclonedds/sub/AnyDataReaderDelegate.hpp:36[m[K,
[9.624s]                  from [01m[K/usr/local/include/ddscxx/dds/topic/detail/ContentFilteredTopic.hpp:31[m[K,
[9.625s]                  from [01m[K/usr/local/include/ddscxx/dds/topic/ContentFilteredTopic.hpp:22[m[K,
[9.625s]                  from [01m[K/usr/local/include/ddscxx/dds/topic/ddstopic.hpp:25[m[K,
[9.625s]                  from [01m[K/usr/local/include/ddscxx/dds/dds.hpp:35[m[K,
[9.625s]                  from [01m[K/usr/local/include/unitree/common/dds/dds_entity.hpp:4[m[K,
[9.625s]                  from [01m[K/usr/local/include/unitree/common/dds/dds_topic_channel.hpp:4[m[K,
[9.625s]                  from [01m[K/usr/local/include/unitree/common/dds/dds_factory_model.hpp:5[m[K,
[9.625s]                  from [01m[K/usr/local/include/unitree/robot/channel/channel_factory.hpp:4[m[K,
[9.625s]                  from [01m[K/usr/local/include/unitree/robot/channel/channel_publisher.hpp:4[m[K,
[9.626s]                  from [01m[K/home/unitree/106a_final/src/arm_driver/src/servo_driver.cpp:8[m[K:
[9.626s] [01m[K/usr/local/include/dds/ddsi/ddsi_sertype.h:36:[m[K [01;36m[Knote: [m[Kit was later defined here
[9.626s]    36 | #define DDSI_SERTYPE_REFC_MASK   0x0fffffffu
[9.626s]       | 
[9.665s] In file included from [01m[K/opt/ros/foxy/include/dds/ddsrt/rusage.h:33[m[K,
[9.665s]                  from [01m[K/opt/ros/foxy/include/dds/ddsi/q_log.h:19[m[K,
[9.667s]                  from [01m[K/opt/ros/foxy/include/dds/ddsi/ddsi_xqos.h:20[m[K,
[9.668s]                  from [01m[K/usr/local/include/dds/ddsi/ddsi_sertype.h:18[m[K,
[9.668s]                  from [01m[K/usr/local/include/ddscxx/dds/topic/detail/TTopicImpl.hpp:155[m[K,
[9.668s]                  from [01m[K/usr/local/include/ddscxx/dds/topic/detail/BuiltinTopic.hpp:23[m[K,
[9.668s]                  from [01m[K/usr/local/include/ddscxx/dds/topic/BuiltinTopic.hpp:22[m[K,
[9.668s]                  from [01m[K/usr/local/include/ddscxx/org/eclipse/cyclonedds/sub/AnyDataReaderDelegate.hpp:36[m[K,
[9.668s]                  from [01m[K/usr/local/include/ddscxx/dds/topic/detail/ContentFilteredTopic.hpp:31[m[K,
[9.668s]                  from [01m[K/usr/local/include/ddscxx/dds/topic/ContentFilteredTopic.hpp:22[m[K,
[9.668s]                  from [01m[K/usr/local/include/ddscxx/dds/topic/ddstopic.hpp:25[m[K,
[9.669s]                  from [01m[K/usr/local/include/ddscxx/dds/dds.hpp:35[m[K,
[9.669s]                  from [01m[K/usr/local/include/unitree/common/dds/dds_entity.hpp:4[m[K,
[9.669s]                  from [01m[K/usr/local/include/unitree/common/dds/dds_topic_channel.hpp:4[m[K,
[9.669s]                  from [01m[K/usr/local/include/unitree/common/dds/dds_factory_model.hpp:5[m[K,
[9.669s]                  from [01m[K/usr/local/include/unitree/robot/channel/channel_factory.hpp:4[m[K,
[9.669s]                  from [01m[K/usr/local/include/unitree/robot/channel/channel_publisher.hpp:4[m[K,
[9.669s]                  from [01m[K/home/unitree/106a_final/src/arm_driver/src/servo_driver.cpp:8[m[K:
[9.681s] [01m[K/opt/ros/foxy/include/dds/ddsrt/threads.h:[m[K At global scope:
[9.681s] [01m[K/opt/ros/foxy/include/dds/ddsrt/threads.h:71:3:[m[K [01;31m[Kerror: [m[Kâ€˜[01m[KDDSRT_SCHED_DEFAULT[m[Kâ€™ conflicts with a previous declaration
[9.682s]    71 |   [01;31m[KDDSRT_SCHED_DEFAULT[m[K,
[9.682s]       |   [01;31m[K^~~~~~~~~~~~~~~~~~~[m[K
[9.682s] In file included from [01m[K/usr/local/include/dds/ddsi/ddsi_config.h:19[m[K,
[9.682s]                  from [01m[K/usr/local/include/ddscxx/dds/domain/TDomainParticipant.hpp:24[m[K,
[9.682s]                  from [01m[K/usr/local/include/ddscxx/dds/domain/detail/TDomainParticipantImpl.hpp:22[m[K,
[9.682s]                  from [01m[K/usr/local/include/ddscxx/dds/domain/detail/DomainParticipant.hpp:22[m[K,
[9.683s]                  from [01m[K/usr/local/include/ddscxx/dds/domain/DomainParticipant.hpp:22[m[K,
[9.683s]                  from [01m[K/usr/local/include/ddscxx/dds/domain/find.hpp:22[m[K,
[9.683s]                  from [01m[K/usr/local/include/ddscxx/dds/domain/ddsdomain.hpp:21[m[K,
[9.683s]                  from [01m[K/usr/local/include/ddscxx/dds/dds.hpp:34[m[K,
[9.683s]                  from [01m[K/usr/local/include/unitree/common/dds/dds_entity.hpp:4[m[K,
[9.683s]                  from [01m[K/usr/local/include/unitree/common/dds/dds_topic_channel.hpp:4[m[K,
[9.693s]                  from [01m[K/usr/local/include/unitree/common/dds/dds_factory_model.hpp:5[m[K,
[9.694s]                  from [01m[K/usr/local/include/unitree/robot/channel/channel_factory.hpp:4[m[K,
[9.694s]                  from [01m[K/usr/local/include/unitree/robot/channel/channel_publisher.hpp:4[m[K,
[9.694s]                  from [01m[K/home/unitree/106a_final/src/arm_driver/src/servo_driver.cpp:8[m[K:
[9.695s] [01m[K/usr/local/include/dds/ddsrt/sched.h:28:3:[m[K [01;36m[Knote: [m[Kprevious declaration â€˜[01m[Kddsrt_sched_t DDSRT_SCHED_DEFAULT[m[Kâ€™
[9.695s]    28 |   [01;36m[KDDSRT_SCHED_DEFAULT[m[K,
[9.695s]       |   [01;36m[K^~~~~~~~~~~~~~~~~~~[m[K
[9.695s] In file included from [01m[K/opt/ros/foxy/include/dds/ddsrt/rusage.h:33[m[K,
[9.695s]                  from [01m[K/opt/ros/foxy/include/dds/ddsi/q_log.h:19[m[K,
[9.695s]                  from [01m[K/opt/ros/foxy/include/dds/ddsi/ddsi_xqos.h:20[m[K,
[9.695s]                  from [01m[K/usr/local/include/dds/ddsi/ddsi_sertype.h:18[m[K,
[9.695s]                  from [01m[K/usr/local/include/ddscxx/dds/topic/detail/TTopicImpl.hpp:155[m[K,
[9.696s]                  from [01m[K/usr/local/include/ddscxx/dds/topic/detail/BuiltinTopic.hpp:23[m[K,
[9.696s]                  from [01m[K/usr/local/include/ddscxx/dds/topic/BuiltinTopic.hpp:22[m[K,
[9.696s]                  from [01m[K/usr/local/include/ddscxx/org/eclipse/cyclonedds/sub/AnyDataReaderDelegate.hpp:36[m[K,
[9.696s]                  from [01m[K/usr/local/include/ddscxx/dds/topic/detail/ContentFilteredTopic.hpp:31[m[K,
[9.696s]                  from [01m[K/usr/local/include/ddscxx/dds/topic/ContentFilteredTopic.hpp:22[m[K,
[9.696s]                  from [01m[K/usr/local/include/ddscxx/dds/topic/ddstopic.hpp:25[m[K,
[9.696s]                  from [01m[K/usr/local/include/ddscxx/dds/dds.hpp:35[m[K,
[9.696s]                  from [01m[K/usr/local/include/unitree/common/dds/dds_entity.hpp:4[m[K,
[9.697s]                  from [01m[K/usr/local/include/unitree/common/dds/dds_topic_channel.hpp:4[m[K,
[9.697s]                  from [01m[K/usr/local/include/unitree/common/dds/dds_factory_model.hpp:5[m[K,
[9.697s]                  from [01m[K/usr/local/include/unitree/robot/channel/channel_factory.hpp:4[m[K,
[9.697s]                  from [01m[K/usr/local/include/unitree/robot/channel/channel_publisher.hpp:4[m[K,
[9.697s]                  from [01m[K/home/unitree/106a_final/src/arm_driver/src/servo_driver.cpp:8[m[K:
[9.697s] [01m[K/opt/ros/foxy/include/dds/ddsrt/threads.h:78:3:[m[K [01;31m[Kerror: [m[Kâ€˜[01m[KDDSRT_SCHED_REALTIME[m[Kâ€™ conflicts with a previous declaration
[9.697s]    78 |   [01;31m[KDDSRT_SCHED_REALTIME[m[K,
[9.697s]       |   [01;31m[K^~~~~~~~~~~~~~~~~~~~[m[K
[9.698s] In file included from [01m[K/usr/local/include/dds/ddsi/ddsi_config.h:19[m[K,
[9.698s]                  from [01m[K/usr/local/include/ddscxx/dds/domain/TDomainParticipant.hpp:24[m[K,
[9.698s]                  from [01m[K/usr/local/include/ddscxx/dds/domain/detail/TDomainParticipantImpl.hpp:22[m[K,
[9.698s]                  from [01m[K/usr/local/include/ddscxx/dds/domain/detail/DomainParticipant.hpp:22[m[K,
[9.698s]                  from [01m[K/usr/local/include/ddscxx/dds/domain/DomainParticipant.hpp:22[m[K,
[9.698s]                  from [01m[K/usr/local/include/ddscxx/dds/domain/find.hpp:22[m[K,
[9.698s]                  from [01m[K/usr/local/include/ddscxx/dds/domain/ddsdomain.hpp:21[m[K,
[9.698s]                  from [01m[K/usr/local/include/ddscxx/dds/dds.hpp:34[m[K,
[9.699s]                  from [01m[K/usr/local/include/unitree/common/dds/dds_entity.hpp:4[m[K,
[9.699s]                  from [01m[K/usr/local/include/unitree/common/dds/dds_topic_channel.hpp:4[m[K,
[9.699s]                  from [01m[K/usr/local/include/unitree/common/dds/dds_factory_model.hpp:5[m[K,
[9.699s]                  from [01m[K/usr/local/include/unitree/robot/channel/channel_factory.hpp:4[m[K,
[9.699s]                  from [01m[K/usr/local/include/unitree/robot/channel/channel_publisher.hpp:4[m[K,
[9.699s]                  from [01m[K/home/unitree/106a_final/src/arm_driver/src/servo_driver.cpp:8[m[K:
[9.699s] [01m[K/usr/local/include/dds/ddsrt/sched.h:35:3:[m[K [01;36m[Knote: [m[Kprevious declaration â€˜[01m[Kddsrt_sched_t DDSRT_SCHED_REALTIME[m[Kâ€™
[9.699s]    35 |   [01;36m[KDDSRT_SCHED_REALTIME[m[K,
[9.700s]       |   [01;36m[K^~~~~~~~~~~~~~~~~~~~[m[K
[9.700s] In file included from [01m[K/opt/ros/foxy/include/dds/ddsrt/rusage.h:33[m[K,
[9.700s]                  from [01m[K/opt/ros/foxy/include/dds/ddsi/q_log.h:19[m[K,
[9.700s]                  from [01m[K/opt/ros/foxy/include/dds/ddsi/ddsi_xqos.h:20[m[K,
[9.700s]                  from [01m[K/usr/local/include/dds/ddsi/ddsi_sertype.h:18[m[K,
[9.700s]                  from [01m[K/usr/local/include/ddscxx/dds/topic/detail/TTopicImpl.hpp:155[m[K,
[9.700s]                  from [01m[K/usr/local/include/ddscxx/dds/topic/detail/BuiltinTopic.hpp:23[m[K,
[9.700s]                  from [01m[K/usr/local/include/ddscxx/dds/topic/BuiltinTopic.hpp:22[m[K,
[9.700s]                  from [01m[K/usr/local/include/ddscxx/org/eclipse/cyclonedds/sub/AnyDataReaderDelegate.hpp:36[m[K,
[9.701s]                  from [01m[K/usr/local/include/ddscxx/dds/topic/detail/ContentFilteredTopic.hpp:31[m[K,
[9.701s]                  from [01m[K/usr/local/include/ddscxx/dds/topic/ContentFilteredTopic.hpp:22[m[K,
[9.701s]                  from [01m[K/usr/local/include/ddscxx/dds/topic/ddstopic.hpp:25[m[K,
[9.701s]                  from [01m[K/usr/local/include/ddscxx/dds/dds.hpp:35[m[K,
[9.701s]                  from [01m[K/usr/local/include/unitree/common/dds/dds_entity.hpp:4[m[K,
[9.701s]                  from [01m[K/usr/local/include/unitree/common/dds/dds_topic_channel.hpp:4[m[K,
[9.701s]                  from [01m[K/usr/local/include/unitree/common/dds/dds_factory_model.hpp:5[m[K,
[9.716s]                  from [01m[K/usr/local/include/unitree/robot/channel/channel_factory.hpp:4[m[K,
[9.717s]                  from [01m[K/usr/local/include/unitree/robot/channel/channel_publisher.hpp:4[m[K,
[9.717s]                  from [01m[K/home/unitree/106a_final/src/arm_driver/src/servo_driver.cpp:8[m[K:
[9.717s] [01m[K/opt/ros/foxy/include/dds/ddsrt/threads.h:84:3:[m[K [01;31m[Kerror: [m[Kâ€˜[01m[KDDSRT_SCHED_TIMESHARE[m[Kâ€™ conflicts with a previous declaration
[9.717s]    84 |   [01;31m[KDDSRT_SCHED_TIMESHARE[m[K
[9.717s]       |   [01;31m[K^~~~~~~~~~~~~~~~~~~~~[m[K
[9.717s] In file included from [01m[K/usr/local/include/dds/ddsi/ddsi_config.h:19[m[K,
[9.718s]                  from [01m[K/usr/local/include/ddscxx/dds/domain/TDomainParticipant.hpp:24[m[K,
[9.718s]                  from [01m[K/usr/local/include/ddscxx/dds/domain/detail/TDomainParticipantImpl.hpp:22[m[K,
[9.718s]                  from [01m[K/usr/local/include/ddscxx/dds/domain/detail/DomainParticipant.hpp:22[m[K,
[9.718s]                  from [01m[K/usr/local/include/ddscxx/dds/domain/DomainParticipant.hpp:22[m[K,
[9.718s]                  from [01m[K/usr/local/include/ddscxx/dds/domain/find.hpp:22[m[K,
[9.718s]                  from [01m[K/usr/local/include/ddscxx/dds/domain/ddsdomain.hpp:21[m[K,
[9.718s]                  from [01m[K/usr/local/include/ddscxx/dds/dds.hpp:34[m[K,
[9.719s]                  from [01m[K/usr/local/include/unitree/common/dds/dds_entity.hpp:4[m[K,
[9.719s]                  from [01m[K/usr/local/include/unitree/common/dds/dds_topic_channel.hpp:4[m[K,
[9.719s]                  from [01m[K/usr/local/include/unitree/common/dds/dds_factory_model.hpp:5[m[K,
[9.719s]                  from [01m[K/usr/local/include/unitree/robot/channel/channel_factory.hpp:4[m[K,
[9.719s]                  from [01m[K/usr/local/include/unitree/robot/channel/channel_publisher.hpp:4[m[K,
[9.719s]                  from [01m[K/home/unitree/106a_final/src/arm_driver/src/servo_driver.cpp:8[m[K:
[9.719s] [01m[K/usr/local/include/dds/ddsrt/sched.h:41:3:[m[K [01;36m[Knote: [m[Kprevious declaration â€˜[01m[Kddsrt_sched_t DDSRT_SCHED_TIMESHARE[m[Kâ€™
[9.719s]    41 |   [01;36m[KDDSRT_SCHED_TIMESHARE[m[K
[9.719s]       |   [01;36m[K^~~~~~~~~~~~~~~~~~~~~[m[K
[9.720s] In file included from [01m[K/opt/ros/foxy/include/dds/ddsrt/rusage.h:33[m[K,
[9.720s]                  from [01m[K/opt/ros/foxy/include/dds/ddsi/q_log.h:19[m[K,
[9.720s]                  from [01m[K/opt/ros/foxy/include/dds/ddsi/ddsi_xqos.h:20[m[K,
[9.720s]                  from [01m[K/usr/local/include/dds/ddsi/ddsi_sertype.h:18[m[K,
[9.720s]                  from [01m[K/usr/local/include/ddscxx/dds/topic/detail/TTopicImpl.hpp:155[m[K,
[9.720s]                  from [01m[K/usr/local/include/ddscxx/dds/topic/detail/BuiltinTopic.hpp:23[m[K,
[9.720s]                  from [01m[K/usr/local/include/ddscxx/dds/topic/BuiltinTopic.hpp:22[m[K,
[9.720s]                  from [01m[K/usr/local/include/ddscxx/org/eclipse/cyclonedds/sub/AnyDataReaderDelegate.hpp:36[m[K,
[9.721s]                  from [01m[K/usr/local/include/ddscxx/dds/topic/detail/ContentFilteredTopic.hpp:31[m[K,
[9.721s]                  from [01m[K/usr/local/include/ddscxx/dds/topic/ContentFilteredTopic.hpp:22[m[K,
[9.721s]                  from [01m[K/usr/local/include/ddscxx/dds/topic/ddstopic.hpp:25[m[K,
[9.721s]                  from [01m[K/usr/local/include/ddscxx/dds/dds.hpp:35[m[K,
[9.721s]                  from [01m[K/usr/local/include/unitree/common/dds/dds_entity.hpp:4[m[K,
[9.721s]                  from [01m[K/usr/local/include/unitree/common/dds/dds_topic_channel.hpp:4[m[K,
[9.721s]                  from [01m[K/usr/local/include/unitree/common/dds/dds_factory_model.hpp:5[m[K,
[9.734s]                  from [01m[K/usr/local/include/unitree/robot/channel/channel_factory.hpp:4[m[K,
[9.735s]                  from [01m[K/usr/local/include/unitree/robot/channel/channel_publisher.hpp:4[m[K,
[9.736s]                  from [01m[K/home/unitree/106a_final/src/arm_driver/src/servo_driver.cpp:8[m[K:
[9.737s] [01m[K/opt/ros/foxy/include/dds/ddsrt/threads.h:85:3:[m[K [01;31m[Kerror: [m[Kconflicting declaration â€˜[01m[Ktypedef enum ddsrt_sched_t ddsrt_sched_t[m[Kâ€™
[9.737s]    85 | } [01;31m[Kddsrt_sched_t[m[K;
[9.737s]       |   [01;31m[K^~~~~~~~~~~~~[m[K
[9.737s] In file included from [01m[K/usr/local/include/dds/ddsi/ddsi_config.h:19[m[K,
[9.737s]                  from [01m[K/usr/local/include/ddscxx/dds/domain/TDomainParticipant.hpp:24[m[K,
[9.737s]                  from [01m[K/usr/local/include/ddscxx/dds/domain/detail/TDomainParticipantImpl.hpp:22[m[K,
[9.738s]                  from [01m[K/usr/local/include/ddscxx/dds/domain/detail/DomainParticipant.hpp:22[m[K,
[9.738s]                  from [01m[K/usr/local/include/ddscxx/dds/domain/DomainParticipant.hpp:22[m[K,
[9.738s]                  from [01m[K/usr/local/include/ddscxx/dds/domain/find.hpp:22[m[K,
[9.738s]                  from [01m[K/usr/local/include/ddscxx/dds/domain/ddsdomain.hpp:21[m[K,
[9.738s]                  from [01m[K/usr/local/include/ddscxx/dds/dds.hpp:34[m[K,
[9.738s]                  from [01m[K/usr/local/include/unitree/common/dds/dds_entity.hpp:4[m[K,
[9.738s]                  from [01m[K/usr/local/include/unitree/common/dds/dds_topic_channel.hpp:4[m[K,
[9.739s]                  from [01m[K/usr/local/include/unitree/common/dds/dds_factory_model.hpp:5[m[K,
[9.739s]                  from [01m[K/usr/local/include/unitree/robot/channel/channel_factory.hpp:4[m[K,
[9.739s]                  from [01m[K/usr/local/include/unitree/robot/channel/channel_publisher.hpp:4[m[K,
[9.739s]                  from [01m[K/home/unitree/106a_final/src/arm_driver/src/servo_driver.cpp:8[m[K:
[9.739s] [01m[K/usr/local/include/dds/ddsrt/sched.h:42:3:[m[K [01;36m[Knote: [m[Kprevious declaration as â€˜[01m[Ktypedef enum ddsrt_sched_t ddsrt_sched_t[m[Kâ€™
[9.739s]    42 | } [01;36m[Kddsrt_sched_t[m[K;
[9.739s]       |   [01;36m[K^~~~~~~~~~~~~[m[K
[9.739s] In file included from [01m[K/usr/local/include/ddscxx/dds/topic/detail/TTopicImpl.hpp:155[m[K,
[9.740s]                  from [01m[K/usr/local/include/ddscxx/dds/topic/detail/BuiltinTopic.hpp:23[m[K,
[9.740s]                  from [01m[K/usr/local/include/ddscxx/dds/topic/BuiltinTopic.hpp:22[m[K,
[9.740s]                  from [01m[K/usr/local/include/ddscxx/org/eclipse/cyclonedds/sub/AnyDataReaderDelegate.hpp:36[m[K,
[9.740s]                  from [01m[K/usr/local/include/ddscxx/dds/topic/detail/ContentFilteredTopic.hpp:31[m[K,
[9.740s]                  from [01m[K/usr/local/include/ddscxx/dds/topic/ContentFilteredTopic.hpp:22[m[K,
[9.740s]                  from [01m[K/usr/local/include/ddscxx/dds/topic/ddstopic.hpp:25[m[K,
[9.740s]                  from [01m[K/usr/local/include/ddscxx/dds/dds.hpp:35[m[K,
[9.740s]                  from [01m[K/usr/local/include/unitree/common/dds/dds_entity.hpp:4[m[K,
[9.740s]                  from [01m[K/usr/local/include/unitree/common/dds/dds_topic_channel.hpp:4[m[K,
[9.741s]                  from [01m[K/usr/local/include/unitree/common/dds/dds_factory_model.hpp:5[m[K,
[9.741s]                  from [01m[K/usr/local/include/unitree/robot/channel/channel_factory.hpp:4[m[K,
[9.741s]                  from [01m[K/usr/local/include/unitree/robot/channel/channel_publisher.hpp:4[m[K,
[9.741s]                  from [01m[K/home/unitree/106a_final/src/arm_driver/src/servo_driver.cpp:8[m[K:
[9.741s] [01m[K/usr/local/include/dds/ddsi/ddsi_sertype.h:138:93:[m[K [01;31m[Kerror: [m[Kâ€˜[01m[Kdds_data_representation_id_t[m[Kâ€™ has not been declared
[9.741s]   138 |  struct ddsi_sertype * (*ddsi_sertype_derive_t) (const struct ddsi_sertype *sertype, [01;31m[Kdds_data_representation_id_t[m[K data_representation, dds_type_consistency_enforcement_qospolicy_t tce_qos);
[9.741s]       |                                                                                      [01;31m[K^~~~~~~~~~~~~~~~~~~~~~~~~~~~[m[K
[9.741s] 
[9.742s] [01m[K/usr/local/include/dds/ddsi/ddsi_sertype.h:138:143:[m[K [01;31m[Kerror: [m[Kâ€˜[01m[Kdds_type_consistency_enforcement_qospolicy_t[m[Kâ€™ has not been declared
[9.742s]   138 | onst struct ddsi_sertype *sertype, dds_data_representation_id_t data_representation, [01;31m[Kdds_type_consistency_enforcement_qospolicy_t[m[K tce_qos);
[9.742s]       |                                                                                      [01;31m[K^~~~~~~~~~~~~~~~~~~~~~~~~~~~~~~~~~~~~~~~~~~~[m[K
[9.742s] 
[9.742s] [01m[K/usr/local/include/dds/ddsi/ddsi_sertype.h:202:1:[m[K [01;31m[Kerror: [m[Kâ€˜[01m[KDDS_INLINE_EXPORT[m[Kâ€™ does not name a type; did you mean â€˜[01m[KDDS_NO_EXPORT[m[Kâ€™?
[9.742s]   202 | [01;31m[KDDS_INLINE_EXPORT[m[K inline void ddsi_sertype_free (struct ddsi_sertype *tp) {
[9.743s]       | [01;31m[K^~~~~~~~~~~~~~~~~[m[K
[9.743s]       | [32m[KDDS_NO_EXPORT[m[K
[9.743s] [01m[K/usr/local/include/dds/ddsi/ddsi_sertype.h:205:1:[m[K [01;31m[Kerror: [m[Kâ€˜[01m[KDDS_INLINE_EXPORT[m[Kâ€™ does not name a type; did you mean â€˜[01m[KDDS_NO_EXPORT[m[Kâ€™?
[9.743s]   205 | [01;31m[KDDS_INLINE_EXPORT[m[K inline void ddsi_sertype_zero_samples (const struct ddsi_sertype *tp, void *samples, size_t count) {
[9.743s]       | [01;31m[K^~~~~~~~~~~~~~~~~[m[K
[9.743s]       | [32m[KDDS_NO_EXPORT[m[K
[9.743s] [01m[K/usr/local/include/dds/ddsi/ddsi_sertype.h:208:1:[m[K [01;31m[Kerror: [m[Kâ€˜[01m[KDDS_INLINE_EXPORT[m[Kâ€™ does not name a type; did you mean â€˜[01m[KDDS_NO_EXPORT[m[Kâ€™?
[9.743s]   208 | [01;31m[KDDS_INLINE_EXPORT[m[K inline void ddsi_sertype_realloc_samples (void **ptrs, const struct ddsi_sertype *tp, void *old, size_t oldcount, size_t count)
[9.744s]       | [01;31m[K^~~~~~~~~~~~~~~~~[m[K
[9.744s]       | [32m[KDDS_NO_EXPORT[m[K
[9.744s] [01m[K/usr/local/include/dds/ddsi/ddsi_sertype.h:212:1:[m[K [01;31m[Kerror: [m[Kâ€˜[01m[KDDS_INLINE_EXPORT[m[Kâ€™ does not name a type; did you mean â€˜[01m[KDDS_NO_EXPORT[m[Kâ€™?
[9.749s]   212 | [01;31m[KDDS_INLINE_EXPORT[m[K inline void ddsi_sertype_free_samples (const struct ddsi_sertype *tp, void **ptrs, size_t count, dds_free_op_t op) {
[9.750s]       | [01;31m[K^~~~~~~~~~~~~~~~~[m[K
[9.750s]       | [32m[KDDS_NO_EXPORT[m[K
[9.750s] [01m[K/usr/local/include/dds/ddsi/ddsi_sertype.h:215:1:[m[K [01;31m[Kerror: [m[Kâ€˜[01m[KDDS_INLINE_EXPORT[m[Kâ€™ does not name a type; did you mean â€˜[01m[KDDS_NO_EXPORT[m[Kâ€™?
[9.750s]   215 | [01;31m[KDDS_INLINE_EXPORT[m[K inline void ddsi_sertype_zero_sample (const struct ddsi_sertype *tp, void *sample) {
[9.750s]       | [01;31m[K^~~~~~~~~~~~~~~~~[m[K
[9.751s]       | [32m[KDDS_NO_EXPORT[m[K
[9.751s] [01m[K/usr/local/include/dds/ddsi/ddsi_sertype.h:218:1:[m[K [01;31m[Kerror: [m[Kâ€˜[01m[KDDS_INLINE_EXPORT[m[Kâ€™ does not name a type; did you mean â€˜[01m[KDDS_NO_EXPORT[m[Kâ€™?
[9.758s]   218 | [01;31m[KDDS_INLINE_EXPORT[m[K inline void *ddsi_sertype_alloc_sample (const struct ddsi_sertype *tp) {
[9.758s]       | [01;31m[K^~~~~~~~~~~~~~~~~[m[K
[9.758s]       | [32m[KDDS_NO_EXPORT[m[K
[9.758s] [01m[K/usr/local/include/dds/ddsi/ddsi_sertype.h:223:1:[m[K [01;31m[Kerror: [m[Kâ€˜[01m[KDDS_INLINE_EXPORT[m[Kâ€™ does not name a type; did you mean â€˜[01m[KDDS_NO_EXPORT[m[Kâ€™?
[9.759s]   223 | [01;31m[KDDS_INLINE_EXPORT[m[K inline void ddsi_sertype_free_sample (const struct ddsi_sertype *tp, void *sample, dds_free_op_t op) {
[9.759s]       | [01;31m[K^~~~~~~~~~~~~~~~~[m[K
[9.759s]       | [32m[KDDS_NO_EXPORT[m[K
[9.759s] [01m[K/usr/local/include/dds/ddsi/ddsi_sertype.h:226:1:[m[K [01;31m[Kerror: [m[Kâ€˜[01m[KDDS_INLINE_EXPORT[m[Kâ€™ does not name a type; did you mean â€˜[01m[KDDS_NO_EXPORT[m[Kâ€™?
[9.759s]   226 | [01;31m[KDDS_INLINE_EXPORT[m[K inline ddsi_typeid_t * ddsi_sertype_typeid (const struct ddsi_sertype *tp, ddsi_typeid_kind_t kind)
[9.759s]       | [01;31m[K^~~~~~~~~~~~~~~~~[m[K
[9.759s]       | [32m[KDDS_NO_EXPORT[m[K
[9.774s] [01m[K/usr/local/include/dds/ddsi/ddsi_sertype.h:232:1:[m[K [01;31m[Kerror: [m[Kâ€˜[01m[KDDS_INLINE_EXPORT[m[Kâ€™ does not name a type; did you mean â€˜[01m[KDDS_NO_EXPORT[m[Kâ€™?
[9.774s]   232 | [01;31m[KDDS_INLINE_EXPORT[m[K inline ddsi_typemap_t * ddsi_sertype_typemap (const struct ddsi_sertype *tp)
[9.774s]       | [01;31m[K^~~~~~~~~~~~~~~~~[m[K
[9.775s]       | [32m[KDDS_NO_EXPORT[m[K
[9.781s] [01m[K/usr/local/include/dds/ddsi/ddsi_sertype.h:238:1:[m[K [01;31m[Kerror: [m[Kâ€˜[01m[KDDS_INLINE_EXPORT[m[Kâ€™ does not name a type; did you mean â€˜[01m[KDDS_NO_EXPORT[m[Kâ€™?
[9.781s]   238 | [01;31m[KDDS_INLINE_EXPORT[m[K inline ddsi_typeinfo_t *ddsi_sertype_typeinfo (const struct ddsi_sertype *tp)
[9.783s]       | [01;31m[K^~~~~~~~~~~~~~~~~[m[K
[9.784s]       | [32m[KDDS_NO_EXPORT[m[K
[9.792s] [01m[K/usr/local/include/dds/ddsi/ddsi_sertype.h:244:1:[m[K [01;31m[Kerror: [m[Kâ€˜[01m[KDDS_INLINE_EXPORT[m[Kâ€™ does not name a type; did you mean â€˜[01m[KDDS_NO_EXPORT[m[Kâ€™?
[9.792s]   244 | [01;31m[KDDS_INLINE_EXPORT[m[K inline struct ddsi_sertype * ddsi_sertype_derive_sertype (const struct ddsi_sertype *base_sertype, dds_data_representation_id_t data_representation, dds_type_consistency_enforcement_qospolicy_t tce_qos) {
[9.793s]       | [01;31m[K^~~~~~~~~~~~~~~~~[m[K
[9.793s]       | [32m[KDDS_NO_EXPORT[m[K
[9.803s] [01m[K/usr/local/include/dds/ddsi/ddsi_sertype.h:250:1:[m[K [01;31m[Kerror: [m[Kâ€˜[01m[KDDS_INLINE_EXPORT[m[Kâ€™ does not name a type; did you mean â€˜[01m[KDDS_NO_EXPORT[m[Kâ€™?
[9.804s]   250 | [01;31m[KDDS_INLINE_EXPORT[m[K inline size_t
[9.805s]       | [01;31m[K^~~~~~~~~~~~~~~~~[m[K
[9.805s]       | [32m[KDDS_NO_EXPORT[m[K
[9.812s] [01m[K/usr/local/include/dds/ddsi/ddsi_sertype.h:256:1:[m[K [01;31m[Kerror: [m[Kâ€˜[01m[KDDS_INLINE_EXPORT[m[Kâ€™ does not name a type; did you mean â€˜[01m[KDDS_NO_EXPORT[m[Kâ€™?
[9.813s]   256 | [01;31m[KDDS_INLINE_EXPORT[m[K inline bool
[9.814s]       | [01;31m[K^~~~~~~~~~~~~~~~~[m[K
[9.815s]       | [32m[KDDS_NO_EXPORT[m[K
[9.832s] In file included from [01m[K/usr/local/include/ddscxx/dds/topic/detail/BuiltinTopic.hpp:23[m[K,
[9.832s]                  from [01m[K/usr/local/include/ddscxx/dds/topic/BuiltinTopic.hpp:22[m[K,
[9.833s]                  from [01m[K/usr/local/include/ddscxx/org/eclipse/cyclonedds/sub/AnyDataReaderDelegate.hpp:36[m[K,
[9.833s]                  from [01m[K/usr/local/include/ddscxx/dds/topic/detail/ContentFilteredTopic.hpp:31[m[K,
[9.833s]                  from [01m[K/usr/local/include/ddscxx/dds/topic/ContentFilteredTopic.hpp:22[m[K,
[9.833s]                  from [01m[K/usr/local/include/ddscxx/dds/topic/ddstopic.hpp:25[m[K,
[9.834s]                  from [01m[K/usr/local/include/ddscxx/dds/dds.hpp:35[m[K,
[9.834s]                  from [01m[K/usr/local/include/unitree/common/dds/dds_entity.hpp:4[m[K,
[9.834s]                  from [01m[K/usr/local/include/unitree/common/dds/dds_topic_channel.hpp:4[m[K,
[9.834s]                  from [01m[K/usr/local/include/unitree/common/dds/dds_factory_model.hpp:5[m[K,
[9.834s]                  from [01m[K/usr/local/include/unitree/robot/channel/channel_factory.hpp:4[m[K,
[9.834s]                  from [01m[K/usr/local/include/unitree/robot/channel/channel_publisher.hpp:4[m[K,
[9.834s]                  from [01m[K/home/unitree/106a_final/src/arm_driver/src/servo_driver.cpp:8[m[K:
[9.835s] [01m[K/usr/local/include/ddscxx/dds/topic/detail/TTopicImpl.hpp:[m[K In constructor â€˜[01m[Kdds::topic::detail::Topic<T>::Topic(const DomainParticipant&, const string&, const string&, const TopicQos&, dds::topic::TopicListener<T>*, const dds::core::status::StatusMask&)[m[Kâ€™:
[9.835s] [01m[K/usr/local/include/ddscxx/dds/topic/detail/TTopicImpl.hpp:176:5:[m[K [01;31m[Kerror: [m[Kâ€˜[01m[Kser_type_[m[Kâ€™ was not declared in this scope; did you mean â€˜[01m[Kref_type[m[Kâ€™?
[9.835s]   176 |     [01;31m[Kser_type_[m[K = org::eclipse::cyclonedds::topic::TopicTraits<T>::getSerType();
[9.835s]       |     [01;31m[K^~~~~~~~~[m[K
[9.835s]       |     [32m[Kref_type[m[K
[9.835s] [01m[K/usr/local/include/ddscxx/dds/topic/detail/TTopicImpl.hpp:178:31:[m[K [01;31m[Kerror: [m[Kthere are no arguments to â€˜[01m[Kdds_create_topic_sertype[m[Kâ€™ that depend on a template parameter, so a declaration of â€˜[01m[Kdds_create_topic_sertype[m[Kâ€™ must be available [[01;31m[K-fpermissive[m[K]
[9.835s]   178 |     dds_entity_t ddsc_topic = [01;31m[Kdds_create_topic_sertype[m[K(
[9.836s]       |                               [01;31m[K^~~~~~~~~~~~~~~~~~~~~~~~[m[K
[9.844s] [01m[K/usr/local/include/ddscxx/dds/topic/detail/TTopicImpl.hpp:[m[K In static member function â€˜[01m[Kstatic dds::topic::Topic<T, dds::topic::detail::Topic> dds::topic::detail::Topic<T>::discover_topic(const DomainParticipant&, const string&, const dds::core::Duration&)[m[Kâ€™:
[9.845s] [01m[K/usr/local/include/ddscxx/dds/topic/detail/TTopicImpl.hpp:311:21:[m[K [01;31m[Kerror: [m[Kâ€˜[01m[Kdds_typeinfo_t[m[Kâ€™ was not declared in this scope; did you mean â€˜[01m[Kddsi_typeinfo_t[m[Kâ€™?
[9.846s]   311 |     std::unique_ptr<[01;31m[Kdds_typeinfo_t[m[K, std::function<void(dds_typeinfo_t *)> >
[9.847s]       |                     [01;31m[K^~~~~~~~~~~~~~[m[K
[9.847s]       |                     [32m[Kddsi_typeinfo_t[m[K
[9.848s] [01m[K/usr/local/include/ddscxx/dds/topic/detail/TTopicImpl.hpp:311:73:[m[K [01;31m[Kerror: [m[Ktemplate argument 1 is invalid
[9.848s]   311 |     std::unique_ptr<dds_typeinfo_t, std::function<void(dds_typeinfo_t *)[01;31m[K>[m[K >
[9.848s]       |                                                                         [01;31m[K^[m[K
[9.848s] [01m[K/usr/local/include/ddscxx/dds/topic/detail/TTopicImpl.hpp:311:75:[m[K [01;31m[Kerror: [m[Ktemplate argument 1 is invalid
[9.848s]   311 |     std::unique_ptr<dds_typeinfo_t, std::function<void(dds_typeinfo_t *)> [01;31m[K>[m[K
[9.848s]       |                                                                           [01;31m[K^[m[K
[9.848s] [01m[K/usr/local/include/ddscxx/dds/topic/detail/TTopicImpl.hpp:311:75:[m[K [01;31m[Kerror: [m[Ktemplate argument 2 is invalid
[9.849s] [01m[K/usr/local/include/ddscxx/dds/topic/detail/TTopicImpl.hpp:313:20:[m[K [01;31m[Kerror: [m[Kâ€˜[01m[Kdds_typeinfo_t[m[Kâ€™ is not a type
[9.849s]   313 |                 []([01;31m[Kdds_typeinfo_t[m[K *ti) { static_cast<void>(dds_free_typeinfo(ti)); });
[9.849s]       |                    [01;31m[K^~~~~~~~~~~~~~[m[K
[9.849s] [01m[K/usr/local/include/ddscxx/dds/topic/detail/TTopicImpl.hpp:[m[K In lambda function:
[9.849s] [01m[K/usr/local/include/ddscxx/dds/topic/detail/TTopicImpl.hpp:313:60:[m[K [01;31m[Kerror: [m[Kthere are no arguments to â€˜[01m[Kdds_free_typeinfo[m[Kâ€™ that depend on a template parameter, so a declaration of â€˜[01m[Kdds_free_typeinfo[m[Kâ€™ must be available [[01;31m[K-fpermissive[m[K]
[9.849s]   313 |                 [](dds_typeinfo_t *ti) { static_cast<void>([01;31m[Kdds_free_typeinfo[m[K(ti)); });
[9.849s]       |                                                            [01;31m[K^~~~~~~~~~~~~~~~~[m[K
[9.849s] [01m[K/usr/local/include/ddscxx/dds/topic/detail/TTopicImpl.hpp:[m[K In static member function â€˜[01m[Kstatic dds::topic::Topic<T, dds::topic::detail::Topic> dds::topic::detail::Topic<T>::discover_topic(const DomainParticipant&, const string&, const dds::core::Duration&)[m[Kâ€™:
[9.850s] [01m[K/usr/local/include/ddscxx/dds/topic/detail/TTopicImpl.hpp:313:85:[m[K [01;31m[Kerror: [m[Kexpression list treated as compound expression in initializer [[01;31m[K-fpermissive[m[K]
[9.850s]   313 |                 [](dds_typeinfo_t *ti) { static_cast<void>(dds_free_typeinfo(ti)); }[01;31m[K)[m[K;
[9.850s]       |                                                                                     [01;31m[K^[m[K
[9.850s] [01m[K/usr/local/include/ddscxx/dds/topic/detail/TTopicImpl.hpp:314:75:[m[K [01;31m[Kerror: [m[Krequest for member â€˜[01m[Kget[m[Kâ€™ in â€˜[01m[Ktype_info[m[Kâ€™, which is of non-class type â€˜[01m[Kint[m[Kâ€™
[9.850s]   314 |     dds_entity_t ddsc_topic = dp.delegate()->lookup_topic(name, type_info.[01;31m[Kget[m[K(), timeout);
[9.850s]       |                                                                           [01;31m[K^~~[m[K
[9.909s] In file included from [01m[K/usr/local/include/ddscxx/dds/topic/ContentFilteredTopic.hpp:22[m[K,
[9.910s]                  from [01m[K/usr/local/include/ddscxx/dds/topic/ddstopic.hpp:25[m[K,
[9.910s]                  from [01m[K/usr/local/include/ddscxx/dds/dds.hpp:35[m[K,
[9.910s]                  from [01m[K/usr/local/include/unitree/common/dds/dds_entity.hpp:4[m[K,
[9.910s]                  from [01m[K/usr/local/include/unitree/common/dds/dds_topic_channel.hpp:4[m[K,
[9.910s]                  from [01m[K/usr/local/include/unitree/common/dds/dds_factory_model.hpp:5[m[K,
[9.910s]                  from [01m[K/usr/local/include/unitree/robot/channel/channel_factory.hpp:4[m[K,
[9.911s]                  from [01m[K/usr/local/include/unitree/robot/channel/channel_publisher.hpp:4[m[K,
[9.911s]                  from [01m[K/home/unitree/106a_final/src/arm_driver/src/servo_driver.cpp:8[m[K:
[9.911s] [01m[K/usr/local/include/ddscxx/dds/topic/detail/ContentFilteredTopic.hpp:[m[K At global scope:
[9.911s] [01m[K/usr/local/include/ddscxx/dds/topic/detail/ContentFilteredTopic.hpp:439:52:[m[K [01;31m[Kerror: [m[Kâ€˜[01m[Kdds_topic_filter[m[Kâ€™ has not been declared
[9.911s]   439 |     void filter_function_internal(Functor && func, [01;31m[Kdds_topic_filter[m[K * flt)
[9.911s]       |                                                    [01;31m[K^~~~~~~~~~~~~~~~[m[K
[9.924s] [01m[K/usr/local/include/ddscxx/dds/topic/detail/ContentFilteredTopic.hpp:[m[K In member function â€˜[01m[Kvoid dds::topic::detail::ContentFilteredTopic<T>::filter_function(Functor&&)[m[Kâ€™:
[9.925s] [01m[K/usr/local/include/ddscxx/dds/topic/detail/ContentFilteredTopic.hpp:413:9:[m[K [01;31m[Kerror: [m[Kâ€˜[01m[Kdds_topic_filter[m[Kâ€™ was not declared in this scope; did you mean â€˜[01m[Kdds_topic_filter_fn[m[Kâ€™?
[9.925s]   413 |         [01;31m[Kdds_topic_filter[m[K flt;
[9.925s]       |         [01;31m[K^~~~~~~~~~~~~~~~[m[K
[9.925s]       |         [32m[Kdds_topic_filter_fn[m[K
[9.932s] [01m[K/usr/local/include/ddscxx/dds/topic/detail/ContentFilteredTopic.hpp:414:9:[m[K [01;31m[Kerror: [m[Kâ€˜[01m[Kflt[m[Kâ€™ was not declared in this scope
[9.932s]   414 |         [01;31m[Kflt[m[K.mode = DDS_TOPIC_FILTER_SAMPLE_ARG;
[9.932s]       |         [01;31m[K^~~[m[K
[9.954s] [01m[K/usr/local/include/ddscxx/dds/topic/detail/ContentFilteredTopic.hpp:414:20:[m[K [01;31m[Kerror: [m[Kâ€˜[01m[KDDS_TOPIC_FILTER_SAMPLE_ARG[m[Kâ€™ was not declared in this scope; did you mean â€˜[01m[KDDS_TOPIC_FILTER_HPP_[m[Kâ€™?
[9.956s]   414 |         flt.mode = [01;31m[KDDS_TOPIC_FILTER_SAMPLE_ARG[m[K;
[9.956s]       |                    [01;31m[K^~~~~~~~~~~~~~~~~~~~~~~~~~~[m[K
[9.956s]       |                    [32m[KDDS_TOPIC_FILTER_HPP_[m[K
[9.964s] [01m[K/usr/local/include/ddscxx/dds/topic/detail/ContentFilteredTopic.hpp:[m[K In member function â€˜[01m[Kvoid dds::topic::detail::ContentFilteredTopic<T>::filter_function(Functor&&)[m[Kâ€™:
[9.965s] [01m[K/usr/local/include/ddscxx/dds/topic/detail/ContentFilteredTopic.hpp:422:9:[m[K [01;31m[Kerror: [m[Kâ€˜[01m[Kdds_topic_filter[m[Kâ€™ was not declared in this scope; did you mean â€˜[01m[Kdds_topic_filter_fn[m[Kâ€™?
[9.965s]   422 |         [01;31m[Kdds_topic_filter[m[K flt;
[9.965s]       |         [01;31m[K^~~~~~~~~~~~~~~~[m[K
[9.965s]       |         [32m[Kdds_topic_filter_fn[m[K
[9.969s] [01m[K/usr/local/include/ddscxx/dds/topic/detail/ContentFilteredTopic.hpp:423:9:[m[K [01;31m[Kerror: [m[Kâ€˜[01m[Kflt[m[Kâ€™ was not declared in this scope
[9.971s]   423 |         [01;31m[Kflt[m[K.mode = DDS_TOPIC_FILTER_SAMPLEINFO_ARG;
[9.972s]       |         [01;31m[K^~~[m[K
[9.994s] [01m[K/usr/local/include/ddscxx/dds/topic/detail/ContentFilteredTopic.hpp:423:20:[m[K [01;31m[Kerror: [m[Kâ€˜[01m[KDDS_TOPIC_FILTER_SAMPLEINFO_ARG[m[Kâ€™ was not declared in this scope
[9.994s]   423 |         flt.mode = [01;31m[KDDS_TOPIC_FILTER_SAMPLEINFO_ARG[m[K;
[9.994s]       |                    [01;31m[K^~~~~~~~~~~~~~~~~~~~~~~~~~~~~~~[m[K
[10.003s] [01m[K/usr/local/include/ddscxx/dds/topic/detail/ContentFilteredTopic.hpp:[m[K In member function â€˜[01m[Kvoid dds::topic::detail::ContentFilteredTopic<T>::filter_function(Functor&&)[m[Kâ€™:
[10.005s] [01m[K/usr/local/include/ddscxx/dds/topic/detail/ContentFilteredTopic.hpp:431:9:[m[K [01;31m[Kerror: [m[Kâ€˜[01m[Kdds_topic_filter[m[Kâ€™ was not declared in this scope; did you mean â€˜[01m[Kdds_topic_filter_fn[m[Kâ€™?
[10.007s]   431 |         [01;31m[Kdds_topic_filter[m[K flt;
[10.008s]       |         [01;31m[K^~~~~~~~~~~~~~~~[m[K
[10.009s]       |         [32m[Kdds_topic_filter_fn[m[K
[10.009s] [01m[K/usr/local/include/ddscxx/dds/topic/detail/ContentFilteredTopic.hpp:432:9:[m[K [01;31m[Kerror: [m[Kâ€˜[01m[Kflt[m[Kâ€™ was not declared in this scope
[10.009s]   432 |         [01;31m[Kflt[m[K.mode = DDS_TOPIC_FILTER_SAMPLE_SAMPLEINFO_ARG;
[10.009s]       |         [01;31m[K^~~[m[K
[10.035s] [01m[K/usr/local/include/ddscxx/dds/topic/detail/ContentFilteredTopic.hpp:432:20:[m[K [01;31m[Kerror: [m[Kâ€˜[01m[KDDS_TOPIC_FILTER_SAMPLE_SAMPLEINFO_ARG[m[Kâ€™ was not declared in this scope
[10.037s]   432 |         flt.mode = [01;31m[KDDS_TOPIC_FILTER_SAMPLE_SAMPLEINFO_ARG[m[K;
[10.038s]       |                    [01;31m[K^~~~~~~~~~~~~~~~~~~~~~~~~~~~~~~~~~~~~~[m[K
[10.039s] [01m[K/usr/local/include/ddscxx/dds/topic/detail/ContentFilteredTopic.hpp:[m[K In member function â€˜[01m[Kvoid dds::topic::detail::ContentFilteredTopic<T>::filter_function_internal(Functor&&, int*)[m[Kâ€™:
[10.040s] [01m[K/usr/local/include/ddscxx/dds/topic/detail/ContentFilteredTopic.hpp:455:14:[m[K [01;31m[Kerror: [m[Krequest for member â€˜[01m[Karg[m[Kâ€™ in â€˜[01m[Kflt->[m[Kâ€™, which is of non-class type â€˜[01m[Kint[m[Kâ€™
[10.041s]   455 |         flt->[01;31m[Karg[m[K = myFunctor;
[10.041s]       |              [01;31m[K^~~[m[K
[10.041s] [01m[K/usr/local/include/ddscxx/dds/topic/detail/ContentFilteredTopic.hpp:456:9:[m[K [01;31m[Kerror: [m[Kthere are no arguments to â€˜[01m[Kdds_set_topic_filter_extended[m[Kâ€™ that depend on a template parameter, so a declaration of â€˜[01m[Kdds_set_topic_filter_extended[m[Kâ€™ must be available [[01;31m[K-fpermissive[m[K]
[10.041s]   456 |         [01;31m[Kdds_set_topic_filter_extended[m[K(cfTopic, flt);
[10.041s]       |         [01;31m[K^~~~~~~~~~~~~~~~~~~~~~~~~~~~~[m[K
[10.154s] In file included from [01m[K/usr/local/include/ddscxx/dds/sub/detail/SampleRef.hpp:34[m[K,
[10.154s]                  from [01m[K/usr/local/include/ddscxx/dds/sub/SampleRef.hpp:22[m[K,
[10.154s]                  from [01m[K/usr/local/include/ddscxx/dds/sub/LoanedSamples.hpp:22[m[K,
[10.155s]                  from [01m[K/usr/local/include/ddscxx/dds/sub/detail/DataReader.hpp:21[m[K,
[10.155s]                  from [01m[K/usr/local/include/ddscxx/dds/sub/DataReader.hpp:21[m[K,
[10.155s]                  from [01m[K/usr/local/include/ddscxx/dds/sub/ddssub.hpp:30[m[K,
[10.155s]                  from [01m[K/usr/local/include/ddscxx/dds/dds.hpp:37[m[K,
[10.155s]                  from [01m[K/usr/local/include/unitree/common/dds/dds_entity.hpp:4[m[K,
[10.155s]                  from [01m[K/usr/local/include/unitree/common/dds/dds_topic_channel.hpp:4[m[K,
[10.156s]                  from [01m[K/usr/local/include/unitree/common/dds/dds_factory_model.hpp:5[m[K,
[10.156s]                  from [01m[K/usr/local/include/unitree/robot/channel/channel_factory.hpp:4[m[K,
[10.156s]                  from [01m[K/usr/local/include/unitree/robot/channel/channel_publisher.hpp:4[m[K,
[10.156s]                  from [01m[K/home/unitree/106a_final/src/arm_driver/src/servo_driver.cpp:8[m[K:
[10.156s] [01m[K/usr/local/include/ddscxx/org/eclipse/cyclonedds/topic/datatopic.hpp:[m[K In function â€˜[01m[Kbool read_header(const void*, org::eclipse::cyclonedds::core::cdr::encoding_version&, org::eclipse::cyclonedds::core::cdr::endianness&)[m[Kâ€™:
[10.156s] [01m[K/usr/local/include/ddscxx/org/eclipse/cyclonedds/topic/datatopic.hpp:213:54:[m[K [01;31m[Kerror: [m[Kâ€˜[01m[KDDS_DATA_REPRESENTATION_FLAG_XCDR1[m[Kâ€™ was not declared in this scope
[10.157s]   213 |           if (TopicTraits<T>::allowableEncodings() & [01;31m[KDDS_DATA_REPRESENTATION_FLAG_XCDR1[m[K)
[10.157s]       |                                                      [01;31m[K^~~~~~~~~~~~~~~~~~~~~~~~~~~~~~~~~~[m[K
[10.182s] [01m[K/usr/local/include/ddscxx/org/eclipse/cyclonedds/topic/datatopic.hpp:[m[K In member function â€˜[01m[Kvoid ddscxx_serdata<T>::populate_hash()[m[Kâ€™:
[10.182s] [01m[K/usr/local/include/ddscxx/org/eclipse/cyclonedds/topic/datatopic.hpp:766:11:[m[K [01;31m[Kerror: [m[Kâ€˜[01m[Ktype[m[Kâ€™ was not declared in this scope
[10.182s]   766 |   hash ^= [01;31m[Ktype[m[K->serdata_basehash;
[10.183s]       |           [01;31m[K^~~~[m[K
[12.124s] In file included from [01m[K/usr/local/include/ddscxx/dds/topic/detail/BuiltinTopic.hpp:23[m[K,
[12.125s]                  from [01m[K/usr/local/include/ddscxx/dds/topic/BuiltinTopic.hpp:22[m[K,
[12.125s]                  from [01m[K/usr/local/include/ddscxx/org/eclipse/cyclonedds/sub/AnyDataReaderDelegate.hpp:36[m[K,
[12.125s]                  from [01m[K/usr/local/include/ddscxx/dds/topic/detail/ContentFilteredTopic.hpp:31[m[K,
[12.125s]                  from [01m[K/usr/local/include/ddscxx/dds/topic/ContentFilteredTopic.hpp:22[m[K,
[12.125s]                  from [01m[K/usr/local/include/ddscxx/dds/topic/ddstopic.hpp:25[m[K,
[12.125s]                  from [01m[K/usr/local/include/ddscxx/dds/dds.hpp:35[m[K,
[12.125s]                  from [01m[K/usr/local/include/unitree/common/dds/dds_entity.hpp:4[m[K,
[12.126s]                  from [01m[K/usr/local/include/unitree/common/dds/dds_topic_channel.hpp:4[m[K,
[12.126s]                  from [01m[K/usr/local/include/unitree/common/dds/dds_factory_model.hpp:5[m[K,
[12.126s]                  from [01m[K/usr/local/include/unitree/robot/channel/channel_factory.hpp:4[m[K,
[12.126s]                  from [01m[K/usr/local/include/unitree/robot/channel/channel_publisher.hpp:4[m[K,
[12.126s]                  from [01m[K/home/unitree/106a_final/src/arm_driver/src/servo_driver.cpp:8[m[K:
[12.126s] /usr/local/include/ddscxx/dds/topic/detail/TTopicImpl.hpp: In instantiation of â€˜[01m[Kdds::topic::detail::Topic<T>::Topic(const DomainParticipant&, const string&, const string&, const TopicQos&, dds::topic::TopicListener<T>*, const dds::core::status::StatusMask&) [with T = unitree_arm::msg::dds_::ArmString_; dds::domain::DomainParticipant = dds::domain::TDomainParticipant<org::eclipse::cyclonedds::domain::DomainParticipantDelegate>; std::string = std::__cxx11::basic_string<char>; dds::topic::qos::TopicQos = dds::core::TEntityQos<org::eclipse::cyclonedds::topic::qos::TopicQosDelegate>][m[Kâ€™:
[12.126s] [01m[K/usr/local/include/ddscxx/dds/topic/detail/TTopicImpl.hpp:84:45:[m[K   required from â€˜[01m[Kdds::topic::Topic<T, DELEGATE>::Topic(const DomainParticipant&, const string&, const TopicQos&, dds::topic::TopicListener<T>*, const dds::core::status::StatusMask&) [with T = unitree_arm::msg::dds_::ArmString_; DELEGATE = dds::topic::detail::Topic; dds::domain::DomainParticipant = dds::domain::TDomainParticipant<org::eclipse::cyclonedds::domain::DomainParticipantDelegate>; std::string = std::__cxx11::basic_string<char>; dds::topic::qos::TopicQos = dds::core::TEntityQos<org::eclipse::cyclonedds::topic::qos::TopicQosDelegate>][m[Kâ€™
[12.127s] [01m[K/usr/local/include/unitree/common/dds/dds_entity.hpp:117:19:[m[K   required from â€˜[01m[Kunitree::common::DdsTopic<MSG>::DdsTopic(const DdsParticipantPtr&, const string&, const unitree::common::DdsTopicQos&) [with MSG = unitree_arm::msg::dds_::ArmString_; unitree::common::DdsParticipantPtr = std::shared_ptr<unitree::common::DdsParticipant>; std::string = std::__cxx11::basic_string<char>][m[Kâ€™
[12.127s] [01m[K/usr/local/include/unitree/common/dds/dds_topic_channel.hpp:39:35:[m[K   required from â€˜[01m[Kvoid unitree::common::DdsTopicChannel<MSG>::SetTopic(const DdsParticipantPtr&, const string&, const unitree::common::DdsTopicQos&) [with MSG = unitree_arm::msg::dds_::ArmString_; unitree::common::DdsParticipantPtr = std::shared_ptr<unitree::common::DdsParticipant>; std::string = std::__cxx11::basic_string<char>][m[Kâ€™
[12.127s] [01m[K/usr/local/include/unitree/common/dds/dds_factory_model.hpp:25:9:[m[K   required from â€˜[01m[Kunitree::common::DdsTopicChannelPtr<MSG> unitree::common::DdsFactoryModel::CreateTopicChannel(const string&) [with MSG = unitree_arm::msg::dds_::ArmString_; unitree::common::DdsTopicChannelPtr<MSG> = std::shared_ptr<unitree::common::DdsTopicChannel<unitree_arm::msg::dds_::ArmString_> >; std::string = std::__cxx11::basic_string<char>][m[Kâ€™
[12.127s] [01m[K/usr/local/include/unitree/robot/channel/channel_factory.hpp:34:25:[m[K   required from â€˜[01m[Kunitree::robot::ChannelPtr<MSG> unitree::robot::ChannelFactory::CreateSendChannel(const string&) [with MSG = unitree_arm::msg::dds_::ArmString_; unitree::robot::ChannelPtr<MSG> = std::shared_ptr<unitree::common::DdsTopicChannel<unitree_arm::msg::dds_::ArmString_> >; std::string = std::__cxx11::basic_string<char>][m[Kâ€™
[12.127s] [01m[K/usr/local/include/unitree/robot/channel/channel_publisher.hpp:20:21:[m[K   required from â€˜[01m[Kvoid unitree::robot::ChannelPublisher<MSG>::InitChannel() [with MSG = unitree_arm::msg::dds_::ArmString_][m[Kâ€™
[12.127s] [01m[K/home/unitree/106a_final/src/arm_driver/src/servo_driver.cpp:25:37:[m[K   required from here
[12.127s] [01m[K/usr/local/include/ddscxx/dds/topic/detail/TTopicImpl.hpp:176:76:[m[K [01;31m[Kerror: [m[Kâ€˜[01m[KgetSerType[m[Kâ€™ is not a member of â€˜[01m[Korg::eclipse::cyclonedds::topic::TopicTraits<unitree_arm::msg::dds_::ArmString_>[m[Kâ€™
[12.127s]   176 |     ser_type_ = [01;31m[Korg::eclipse::cyclonedds::topic::TopicTraits<T>::getSerType()[m[K;
[12.128s]       |                 [01;31m[K~~~~~~~~~~~~~~~~~~~~~~~~~~~~~~~~~~~~~~~~~~~~~~~~~~~~~~~~~~~^~[m[K
[12.142s] [01m[K/usr/local/include/ddscxx/dds/topic/detail/TTopicImpl.hpp:178:55:[m[K [01;31m[Kerror: [m[Kâ€˜[01m[Kdds_create_topic_sertype[m[Kâ€™ was not declared in this scope; did you mean â€˜[01m[Kdds_create_topic_generic[m[Kâ€™?
[12.142s]   178 |     dds_entity_t ddsc_topic = [01;31m[Kdds_create_topic_sertype([m[K
[12.143s]       |                               [01;31m[K~~~~~~~~~~~~~~~~~~~~~~~~^[m[K
[12.143s]   179 | [01;31m[K      ddsc_par, name.c_str(), &ser_type_, ddsc_qos, NULL, NULL)[m[K;
[12.143s]       |       [01;31m[K~~~~~~~~~~~~~~~~~~~~~~~~~~~~~~~~~~~~~~~~~~~~~~~~~~~~~~~~~[m[K
[15.084s] make[2]: *** [CMakeFiles/servo_driver.dir/build.make:63: CMakeFiles/servo_driver.dir/src/servo_driver.cpp.o] Error 1
[15.085s] make[1]: *** [CMakeFiles/Makefile2:78: CMakeFiles/servo_driver.dir/all] Error 2
[15.085s] make: *** [Makefile:141: all] Error 2
[15.093s] Invoked command in '/home/unitree/106a_final/build/arm_driver' returned '2': CMAKE_PREFIX_PATH=${CMAKE_PREFIX_PATH}:/opt/ros/foxy /usr/bin/cmake --build /home/unitree/106a_final/build/arm_driver -- -j4 -l4
