[3.122s] Invoking command in '/home/unitree/106a_final/build/arm_driver': CMAKE_PREFIX_PATH=${CMAKE_PREFIX_PATH}:/opt/ros/foxy /usr/bin/cmake --build /home/unitree/106a_final/build/arm_driver -- -j4 -l4
[3.533s] [ 33%] [32mBuilding CXX object CMakeFiles/servo_driver.dir/src/servo_driver.cpp.o[0m
[12.957s] In file included from [01m[K/usr/local/include/ddscxx/dds/domain/detail/TDomainParticipantImpl.hpp:23[m[K,
[12.957s]                  from [01m[K/usr/local/include/ddscxx/dds/domain/detail/DomainParticipant.hpp:22[m[K,
[12.957s]                  from [01m[K/usr/local/include/ddscxx/dds/domain/DomainParticipant.hpp:22[m[K,
[12.957s]                  from [01m[K/usr/local/include/ddscxx/dds/domain/find.hpp:22[m[K,
[12.958s]                  from [01m[K/usr/local/include/ddscxx/dds/domain/ddsdomain.hpp:21[m[K,
[12.958s]                  from [01m[K/usr/local/include/ddscxx/dds/dds.hpp:34[m[K,
[12.958s]                  from [01m[K/usr/local/include/unitree/common/dds/dds_entity.hpp:4[m[K,
[12.961s]                  from [01m[K/usr/local/include/unitree/common/dds/dds_topic_channel.hpp:4[m[K,
[12.961s]                  from [01m[K/usr/local/include/unitree/common/dds/dds_factory_model.hpp:5[m[K,
[12.961s]                  from [01m[K/usr/local/include/unitree/robot/channel/channel_factory.hpp:4[m[K,
[12.961s]                  from [01m[K/usr/local/include/unitree/robot/channel/channel_publisher.hpp:4[m[K,
[12.961s]                  from [01m[K/home/unitree/106a_final/src/arm_driver/src/servo_driver.cpp:8[m[K:
[12.962s] [01m[K/usr/local/include/ddscxx/org/eclipse/cyclonedds/domain/DomainParticipantDelegate.hpp:120:24:[m[K [01;31m[Kerror: [m[Kâ€˜[01m[Kdds_typeinfo_t[m[Kâ€™ does not name a type; did you mean â€˜[01m[Kdds_sample_info_t[m[Kâ€™?
[12.962s]   120 |                  const [01;31m[Kdds_typeinfo_t[m[K *type_info,
[12.962s]       |                        [01;31m[K^~~~~~~~~~~~~~[m[K
[12.962s]       |                        [32m[Kdds_sample_info_t[m[K
[13.077s] In file included from [01m[K/usr/local/include/ddscxx/dds/topic/detail/TopicDescription.hpp:22[m[K,
[13.077s]                  from [01m[K/usr/local/include/ddscxx/dds/topic/TopicDescription.hpp:22[m[K,
[13.077s]                  from [01m[K/usr/local/include/ddscxx/dds/topic/ddstopic.hpp:22[m[K,
[13.078s]                  from [01m[K/usr/local/include/ddscxx/dds/dds.hpp:35[m[K,
[13.078s]                  from [01m[K/usr/local/include/unitree/common/dds/dds_entity.hpp:4[m[K,
[13.078s]                  from [01m[K/usr/local/include/unitree/common/dds/dds_topic_channel.hpp:4[m[K,
[13.078s]                  from [01m[K/usr/local/include/unitree/common/dds/dds_factory_model.hpp:5[m[K,
[13.078s]                  from [01m[K/usr/local/include/unitree/robot/channel/channel_factory.hpp:4[m[K,
[13.078s]                  from [01m[K/usr/local/include/unitree/robot/channel/channel_publisher.hpp:4[m[K,
[13.078s]                  from [01m[K/home/unitree/106a_final/src/arm_driver/src/servo_driver.cpp:8[m[K:
[13.079s] [01m[K/usr/local/include/ddscxx/org/eclipse/cyclonedds/topic/TopicDescriptionDelegate.hpp:73:5:[m[K [01;31m[Kerror: [m[Kâ€˜[01m[Kddsi_sertype[m[Kâ€™ does not name a type; did you mean â€˜[01m[Kddsi_sertopic[m[Kâ€™?
[13.079s]    73 |     [01;31m[Kddsi_sertype[m[K *get_ser_type() const;
[13.079s]       |     [01;31m[K^~~~~~~~~~~~[m[K
[13.079s]       |     [32m[Kddsi_sertopic[m[K
[13.160s] [01m[K/usr/local/include/ddscxx/org/eclipse/cyclonedds/topic/TopicDescriptionDelegate.hpp:80:5:[m[K [01;31m[Kerror: [m[Kâ€˜[01m[Kddsi_sertype[m[Kâ€™ does not name a type; did you mean â€˜[01m[Kddsi_sertopic[m[Kâ€™?
[13.160s]    80 |     [01;31m[Kddsi_sertype[m[K *ser_type_;
[13.160s]       |     [01;31m[K^~~~~~~~~~~~[m[K
[13.160s]       |     [32m[Kddsi_sertopic[m[K
[13.209s] In file included from [01m[K/usr/local/include/ddscxx/org/eclipse/cyclonedds/topic/AnyTopicDelegate.hpp:23[m[K,
[13.209s]                  from [01m[K/usr/local/include/ddscxx/dds/topic/detail/AnyTopic.hpp:22[m[K,
[13.209s]                  from [01m[K/usr/local/include/ddscxx/dds/topic/AnyTopic.hpp:22[m[K,
[13.209s]                  from [01m[K/usr/local/include/ddscxx/dds/topic/detail/Topic.hpp:27[m[K,
[13.210s]                  from [01m[K/usr/local/include/ddscxx/dds/topic/Topic.hpp:21[m[K,
[13.210s]                  from [01m[K/usr/local/include/ddscxx/dds/topic/ddstopic.hpp:23[m[K,
[13.214s]                  from [01m[K/usr/local/include/ddscxx/dds/dds.hpp:35[m[K,
[13.214s]                  from [01m[K/usr/local/include/unitree/common/dds/dds_entity.hpp:4[m[K,
[13.215s]                  from [01m[K/usr/local/include/unitree/common/dds/dds_topic_channel.hpp:4[m[K,
[13.215s]                  from [01m[K/usr/local/include/unitree/common/dds/dds_factory_model.hpp:5[m[K,
[13.215s]                  from [01m[K/usr/local/include/unitree/robot/channel/channel_factory.hpp:4[m[K,
[13.215s]                  from [01m[K/usr/local/include/unitree/robot/channel/channel_publisher.hpp:4[m[K,
[13.218s]                  from [01m[K/home/unitree/106a_final/src/arm_driver/src/servo_driver.cpp:8[m[K:
[13.219s] [01m[K/usr/local/include/ddscxx/org/eclipse/cyclonedds/topic/TopicTraits.hpp:95:12:[m[K [01;31m[Kerror: [m[Kâ€˜[01m[Kddsi_sertype[m[Kâ€™ does not name a type; did you mean â€˜[01m[Kddscxx_sertype[m[Kâ€™?
[13.219s]    95 |     static [01;31m[Kddsi_sertype[m[K *getSerType(allowable_encodings_t kinds = allowableEncodings())
[13.219s]       |            [01;31m[K^~~~~~~~~~~~[m[K
[13.219s]       |            [32m[Kddscxx_sertype[m[K
[13.239s] [01m[K/usr/local/include/ddscxx/org/eclipse/cyclonedds/topic/TopicTraits.hpp:167:12:[m[K [01;31m[Kerror: [m[Kâ€˜[01m[Kddsi_typeid_t[m[Kâ€™ does not name a type; did you mean â€˜[01m[Kdds_guid_t[m[Kâ€™?
[13.239s]   167 |     static [01;31m[Kddsi_typeid_t[m[K* getTypeId(const struct ddsi_sertype *, ddsi_typeid_kind_t kind)
[13.240s]       |            [01;31m[K^~~~~~~~~~~~~[m[K
[13.240s]       |            [32m[Kdds_guid_t[m[K
[13.252s] [01m[K/usr/local/include/ddscxx/org/eclipse/cyclonedds/topic/TopicTraits.hpp:188:12:[m[K [01;31m[Kerror: [m[Kâ€˜[01m[Kddsi_typemap_t[m[Kâ€™ does not name a type
[13.253s]   188 |     static [01;31m[Kddsi_typemap_t[m[K* getTypeMap(const struct ddsi_sertype *)
[13.253s]       |            [01;31m[K^~~~~~~~~~~~~~[m[K
[13.254s] [01m[K/usr/local/include/ddscxx/org/eclipse/cyclonedds/topic/TopicTraits.hpp:202:12:[m[K [01;31m[Kerror: [m[Kâ€˜[01m[Kddsi_typeinfo_t[m[Kâ€™ does not name a type; did you mean â€˜[01m[Kdds_sample_info_t[m[Kâ€™?
[13.254s]   202 |     static [01;31m[Kddsi_typeinfo_t[m[K* getTypeInfo(const struct ddsi_sertype *)
[13.254s]       |            [01;31m[K^~~~~~~~~~~~~~~[m[K
[13.254s]       |            [32m[Kdds_sample_info_t[m[K
[13.255s] [01m[K/usr/local/include/ddscxx/org/eclipse/cyclonedds/topic/TopicTraits.hpp:266:76:[m[K [01;31m[Kerror: [m[Kâ€˜[01m[Kdds_data_representation_id_t[m[Kâ€™ has not been declared
[13.255s]   266 | uct ddsi_sertype* deriveSertype(const struct ddsi_sertype *, [01;31m[Kdds_data_representation_id_t[m[K data_representation, dds_type_consistency_enforcement_qospolicy_t)
[13.256s]       |                                                              [01;31m[K^~~~~~~~~~~~~~~~~~~~~~~~~~~~[m[K
[13.256s] 
[13.256s] [01m[K/usr/local/include/ddscxx/org/eclipse/cyclonedds/topic/TopicTraits.hpp:266:126:[m[K [01;31m[Kerror: [m[Kâ€˜[01m[Kdds_type_consistency_enforcement_qospolicy_t[m[Kâ€™ has not been declared
[13.256s]   266 | sertype *, dds_data_representation_id_t data_representation, [01;31m[Kdds_type_consistency_enforcement_qospolicy_t[m[K)
[13.257s]       |                                                              [01;31m[K^~~~~~~~~~~~~~~~~~~~~~~~~~~~~~~~~~~~~~~~~~~~[m[K
[13.257s] 
[13.280s] In file included from [01m[K/usr/local/include/ddscxx/org/eclipse/cyclonedds/topic/AnyTopicDelegate.hpp:23[m[K,
[13.281s]                  from [01m[K/usr/local/include/ddscxx/dds/topic/detail/AnyTopic.hpp:22[m[K,
[13.281s]                  from [01m[K/usr/local/include/ddscxx/dds/topic/AnyTopic.hpp:22[m[K,
[13.281s]                  from [01m[K/usr/local/include/ddscxx/dds/topic/detail/Topic.hpp:27[m[K,
[13.281s]                  from [01m[K/usr/local/include/ddscxx/dds/topic/Topic.hpp:21[m[K,
[13.282s]                  from [01m[K/usr/local/include/ddscxx/dds/topic/ddstopic.hpp:23[m[K,
[13.282s]                  from [01m[K/usr/local/include/ddscxx/dds/dds.hpp:35[m[K,
[13.282s]                  from [01m[K/usr/local/include/unitree/common/dds/dds_entity.hpp:4[m[K,
[13.282s]                  from [01m[K/usr/local/include/unitree/common/dds/dds_topic_channel.hpp:4[m[K,
[13.283s]                  from [01m[K/usr/local/include/unitree/common/dds/dds_factory_model.hpp:5[m[K,
[13.283s]                  from [01m[K/usr/local/include/unitree/robot/channel/channel_factory.hpp:4[m[K,
[13.283s]                  from [01m[K/usr/local/include/unitree/robot/channel/channel_publisher.hpp:4[m[K,
[13.283s]                  from [01m[K/home/unitree/106a_final/src/arm_driver/src/servo_driver.cpp:8[m[K:
[13.283s] [01m[K/usr/local/include/ddscxx/org/eclipse/cyclonedds/topic/TopicTraits.hpp:[m[K In static member function â€˜[01m[Kstatic org::eclipse::cyclonedds::topic::ddsi_sertype* org::eclipse::cyclonedds::topic::TopicTraits<TOPIC>::deriveSertype(const org::eclipse::cyclonedds::topic::ddsi_sertype*, int, int)[m[Kâ€™:
[13.283s] [01m[K/usr/local/include/ddscxx/org/eclipse/cyclonedds/topic/TopicTraits.hpp:270:16:[m[K [01;31m[Kerror: [m[Kâ€˜[01m[KDDS_DATA_REPRESENTATION_XCDR1[m[Kâ€™ was not declared in this scope
[13.283s]   270 |           case [01;31m[KDDS_DATA_REPRESENTATION_XCDR1[m[K:
[13.284s]       |                [01;31m[K^~~~~~~~~~~~~~~~~~~~~~~~~~~~~[m[K
[13.315s] [01m[K/usr/local/include/ddscxx/org/eclipse/cyclonedds/topic/TopicTraits.hpp:271:32:[m[K [01;31m[Kerror: [m[Kâ€˜[01m[KDDS_DATA_REPRESENTATION_FLAG_XCDR1[m[Kâ€™ was not declared in this scope
[13.315s]   271 |               ptr = getSerType([01;31m[KDDS_DATA_REPRESENTATION_FLAG_XCDR1[m[K);
[13.315s]       |                                [01;31m[K^~~~~~~~~~~~~~~~~~~~~~~~~~~~~~~~~~[m[K
[13.316s] [01m[K/usr/local/include/ddscxx/org/eclipse/cyclonedds/topic/TopicTraits.hpp:271:21:[m[K [01;31m[Kerror: [m[Kthere are no arguments to â€˜[01m[KgetSerType[m[Kâ€™ that depend on a template parameter, so a declaration of â€˜[01m[KgetSerType[m[Kâ€™ must be available [[01;31m[K-fpermissive[m[K]
[13.316s]   271 |               ptr = [01;31m[KgetSerType[m[K(DDS_DATA_REPRESENTATION_FLAG_XCDR1);
[13.316s]       |                     [01;31m[K^~~~~~~~~~[m[K
[13.316s] [01m[K/usr/local/include/ddscxx/org/eclipse/cyclonedds/topic/TopicTraits.hpp:271:21:[m[K [01;36m[Knote: [m[K(if you use â€˜[01m[K-fpermissive[m[Kâ€™, G++ will accept your code, but allowing the use of an undeclared name is deprecated)
[13.339s] [01m[K/usr/local/include/ddscxx/org/eclipse/cyclonedds/topic/TopicTraits.hpp:273:16:[m[K [01;31m[Kerror: [m[Kâ€˜[01m[KDDS_DATA_REPRESENTATION_XCDR2[m[Kâ€™ was not declared in this scope
[13.339s]   273 |           case [01;31m[KDDS_DATA_REPRESENTATION_XCDR2[m[K:
[13.339s]       |                [01;31m[K^~~~~~~~~~~~~~~~~~~~~~~~~~~~~[m[K
[13.376s] [01m[K/usr/local/include/ddscxx/org/eclipse/cyclonedds/topic/TopicTraits.hpp:274:32:[m[K [01;31m[Kerror: [m[Kâ€˜[01m[KDDS_DATA_REPRESENTATION_FLAG_XCDR2[m[Kâ€™ was not declared in this scope
[13.376s]   274 |               ptr = getSerType([01;31m[KDDS_DATA_REPRESENTATION_FLAG_XCDR2[m[K);
[13.376s]       |                                [01;31m[K^~~~~~~~~~~~~~~~~~~~~~~~~~~~~~~~~~[m[K
[13.376s] [01m[K/usr/local/include/ddscxx/org/eclipse/cyclonedds/topic/TopicTraits.hpp:274:21:[m[K [01;31m[Kerror: [m[Kthere are no arguments to â€˜[01m[KgetSerType[m[Kâ€™ that depend on a template parameter, so a declaration of â€˜[01m[KgetSerType[m[Kâ€™ must be available [[01;31m[K-fpermissive[m[K]
[13.377s]   274 |               ptr = [01;31m[KgetSerType[m[K(DDS_DATA_REPRESENTATION_FLAG_XCDR2);
[13.377s]       |                     [01;31m[K^~~~~~~~~~[m[K
[13.387s] [01m[K/usr/local/include/ddscxx/org/eclipse/cyclonedds/topic/TopicTraits.hpp:279:58:[m[K [01;31m[Kerror: [m[Kâ€˜[01m[KDDSI_SERTYPE_REFC_MASK[m[Kâ€™ was not declared in this scope
[13.387s]   279 |             ddsrt_atomic_st32 (&ptr->flags_refc, refc & ~[01;31m[KDDSI_SERTYPE_REFC_MASK[m[K);
[13.387s]       |                                                          [01;31m[K^~~~~~~~~~~~~~~~~~~~~~[m[K
[13.387s] [01m[K/usr/local/include/ddscxx/org/eclipse/cyclonedds/topic/TopicTraits.hpp:279:58:[m[K [01;36m[Knote: [m[Kthe macro â€˜[01m[KDDSI_SERTYPE_REFC_MASK[m[Kâ€™ had not yet been defined
[13.388s] In file included from [01m[K/usr/local/include/ddscxx/dds/topic/detail/TTopicImpl.hpp:155[m[K,
[13.388s]                  from [01m[K/usr/local/include/ddscxx/dds/topic/detail/BuiltinTopic.hpp:23[m[K,
[13.388s]                  from [01m[K/usr/local/include/ddscxx/dds/topic/BuiltinTopic.hpp:22[m[K,
[13.388s]                  from [01m[K/usr/local/include/ddscxx/org/eclipse/cyclonedds/sub/AnyDataReaderDelegate.hpp:36[m[K,
[13.388s]                  from [01m[K/usr/local/include/ddscxx/dds/topic/detail/ContentFilteredTopic.hpp:31[m[K,
[13.388s]                  from [01m[K/usr/local/include/ddscxx/dds/topic/ContentFilteredTopic.hpp:22[m[K,
[13.388s]                  from [01m[K/usr/local/include/ddscxx/dds/topic/ddstopic.hpp:25[m[K,
[13.388s]                  from [01m[K/usr/local/include/ddscxx/dds/dds.hpp:35[m[K,
[13.389s]                  from [01m[K/usr/local/include/unitree/common/dds/dds_entity.hpp:4[m[K,
[13.389s]                  from [01m[K/usr/local/include/unitree/common/dds/dds_topic_channel.hpp:4[m[K,
[13.389s]                  from [01m[K/usr/local/include/unitree/common/dds/dds_factory_model.hpp:5[m[K,
[13.389s]                  from [01m[K/usr/local/include/unitree/robot/channel/channel_factory.hpp:4[m[K,
[13.389s]                  from [01m[K/usr/local/include/unitree/robot/channel/channel_publisher.hpp:4[m[K,
[13.389s]                  from [01m[K/home/unitree/106a_final/src/arm_driver/src/servo_driver.cpp:8[m[K:
[13.389s] [01m[K/usr/local/include/dds/ddsi/ddsi_sertype.h:36:[m[K [01;36m[Knote: [m[Kit was later defined here
[13.389s]    36 | #define DDSI_SERTYPE_REFC_MASK   0x0fffffffu
[13.390s]       | 
[13.454s] In file included from [01m[K/opt/ros/foxy/include/dds/ddsrt/rusage.h:33[m[K,
[13.454s]                  from [01m[K/opt/ros/foxy/include/dds/ddsi/q_log.h:19[m[K,
[13.454s]                  from [01m[K/opt/ros/foxy/include/dds/ddsi/ddsi_xqos.h:20[m[K,
[13.454s]                  from [01m[K/usr/local/include/dds/ddsi/ddsi_sertype.h:18[m[K,
[13.454s]                  from [01m[K/usr/local/include/ddscxx/dds/topic/detail/TTopicImpl.hpp:155[m[K,
[13.455s]                  from [01m[K/usr/local/include/ddscxx/dds/topic/detail/BuiltinTopic.hpp:23[m[K,
[13.455s]                  from [01m[K/usr/local/include/ddscxx/dds/topic/BuiltinTopic.hpp:22[m[K,
[13.455s]                  from [01m[K/usr/local/include/ddscxx/org/eclipse/cyclonedds/sub/AnyDataReaderDelegate.hpp:36[m[K,
[13.455s]                  from [01m[K/usr/local/include/ddscxx/dds/topic/detail/ContentFilteredTopic.hpp:31[m[K,
[13.455s]                  from [01m[K/usr/local/include/ddscxx/dds/topic/ContentFilteredTopic.hpp:22[m[K,
[13.455s]                  from [01m[K/usr/local/include/ddscxx/dds/topic/ddstopic.hpp:25[m[K,
[13.455s]                  from [01m[K/usr/local/include/ddscxx/dds/dds.hpp:35[m[K,
[13.456s]                  from [01m[K/usr/local/include/unitree/common/dds/dds_entity.hpp:4[m[K,
[13.456s]                  from [01m[K/usr/local/include/unitree/common/dds/dds_topic_channel.hpp:4[m[K,
[13.456s]                  from [01m[K/usr/local/include/unitree/common/dds/dds_factory_model.hpp:5[m[K,
[13.456s]                  from [01m[K/usr/local/include/unitree/robot/channel/channel_factory.hpp:4[m[K,
[13.456s]                  from [01m[K/usr/local/include/unitree/robot/channel/channel_publisher.hpp:4[m[K,
[13.456s]                  from [01m[K/home/unitree/106a_final/src/arm_driver/src/servo_driver.cpp:8[m[K:
[13.456s] [01m[K/opt/ros/foxy/include/dds/ddsrt/threads.h:[m[K At global scope:
[13.456s] [01m[K/opt/ros/foxy/include/dds/ddsrt/threads.h:71:3:[m[K [01;31m[Kerror: [m[Kâ€˜[01m[KDDSRT_SCHED_DEFAULT[m[Kâ€™ conflicts with a previous declaration
[13.457s]    71 |   [01;31m[KDDSRT_SCHED_DEFAULT[m[K,
[13.457s]       |   [01;31m[K^~~~~~~~~~~~~~~~~~~[m[K
[13.458s] In file included from [01m[K/usr/local/include/dds/ddsi/ddsi_config.h:19[m[K,
[13.458s]                  from [01m[K/usr/local/include/ddscxx/dds/domain/TDomainParticipant.hpp:24[m[K,
[13.458s]                  from [01m[K/usr/local/include/ddscxx/dds/domain/detail/TDomainParticipantImpl.hpp:22[m[K,
[13.458s]                  from [01m[K/usr/local/include/ddscxx/dds/domain/detail/DomainParticipant.hpp:22[m[K,
[13.458s]                  from [01m[K/usr/local/include/ddscxx/dds/domain/DomainParticipant.hpp:22[m[K,
[13.458s]                  from [01m[K/usr/local/include/ddscxx/dds/domain/find.hpp:22[m[K,
[13.459s]                  from [01m[K/usr/local/include/ddscxx/dds/domain/ddsdomain.hpp:21[m[K,
[13.459s]                  from [01m[K/usr/local/include/ddscxx/dds/dds.hpp:34[m[K,
[13.459s]                  from [01m[K/usr/local/include/unitree/common/dds/dds_entity.hpp:4[m[K,
[13.459s]                  from [01m[K/usr/local/include/unitree/common/dds/dds_topic_channel.hpp:4[m[K,
[13.459s]                  from [01m[K/usr/local/include/unitree/common/dds/dds_factory_model.hpp:5[m[K,
[13.460s]                  from [01m[K/usr/local/include/unitree/robot/channel/channel_factory.hpp:4[m[K,
[13.460s]                  from [01m[K/usr/local/include/unitree/robot/channel/channel_publisher.hpp:4[m[K,
[13.460s]                  from [01m[K/home/unitree/106a_final/src/arm_driver/src/servo_driver.cpp:8[m[K:
[13.460s] [01m[K/usr/local/include/dds/ddsrt/sched.h:28:3:[m[K [01;36m[Knote: [m[Kprevious declaration â€˜[01m[Kddsrt_sched_t DDSRT_SCHED_DEFAULT[m[Kâ€™
[13.460s]    28 |   [01;36m[KDDSRT_SCHED_DEFAULT[m[K,
[13.460s]       |   [01;36m[K^~~~~~~~~~~~~~~~~~~[m[K
[13.460s] In file included from [01m[K/opt/ros/foxy/include/dds/ddsrt/rusage.h:33[m[K,
[13.460s]                  from [01m[K/opt/ros/foxy/include/dds/ddsi/q_log.h:19[m[K,
[13.461s]                  from [01m[K/opt/ros/foxy/include/dds/ddsi/ddsi_xqos.h:20[m[K,
[13.461s]                  from [01m[K/usr/local/include/dds/ddsi/ddsi_sertype.h:18[m[K,
[13.461s]                  from [01m[K/usr/local/include/ddscxx/dds/topic/detail/TTopicImpl.hpp:155[m[K,
[13.461s]                  from [01m[K/usr/local/include/ddscxx/dds/topic/detail/BuiltinTopic.hpp:23[m[K,
[13.461s]                  from [01m[K/usr/local/include/ddscxx/dds/topic/BuiltinTopic.hpp:22[m[K,
[13.461s]                  from [01m[K/usr/local/include/ddscxx/org/eclipse/cyclonedds/sub/AnyDataReaderDelegate.hpp:36[m[K,
[13.461s]                  from [01m[K/usr/local/include/ddscxx/dds/topic/detail/ContentFilteredTopic.hpp:31[m[K,
[13.461s]                  from [01m[K/usr/local/include/ddscxx/dds/topic/ContentFilteredTopic.hpp:22[m[K,
[13.462s]                  from [01m[K/usr/local/include/ddscxx/dds/topic/ddstopic.hpp:25[m[K,
[13.462s]                  from [01m[K/usr/local/include/ddscxx/dds/dds.hpp:35[m[K,
[13.462s]                  from [01m[K/usr/local/include/unitree/common/dds/dds_entity.hpp:4[m[K,
[13.462s]                  from [01m[K/usr/local/include/unitree/common/dds/dds_topic_channel.hpp:4[m[K,
[13.462s]                  from [01m[K/usr/local/include/unitree/common/dds/dds_factory_model.hpp:5[m[K,
[13.462s]                  from [01m[K/usr/local/include/unitree/robot/channel/channel_factory.hpp:4[m[K,
[13.462s]                  from [01m[K/usr/local/include/unitree/robot/channel/channel_publisher.hpp:4[m[K,
[13.462s]                  from [01m[K/home/unitree/106a_final/src/arm_driver/src/servo_driver.cpp:8[m[K:
[13.463s] [01m[K/opt/ros/foxy/include/dds/ddsrt/threads.h:78:3:[m[K [01;31m[Kerror: [m[Kâ€˜[01m[KDDSRT_SCHED_REALTIME[m[Kâ€™ conflicts with a previous declaration
[13.463s]    78 |   [01;31m[KDDSRT_SCHED_REALTIME[m[K,
[13.463s]       |   [01;31m[K^~~~~~~~~~~~~~~~~~~~[m[K
[13.463s] In file included from [01m[K/usr/local/include/dds/ddsi/ddsi_config.h:19[m[K,
[13.463s]                  from [01m[K/usr/local/include/ddscxx/dds/domain/TDomainParticipant.hpp:24[m[K,
[13.463s]                  from [01m[K/usr/local/include/ddscxx/dds/domain/detail/TDomainParticipantImpl.hpp:22[m[K,
[13.463s]                  from [01m[K/usr/local/include/ddscxx/dds/domain/detail/DomainParticipant.hpp:22[m[K,
[13.463s]                  from [01m[K/usr/local/include/ddscxx/dds/domain/DomainParticipant.hpp:22[m[K,
[13.463s]                  from [01m[K/usr/local/include/ddscxx/dds/domain/find.hpp:22[m[K,
[13.464s]                  from [01m[K/usr/local/include/ddscxx/dds/domain/ddsdomain.hpp:21[m[K,
[13.464s]                  from [01m[K/usr/local/include/ddscxx/dds/dds.hpp:34[m[K,
[13.464s]                  from [01m[K/usr/local/include/unitree/common/dds/dds_entity.hpp:4[m[K,
[13.464s]                  from [01m[K/usr/local/include/unitree/common/dds/dds_topic_channel.hpp:4[m[K,
[13.464s]                  from [01m[K/usr/local/include/unitree/common/dds/dds_factory_model.hpp:5[m[K,
[13.464s]                  from [01m[K/usr/local/include/unitree/robot/channel/channel_factory.hpp:4[m[K,
[13.464s]                  from [01m[K/usr/local/include/unitree/robot/channel/channel_publisher.hpp:4[m[K,
[13.464s]                  from [01m[K/home/unitree/106a_final/src/arm_driver/src/servo_driver.cpp:8[m[K:
[13.465s] [01m[K/usr/local/include/dds/ddsrt/sched.h:35:3:[m[K [01;36m[Knote: [m[Kprevious declaration â€˜[01m[Kddsrt_sched_t DDSRT_SCHED_REALTIME[m[Kâ€™
[13.465s]    35 |   [01;36m[KDDSRT_SCHED_REALTIME[m[K,
[13.465s]       |   [01;36m[K^~~~~~~~~~~~~~~~~~~~[m[K
[13.465s] In file included from [01m[K/opt/ros/foxy/include/dds/ddsrt/rusage.h:33[m[K,
[13.465s]                  from [01m[K/opt/ros/foxy/include/dds/ddsi/q_log.h:19[m[K,
[13.465s]                  from [01m[K/opt/ros/foxy/include/dds/ddsi/ddsi_xqos.h:20[m[K,
[13.465s]                  from [01m[K/usr/local/include/dds/ddsi/ddsi_sertype.h:18[m[K,
[13.465s]                  from [01m[K/usr/local/include/ddscxx/dds/topic/detail/TTopicImpl.hpp:155[m[K,
[13.466s]                  from [01m[K/usr/local/include/ddscxx/dds/topic/detail/BuiltinTopic.hpp:23[m[K,
[13.466s]                  from [01m[K/usr/local/include/ddscxx/dds/topic/BuiltinTopic.hpp:22[m[K,
[13.466s]                  from [01m[K/usr/local/include/ddscxx/org/eclipse/cyclonedds/sub/AnyDataReaderDelegate.hpp:36[m[K,
[13.466s]                  from [01m[K/usr/local/include/ddscxx/dds/topic/detail/ContentFilteredTopic.hpp:31[m[K,
[13.466s]                  from [01m[K/usr/local/include/ddscxx/dds/topic/ContentFilteredTopic.hpp:22[m[K,
[13.466s]                  from [01m[K/usr/local/include/ddscxx/dds/topic/ddstopic.hpp:25[m[K,
[13.466s]                  from [01m[K/usr/local/include/ddscxx/dds/dds.hpp:35[m[K,
[13.466s]                  from [01m[K/usr/local/include/unitree/common/dds/dds_entity.hpp:4[m[K,
[13.466s]                  from [01m[K/usr/local/include/unitree/common/dds/dds_topic_channel.hpp:4[m[K,
[13.483s]                  from [01m[K/usr/local/include/unitree/common/dds/dds_factory_model.hpp:5[m[K,
[13.484s]                  from [01m[K/usr/local/include/unitree/robot/channel/channel_factory.hpp:4[m[K,
[13.484s]                  from [01m[K/usr/local/include/unitree/robot/channel/channel_publisher.hpp:4[m[K,
[13.484s]                  from [01m[K/home/unitree/106a_final/src/arm_driver/src/servo_driver.cpp:8[m[K:
[13.484s] [01m[K/opt/ros/foxy/include/dds/ddsrt/threads.h:84:3:[m[K [01;31m[Kerror: [m[Kâ€˜[01m[KDDSRT_SCHED_TIMESHARE[m[Kâ€™ conflicts with a previous declaration
[13.484s]    84 |   [01;31m[KDDSRT_SCHED_TIMESHARE[m[K
[13.484s]       |   [01;31m[K^~~~~~~~~~~~~~~~~~~~~[m[K
[13.484s] In file included from [01m[K/usr/local/include/dds/ddsi/ddsi_config.h:19[m[K,
[13.485s]                  from [01m[K/usr/local/include/ddscxx/dds/domain/TDomainParticipant.hpp:24[m[K,
[13.485s]                  from [01m[K/usr/local/include/ddscxx/dds/domain/detail/TDomainParticipantImpl.hpp:22[m[K,
[13.485s]                  from [01m[K/usr/local/include/ddscxx/dds/domain/detail/DomainParticipant.hpp:22[m[K,
[13.485s]                  from [01m[K/usr/local/include/ddscxx/dds/domain/DomainParticipant.hpp:22[m[K,
[13.485s]                  from [01m[K/usr/local/include/ddscxx/dds/domain/find.hpp:22[m[K,
[13.487s]                  from [01m[K/usr/local/include/ddscxx/dds/domain/ddsdomain.hpp:21[m[K,
[13.487s]                  from [01m[K/usr/local/include/ddscxx/dds/dds.hpp:34[m[K,
[13.487s]                  from [01m[K/usr/local/include/unitree/common/dds/dds_entity.hpp:4[m[K,
[13.487s]                  from [01m[K/usr/local/include/unitree/common/dds/dds_topic_channel.hpp:4[m[K,
[13.488s]                  from [01m[K/usr/local/include/unitree/common/dds/dds_factory_model.hpp:5[m[K,
[13.488s]                  from [01m[K/usr/local/include/unitree/robot/channel/channel_factory.hpp:4[m[K,
[13.488s]                  from [01m[K/usr/local/include/unitree/robot/channel/channel_publisher.hpp:4[m[K,
[13.488s]                  from [01m[K/home/unitree/106a_final/src/arm_driver/src/servo_driver.cpp:8[m[K:
[13.488s] [01m[K/usr/local/include/dds/ddsrt/sched.h:41:3:[m[K [01;36m[Knote: [m[Kprevious declaration â€˜[01m[Kddsrt_sched_t DDSRT_SCHED_TIMESHARE[m[Kâ€™
[13.488s]    41 |   [01;36m[KDDSRT_SCHED_TIMESHARE[m[K
[13.488s]       |   [01;36m[K^~~~~~~~~~~~~~~~~~~~~[m[K
[13.488s] In file included from [01m[K/opt/ros/foxy/include/dds/ddsrt/rusage.h:33[m[K,
[13.491s]                  from [01m[K/opt/ros/foxy/include/dds/ddsi/q_log.h:19[m[K,
[13.491s]                  from [01m[K/opt/ros/foxy/include/dds/ddsi/ddsi_xqos.h:20[m[K,
[13.492s]                  from [01m[K/usr/local/include/dds/ddsi/ddsi_sertype.h:18[m[K,
[13.492s]                  from [01m[K/usr/local/include/ddscxx/dds/topic/detail/TTopicImpl.hpp:155[m[K,
[13.492s]                  from [01m[K/usr/local/include/ddscxx/dds/topic/detail/BuiltinTopic.hpp:23[m[K,
[13.492s]                  from [01m[K/usr/local/include/ddscxx/dds/topic/BuiltinTopic.hpp:22[m[K,
[13.492s]                  from [01m[K/usr/local/include/ddscxx/org/eclipse/cyclonedds/sub/AnyDataReaderDelegate.hpp:36[m[K,
[13.492s]                  from [01m[K/usr/local/include/ddscxx/dds/topic/detail/ContentFilteredTopic.hpp:31[m[K,
[13.492s]                  from [01m[K/usr/local/include/ddscxx/dds/topic/ContentFilteredTopic.hpp:22[m[K,
[13.493s]                  from [01m[K/usr/local/include/ddscxx/dds/topic/ddstopic.hpp:25[m[K,
[13.493s]                  from [01m[K/usr/local/include/ddscxx/dds/dds.hpp:35[m[K,
[13.493s]                  from [01m[K/usr/local/include/unitree/common/dds/dds_entity.hpp:4[m[K,
[13.493s]                  from [01m[K/usr/local/include/unitree/common/dds/dds_topic_channel.hpp:4[m[K,
[13.493s]                  from [01m[K/usr/local/include/unitree/common/dds/dds_factory_model.hpp:5[m[K,
[13.505s]                  from [01m[K/usr/local/include/unitree/robot/channel/channel_factory.hpp:4[m[K,
[13.506s]                  from [01m[K/usr/local/include/unitree/robot/channel/channel_publisher.hpp:4[m[K,
[13.506s]                  from [01m[K/home/unitree/106a_final/src/arm_driver/src/servo_driver.cpp:8[m[K:
[13.506s] [01m[K/opt/ros/foxy/include/dds/ddsrt/threads.h:85:3:[m[K [01;31m[Kerror: [m[Kconflicting declaration â€˜[01m[Ktypedef enum ddsrt_sched_t ddsrt_sched_t[m[Kâ€™
[13.506s]    85 | } [01;31m[Kddsrt_sched_t[m[K;
[13.506s]       |   [01;31m[K^~~~~~~~~~~~~[m[K
[13.506s] In file included from [01m[K/usr/local/include/dds/ddsi/ddsi_config.h:19[m[K,
[13.507s]                  from [01m[K/usr/local/include/ddscxx/dds/domain/TDomainParticipant.hpp:24[m[K,
[13.507s]                  from [01m[K/usr/local/include/ddscxx/dds/domain/detail/TDomainParticipantImpl.hpp:22[m[K,
[13.507s]                  from [01m[K/usr/local/include/ddscxx/dds/domain/detail/DomainParticipant.hpp:22[m[K,
[13.507s]                  from [01m[K/usr/local/include/ddscxx/dds/domain/DomainParticipant.hpp:22[m[K,
[13.507s]                  from [01m[K/usr/local/include/ddscxx/dds/domain/find.hpp:22[m[K,
[13.507s]                  from [01m[K/usr/local/include/ddscxx/dds/domain/ddsdomain.hpp:21[m[K,
[13.507s]                  from [01m[K/usr/local/include/ddscxx/dds/dds.hpp:34[m[K,
[13.507s]                  from [01m[K/usr/local/include/unitree/common/dds/dds_entity.hpp:4[m[K,
[13.508s]                  from [01m[K/usr/local/include/unitree/common/dds/dds_topic_channel.hpp:4[m[K,
[13.508s]                  from [01m[K/usr/local/include/unitree/common/dds/dds_factory_model.hpp:5[m[K,
[13.509s]                  from [01m[K/usr/local/include/unitree/robot/channel/channel_factory.hpp:4[m[K,
[13.509s]                  from [01m[K/usr/local/include/unitree/robot/channel/channel_publisher.hpp:4[m[K,
[13.509s]                  from [01m[K/home/unitree/106a_final/src/arm_driver/src/servo_driver.cpp:8[m[K:
[13.509s] [01m[K/usr/local/include/dds/ddsrt/sched.h:42:3:[m[K [01;36m[Knote: [m[Kprevious declaration as â€˜[01m[Ktypedef enum ddsrt_sched_t ddsrt_sched_t[m[Kâ€™
[13.509s]    42 | } [01;36m[Kddsrt_sched_t[m[K;
[13.510s]       |   [01;36m[K^~~~~~~~~~~~~[m[K
[13.510s] In file included from [01m[K/usr/local/include/ddscxx/dds/topic/detail/TTopicImpl.hpp:155[m[K,
[13.510s]                  from [01m[K/usr/local/include/ddscxx/dds/topic/detail/BuiltinTopic.hpp:23[m[K,
[13.510s]                  from [01m[K/usr/local/include/ddscxx/dds/topic/BuiltinTopic.hpp:22[m[K,
[13.510s]                  from [01m[K/usr/local/include/ddscxx/org/eclipse/cyclonedds/sub/AnyDataReaderDelegate.hpp:36[m[K,
[13.510s]                  from [01m[K/usr/local/include/ddscxx/dds/topic/detail/ContentFilteredTopic.hpp:31[m[K,
[13.511s]                  from [01m[K/usr/local/include/ddscxx/dds/topic/ContentFilteredTopic.hpp:22[m[K,
[13.512s]                  from [01m[K/usr/local/include/ddscxx/dds/topic/ddstopic.hpp:25[m[K,
[13.517s]                  from [01m[K/usr/local/include/ddscxx/dds/dds.hpp:35[m[K,
[13.518s]                  from [01m[K/usr/local/include/unitree/common/dds/dds_entity.hpp:4[m[K,
[13.518s]                  from [01m[K/usr/local/include/unitree/common/dds/dds_topic_channel.hpp:4[m[K,
[13.518s]                  from [01m[K/usr/local/include/unitree/common/dds/dds_factory_model.hpp:5[m[K,
[13.518s]                  from [01m[K/usr/local/include/unitree/robot/channel/channel_factory.hpp:4[m[K,
[13.518s]                  from [01m[K/usr/local/include/unitree/robot/channel/channel_publisher.hpp:4[m[K,
[13.518s]                  from [01m[K/home/unitree/106a_final/src/arm_driver/src/servo_driver.cpp:8[m[K:
[13.519s] [01m[K/usr/local/include/dds/ddsi/ddsi_sertype.h:138:93:[m[K [01;31m[Kerror: [m[Kâ€˜[01m[Kdds_data_representation_id_t[m[Kâ€™ has not been declared
[13.519s]   138 | *ddsi_sertype_derive_t) (const struct ddsi_sertype *sertype, [01;31m[Kdds_data_representation_id_t[m[K data_representation, dds_type_consistency_enforcement_qospolicy_t tce_qos);
[13.519s]       |                                                              [01;31m[K^~~~~~~~~~~~~~~~~~~~~~~~~~~~[m[K
[13.519s] 
[13.519s] [01m[K/usr/local/include/dds/ddsi/ddsi_sertype.h:138:143:[m[K [01;31m[Kerror: [m[Kâ€˜[01m[Kdds_type_consistency_enforcement_qospolicy_t[m[Kâ€™ has not been declared
[13.519s]   138 |  *sertype, dds_data_representation_id_t data_representation, [01;31m[Kdds_type_consistency_enforcement_qospolicy_t[m[K tce_qos);
[13.519s]       |                                                              [01;31m[K^~~~~~~~~~~~~~~~~~~~~~~~~~~~~~~~~~~~~~~~~~~~[m[K
[13.520s] 
[13.520s] [01m[K/usr/local/include/dds/ddsi/ddsi_sertype.h:202:1:[m[K [01;31m[Kerror: [m[Kâ€˜[01m[KDDS_INLINE_EXPORT[m[Kâ€™ does not name a type; did you mean â€˜[01m[KDDS_NO_EXPORT[m[Kâ€™?
[13.520s]   202 | [01;31m[KDDS_INLINE_EXPORT[m[K inline void ddsi_sertype_free (struct ddsi_sertype *tp) {
[13.520s]       | [01;31m[K^~~~~~~~~~~~~~~~~[m[K
[13.520s]       | [32m[KDDS_NO_EXPORT[m[K
[13.520s] [01m[K/usr/local/include/dds/ddsi/ddsi_sertype.h:205:1:[m[K [01;31m[Kerror: [m[Kâ€˜[01m[KDDS_INLINE_EXPORT[m[Kâ€™ does not name a type; did you mean â€˜[01m[KDDS_NO_EXPORT[m[Kâ€™?
[13.520s]   205 | [01;31m[KDDS_INLINE_EXPORT[m[K inline void ddsi_sertype_zero_samples (const struct ddsi_sertype *tp, void *samples, size_t count) {
[13.521s]       | [01;31m[K^~~~~~~~~~~~~~~~~[m[K
[13.521s]       | [32m[KDDS_NO_EXPORT[m[K
[13.521s] [01m[K/usr/local/include/dds/ddsi/ddsi_sertype.h:208:1:[m[K [01;31m[Kerror: [m[Kâ€˜[01m[KDDS_INLINE_EXPORT[m[Kâ€™ does not name a type; did you mean â€˜[01m[KDDS_NO_EXPORT[m[Kâ€™?
[13.521s]   208 | [01;31m[KDDS_INLINE_EXPORT[m[K inline void ddsi_sertype_realloc_samples (void **ptrs, const struct ddsi_sertype *tp, void *old, size_t oldcount, size_t count)
[13.521s]       | [01;31m[K^~~~~~~~~~~~~~~~~[m[K
[13.521s]       | [32m[KDDS_NO_EXPORT[m[K
[13.541s] [01m[K/usr/local/include/dds/ddsi/ddsi_sertype.h:212:1:[m[K [01;31m[Kerror: [m[Kâ€˜[01m[KDDS_INLINE_EXPORT[m[Kâ€™ does not name a type; did you mean â€˜[01m[KDDS_NO_EXPORT[m[Kâ€™?
[13.542s]   212 | [01;31m[KDDS_INLINE_EXPORT[m[K inline void ddsi_sertype_free_samples (const struct ddsi_sertype *tp, void **ptrs, size_t count, dds_free_op_t op) {
[13.542s]       | [01;31m[K^~~~~~~~~~~~~~~~~[m[K
[13.542s]       | [32m[KDDS_NO_EXPORT[m[K
[13.562s] [01m[K/usr/local/include/dds/ddsi/ddsi_sertype.h:215:1:[m[K [01;31m[Kerror: [m[Kâ€˜[01m[KDDS_INLINE_EXPORT[m[Kâ€™ does not name a type; did you mean â€˜[01m[KDDS_NO_EXPORT[m[Kâ€™?
[13.562s]   215 | [01;31m[KDDS_INLINE_EXPORT[m[K inline void ddsi_sertype_zero_sample (const struct ddsi_sertype *tp, void *sample) {
[13.562s]       | [01;31m[K^~~~~~~~~~~~~~~~~[m[K
[13.562s]       | [32m[KDDS_NO_EXPORT[m[K
[13.588s] [01m[K/usr/local/include/dds/ddsi/ddsi_sertype.h:218:1:[m[K [01;31m[Kerror: [m[Kâ€˜[01m[KDDS_INLINE_EXPORT[m[Kâ€™ does not name a type; did you mean â€˜[01m[KDDS_NO_EXPORT[m[Kâ€™?
[13.588s]   218 | [01;31m[KDDS_INLINE_EXPORT[m[K inline void *ddsi_sertype_alloc_sample (const struct ddsi_sertype *tp) {
[13.588s]       | [01;31m[K^~~~~~~~~~~~~~~~~[m[K
[13.588s]       | [32m[KDDS_NO_EXPORT[m[K
[13.603s] [01m[K/usr/local/include/dds/ddsi/ddsi_sertype.h:223:1:[m[K [01;31m[Kerror: [m[Kâ€˜[01m[KDDS_INLINE_EXPORT[m[Kâ€™ does not name a type; did you mean â€˜[01m[KDDS_NO_EXPORT[m[Kâ€™?
[13.604s]   223 | [01;31m[KDDS_INLINE_EXPORT[m[K inline void ddsi_sertype_free_sample (const struct ddsi_sertype *tp, void *sample, dds_free_op_t op) {
[13.604s]       | [01;31m[K^~~~~~~~~~~~~~~~~[m[K
[13.604s]       | [32m[KDDS_NO_EXPORT[m[K
[13.635s] [01m[K/usr/local/include/dds/ddsi/ddsi_sertype.h:226:1:[m[K [01;31m[Kerror: [m[Kâ€˜[01m[KDDS_INLINE_EXPORT[m[Kâ€™ does not name a type; did you mean â€˜[01m[KDDS_NO_EXPORT[m[Kâ€™?
[13.635s]   226 | [01;31m[KDDS_INLINE_EXPORT[m[K inline ddsi_typeid_t * ddsi_sertype_typeid (const struct ddsi_sertype *tp, ddsi_typeid_kind_t kind)
[13.636s]       | [01;31m[K^~~~~~~~~~~~~~~~~[m[K
[13.636s]       | [32m[KDDS_NO_EXPORT[m[K
[13.654s] [01m[K/usr/local/include/dds/ddsi/ddsi_sertype.h:232:1:[m[K [01;31m[Kerror: [m[Kâ€˜[01m[KDDS_INLINE_EXPORT[m[Kâ€™ does not name a type; did you mean â€˜[01m[KDDS_NO_EXPORT[m[Kâ€™?
[13.654s]   232 | [01;31m[KDDS_INLINE_EXPORT[m[K inline ddsi_typemap_t * ddsi_sertype_typemap (const struct ddsi_sertype *tp)
[13.654s]       | [01;31m[K^~~~~~~~~~~~~~~~~[m[K
[13.654s]       | [32m[KDDS_NO_EXPORT[m[K
[13.691s] [01m[K/usr/local/include/dds/ddsi/ddsi_sertype.h:238:1:[m[K [01;31m[Kerror: [m[Kâ€˜[01m[KDDS_INLINE_EXPORT[m[Kâ€™ does not name a type; did you mean â€˜[01m[KDDS_NO_EXPORT[m[Kâ€™?
[13.691s]   238 | [01;31m[KDDS_INLINE_EXPORT[m[K inline ddsi_typeinfo_t *ddsi_sertype_typeinfo (const struct ddsi_sertype *tp)
[13.691s]       | [01;31m[K^~~~~~~~~~~~~~~~~[m[K
[13.691s]       | [32m[KDDS_NO_EXPORT[m[K
[13.700s] [01m[K/usr/local/include/dds/ddsi/ddsi_sertype.h:244:1:[m[K [01;31m[Kerror: [m[Kâ€˜[01m[KDDS_INLINE_EXPORT[m[Kâ€™ does not name a type; did you mean â€˜[01m[KDDS_NO_EXPORT[m[Kâ€™?
[13.701s]   244 | [01;31m[KDDS_INLINE_EXPORT[m[K inline struct ddsi_sertype * ddsi_sertype_derive_sertype (const struct ddsi_sertype *base_sertype, dds_data_representation_id_t data_representation, dds_type_consistency_enforcement_qospolicy_t tce_qos) {
[13.701s]       | [01;31m[K^~~~~~~~~~~~~~~~~[m[K
[13.701s]       | [32m[KDDS_NO_EXPORT[m[K
[13.732s] [01m[K/usr/local/include/dds/ddsi/ddsi_sertype.h:250:1:[m[K [01;31m[Kerror: [m[Kâ€˜[01m[KDDS_INLINE_EXPORT[m[Kâ€™ does not name a type; did you mean â€˜[01m[KDDS_NO_EXPORT[m[Kâ€™?
[13.732s]   250 | [01;31m[KDDS_INLINE_EXPORT[m[K inline size_t
[13.732s]       | [01;31m[K^~~~~~~~~~~~~~~~~[m[K
[13.733s]       | [32m[KDDS_NO_EXPORT[m[K
[13.761s] [01m[K/usr/local/include/dds/ddsi/ddsi_sertype.h:256:1:[m[K [01;31m[Kerror: [m[Kâ€˜[01m[KDDS_INLINE_EXPORT[m[Kâ€™ does not name a type; did you mean â€˜[01m[KDDS_NO_EXPORT[m[Kâ€™?
[13.762s]   256 | [01;31m[KDDS_INLINE_EXPORT[m[K inline bool
[13.762s]       | [01;31m[K^~~~~~~~~~~~~~~~~[m[K
[13.762s]       | [32m[KDDS_NO_EXPORT[m[K
[13.782s] In file included from [01m[K/usr/local/include/ddscxx/dds/topic/detail/BuiltinTopic.hpp:23[m[K,
[13.782s]                  from [01m[K/usr/local/include/ddscxx/dds/topic/BuiltinTopic.hpp:22[m[K,
[13.782s]                  from [01m[K/usr/local/include/ddscxx/org/eclipse/cyclonedds/sub/AnyDataReaderDelegate.hpp:36[m[K,
[13.782s]                  from [01m[K/usr/local/include/ddscxx/dds/topic/detail/ContentFilteredTopic.hpp:31[m[K,
[13.783s]                  from [01m[K/usr/local/include/ddscxx/dds/topic/ContentFilteredTopic.hpp:22[m[K,
[13.783s]                  from [01m[K/usr/local/include/ddscxx/dds/topic/ddstopic.hpp:25[m[K,
[13.783s]                  from [01m[K/usr/local/include/ddscxx/dds/dds.hpp:35[m[K,
[13.783s]                  from [01m[K/usr/local/include/unitree/common/dds/dds_entity.hpp:4[m[K,
[13.783s]                  from [01m[K/usr/local/include/unitree/common/dds/dds_topic_channel.hpp:4[m[K,
[13.783s]                  from [01m[K/usr/local/include/unitree/common/dds/dds_factory_model.hpp:5[m[K,
[13.783s]                  from [01m[K/usr/local/include/unitree/robot/channel/channel_factory.hpp:4[m[K,
[13.784s]                  from [01m[K/usr/local/include/unitree/robot/channel/channel_publisher.hpp:4[m[K,
[13.784s]                  from [01m[K/home/unitree/106a_final/src/arm_driver/src/servo_driver.cpp:8[m[K:
[13.784s] [01m[K/usr/local/include/ddscxx/dds/topic/detail/TTopicImpl.hpp:[m[K In constructor â€˜[01m[Kdds::topic::detail::Topic<T>::Topic(const DomainParticipant&, const string&, const string&, const TopicQos&, dds::topic::TopicListener<T>*, const dds::core::status::StatusMask&)[m[Kâ€™:
[13.784s] [01m[K/usr/local/include/ddscxx/dds/topic/detail/TTopicImpl.hpp:176:5:[m[K [01;31m[Kerror: [m[Kâ€˜[01m[Kser_type_[m[Kâ€™ was not declared in this scope; did you mean â€˜[01m[Kref_type[m[Kâ€™?
[13.784s]   176 |     [01;31m[Kser_type_[m[K = org::eclipse::cyclonedds::topic::TopicTraits<T>::getSerType();
[13.784s]       |     [01;31m[K^~~~~~~~~[m[K
[13.784s]       |     [32m[Kref_type[m[K
[13.785s] [01m[K/usr/local/include/ddscxx/dds/topic/detail/TTopicImpl.hpp:178:31:[m[K [01;31m[Kerror: [m[Kthere are no arguments to â€˜[01m[Kdds_create_topic_sertype[m[Kâ€™ that depend on a template parameter, so a declaration of â€˜[01m[Kdds_create_topic_sertype[m[Kâ€™ must be available [[01;31m[K-fpermissive[m[K]
[13.785s]   178 |     dds_entity_t ddsc_topic = [01;31m[Kdds_create_topic_sertype[m[K(
[13.785s]       |                               [01;31m[K^~~~~~~~~~~~~~~~~~~~~~~~[m[K
[13.824s] [01m[K/usr/local/include/ddscxx/dds/topic/detail/TTopicImpl.hpp:[m[K In static member function â€˜[01m[Kstatic dds::topic::Topic<T, dds::topic::detail::Topic> dds::topic::detail::Topic<T>::discover_topic(const DomainParticipant&, const string&, const dds::core::Duration&)[m[Kâ€™:
[13.824s] [01m[K/usr/local/include/ddscxx/dds/topic/detail/TTopicImpl.hpp:311:21:[m[K [01;31m[Kerror: [m[Kâ€˜[01m[Kdds_typeinfo_t[m[Kâ€™ was not declared in this scope; did you mean â€˜[01m[Kddsi_typeinfo_t[m[Kâ€™?
[13.824s]   311 |     std::unique_ptr<[01;31m[Kdds_typeinfo_t[m[K, std::function<void(dds_typeinfo_t *)> >
[13.825s]       |                     [01;31m[K^~~~~~~~~~~~~~[m[K
[13.825s]       |                     [32m[Kddsi_typeinfo_t[m[K
[13.825s] [01m[K/usr/local/include/ddscxx/dds/topic/detail/TTopicImpl.hpp:311:73:[m[K [01;31m[Kerror: [m[Ktemplate argument 1 is invalid
[13.825s]   311 |     std::unique_ptr<dds_typeinfo_t, std::function<void(dds_typeinfo_t *)[01;31m[K>[m[K >
[13.825s]       |                                                                         [01;31m[K^[m[K
[13.825s] [01m[K/usr/local/include/ddscxx/dds/topic/detail/TTopicImpl.hpp:311:75:[m[K [01;31m[Kerror: [m[Ktemplate argument 1 is invalid
[13.825s]   311 |     std::unique_ptr<dds_typeinfo_t, std::function<void(dds_typeinfo_t *)> [01;31m[K>[m[K
[13.825s]       |                                                                           [01;31m[K^[m[K
[13.826s] [01m[K/usr/local/include/ddscxx/dds/topic/detail/TTopicImpl.hpp:311:75:[m[K [01;31m[Kerror: [m[Ktemplate argument 2 is invalid
[13.826s] [01m[K/usr/local/include/ddscxx/dds/topic/detail/TTopicImpl.hpp:313:20:[m[K [01;31m[Kerror: [m[Kâ€˜[01m[Kdds_typeinfo_t[m[Kâ€™ is not a type
[13.826s]   313 |                 []([01;31m[Kdds_typeinfo_t[m[K *ti) { static_cast<void>(dds_free_typeinfo(ti)); });
[13.826s]       |                    [01;31m[K^~~~~~~~~~~~~~[m[K
[13.826s] [01m[K/usr/local/include/ddscxx/dds/topic/detail/TTopicImpl.hpp:[m[K In lambda function:
[13.826s] [01m[K/usr/local/include/ddscxx/dds/topic/detail/TTopicImpl.hpp:313:60:[m[K [01;31m[Kerror: [m[Kthere are no arguments to â€˜[01m[Kdds_free_typeinfo[m[Kâ€™ that depend on a template parameter, so a declaration of â€˜[01m[Kdds_free_typeinfo[m[Kâ€™ must be available [[01;31m[K-fpermissive[m[K]
[13.826s]   313 |                 [](dds_typeinfo_t *ti) { static_cast<void>([01;31m[Kdds_free_typeinfo[m[K(ti)); });
[13.827s]       |                                                            [01;31m[K^~~~~~~~~~~~~~~~~[m[K
[13.827s] [01m[K/usr/local/include/ddscxx/dds/topic/detail/TTopicImpl.hpp:[m[K In static member function â€˜[01m[Kstatic dds::topic::Topic<T, dds::topic::detail::Topic> dds::topic::detail::Topic<T>::discover_topic(const DomainParticipant&, const string&, const dds::core::Duration&)[m[Kâ€™:
[13.827s] [01m[K/usr/local/include/ddscxx/dds/topic/detail/TTopicImpl.hpp:313:85:[m[K [01;31m[Kerror: [m[Kexpression list treated as compound expression in initializer [[01;31m[K-fpermissive[m[K]
[13.827s]   313 | typeinfo_t *ti) { static_cast<void>(dds_free_typeinfo(ti)); }[01;31m[K)[m[K;
[13.827s]       |                                                              [01;31m[K^[m[K
[13.827s] 
[13.827s] [01m[K/usr/local/include/ddscxx/dds/topic/detail/TTopicImpl.hpp:314:75:[m[K [01;31m[Kerror: [m[Krequest for member â€˜[01m[Kget[m[Kâ€™ in â€˜[01m[Ktype_info[m[Kâ€™, which is of non-class type â€˜[01m[Kint[m[Kâ€™
[13.827s]   314 | ity_t ddsc_topic = dp.delegate()->lookup_topic(name, type_info.[01;31m[Kget[m[K(), timeout);
[13.828s]       |                                                                [01;31m[K^~~[m[K
[13.828s] 
[14.002s] In file included from [01m[K/usr/local/include/ddscxx/dds/topic/ContentFilteredTopic.hpp:22[m[K,
[14.003s]                  from [01m[K/usr/local/include/ddscxx/dds/topic/ddstopic.hpp:25[m[K,
[14.004s]                  from [01m[K/usr/local/include/ddscxx/dds/dds.hpp:35[m[K,
[14.011s]                  from [01m[K/usr/local/include/unitree/common/dds/dds_entity.hpp:4[m[K,
[14.011s]                  from [01m[K/usr/local/include/unitree/common/dds/dds_topic_channel.hpp:4[m[K,
[14.011s]                  from [01m[K/usr/local/include/unitree/common/dds/dds_factory_model.hpp:5[m[K,
[14.013s]                  from [01m[K/usr/local/include/unitree/robot/channel/channel_factory.hpp:4[m[K,
[14.015s]                  from [01m[K/usr/local/include/unitree/robot/channel/channel_publisher.hpp:4[m[K,
[14.017s]                  from [01m[K/home/unitree/106a_final/src/arm_driver/src/servo_driver.cpp:8[m[K:
[14.019s] [01m[K/usr/local/include/ddscxx/dds/topic/detail/ContentFilteredTopic.hpp:[m[K At global scope:
[14.019s] [01m[K/usr/local/include/ddscxx/dds/topic/detail/ContentFilteredTopic.hpp:439:52:[m[K [01;31m[Kerror: [m[Kâ€˜[01m[Kdds_topic_filter[m[Kâ€™ has not been declared
[14.019s]   439 |     void filter_function_internal(Functor && func, [01;31m[Kdds_topic_filter[m[K * flt)
[14.019s]       |                                                    [01;31m[K^~~~~~~~~~~~~~~~[m[K
[14.057s] [01m[K/usr/local/include/ddscxx/dds/topic/detail/ContentFilteredTopic.hpp:[m[K In member function â€˜[01m[Kvoid dds::topic::detail::ContentFilteredTopic<T>::filter_function(Functor&&)[m[Kâ€™:
[14.057s] [01m[K/usr/local/include/ddscxx/dds/topic/detail/ContentFilteredTopic.hpp:413:9:[m[K [01;31m[Kerror: [m[Kâ€˜[01m[Kdds_topic_filter[m[Kâ€™ was not declared in this scope; did you mean â€˜[01m[Kdds_topic_filter_fn[m[Kâ€™?
[14.059s]   413 |         [01;31m[Kdds_topic_filter[m[K flt;
[14.060s]       |         [01;31m[K^~~~~~~~~~~~~~~~[m[K
[14.060s]       |         [32m[Kdds_topic_filter_fn[m[K
[14.069s] [01m[K/usr/local/include/ddscxx/dds/topic/detail/ContentFilteredTopic.hpp:414:9:[m[K [01;31m[Kerror: [m[Kâ€˜[01m[Kflt[m[Kâ€™ was not declared in this scope
[14.069s]   414 |         [01;31m[Kflt[m[K.mode = DDS_TOPIC_FILTER_SAMPLE_ARG;
[14.069s]       |         [01;31m[K^~~[m[K
[14.130s] [01m[K/usr/local/include/ddscxx/dds/topic/detail/ContentFilteredTopic.hpp:414:20:[m[K [01;31m[Kerror: [m[Kâ€˜[01m[KDDS_TOPIC_FILTER_SAMPLE_ARG[m[Kâ€™ was not declared in this scope; did you mean â€˜[01m[KDDS_TOPIC_FILTER_HPP_[m[Kâ€™?
[14.130s]   414 |         flt.mode = [01;31m[KDDS_TOPIC_FILTER_SAMPLE_ARG[m[K;
[14.131s]       |                    [01;31m[K^~~~~~~~~~~~~~~~~~~~~~~~~~~[m[K
[14.132s]       |                    [32m[KDDS_TOPIC_FILTER_HPP_[m[K
[14.166s] [01m[K/usr/local/include/ddscxx/dds/topic/detail/ContentFilteredTopic.hpp:[m[K In member function â€˜[01m[Kvoid dds::topic::detail::ContentFilteredTopic<T>::filter_function(Functor&&)[m[Kâ€™:
[14.166s] [01m[K/usr/local/include/ddscxx/dds/topic/detail/ContentFilteredTopic.hpp:422:9:[m[K [01;31m[Kerror: [m[Kâ€˜[01m[Kdds_topic_filter[m[Kâ€™ was not declared in this scope; did you mean â€˜[01m[Kdds_topic_filter_fn[m[Kâ€™?
[14.167s]   422 |         [01;31m[Kdds_topic_filter[m[K flt;
[14.167s]       |         [01;31m[K^~~~~~~~~~~~~~~~[m[K
[14.167s]       |         [32m[Kdds_topic_filter_fn[m[K
[14.190s] [01m[K/usr/local/include/ddscxx/dds/topic/detail/ContentFilteredTopic.hpp:423:9:[m[K [01;31m[Kerror: [m[Kâ€˜[01m[Kflt[m[Kâ€™ was not declared in this scope
[14.190s]   423 |         [01;31m[Kflt[m[K.mode = DDS_TOPIC_FILTER_SAMPLEINFO_ARG;
[14.190s]       |         [01;31m[K^~~[m[K
[14.257s] [01m[K/usr/local/include/ddscxx/dds/topic/detail/ContentFilteredTopic.hpp:423:20:[m[K [01;31m[Kerror: [m[Kâ€˜[01m[KDDS_TOPIC_FILTER_SAMPLEINFO_ARG[m[Kâ€™ was not declared in this scope
[14.257s]   423 |         flt.mode = [01;31m[KDDS_TOPIC_FILTER_SAMPLEINFO_ARG[m[K;
[14.258s]       |                    [01;31m[K^~~~~~~~~~~~~~~~~~~~~~~~~~~~~~~[m[K
[14.281s] [01m[K/usr/local/include/ddscxx/dds/topic/detail/ContentFilteredTopic.hpp:[m[K In member function â€˜[01m[Kvoid dds::topic::detail::ContentFilteredTopic<T>::filter_function(Functor&&)[m[Kâ€™:
[14.282s] [01m[K/usr/local/include/ddscxx/dds/topic/detail/ContentFilteredTopic.hpp:431:9:[m[K [01;31m[Kerror: [m[Kâ€˜[01m[Kdds_topic_filter[m[Kâ€™ was not declared in this scope; did you mean â€˜[01m[Kdds_topic_filter_fn[m[Kâ€™?
[14.282s]   431 |         [01;31m[Kdds_topic_filter[m[K flt;
[14.282s]       |         [01;31m[K^~~~~~~~~~~~~~~~[m[K
[14.284s]       |         [32m[Kdds_topic_filter_fn[m[K
[14.308s] [01m[K/usr/local/include/ddscxx/dds/topic/detail/ContentFilteredTopic.hpp:432:9:[m[K [01;31m[Kerror: [m[Kâ€˜[01m[Kflt[m[Kâ€™ was not declared in this scope
[14.308s]   432 |         [01;31m[Kflt[m[K.mode = DDS_TOPIC_FILTER_SAMPLE_SAMPLEINFO_ARG;
[14.308s]       |         [01;31m[K^~~[m[K
[14.357s] [01m[K/usr/local/include/ddscxx/dds/topic/detail/ContentFilteredTopic.hpp:432:20:[m[K [01;31m[Kerror: [m[Kâ€˜[01m[KDDS_TOPIC_FILTER_SAMPLE_SAMPLEINFO_ARG[m[Kâ€™ was not declared in this scope
[14.360s]   432 |         flt.mode = [01;31m[KDDS_TOPIC_FILTER_SAMPLE_SAMPLEINFO_ARG[m[K;
[14.361s]       |                    [01;31m[K^~~~~~~~~~~~~~~~~~~~~~~~~~~~~~~~~~~~~~[m[K
[14.361s] [01m[K/usr/local/include/ddscxx/dds/topic/detail/ContentFilteredTopic.hpp:[m[K In member function â€˜[01m[Kvoid dds::topic::detail::ContentFilteredTopic<T>::filter_function_internal(Functor&&, int*)[m[Kâ€™:
[14.361s] [01m[K/usr/local/include/ddscxx/dds/topic/detail/ContentFilteredTopic.hpp:455:14:[m[K [01;31m[Kerror: [m[Krequest for member â€˜[01m[Karg[m[Kâ€™ in â€˜[01m[Kflt->[m[Kâ€™, which is of non-class type â€˜[01m[Kint[m[Kâ€™
[14.361s]   455 |         flt->[01;31m[Karg[m[K = myFunctor;
[14.361s]       |              [01;31m[K^~~[m[K
[14.361s] [01m[K/usr/local/include/ddscxx/dds/topic/detail/ContentFilteredTopic.hpp:456:9:[m[K [01;31m[Kerror: [m[Kthere are no arguments to â€˜[01m[Kdds_set_topic_filter_extended[m[Kâ€™ that depend on a template parameter, so a declaration of â€˜[01m[Kdds_set_topic_filter_extended[m[Kâ€™ must be available [[01;31m[K-fpermissive[m[K]
[14.362s]   456 |         [01;31m[Kdds_set_topic_filter_extended[m[K(cfTopic, flt);
[14.362s]       |         [01;31m[K^~~~~~~~~~~~~~~~~~~~~~~~~~~~~[m[K
[14.506s] In file included from [01m[K/usr/local/include/ddscxx/dds/sub/detail/SampleRef.hpp:34[m[K,
[14.507s]                  from [01m[K/usr/local/include/ddscxx/dds/sub/SampleRef.hpp:22[m[K,
[14.507s]                  from [01m[K/usr/local/include/ddscxx/dds/sub/LoanedSamples.hpp:22[m[K,
[14.507s]                  from [01m[K/usr/local/include/ddscxx/dds/sub/detail/DataReader.hpp:21[m[K,
[14.507s]                  from [01m[K/usr/local/include/ddscxx/dds/sub/DataReader.hpp:21[m[K,
[14.508s]                  from [01m[K/usr/local/include/ddscxx/dds/sub/ddssub.hpp:30[m[K,
[14.508s]                  from [01m[K/usr/local/include/ddscxx/dds/dds.hpp:37[m[K,
[14.508s]                  from [01m[K/usr/local/include/unitree/common/dds/dds_entity.hpp:4[m[K,
[14.508s]                  from [01m[K/usr/local/include/unitree/common/dds/dds_topic_channel.hpp:4[m[K,
[14.508s]                  from [01m[K/usr/local/include/unitree/common/dds/dds_factory_model.hpp:5[m[K,
[14.508s]                  from [01m[K/usr/local/include/unitree/robot/channel/channel_factory.hpp:4[m[K,
[14.508s]                  from [01m[K/usr/local/include/unitree/robot/channel/channel_publisher.hpp:4[m[K,
[14.508s]                  from [01m[K/home/unitree/106a_final/src/arm_driver/src/servo_driver.cpp:8[m[K:
[14.509s] [01m[K/usr/local/include/ddscxx/org/eclipse/cyclonedds/topic/datatopic.hpp:[m[K In function â€˜[01m[Kbool read_header(const void*, org::eclipse::cyclonedds::core::cdr::encoding_version&, org::eclipse::cyclonedds::core::cdr::endianness&)[m[Kâ€™:
[14.509s] [01m[K/usr/local/include/ddscxx/org/eclipse/cyclonedds/topic/datatopic.hpp:213:54:[m[K [01;31m[Kerror: [m[Kâ€˜[01m[KDDS_DATA_REPRESENTATION_FLAG_XCDR1[m[Kâ€™ was not declared in this scope
[14.509s]   213 |           if (TopicTraits<T>::allowableEncodings() & [01;31m[KDDS_DATA_REPRESENTATION_FLAG_XCDR1[m[K)
[14.509s]       |                                                      [01;31m[K^~~~~~~~~~~~~~~~~~~~~~~~~~~~~~~~~~[m[K
[14.564s] [01m[K/usr/local/include/ddscxx/org/eclipse/cyclonedds/topic/datatopic.hpp:[m[K In member function â€˜[01m[Kvoid ddscxx_serdata<T>::populate_hash()[m[Kâ€™:
[14.564s] [01m[K/usr/local/include/ddscxx/org/eclipse/cyclonedds/topic/datatopic.hpp:766:11:[m[K [01;31m[Kerror: [m[Kâ€˜[01m[Ktype[m[Kâ€™ was not declared in this scope
[14.564s]   766 |   hash ^= [01;31m[Ktype[m[K->serdata_basehash;
[14.565s]       |           [01;31m[K^~~~[m[K
[19.736s] In file included from [01m[K/usr/local/include/ddscxx/dds/topic/detail/BuiltinTopic.hpp:23[m[K,
[19.737s]                  from [01m[K/usr/local/include/ddscxx/dds/topic/BuiltinTopic.hpp:22[m[K,
[19.737s]                  from [01m[K/usr/local/include/ddscxx/org/eclipse/cyclonedds/sub/AnyDataReaderDelegate.hpp:36[m[K,
[19.737s]                  from [01m[K/usr/local/include/ddscxx/dds/topic/detail/ContentFilteredTopic.hpp:31[m[K,
[19.737s]                  from [01m[K/usr/local/include/ddscxx/dds/topic/ContentFilteredTopic.hpp:22[m[K,
[19.737s]                  from [01m[K/usr/local/include/ddscxx/dds/topic/ddstopic.hpp:25[m[K,
[19.738s]                  from [01m[K/usr/local/include/ddscxx/dds/dds.hpp:35[m[K,
[19.738s]                  from [01m[K/usr/local/include/unitree/common/dds/dds_entity.hpp:4[m[K,
[19.738s]                  from [01m[K/usr/local/include/unitree/common/dds/dds_topic_channel.hpp:4[m[K,
[19.738s]                  from [01m[K/usr/local/include/unitree/common/dds/dds_factory_model.hpp:5[m[K,
[19.738s]                  from [01m[K/usr/local/include/unitree/robot/channel/channel_factory.hpp:4[m[K,
[19.738s]                  from [01m[K/usr/local/include/unitree/robot/channel/channel_publisher.hpp:4[m[K,
[19.738s]                  from [01m[K/home/unitree/106a_final/src/arm_driver/src/servo_driver.cpp:8[m[K:
[19.738s] /usr/local/include/ddscxx/dds/topic/detail/TTopicImpl.hpp: In instantiation of â€˜[01m[Kdds::topic::detail::Topic<T>::Topic(const DomainParticipant&, const string&, const string&, const TopicQos&, dds::topic::TopicListener<T>*, const dds::core::status::StatusMask&) [with T = unitree_arm::msg::dds_::ArmString_; dds::domain::DomainParticipant = dds::domain::TDomainParticipant<org::eclipse::cyclonedds::domain::DomainParticipantDelegate>; std::string = std::__cxx11::basic_string<char>; dds::topic::qos::TopicQos = dds::core::TEntityQos<org::eclipse::cyclonedds::topic::qos::TopicQosDelegate>][m[Kâ€™:
[19.739s] [01m[K/usr/local/include/ddscxx/dds/topic/detail/TTopicImpl.hpp:84:45:[m[K   required from â€˜[01m[Kdds::topic::Topic<T, DELEGATE>::Topic(const DomainParticipant&, const string&, const TopicQos&, dds::topic::TopicListener<T>*, const dds::core::status::StatusMask&) [with T = unitree_arm::msg::dds_::ArmString_; DELEGATE = dds::topic::detail::Topic; dds::domain::DomainParticipant = dds::domain::TDomainParticipant<org::eclipse::cyclonedds::domain::DomainParticipantDelegate>; std::string = std::__cxx11::basic_string<char>; dds::topic::qos::TopicQos = dds::core::TEntityQos<org::eclipse::cyclonedds::topic::qos::TopicQosDelegate>][m[Kâ€™
[19.744s] [01m[K/usr/local/include/unitree/common/dds/dds_entity.hpp:117:19:[m[K   required from â€˜[01m[Kunitree::common::DdsTopic<MSG>::DdsTopic(const DdsParticipantPtr&, const string&, const unitree::common::DdsTopicQos&) [with MSG = unitree_arm::msg::dds_::ArmString_; unitree::common::DdsParticipantPtr = std::shared_ptr<unitree::common::DdsParticipant>; std::string = std::__cxx11::basic_string<char>][m[Kâ€™
[19.744s] [01m[K/usr/local/include/unitree/common/dds/dds_topic_channel.hpp:39:35:[m[K   required from â€˜[01m[Kvoid unitree::common::DdsTopicChannel<MSG>::SetTopic(const DdsParticipantPtr&, const string&, const unitree::common::DdsTopicQos&) [with MSG = unitree_arm::msg::dds_::ArmString_; unitree::common::DdsParticipantPtr = std::shared_ptr<unitree::common::DdsParticipant>; std::string = std::__cxx11::basic_string<char>][m[Kâ€™
[19.745s] [01m[K/usr/local/include/unitree/common/dds/dds_factory_model.hpp:25:9:[m[K   required from â€˜[01m[Kunitree::common::DdsTopicChannelPtr<MSG> unitree::common::DdsFactoryModel::CreateTopicChannel(const string&) [with MSG = unitree_arm::msg::dds_::ArmString_; unitree::common::DdsTopicChannelPtr<MSG> = std::shared_ptr<unitree::common::DdsTopicChannel<unitree_arm::msg::dds_::ArmString_> >; std::string = std::__cxx11::basic_string<char>][m[Kâ€™
[19.748s] [01m[K/usr/local/include/unitree/robot/channel/channel_factory.hpp:34:25:[m[K   required from â€˜[01m[Kunitree::robot::ChannelPtr<MSG> unitree::robot::ChannelFactory::CreateSendChannel(const string&) [with MSG = unitree_arm::msg::dds_::ArmString_; unitree::robot::ChannelPtr<MSG> = std::shared_ptr<unitree::common::DdsTopicChannel<unitree_arm::msg::dds_::ArmString_> >; std::string = std::__cxx11::basic_string<char>][m[Kâ€™
[19.748s] [01m[K/usr/local/include/unitree/robot/channel/channel_publisher.hpp:20:21:[m[K   required from â€˜[01m[Kvoid unitree::robot::ChannelPublisher<MSG>::InitChannel() [with MSG = unitree_arm::msg::dds_::ArmString_][m[Kâ€™
[19.748s] [01m[K/home/unitree/106a_final/src/arm_driver/src/servo_driver.cpp:25:37:[m[K   required from here
[19.748s] [01m[K/usr/local/include/ddscxx/dds/topic/detail/TTopicImpl.hpp:176:76:[m[K [01;31m[Kerror: [m[Kâ€˜[01m[KgetSerType[m[Kâ€™ is not a member of â€˜[01m[Korg::eclipse::cyclonedds::topic::TopicTraits<unitree_arm::msg::dds_::ArmString_>[m[Kâ€™
[19.748s]   176 |     ser_type_ = [01;31m[Korg::eclipse::cyclonedds::topic::TopicTraits<T>::getSerType()[m[K;
[19.748s]       |                 [01;31m[K~~~~~~~~~~~~~~~~~~~~~~~~~~~~~~~~~~~~~~~~~~~~~~~~~~~~~~~~~~~^~[m[K
[19.790s] [01m[K/usr/local/include/ddscxx/dds/topic/detail/TTopicImpl.hpp:178:55:[m[K [01;31m[Kerror: [m[Kâ€˜[01m[Kdds_create_topic_sertype[m[Kâ€™ was not declared in this scope; did you mean â€˜[01m[Kdds_create_topic_generic[m[Kâ€™?
[19.790s]   178 |     dds_entity_t ddsc_topic = [01;31m[Kdds_create_topic_sertype([m[K
[19.790s]       |                               [01;31m[K~~~~~~~~~~~~~~~~~~~~~~~~^[m[K
[19.791s]   179 | [01;31m[K      ddsc_par, name.c_str(), &ser_type_, ddsc_qos, NULL, NULL)[m[K;
[19.791s]       |       [01;31m[K~~~~~~~~~~~~~~~~~~~~~~~~~~~~~~~~~~~~~~~~~~~~~~~~~~~~~~~~~[m[K
[26.193s] make[2]: *** [CMakeFiles/servo_driver.dir/build.make:63: CMakeFiles/servo_driver.dir/src/servo_driver.cpp.o] Error 1
[26.195s] make[1]: *** [CMakeFiles/Makefile2:78: CMakeFiles/servo_driver.dir/all] Error 2
[26.195s] make: *** [Makefile:141: all] Error 2
[26.287s] Invoked command in '/home/unitree/106a_final/build/arm_driver' returned '2': CMAKE_PREFIX_PATH=${CMAKE_PREFIX_PATH}:/opt/ros/foxy /usr/bin/cmake --build /home/unitree/106a_final/build/arm_driver -- -j4 -l4
