[35m[1mScanning dependencies of target d1_wrapper[0m
[ 16%] [32mBuilding CXX object CMakeFiles/d1_wrapper.dir/src/D1Wrapper.cpp.o[0m
[01m[K/home/unitree/106a_final/src/arm_driver/src/D1Wrapper.cpp:[m[K In function â€˜[01m[Kvoid GlobalHandler(const void*)[m[Kâ€™:
[01m[K/home/unitree/106a_final/src/arm_driver/src/D1Wrapper.cpp:48:32:[m[K [01;31m[Kerror: [m[Kâ€˜[01m[Kstruct D1Wrapper::Impl[m[Kâ€™ is private within this context
   48 |         static_cast<D1Wrapper::[01;31m[KImpl[m[K*>(g_d1_impl_ptr)->process_msg(msg);
      |                                [01;31m[K^~~~[m[K
[01m[K/home/unitree/106a_final/src/arm_driver/src/D1Wrapper.cpp:15:19:[m[K [01;36m[Knote: [m[Kdeclared private here
   15 | struct D1Wrapper::[01;36m[KImpl[m[K {
      |                   [01;36m[K^~~~[m[K
make[2]: *** [CMakeFiles/d1_wrapper.dir/build.make:63: CMakeFiles/d1_wrapper.dir/src/D1Wrapper.cpp.o] Error 1
make[1]: *** [CMakeFiles/Makefile2:107: CMakeFiles/d1_wrapper.dir/all] Error 2
make: *** [Makefile:141: all] Error 2
