[0.419s] Invoking command in '/home/unitree/106a_final/build/arm_driver': CMAKE_PREFIX_PATH=${CMAKE_PREFIX_PATH}:/opt/ros/foxy /usr/bin/cmake --build /home/unitree/106a_final/build/arm_driver -- -j4 -l4
[0.553s] [35m[1mScanning dependencies of target d1_wrapper[0m
[0.586s] [ 16%] [32mBuilding CXX object CMakeFiles/d1_wrapper.dir/src/D1Wrapper.cpp.o[0m
[9.054s] [ 33%] [32m[1mLinking CXX static library libd1_wrapper.a[0m
[9.194s] [ 66%] Built target d1_wrapper
[9.222s] [35m[1mScanning dependencies of target servo_driver[0m
[9.381s] [ 83%] [32mBuilding CXX object CMakeFiles/servo_driver.dir/src/servo_driver.cpp.o[0m
[23.174s] [100%] [32m[1mLinking CXX executable servo_driver[0m
[24.566s] /usr/bin/ld: CMakeFiles/servo_driver.dir/src/servo_driver.cpp.o: in function `rclcpp::Publisher<sensor_msgs::msg::JointState_<std::allocator<void> >, std::allocator<void> >::Publisher(rclcpp::node_interfaces::NodeBaseInterface*, std::__cxx11::basic_string<char, std::char_traits<char>, std::allocator<char> > const&, rclcpp::QoS const&, rclcpp::PublisherOptionsWithAllocator<std::allocator<void> > const&)':
[24.567s] servo_driver.cpp:(.text._ZN6rclcpp9PublisherIN11sensor_msgs3msg11JointState_ISaIvEEES4_EC2EPNS_15node_interfaces17NodeBaseInterfaceERKNSt7__cxx1112basic_stringIcSt11char_traitsIcESaIcEEERKNS_3QoSERKNS_29PublisherOptionsWithAllocatorIS4_EE[_ZN6rclcpp9PublisherIN11sensor_msgs3msg11JointState_ISaIvEEES4_EC5EPNS_15node_interfaces17NodeBaseInterfaceERKNSt7__cxx1112basic_stringIcSt11char_traitsIcESaIcEEERKNS_3QoSERKNS_29PublisherOptionsWithAllocatorIS4_EE]+0x3c): undefined reference to `rosidl_message_type_support_t const* rosidl_typesupport_cpp::get_message_type_support_handle<sensor_msgs::msg::JointState_<std::allocator<void> > >()'
[24.569s] collect2: error: ld returned 1 exit status
[24.570s] make[2]: *** [CMakeFiles/servo_driver.dir/build.make:132: servo_driver] Error 1
[24.570s] make[1]: *** [CMakeFiles/Makefile2:80: CMakeFiles/servo_driver.dir/all] Error 2
[24.571s] make: *** [Makefile:141: all] Error 2
[24.583s] Invoked command in '/home/unitree/106a_final/build/arm_driver' returned '2': CMAKE_PREFIX_PATH=${CMAKE_PREFIX_PATH}:/opt/ros/foxy /usr/bin/cmake --build /home/unitree/106a_final/build/arm_driver -- -j4 -l4
